1000, 591390, 1, 0
2002, 1138890, 1, 0
3001, 1203203, 1, 0
4000, 1361327, 1, 0
5000, 1148850, 1, 0
6000, 1078021, 1, 0
7000, 1061575, 1, 0
8000, 1189287, 1, 0
9000, 514350, 1, 0
10000, 374325, 1, 0
11000, 353981, 1, 0
12000, 378610, 1, 0
13000, 344491, 1, 0
14000, 396401, 1, 0
15000, 392763, 1, 0
16000, 384948, 1, 0
17000, 377129, 1, 0
18001, 378245, 1, 0
19000, 392371, 1, 0
20000, 382311, 1, 0
21000, 398370, 1, 0
22000, 419648, 1, 0
23000, 435584, 1, 0
24000, 450520, 1, 0
25000, 507706, 1, 0
26000, 979274, 1, 0
27000, 1144356, 1, 0
28000, 993190, 1, 0
29000, 1004554, 1, 0
30000, 1110577, 1, 0
31003, 1107245, 1, 0
32014, 1134786, 1, 0
33000, 892541, 1, 0
34036, 874138, 1, 0
35000, 777237, 1, 0
36007, 869746, 1, 0
37032, 940987, 1, 0
38000, 885942, 1, 0
39000, 1048376, 1, 0
40000, 934499, 1, 0
41000, 954308, 1, 0
42025, 1081090, 1, 0
43010, 1071747, 1, 0
44000, 1219280, 1, 0
45000, 1104049, 1, 0
46010, 1302280, 1, 0
47000, 1471144, 1, 0
48044, 1487667, 1, 0
49002, 1226690, 1, 0
50026, 1414923, 1, 0
51047, 1471525, 1, 0
52000, 1576824, 1, 0
53011, 1539738, 1, 0
54036, 1803090, 1, 0
55040, 2065726, 1, 0
56000, 1576475, 1, 0
57000, 1923798, 1, 0
58003, 2064681, 1, 0
59016, 1912877, 1, 0
60002, 2208556, 1, 0
1000, 560512, 1, 0
2000, 1254022, 1, 0
3000, 1180648, 1, 0
4000, 1183073, 1, 0
5001, 1288675, 1, 0
6000, 1122601, 1, 0
7001, 1256626, 1, 0
8000, 1140623, 1, 0
9000, 355842, 1, 0
10000, 340961, 1, 0
11000, 420987, 1, 0
12000, 355144, 1, 0
13000, 398487, 1, 0
14000, 390423, 1, 0
15000, 354195, 1, 0
16000, 384575, 1, 0
17000, 380586, 1, 0
18000, 368915, 1, 0
19000, 388969, 1, 0
20000, 383248, 1, 0
21000, 400675, 1, 0
22000, 412342, 1, 0
23000, 433886, 1, 0
24000, 468082, 1, 0
25000, 502324, 1, 0
26000, 1016771, 1, 0
27000, 1080426, 1, 0
28000, 1030459, 1, 0
29000, 1002593, 1, 0
30001, 1065068, 1, 0
31001, 1106000, 1, 0
32011, 1107688, 1, 0
33000, 866749, 1, 0
34034, 815634, 1, 0
35000, 802448, 1, 0
36006, 800969, 1, 0
37024, 810020, 1, 0
38000, 912502, 1, 0
39000, 921213, 1, 0
40000, 900438, 1, 0
41000, 966645, 1, 0
42022, 1065275, 1, 0
43008, 1042967, 1, 0
44000, 1179014, 1, 0
45047, 1194468, 1, 0
46008, 1087694, 1, 0
47000, 1431389, 1, 0
48043, 1406443, 1, 0
49000, 1474511, 1, 0
50024, 1497130, 1, 0
51044, 1453754, 1, 0
52000, 1682237, 1, 0
53008, 1751172, 1, 0
54033, 1752761, 1, 0
55038, 1646530, 1, 0
56000, 1965207, 1, 0
57000, 2104840, 1, 0
58000, 2125037, 1, 0
59010, 1875326, 1, 0
60000, 2050819, 1, 0
1000, 520095, 1, 0
2001, 1220494, 1, 0
3000, 1325497, 1, 0
4000, 1203570, 1, 0
5000, 1303429, 1, 0
6000, 1229621, 1, 0
7000, 1183143, 1, 0
8000, 1055509, 1, 0
9000, 514687, 1, 0
10000, 411795, 1, 0
11000, 347487, 1, 0
12000, 349031, 1, 0
13000, 321309, 1, 0
14000, 387867, 1, 0
15000, 381059, 1, 0
16000, 372649, 1, 0
17000, 356017, 1, 0
18000, 372612, 1, 0
19000, 375867, 1, 0
20000, 387873, 1, 0
21000, 393699, 1, 0
22000, 409803, 1, 0
23000, 433778, 1, 0
24000, 447345, 1, 0
25000, 508230, 1, 0
26000, 919368, 1, 0
27000, 1175197, 1, 0
28000, 1001095, 1, 0
29034, 1014897, 1, 0
30000, 1016645, 1, 0
31000, 1085797, 1, 0
32006, 1116639, 1, 0
33000, 878981, 1, 0
34029, 770459, 1, 0
35000, 782398, 1, 0
36001, 764723, 1, 0
37020, 876690, 1, 0
38000, 893638, 1, 0
39000, 913341, 1, 0
40000, 908582, 1, 0
41040, 998694, 1, 0
42017, 1112945, 1, 0
43003, 1200416, 1, 0
44000, 1108921, 1, 0
45041, 1244212, 1, 0
46003, 1402979, 1, 0
47000, 1485926, 1, 0
48038, 1534109, 1, 0
49000, 1459659, 1, 0
50019, 1493593, 1, 0
51040, 1426440, 1, 0
52000, 1548798, 1, 0
53006, 1701249, 1, 0
54029, 1504567, 1, 0
55033, 1940767, 1, 0
56000, 1965275, 1, 0
57000, 1996344, 1, 0
58000, 2104727, 1, 0
59006, 2163913, 1, 0
60000, 2288680, 1, 0
1000, 575710, 1, 0
2000, 1315501, 1, 0
3000, 1187213, 1, 0
4000, 1171117, 1, 0
5000, 1070282, 1, 0
6000, 1171821, 1, 0
7000, 1211491, 1, 0
8000, 1134077, 1, 0
9000, 511977, 1, 0
10000, 401584, 1, 0
11000, 385914, 1, 0
12000, 382924, 1, 0
13000, 371084, 1, 0
14000, 376516, 1, 0
15000, 381606, 1, 0
16000, 382131, 1, 0
17000, 377045, 1, 0
18000, 381127, 1, 0
19000, 388708, 1, 0
20000, 388310, 1, 0
21000, 394490, 1, 0
22000, 413919, 1, 0
23000, 433544, 1, 0
24000, 451779, 1, 0
25000, 499017, 1, 0
26000, 950259, 1, 0
27000, 1047442, 1, 0
28000, 983835, 1, 0
29000, 1040531, 1, 0
30000, 1040125, 1, 0
31000, 977227, 1, 0
32017, 1134663, 1, 0
33001, 872048, 1, 0
34038, 789051, 1, 0
35000, 722598, 1, 0
36010, 801340, 1, 0
37029, 747773, 1, 0
38000, 807292, 1, 0
39000, 900510, 1, 0
40000, 839740, 1, 0
41000, 918312, 1, 0
42028, 1127068, 1, 0
43011, 1090858, 1, 0
44000, 1217417, 1, 0
45000, 1268193, 1, 0
46012, 1387723, 1, 0
47009, 1435523, 1, 0
48047, 1441459, 1, 0
49005, 1466133, 1, 0
50041, 1512603, 1, 0
51050, 1560701, 1, 0
52000, 1647827, 1, 0
53015, 1852365, 1, 0
54040, 1555449, 1, 0
55043, 1940502, 1, 0
56000, 1914854, 1, 0
57000, 2094261, 1, 0
58005, 2018881, 1, 0
59015, 1874179, 1, 0
60004, 2266270, 1, 0
1000, 481271, 1, 0
2000, 1235995, 1, 0
3001, 1168744, 1, 0
4000, 1143348, 1, 0
5001, 1135274, 1, 0
6000, 1185122, 1, 0
7001, 1042220, 1, 0
8000, 1099723, 1, 0
9000, 580622, 1, 0
10000, 412230, 1, 0
11000, 362375, 1, 0
12000, 354846, 1, 0
13000, 352531, 1, 0
14000, 336419, 1, 0
15000, 383402, 1, 0
16000, 367275, 1, 0
17000, 365526, 1, 0
18000, 347666, 1, 0
19000, 357465, 1, 0
20000, 377640, 1, 0
21000, 383747, 1, 0
22000, 405322, 1, 0
23000, 435220, 1, 0
24000, 456028, 1, 0
25000, 497054, 1, 0
26000, 959837, 1, 0
27031, 1030493, 1, 0
28000, 1000503, 1, 0
29031, 981051, 1, 0
30000, 1060854, 1, 0
31000, 1092245, 1, 0
32005, 1114717, 1, 0
33000, 908729, 1, 0
34028, 768841, 1, 0
35000, 758316, 1, 0
36000, 945213, 1, 0
37023, 811185, 1, 0
38000, 832847, 1, 0
39000, 925213, 1, 0
40000, 865160, 1, 0
41039, 993593, 1, 0
42016, 953330, 1, 0
43001, 1136563, 1, 0
44000, 1239256, 1, 0
45040, 1302583, 1, 0
46002, 1246895, 1, 0
47000, 1270677, 1, 0
48036, 1537299, 1, 0
49000, 1182260, 1, 0
50020, 1429035, 1, 0
51039, 1737081, 1, 0
52000, 1599090, 1, 0
53004, 1788806, 1, 0
54029, 1679510, 1, 0
55031, 1851190, 1, 0
56052, 2032536, 1, 0
57000, 1898630, 1, 0
58000, 2040873, 1, 0
59003, 2173860, 1, 0
60000, 2390625, 1, 0
1000, 547323, 1, 0
2000, 1208162, 1, 0
3000, 1147943, 1, 0
4000, 1314513, 1, 0
5000, 1293704, 1, 0
6007, 1230885, 1, 0
7001, 1117730, 1, 0
8000, 1112668, 1, 0
9000, 484732, 1, 0
10000, 358670, 1, 0
11000, 394718, 1, 0
12000, 397665, 1, 0
13000, 380369, 1, 0
14000, 374059, 1, 0
15000, 367874, 1, 0
16000, 367167, 1, 0
17000, 365649, 1, 0
18000, 382382, 1, 0
19000, 362017, 1, 0
20000, 379277, 1, 0
21000, 391923, 1, 0
22000, 414597, 1, 0
23000, 429218, 1, 0
24000, 456612, 1, 0
25000, 497600, 1, 0
26000, 951932, 1, 0
27033, 972672, 1, 0
28000, 982641, 1, 0
29031, 1023960, 1, 0
30000, 1021716, 1, 0
31000, 1111075, 1, 0
32005, 1155174, 1, 0
33000, 1003702, 1, 0
34027, 856119, 1, 0
35000, 727431, 1, 0
36000, 884029, 1, 0
37018, 689206, 1, 0
38000, 875653, 1, 0
39000, 873964, 1, 0
40000, 885549, 1, 0
41039, 1023760, 1, 0
42016, 1018596, 1, 0
43001, 1107333, 1, 0
44000, 1225446, 1, 0
45040, 1223099, 1, 0
46001, 1330708, 1, 0
47000, 1572999, 1, 0
48036, 1488309, 1, 0
49000, 1328350, 1, 0
50019, 1604615, 1, 0
51038, 1643826, 1, 0
52000, 1516458, 1, 0
53003, 1728435, 1, 0
54027, 1508771, 1, 0
55031, 1774058, 1, 0
56052, 1841353, 1, 0
57000, 1972491, 1, 0
58000, 2053487, 1, 0
59004, 1873211, 1, 0
60001, 2364967, 1, 0
1000, 600678, 1, 0
2000, 1170764, 1, 0
3000, 1201921, 1, 0
4001, 1216613, 1, 0
5000, 1251511, 1, 0
6000, 1144389, 1, 0
7000, 1140307, 1, 0
8000, 1127180, 1, 0
9000, 482852, 1, 0
10000, 399734, 1, 0
11000, 419901, 1, 0
12000, 396995, 1, 0
13000, 367849, 1, 0
14000, 370466, 1, 0
15000, 384004, 1, 0
16000, 360194, 1, 0
17000, 370836, 1, 0
18000, 370768, 1, 0
19000, 353663, 1, 0
20000, 376559, 1, 0
21000, 392497, 1, 0
22000, 419440, 1, 0
23000, 427019, 1, 0
24000, 457499, 1, 0
25000, 500693, 1, 0
26000, 994710, 1, 0
27032, 1115241, 1, 0
28000, 1007199, 1, 0
29028, 1053609, 1, 0
30000, 1037055, 1, 0
31000, 1044753, 1, 0
32003, 1116400, 1, 0
33000, 877779, 1, 0
34025, 788981, 1, 0
35000, 715427, 1, 0
36000, 910510, 1, 0
37017, 855320, 1, 0
38000, 860257, 1, 0
39003, 836156, 1, 0
40000, 974919, 1, 0
41036, 983735, 1, 0
42013, 987536, 1, 0
43001, 1076630, 1, 0
44000, 1155980, 1, 0
45038, 1165666, 1, 0
46000, 1298026, 1, 0
47000, 1290116, 1, 0
48035, 1344517, 1, 0
49000, 1537237, 1, 0
50016, 1536409, 1, 0
51035, 1572554, 1, 0
52000, 1492126, 1, 0
53000, 1644192, 1, 0
54025, 1923999, 1, 0
55029, 1640134, 1, 0
56051, 1778785, 1, 0
57000, 1899980, 1, 0
58000, 1940413, 1, 0
59002, 2223233, 1, 0
60000, 2077151, 1, 0
1000, 565523, 1, 0
2000, 1096257, 1, 0
3000, 1206156, 1, 0
4000, 1012569, 1, 0
5000, 1111106, 1, 0
6000, 1249231, 1, 0
7000, 1163414, 1, 0
8000, 1165135, 1, 0
9000, 551484, 1, 0
10000, 420058, 1, 0
11000, 419410, 1, 0
12000, 396441, 1, 0
13000, 359414, 1, 0
14000, 340650, 1, 0
15000, 373117, 1, 0
16000, 361465, 1, 0
17000, 373349, 1, 0
18000, 364938, 1, 0
19000, 339447, 1, 0
20000, 381563, 1, 0
21000, 408918, 1, 0
22000, 410383, 1, 0
23000, 431367, 1, 0
24000, 459036, 1, 0
25000, 506889, 1, 0
26000, 963742, 1, 0
27000, 1023356, 1, 0
28000, 1050772, 1, 0
29033, 1021326, 1, 0
30000, 1098642, 1, 0
31000, 1010639, 1, 0
32007, 1125938, 1, 0
33000, 853034, 1, 0
34029, 866639, 1, 0
35000, 804902, 1, 0
36001, 791186, 1, 0
37025, 928066, 1, 0
38000, 826800, 1, 0
39000, 873134, 1, 0
40000, 914289, 1, 0
41042, 980156, 1, 0
42017, 915286, 1, 0
43004, 1111437, 1, 0
44000, 1103662, 1, 0
45043, 1271070, 1, 0
46003, 1348364, 1, 0
47000, 1345313, 1, 0
48038, 1521344, 1, 0
49000, 1408480, 1, 0
50021, 1421198, 1, 0
51040, 1557299, 1, 0
52000, 1548769, 1, 0
53003, 1765926, 1, 0
54029, 1801679, 1, 0
55033, 1628980, 1, 0
56000, 1760818, 1, 0
57000, 1978089, 1, 0
58000, 2219746, 1, 0
59006, 2272420, 1, 0
60000, 2289938, 1, 0
1001, 567462, 1, 0
2003, 1214292, 1, 0
3000, 1095161, 1, 0
4000, 1256005, 1, 0
5000, 1203719, 1, 0
6001, 1205634, 1, 0
7000, 1163908, 1, 0
8000, 1134630, 1, 0
9000, 500225, 1, 0
10000, 400195, 1, 0
11000, 338774, 1, 0
12000, 342973, 1, 0
13000, 322928, 1, 0
14000, 351944, 1, 0
15000, 373989, 1, 0
16000, 362041, 1, 0
17000, 359333, 1, 0
18000, 371146, 1, 0
19000, 384622, 1, 0
20000, 384902, 1, 0
21000, 392325, 1, 0
22000, 410132, 1, 0
23000, 423156, 1, 0
24000, 447165, 1, 0
25001, 517444, 1, 0
26000, 986871, 1, 0
27000, 1017258, 1, 0
28000, 1066500, 1, 0
29000, 1030314, 1, 0
30000, 1110816, 1, 0
31002, 976846, 1, 0
32013, 1157306, 1, 0
33000, 875648, 1, 0
34035, 791526, 1, 0
35000, 860675, 1, 0
36007, 857945, 1, 0
37031, 969263, 1, 0
38000, 807613, 1, 0
39000, 921366, 1, 0
40000, 958961, 1, 0
41000, 948912, 1, 0
42024, 1080890, 1, 0
43008, 1081734, 1, 0
44000, 1111384, 1, 0
45000, 1239494, 1, 0
46009, 1287160, 1, 0
47000, 1464362, 1, 0
48045, 1506356, 1, 0
49001, 1622191, 1, 0
50028, 1472313, 1, 0
51046, 1587241, 1, 0
52000, 1641062, 1, 0
53009, 1589711, 1, 0
54034, 1939148, 1, 0
55039, 1848729, 1, 0
56000, 1725561, 1, 0
57000, 1949042, 1, 0
58002, 2161435, 1, 0
59012, 2186578, 1, 0
60001, 2436129, 1, 0
1000, 578275, 1, 0
2000, 1331312, 1, 0
3000, 1118840, 1, 0
4000, 1187800, 1, 0
5000, 1121298, 1, 0
6002, 1287072, 1, 0
7000, 1140082, 1, 0
8000, 1200226, 1, 0
9000, 501882, 1, 0
10000, 385486, 1, 0
11000, 384971, 1, 0
12000, 362699, 1, 0
13000, 388536, 1, 0
14000, 375177, 1, 0
15000, 396540, 1, 0
16000, 368421, 1, 0
17000, 370701, 1, 0
18000, 368612, 1, 0
19000, 360003, 1, 0
20000, 380324, 1, 0
21000, 401278, 1, 0
22000, 406007, 1, 0
23000, 424233, 1, 0
24000, 447210, 1, 0
25000, 519653, 1, 0
26000, 962250, 1, 0
27027, 1206625, 1, 0
28000, 990001, 1, 0
29026, 1044179, 1, 0
30000, 1082560, 1, 0
31000, 1081067, 1, 0
32000, 1114552, 1, 0
33000, 973860, 1, 0
34024, 754267, 1, 0
35000, 726930, 1, 0
36000, 811589, 1, 0
37014, 845390, 1, 0
38000, 889611, 1, 0
39001, 1006400, 1, 0
40000, 905493, 1, 0
41034, 959701, 1, 0
42012, 1000714, 1, 0
43000, 1018815, 1, 0
44000, 1307090, 1, 0
45035, 1191237, 1, 0
46001, 1338444, 1, 0
47000, 1418651, 1, 0
48032, 1386917, 1, 0
49000, 1426935, 1, 0
50014, 1474466, 1, 0
51034, 1536692, 1, 0
52000, 1566215, 1, 0
53000, 1789329, 1, 0
54023, 1846269, 1, 0
55027, 1760027, 1, 0
56047, 1724061, 1, 0
57000, 2189958, 1, 0
58001, 2202724, 1, 0
59000, 2005640, 1, 0
60000, 1863229, 1, 0
1000, 576281, 1, 0
2002, 1189959, 1, 0
3000, 1163332, 1, 0
4001, 1146592, 1, 0
5000, 1106632, 1, 0
6001, 1243606, 1, 0
7001, 1191572, 1, 0
8000, 1145239, 1, 0
9000, 580842, 1, 0
10000, 415725, 1, 0
11000, 378127, 1, 0
12000, 305173, 1, 0
13000, 321836, 1, 0
14000, 386237, 1, 0
15000, 365228, 1, 0
16000, 377867, 1, 0
17000, 370331, 1, 0
18000, 379367, 1, 0
19000, 377033, 1, 0
20000, 374467, 1, 0
21000, 412548, 1, 0
22000, 397202, 1, 0
23000, 430208, 1, 0
24000, 454336, 1, 0
25000, 512864, 1, 0
26000, 967448, 1, 0
27028, 1128367, 1, 0
28000, 971865, 1, 0
29026, 1063846, 1, 0
30000, 1017758, 1, 0
31000, 1077314, 1, 0
32001, 1142164, 1, 0
33000, 942916, 1, 0
34021, 848061, 1, 0
35000, 771002, 1, 0
36000, 870991, 1, 0
37014, 829362, 1, 0
38000, 839762, 1, 0
39000, 903395, 1, 0
40000, 878312, 1, 0
41033, 1039331, 1, 0
42010, 1084408, 1, 0
43000, 1017165, 1, 0
44000, 1009395, 1, 0
45035, 1156844, 1, 0
46000, 1287711, 1, 0
47000, 1104734, 1, 0
48032, 1466961, 1, 0
49000, 1508902, 1, 0
50013, 1516174, 1, 0
51033, 1573122, 1, 0
52000, 1471554, 1, 0
53002, 1671274, 1, 0
54024, 1763725, 1, 0
55030, 1978408, 1, 0
56047, 1910917, 1, 0
57000, 1801389, 1, 0
58000, 2067964, 1, 0
59000, 2007146, 1, 0
60000, 2013317, 1, 0
1000, 561708, 1, 0
2004, 1326447, 1, 0
3000, 1197278, 1, 0
4000, 1178206, 1, 0
5000, 1093650, 1, 0
6000, 1181011, 1, 0
7000, 1231253, 1, 0
8000, 1132197, 1, 0
9000, 589450, 1, 0
10000, 427461, 1, 0
11000, 423768, 1, 0
12000, 424171, 1, 0
13000, 378052, 1, 0
14000, 396712, 1, 0
15000, 370189, 1, 0
16000, 370997, 1, 0
17000, 368190, 1, 0
18000, 376820, 1, 0
19000, 382602, 1, 0
20000, 381807, 1, 0
21000, 401358, 1, 0
22000, 420107, 1, 0
23000, 435419, 1, 0
24000, 464890, 1, 0
25000, 517248, 1, 0
26000, 1037592, 1, 0
27000, 1221086, 1, 0
28000, 1064419, 1, 0
29000, 1006164, 1, 0
30000, 1034302, 1, 0
31000, 1066563, 1, 0
32014, 1137545, 1, 0
33000, 906462, 1, 0
34037, 752194, 1, 0
35000, 726258, 1, 0
36009, 857747, 1, 0
37028, 841432, 1, 0
38000, 830720, 1, 0
39000, 980916, 1, 0
40000, 950982, 1, 0
41000, 1038777, 1, 0
42026, 1063796, 1, 0
43012, 1143717, 1, 0
44000, 1236693, 1, 0
45000, 1216941, 1, 0
46011, 1239007, 1, 0
47001, 1457367, 1, 0
48047, 1599479, 1, 0
49003, 1513709, 1, 0
50028, 1583013, 1, 0
51048, 1381990, 1, 0
52000, 1496114, 1, 0
53012, 1657859, 1, 0
54037, 1837438, 1, 0
55041, 2076554, 1, 0
56000, 1488701, 1, 0
57000, 2127048, 1, 0
58004, 2273781, 1, 0
59014, 2377710, 1, 0
60002, 2065681, 1, 0
1000, 593808, 1, 0
2000, 1356769, 1, 0
3000, 1261548, 1, 0
4001, 1268338, 1, 0
5000, 1102785, 1, 0
6000, 1193704, 1, 0
7000, 1103780, 1, 0
8000, 1183213, 1, 0
9000, 501710, 1, 0
10000, 418161, 1, 0
11000, 421525, 1, 0
12000, 412433, 1, 0
13000, 403197, 1, 0
14000, 416808, 1, 0
15000, 385410, 1, 0
16000, 379257, 1, 0
17000, 384693, 1, 0
18000, 372395, 1, 0
19000, 380146, 1, 0
20000, 377660, 1, 0
21000, 401389, 1, 0
22000, 409034, 1, 0
23000, 434913, 1, 0
24000, 461026, 1, 0
25000, 503948, 1, 0
26000, 898685, 1, 0
27000, 931668, 1, 0
28000, 1043071, 1, 0
29000, 1001754, 1, 0
30000, 1052641, 1, 0
31001, 1033225, 1, 0
32009, 1137499, 1, 0
33000, 916685, 1, 0
34026, 687779, 1, 0
35000, 821243, 1, 0
36004, 819790, 1, 0
37023, 790839, 1, 0
38000, 880321, 1, 0
39000, 910229, 1, 0
40000, 951813, 1, 0
41000, 911538, 1, 0
42020, 1010184, 1, 0
43005, 965984, 1, 0
44000, 1032701, 1, 0
45044, 1245190, 1, 0
46006, 1278659, 1, 0
47000, 1260328, 1, 0
48041, 1513213, 1, 0
49004, 1492722, 1, 0
50024, 1619003, 1, 0
51043, 1518280, 1, 0
52000, 1566876, 1, 0
53008, 1799191, 1, 0
54031, 1905376, 1, 0
55035, 1664166, 1, 0
56000, 1942340, 1, 0
57000, 1923704, 1, 0
58002, 2188793, 1, 0
59010, 2187156, 1, 0
60006, 2424409, 1, 0
1000, 555257, 1, 0
2002, 1151384, 1, 0
3000, 1219165, 1, 0
4000, 1204913, 1, 0
5000, 1144227, 1, 0
6000, 1212382, 1, 0
7000, 1094968, 1, 0
8000, 1051886, 1, 0
9000, 465646, 1, 0
10000, 394038, 1, 0
11000, 415789, 1, 0
12000, 397028, 1, 0
13000, 328307, 1, 0
14000, 382337, 1, 0
15000, 392473, 1, 0
16000, 358573, 1, 0
17000, 381572, 1, 0
18000, 379112, 1, 0
19000, 382477, 1, 0
20000, 375098, 1, 0
21000, 393748, 1, 0
22000, 412981, 1, 0
23000, 436075, 1, 0
24000, 452840, 1, 0
25000, 511173, 1, 0
26000, 953181, 1, 0
27027, 1035279, 1, 0
28000, 1024874, 1, 0
29024, 1082092, 1, 0
30000, 1033635, 1, 0
31000, 1031633, 1, 0
32000, 1138871, 1, 0
33000, 813347, 1, 0
34021, 789578, 1, 0
35000, 802134, 1, 0
36000, 763181, 1, 0
37012, 757456, 1, 0
38000, 870967, 1, 0
39000, 1003845, 1, 0
40000, 994340, 1, 0
41032, 962674, 1, 0
42010, 1024244, 1, 0
43000, 1103900, 1, 0
44000, 1213325, 1, 0
45033, 1399323, 1, 0
46000, 1277201, 1, 0
47000, 1323957, 1, 0
48029, 1383252, 1, 0
49000, 1191462, 1, 0
50011, 1356707, 1, 0
51031, 1575857, 1, 0
52051, 1561126, 1, 0
53000, 1683042, 1, 0
54021, 1888685, 1, 0
55024, 1897225, 1, 0
56045, 1856219, 1, 0
57000, 1822104, 1, 0
58000, 2075899, 1, 0
59000, 2135740, 1, 0
60000, 2265730, 1, 0
1000, 480595, 1, 0
2000, 1319395, 1, 0
3000, 1217930, 1, 0
4000, 1053857, 1, 0
5000, 1266735, 1, 0
6000, 1059727, 1, 0
7000, 1079342, 1, 0
8000, 1150360, 1, 0
9000, 481227, 1, 0
10000, 391222, 1, 0
11000, 382110, 1, 0
12000, 358329, 1, 0
13000, 400336, 1, 0
14000, 363155, 1, 0
15000, 376112, 1, 0
16000, 382794, 1, 0
17000, 374749, 1, 0
18000, 375635, 1, 0
19000, 370500, 1, 0
20000, 371654, 1, 0
21000, 401435, 1, 0
22000, 413485, 1, 0
23000, 428708, 1, 0
24000, 463137, 1, 0
25000, 511902, 1, 0
26000, 938750, 1, 0
27024, 1122680, 1, 0
28000, 986177, 1, 0
29022, 1073638, 1, 0
30000, 1012886, 1, 0
31000, 1004845, 1, 0
32003, 1107024, 1, 0
33000, 903262, 1, 0
34018, 774718, 1, 0
35000, 719484, 1, 0
36000, 898538, 1, 0
37009, 946697, 1, 0
38038, 900735, 1, 0
39000, 911303, 1, 0
40000, 881348, 1, 0
41030, 1030436, 1, 0
42008, 1043685, 1, 0
43000, 1021554, 1, 0
44000, 1144488, 1, 0
45032, 1253730, 1, 0
46000, 1062954, 1, 0
47000, 1366048, 1, 0
48027, 1366725, 1, 0
49000, 1475931, 1, 0
50009, 1295931, 1, 0
51029, 1499224, 1, 0
52049, 1603449, 1, 0
53000, 1559410, 1, 0
54019, 1493785, 1, 0
55022, 1976483, 1, 0
56043, 2125776, 1, 0
57000, 2119939, 1, 0
58000, 2266464, 1, 0
59001, 2552547, 1, 0
60000, 2229578, 1, 0
1000, 525643, 1, 0
2001, 1317279, 1, 0
3000, 1143649, 1, 0
4000, 1238233, 1, 0
5000, 1043250, 1, 0
6000, 1192072, 1, 0
7000, 1133811, 1, 0
8000, 1142434, 1, 0
9000, 576256, 1, 0
10000, 348922, 1, 0
11000, 381199, 1, 0
12000, 368177, 1, 0
13000, 360498, 1, 0
14000, 404697, 1, 0
15000, 358450, 1, 0
16000, 368802, 1, 0
17000, 361372, 1, 0
18000, 374895, 1, 0
19000, 358125, 1, 0
20000, 379499, 1, 0
21000, 391462, 1, 0
22000, 416727, 1, 0
23000, 432002, 1, 0
24000, 459136, 1, 0
25000, 512848, 1, 0
26000, 970003, 1, 0
27023, 1152971, 1, 0
28000, 995107, 1, 0
29022, 1018190, 1, 0
30000, 1010946, 1, 0
31000, 1055862, 1, 0
32000, 1119199, 1, 0
33000, 874494, 1, 0
34012, 881132, 1, 0
35000, 849780, 1, 0
36000, 793205, 1, 0
37009, 864376, 1, 0
38037, 809871, 1, 0
39000, 931303, 1, 0
40000, 969479, 1, 0
41029, 996476, 1, 0
42006, 978360, 1, 0
43001, 1156042, 1, 0
44000, 1173680, 1, 0
45031, 1267878, 1, 0
46000, 1540509, 1, 0
47000, 1447390, 1, 0
48028, 1425405, 1, 0
49000, 1385055, 1, 0
50010, 1474497, 1, 0
51029, 1617723, 1, 0
52048, 1723636, 1, 0
53000, 1870169, 1, 0
54017, 1777030, 1, 0
55026, 1706185, 1, 0
56043, 1934172, 1, 0
57000, 2070824, 1, 0
58000, 2112048, 1, 0
59001, 2020921, 1, 0
60000, 1842469, 1, 0
1000, 577032, 1, 0
2001, 1220910, 1, 0
3000, 1153575, 1, 0
4000, 1179610, 1, 0
5000, 1078373, 1, 0
6000, 1130203, 1, 0
7000, 1076644, 1, 0
8000, 1069884, 1, 0
9000, 494856, 1, 0
10000, 399813, 1, 0
11000, 387428, 1, 0
12000, 366122, 1, 0
13000, 391345, 1, 0
14000, 393477, 1, 0
15000, 377259, 1, 0
16000, 366656, 1, 0
17000, 358272, 1, 0
18000, 355466, 1, 0
19000, 349998, 1, 0
20000, 385065, 1, 0
21000, 395323, 1, 0
22000, 423741, 1, 0
23000, 426717, 1, 0
24000, 453504, 1, 0
25000, 502629, 1, 0
26000, 892738, 1, 0
27022, 1114128, 1, 0
28000, 1026532, 1, 0
29023, 1001603, 1, 0
30000, 1064971, 1, 0
31000, 1025959, 1, 0
32001, 1165496, 1, 0
33000, 911025, 1, 0
34018, 827243, 1, 0
35000, 772089, 1, 0
36000, 920740, 1, 0
37009, 883913, 1, 0
38037, 952203, 1, 0
39000, 949052, 1, 0
40000, 943559, 1, 0
41029, 1073332, 1, 0
42006, 1004481, 1, 0
43000, 1088105, 1, 0
44000, 1226595, 1, 0
45031, 1357329, 1, 0
46000, 1289682, 1, 0
47000, 1471593, 1, 0
48028, 1425208, 1, 0
49000, 1623090, 1, 0
50008, 1520714, 1, 0
51029, 1554103, 1, 0
52047, 1691780, 1, 0
53000, 1768484, 1, 0
54019, 1626008, 1, 0
55023, 1812886, 1, 0
56043, 2281423, 1, 0
57000, 1991126, 1, 0
58000, 2246442, 1, 0
59001, 2236902, 1, 0
60000, 2077420, 1, 0
1000, 543920, 1, 0
2000, 1204098, 1, 0
3000, 1217763, 1, 0
4001, 1283849, 1, 0
5000, 1102620, 1, 0
6000, 1106668, 1, 0
7000, 1099322, 1, 0
8000, 1165822, 1, 0
9000, 574881, 1, 0
10000, 364574, 1, 0
11000, 351134, 1, 0
12000, 372619, 1, 0
13000, 349140, 1, 0
14000, 394492, 1, 0
15000, 384795, 1, 0
16000, 366071, 1, 0
17000, 366125, 1, 0
18000, 374450, 1, 0
19000, 357599, 1, 0
20000, 375699, 1, 0
21000, 382640, 1, 0
22000, 416330, 1, 0
23000, 433224, 1, 0
24000, 453982, 1, 0
25000, 514534, 1, 0
26035, 1028066, 1, 0
27022, 1135032, 1, 0
28000, 939237, 1, 0
29021, 1030124, 1, 0
30000, 1058885, 1, 0
31000, 1015430, 1, 0
32000, 1150972, 1, 0
33000, 841512, 1, 0
34017, 866731, 1, 0
35000, 769752, 1, 0
36000, 923842, 1, 0
37008, 848017, 1, 0
38037, 881214, 1, 0
39000, 871479, 1, 0
40000, 931916, 1, 0
41029, 1055474, 1, 0
42005, 932857, 1, 0
43000, 1117278, 1, 0
44000, 1139652, 1, 0
45031, 1343571, 1, 0
46000, 1394124, 1, 0
47000, 1562059, 1, 0
48027, 1579051, 1, 0
49001, 1450982, 1, 0
50008, 1629084, 1, 0
51028, 1453264, 1, 0
52047, 1492677, 1, 0
53000, 1752475, 1, 0
54018, 1682433, 1, 0
55021, 1840401, 1, 0
56042, 2028483, 1, 0
57000, 1996496, 1, 0
58000, 2416401, 1, 0
59000, 1965461, 1, 0
60000, 2099041, 1, 0
1000, 615182, 1, 0
2001, 1217583, 1, 0
3001, 1267188, 1, 0
4001, 1207938, 1, 0
5000, 1272402, 1, 0
6000, 1124198, 1, 0
7000, 1216543, 1, 0
8001, 1215717, 1, 0
9000, 484930, 1, 0
10000, 343952, 1, 0
11000, 339740, 1, 0
12000, 418573, 1, 0
13000, 403187, 1, 0
14000, 393633, 1, 0
15000, 408152, 1, 0
16000, 365309, 1, 0
17000, 368267, 1, 0
18000, 365410, 1, 0
19000, 374109, 1, 0
20001, 379123, 1, 0
21000, 399784, 1, 0
22000, 403976, 1, 0
23000, 440247, 1, 0
24000, 454132, 1, 0
25000, 512882, 1, 0
26031, 991245, 1, 0
27022, 1018468, 1, 0
28000, 1058159, 1, 0
29018, 999173, 1, 0
30000, 1022322, 1, 0
31000, 1043018, 1, 0
32001, 1110061, 1, 0
33000, 855003, 1, 0
34016, 790219, 1, 0
35000, 879667, 1, 0
36000, 868697, 1, 0
37007, 883119, 1, 0
38035, 850574, 1, 0
39000, 901196, 1, 0
40000, 869993, 1, 0
41027, 1014285, 1, 0
42004, 1042902, 1, 0
43000, 1140327, 1, 0
44000, 1104670, 1, 0
45029, 1356899, 1, 0
46001, 1299871, 1, 0
47000, 1290284, 1, 0
48024, 1512697, 1, 0
49000, 1485837, 1, 0
50008, 1387716, 1, 0
51027, 1598031, 1, 0
52045, 1562676, 1, 0
53000, 1653766, 1, 0
54016, 1873146, 1, 0
55020, 1706405, 1, 0
56040, 1800991, 1, 0
57000, 1962849, 1, 0
58000, 2035122, 1, 0
59000, 2058728, 1, 0
60000, 2247595, 1, 0
1000, 573521, 1, 0
2001, 1416175, 1, 0
3000, 1333689, 1, 0
4000, 1242701, 1, 0
5001, 1133458, 1, 0
6000, 1035663, 1, 0
7000, 1140442, 1, 0
8000, 1180549, 1, 0
9000, 350786, 1, 0
10000, 330649, 1, 0
11000, 334025, 1, 0
12000, 378621, 1, 0
13000, 383751, 1, 0
14000, 409486, 1, 0
15000, 404326, 1, 0
16000, 368586, 1, 0
17000, 372201, 1, 0
18000, 359848, 1, 0
19000, 373886, 1, 0
20000, 374971, 1, 0
21000, 401279, 1, 0
22000, 412006, 1, 0
23000, 427349, 1, 0
24000, 465785, 1, 0
25000, 500177, 1, 0
26000, 945361, 1, 0
27031, 1135353, 1, 0
28000, 979955, 1, 0
29030, 1035816, 1, 0
30000, 1031471, 1, 0
31000, 1045756, 1, 0
32003, 1081443, 1, 0
33000, 941580, 1, 0
34027, 841837, 1, 0
35000, 802507, 1, 0
36000, 864841, 1, 0
37017, 883101, 1, 0
38000, 833553, 1, 0
39000, 878963, 1, 0
40000, 948012, 1, 0
41038, 983386, 1, 0
42014, 1006141, 1, 0
43000, 1160308, 1, 0
44000, 1261353, 1, 0
45039, 1401612, 1, 0
46000, 1350015, 1, 0
47000, 1376917, 1, 0
48034, 1510808, 1, 0
49001, 1415027, 1, 0
50016, 1551804, 1, 0
51036, 1569416, 1, 0
52000, 1500673, 1, 0
53003, 1828821, 1, 0
54026, 1792231, 1, 0
55030, 1773680, 1, 0
56051, 1759986, 1, 0
57000, 1932913, 1, 0
58002, 2033483, 1, 0
59003, 2077579, 1, 0
60000, 2060708, 1, 0
1000, 564183, 1, 0
2000, 1271524, 1, 0
3001, 1249303, 1, 0
4000, 1373081, 1, 0
5000, 1234363, 1, 0
6000, 1143690, 1, 0
7000, 1096587, 1, 0
8000, 1171446, 1, 0
9000, 506551, 1, 0
10000, 389194, 1, 0
11000, 398014, 1, 0
12000, 372233, 1, 0
13000, 383012, 1, 0
14000, 390560, 1, 0
15000, 361745, 1, 0
16000, 371368, 1, 0
17000, 375539, 1, 0
18000, 375052, 1, 0
19000, 380216, 1, 0
20000, 378615, 1, 0
21000, 404110, 1, 0
22000, 408896, 1, 0
23000, 433564, 1, 0
24000, 450013, 1, 0
25000, 507207, 1, 0
26000, 971946, 1, 0
27024, 1119034, 1, 0
28000, 1000081, 1, 0
29024, 1085347, 1, 0
30000, 1048161, 1, 0
31000, 1040577, 1, 0
32000, 1120600, 1, 0
33000, 855164, 1, 0
34020, 780430, 1, 0
35000, 750283, 1, 0
36000, 853228, 1, 0
37011, 933761, 1, 0
38000, 857188, 1, 0
39000, 936075, 1, 0
40000, 859832, 1, 0
41032, 1053245, 1, 0
42009, 982016, 1, 0
43000, 1029058, 1, 0
44000, 1084602, 1, 0
45033, 1235299, 1, 0
46001, 1218810, 1, 0
47000, 1479592, 1, 0
48029, 1336278, 1, 0
49000, 1278294, 1, 0
50013, 1412701, 1, 0
51032, 1610554, 1, 0
52050, 1607447, 1, 0
53000, 1773324, 1, 0
54020, 1599786, 1, 0
55024, 1837957, 1, 0
56045, 1806328, 1, 0
57000, 1997420, 1, 0
58001, 2061955, 1, 0
59000, 2408464, 1, 0
60000, 2032742, 1, 0
1000, 493684, 1, 0
2000, 1198633, 1, 0
3001, 1260428, 1, 0
4000, 1141724, 1, 0
5000, 1180450, 1, 0
6000, 1266576, 1, 0
7000, 1190924, 1, 0
8000, 1146723, 1, 0
9000, 489980, 1, 0
10000, 390977, 1, 0
11000, 361144, 1, 0
12000, 380963, 1, 0
13000, 378735, 1, 0
14000, 364411, 1, 0
15000, 361834, 1, 0
16000, 388885, 1, 0
17000, 362443, 1, 0
18000, 376536, 1, 0
19000, 370460, 1, 0
20000, 366133, 1, 0
21000, 391088, 1, 0
22000, 404013, 1, 0
23000, 429599, 1, 0
24000, 454275, 1, 0
25000, 515617, 1, 0
26000, 901955, 1, 0
27027, 1048703, 1, 0
28000, 961662, 1, 0
29025, 1085230, 1, 0
30000, 1086262, 1, 0
31000, 1104643, 1, 0
32000, 1141117, 1, 0
33000, 923584, 1, 0
34015, 838237, 1, 0
35000, 799089, 1, 0
36000, 930551, 1, 0
37011, 869263, 1, 0
38000, 920570, 1, 0
39000, 979859, 1, 0
40000, 948295, 1, 0
41033, 1011220, 1, 0
42009, 1025273, 1, 0
43000, 1113138, 1, 0
44000, 1171160, 1, 0
45033, 1261183, 1, 0
46001, 1060854, 1, 0
47000, 1347291, 1, 0
48029, 1403748, 1, 0
49000, 1525987, 1, 0
50011, 1468063, 1, 0
51031, 1366733, 1, 0
52051, 1652561, 1, 0
53001, 1807530, 1, 0
54020, 1735287, 1, 0
55024, 1627630, 1, 0
56044, 2075000, 1, 0
57000, 2043199, 1, 0
58000, 2329197, 1, 0
59001, 2316658, 1, 0
60000, 2285320, 1, 0
1000, 623082, 1, 0
2000, 1148870, 1, 0
3000, 1094883, 1, 0
4003, 1180280, 1, 0
5001, 1275573, 1, 0
6001, 1200939, 1, 0
7000, 1143676, 1, 0
8000, 1061218, 1, 0
9000, 568665, 1, 0
10000, 417339, 1, 0
11000, 418494, 1, 0
12000, 399364, 1, 0
13000, 376180, 1, 0
14000, 386117, 1, 0
15000, 382285, 1, 0
16000, 374973, 1, 0
17000, 389056, 1, 0
18000, 383145, 1, 0
19000, 381355, 1, 0
20001, 369990, 1, 0
21000, 386754, 1, 0
22000, 412680, 1, 0
23000, 440957, 1, 0
24000, 455934, 1, 0
25000, 514931, 1, 0
26030, 959708, 1, 0
27022, 1060072, 1, 0
28000, 1034466, 1, 0
29018, 1062364, 1, 0
30000, 1053121, 1, 0
31000, 1019111, 1, 0
32001, 1138381, 1, 0
33000, 797704, 1, 0
34015, 732510, 1, 0
35000, 737192, 1, 0
36000, 885030, 1, 0
37006, 793934, 1, 0
38035, 944819, 1, 0
39000, 883310, 1, 0
40041, 959906, 1, 0
41027, 1019701, 1, 0
42005, 1056016, 1, 0
43000, 1117443, 1, 0
44000, 1150744, 1, 0
45027, 1424701, 1, 0
46000, 1324373, 1, 0
47000, 1283650, 1, 0
48025, 1502276, 1, 0
49000, 1615806, 1, 0
50006, 1344586, 1, 0
51026, 1279165, 1, 0
52045, 1593083, 1, 0
53000, 1734701, 1, 0
54015, 1926025, 1, 0
55019, 1940258, 1, 0
56040, 2076993, 1, 0
57000, 1863162, 1, 0
58000, 2023284, 1, 0
59001, 2198967, 1, 0
60000, 2104648, 1, 0
1001, 590061, 1, 0
2000, 1275522, 1, 0
3001, 1289554, 1, 0
4001, 967655, 1, 0
5000, 1294214, 1, 0
6000, 1284326, 1, 0
7000, 1184006, 1, 0
8001, 1155366, 1, 0
9000, 437912, 1, 0
10000, 386005, 1, 0
11000, 400930, 1, 0
12000, 374991, 1, 0
13000, 351529, 1, 0
14000, 366422, 1, 0
15000, 387651, 1, 0
16000, 364837, 1, 0
17000, 365112, 1, 0
18000, 371030, 1, 0
19000, 381573, 1, 0
20000, 374804, 1, 0
21000, 385808, 1, 0
22000, 401902, 1, 0
23000, 433880, 1, 0
24000, 459733, 1, 0
25000, 509250, 1, 0
26028, 1023802, 1, 0
27018, 1180303, 1, 0
28000, 982027, 1, 0
29018, 1008415, 1, 0
30000, 1022919, 1, 0
31000, 1072405, 1, 0
32001, 1142531, 1, 0
33000, 837176, 1, 0
34008, 760598, 1, 0
35000, 807920, 1, 0
36000, 805363, 1, 0
37004, 908759, 1, 0
38033, 901769, 1, 0
39000, 912807, 1, 0
40039, 1029838, 1, 0
41025, 990251, 1, 0
42002, 1060303, 1, 0
43000, 1142953, 1, 0
44000, 1067362, 1, 0
45027, 1474204, 1, 0
46001, 1370172, 1, 0
47000, 1217595, 1, 0
48023, 1385094, 1, 0
49000, 1375281, 1, 0
50007, 1587321, 1, 0
51024, 1528955, 1, 0
52043, 1583014, 1, 0
53000, 1717691, 1, 0
54015, 1915344, 1, 0
55017, 1683777, 1, 0
56038, 1477523, 1, 0
57000, 2048831, 1, 0
58000, 2206104, 1, 0
59000, 2097393, 1, 0
60000, 2210709, 1, 0
1000, 571142, 1, 0
2001, 1199721, 1, 0
3000, 1205026, 1, 0
4000, 1219394, 1, 0
5001, 1136692, 1, 0
6000, 1268685, 1, 0
7000, 1184622, 1, 0
8001, 1105923, 1, 0
9000, 500071, 1, 0
10000, 395621, 1, 0
11000, 392157, 1, 0
12000, 366879, 1, 0
13000, 371457, 1, 0
14000, 393223, 1, 0
15000, 380300, 1, 0
16000, 380749, 1, 0
17000, 370373, 1, 0
18000, 361582, 1, 0
19000, 372630, 1, 0
20000, 377164, 1, 0
21000, 402372, 1, 0
22000, 415516, 1, 0
23000, 438905, 1, 0
24000, 457537, 1, 0
25000, 511994, 1, 0
26029, 1036620, 1, 0
27016, 1196004, 1, 0
28000, 982526, 1, 0
29016, 1034213, 1, 0
30000, 1084508, 1, 0
31000, 1020910, 1, 0
32000, 1157608, 1, 0
33000, 859930, 1, 0
34012, 800171, 1, 0
35035, 773093, 1, 0
36000, 875900, 1, 0
37003, 801260, 1, 0
38031, 865058, 1, 0
39000, 873272, 1, 0
40038, 887454, 1, 0
41025, 959460, 1, 0
42001, 980745, 1, 0
43001, 1024012, 1, 0
44000, 1193427, 1, 0
45026, 1398242, 1, 0
46000, 1275161, 1, 0
47000, 1259268, 1, 0
48021, 1560193, 1, 0
49000, 1215287, 1, 0
50003, 1508626, 1, 0
51022, 1524971, 1, 0
52041, 1576685, 1, 0
53000, 1725591, 1, 0
54012, 1729143, 1, 0
55016, 1757352, 1, 0
56037, 2022251, 1, 0
57053, 1941076, 1, 0
58000, 2138684, 1, 0
59000, 1819801, 1, 0
60000, 2075589, 1, 0
1000, 586277, 1, 0
2000, 1280142, 1, 0
3001, 1111187, 1, 0
4000, 1116587, 1, 0
5000, 1118184, 1, 0
6000, 1097753, 1, 0
7000, 1171533, 1, 0
8000, 1161227, 1, 0
9000, 474113, 1, 0
10000, 394738, 1, 0
11000, 385584, 1, 0
12000, 398861, 1, 0
13000, 371116, 1, 0
14000, 373752, 1, 0
15000, 377157, 1, 0
16000, 379178, 1, 0
17000, 370858, 1, 0
18000, 371418, 1, 0
19000, 384019, 1, 0
20000, 389828, 1, 0
21000, 384469, 1, 0
22000, 421906, 1, 0
23000, 432315, 1, 0
24000, 453726, 1, 0
25000, 513602, 1, 0
26026, 994535, 1, 0
27017, 1056611, 1, 0
28000, 974751, 1, 0
29015, 1044918, 1, 0
30000, 1031578, 1, 0
31000, 1109205, 1, 0
32000, 1134671, 1, 0
33000, 861900, 1, 0
34011, 768796, 1, 0
35035, 838395, 1, 0
36000, 902120, 1, 0
37002, 846991, 1, 0
38030, 950320, 1, 0
39000, 945748, 1, 0
40037, 991275, 1, 0
41024, 944288, 1, 0
42000, 1104966, 1, 0
43000, 1119810, 1, 0
44000, 1053754, 1, 0
45024, 1305099, 1, 0
46001, 1389898, 1, 0
47000, 1293717, 1, 0
48021, 1563517, 1, 0
49000, 1590986, 1, 0
50002, 1393038, 1, 0
51022, 1614366, 1, 0
52041, 1606348, 1, 0
53000, 1640066, 1, 0
54011, 1558363, 1, 0
55019, 2077025, 1, 0
56036, 2142827, 1, 0
57053, 1999075, 1, 0
58000, 2005689, 1, 0
59000, 2262602, 1, 0
60000, 1993862, 1, 0
1000, 544504, 1, 0
2000, 1352945, 1, 0
3000, 1091189, 1, 0
4001, 1199130, 1, 0
5000, 1215171, 1, 0
6000, 1071582, 1, 0
7000, 1096508, 1, 0
8000, 1133568, 1, 0
9000, 453109, 1, 0
10000, 388312, 1, 0
11000, 348165, 1, 0
12000, 338496, 1, 0
13000, 384082, 1, 0
14000, 395465, 1, 0
15000, 379751, 1, 0
16000, 377221, 1, 0
17000, 370937, 1, 0
18000, 356731, 1, 0
19000, 364365, 1, 0
20000, 374907, 1, 0
21000, 395150, 1, 0
22000, 407983, 1, 0
23000, 427359, 1, 0
24000, 447497, 1, 0
25000, 510754, 1, 0
26027, 960754, 1, 0
27015, 859217, 1, 0
28000, 970180, 1, 0
29016, 1040154, 1, 0
30000, 997160, 1, 0
31000, 1045958, 1, 0
32000, 1070386, 1, 0
33000, 970655, 1, 0
34011, 876173, 1, 0
35035, 821572, 1, 0
36000, 866805, 1, 0
37002, 827582, 1, 0
38031, 832620, 1, 0
39000, 898911, 1, 0
40037, 962394, 1, 0
41023, 950275, 1, 0
42003, 1073787, 1, 0
43000, 1082166, 1, 0
44000, 1227348, 1, 0
45025, 1269533, 1, 0
46000, 1149702, 1, 0
47000, 1244726, 1, 0
48021, 1294797, 1, 0
49000, 1371535, 1, 0
50002, 1550794, 1, 0
51022, 1577269, 1, 0
52041, 1512808, 1, 0
53000, 1640668, 1, 0
54011, 1715556, 1, 0
55016, 1685414, 1, 0
56036, 1801675, 1, 0
57052, 1982159, 1, 0
58000, 1931130, 1, 0
59000, 2215554, 1, 0
60000, 2089723, 1, 0
1001, 613385, 1, 0
2008, 1120766, 1, 0
3000, 1199081, 1, 0
4000, 1162829, 1, 0
5000, 1186186, 1, 0
6000, 1046548, 1, 0
7001, 1090679, 1, 0
8000, 1123057, 1, 0
9000, 359196, 1, 0
10000, 327042, 1, 0
11000, 382088, 1, 0
12000, 413966, 1, 0
13000, 390641, 1, 0
14000, 387253, 1, 0
15000, 401781, 1, 0
16000, 364231, 1, 0
17000, 362118, 1, 0
18000, 373446, 1, 0
19000, 375606, 1, 0
20000, 376606, 1, 0
21000, 401967, 1, 0
22000, 416585, 1, 0
23000, 437155, 1, 0
24000, 449230, 1, 0
25001, 504180, 1, 0
26000, 883697, 1, 0
27000, 1178895, 1, 0
28000, 1059341, 1, 0
29000, 1018372, 1, 0
30000, 1078910, 1, 0
31000, 1052960, 1, 0
32015, 1115881, 1, 0
33000, 775435, 1, 0
34039, 863577, 1, 0
35000, 793648, 1, 0
36010, 868095, 1, 0
37029, 948207, 1, 0
38000, 902664, 1, 0
39000, 868692, 1, 0
40000, 973420, 1, 0
41000, 916415, 1, 0
42027, 1081534, 1, 0
43012, 1227648, 1, 0
44000, 1247574, 1, 0
45000, 1202013, 1, 0
46012, 1635202, 1, 0
47001, 1433493, 1, 0
48048, 1471004, 1, 0
49004, 1461368, 1, 0
50028, 1492344, 1, 0
51048, 1742870, 1, 0
52000, 1631179, 1, 0
53013, 1665122, 1, 0
54037, 1932402, 1, 0
55043, 1912375, 1, 0
56000, 2144434, 1, 0
57000, 2253383, 1, 0
58005, 2025319, 1, 0
59015, 2395980, 1, 0
60001, 2240368, 1, 0
1001, 576500, 1, 0
2000, 1309336, 1, 0
3001, 1146954, 1, 0
4000, 1436021, 1, 0
5000, 1233325, 1, 0
6000, 1195090, 1, 0
7000, 1169216, 1, 0
8000, 1116153, 1, 0
9000, 344640, 1, 0
10000, 321642, 1, 0
11000, 392329, 1, 0
12000, 421283, 1, 0
13000, 399852, 1, 0
14000, 395158, 1, 0
15000, 367904, 1, 0
16000, 377392, 1, 0
17000, 365971, 1, 0
18000, 362318, 1, 0
19000, 387642, 1, 0
20000, 384086, 1, 0
21000, 400383, 1, 0
22000, 403692, 1, 0
23000, 431030, 1, 0
24000, 457869, 1, 0
25000, 515481, 1, 0
26000, 978215, 1, 0
27026, 1183295, 1, 0
28000, 1051430, 1, 0
29024, 1047088, 1, 0
30000, 1019748, 1, 0
31000, 1042188, 1, 0
32000, 1105081, 1, 0
33000, 868043, 1, 0
34021, 873521, 1, 0
35000, 874447, 1, 0
36000, 864907, 1, 0
37011, 897312, 1, 0
38000, 919408, 1, 0
39000, 973808, 1, 0
40000, 937319, 1, 0
41032, 1013881, 1, 0
42008, 978769, 1, 0
43000, 1110896, 1, 0
44000, 1294311, 1, 0
45034, 1338223, 1, 0
46000, 1225578, 1, 0
47000, 1445018, 1, 0
48029, 1447682, 1, 0
49000, 1384012, 1, 0
50010, 1485286, 1, 0
51031, 1447951, 1, 0
52050, 1637724, 1, 0
53000, 1636107, 1, 0
54022, 1985684, 1, 0
55024, 1622588, 1, 0
56044, 1763935, 1, 0
57000, 1936363, 1, 0
58000, 2139323, 1, 0
59001, 1920582, 1, 0
60000, 2435516, 1, 0
1001, 515735, 1, 0
2000, 1277780, 1, 0
3000, 1187382, 1, 0
4000, 1348161, 1, 0
5000, 1323931, 1, 0
6000, 1046413, 1, 0
7000, 1138577, 1, 0
8000, 1085981, 1, 0
9000, 473680, 1, 0
10000, 379946, 1, 0
11000, 385723, 1, 0
12000, 337357, 1, 0
13000, 360568, 1, 0
14000, 386764, 1, 0
15000, 392606, 1, 0
16000, 361400, 1, 0
17000, 370676, 1, 0
18000, 375151, 1, 0
19000, 370702, 1, 0
20000, 378895, 1, 0
21000, 406004, 1, 0
22000, 407495, 1, 0
23000, 431197, 1, 0
24000, 448176, 1, 0
25000, 495309, 1, 0
26030, 978516, 1, 0
27019, 997890, 1, 0
28000, 1059468, 1, 0
29018, 1003618, 1, 0
30000, 1050534, 1, 0
31000, 1042170, 1, 0
32001, 1139315, 1, 0
33000, 1026953, 1, 0
34013, 861425, 1, 0
35000, 824567, 1, 0
36000, 912145, 1, 0
37004, 813148, 1, 0
38032, 881542, 1, 0
39000, 880314, 1, 0
40040, 877141, 1, 0
41024, 891407, 1, 0
42002, 962410, 1, 0
43000, 1046237, 1, 0
44000, 1117436, 1, 0
45027, 1239538, 1, 0
46000, 1256582, 1, 0
47000, 1277386, 1, 0
48023, 1549857, 1, 0
49000, 1210099, 1, 0
50007, 1523796, 1, 0
51025, 1777854, 1, 0
52043, 1503482, 1, 0
53001, 1668777, 1, 0
54012, 1697026, 1, 0
55018, 1848224, 1, 0
56039, 1624472, 1, 0
57000, 1855641, 1, 0
58000, 2063604, 1, 0
59000, 2086369, 1, 0
60000, 2349864, 1, 0
1001, 586340, 1, 0
2000, 1364224, 1, 0
3000, 1165945, 1, 0
4000, 1173921, 1, 0
5000, 1164764, 1, 0
6000, 1272465, 1, 0
7000, 1188863, 1, 0
8001, 1087764, 1, 0
9000, 493097, 1, 0
10000, 397761, 1, 0
11000, 351460, 1, 0
12000, 346384, 1, 0
13000, 389473, 1, 0
14000, 371477, 1, 0
15000, 403492, 1, 0
16000, 383058, 1, 0
17000, 354852, 1, 0
18000, 375766, 1, 0
19000, 379417, 1, 0
20000, 373389, 1, 0
21000, 396290, 1, 0
22000, 409278, 1, 0
23000, 423932, 1, 0
24000, 456834, 1, 0
25000, 505441, 1, 0
26026, 924839, 1, 0
27018, 1012562, 1, 0
28000, 1020596, 1, 0
29016, 1061567, 1, 0
30000, 1033321, 1, 0
31000, 1062315, 1, 0
32000, 1131867, 1, 0
33000, 855755, 1, 0
34012, 773510, 1, 0
35035, 811336, 1, 0
36000, 924646, 1, 0
37003, 815809, 1, 0
38032, 842316, 1, 0
39000, 867009, 1, 0
40037, 1004844, 1, 0
41024, 980573, 1, 0
42000, 997576, 1, 0
43000, 1105359, 1, 0
44000, 1150305, 1, 0
45026, 1287552, 1, 0
46000, 1300014, 1, 0
47000, 1264452, 1, 0
48021, 1398982, 1, 0
49000, 1328971, 1, 0
50002, 1554882, 1, 0
51023, 1484715, 1, 0
52042, 1559480, 1, 0
53000, 1461073, 1, 0
54011, 1625591, 1, 0
55016, 1664473, 1, 0
56037, 1836788, 1, 0
57053, 2101142, 1, 0
58000, 2009662, 1, 0
59000, 2208581, 1, 0
60000, 2034549, 1, 0
1000, 615654, 1, 0
2001, 1336835, 1, 0
3001, 1224375, 1, 0
4000, 1292904, 1, 0
5000, 1233650, 1, 0
6000, 1083850, 1, 0
7000, 1185083, 1, 0
8000, 1151460, 1, 0
9000, 573975, 1, 0
10000, 389700, 1, 0
11000, 377864, 1, 0
12000, 359584, 1, 0
13000, 408589, 1, 0
14000, 362590, 1, 0
15000, 379518, 1, 0
16000, 387428, 1, 0
17000, 382454, 1, 0
18000, 371126, 1, 0
19000, 362344, 1, 0
20000, 391261, 1, 0
21000, 389544, 1, 0
22000, 406723, 1, 0
23000, 430667, 1, 0
24000, 458503, 1, 0
25000, 511033, 1, 0
26000, 986314, 1, 0
27000, 1002081, 1, 0
28000, 1064867, 1, 0
29034, 1003115, 1, 0
30000, 1076961, 1, 0
31000, 1100348, 1, 0
32007, 1119022, 1, 0
33000, 919689, 1, 0
34029, 701372, 1, 0
35000, 799251, 1, 0
36001, 826632, 1, 0
37020, 783372, 1, 0
38000, 833069, 1, 0
39000, 978702, 1, 0
40000, 910701, 1, 0
41040, 1003400, 1, 0
42018, 1077859, 1, 0
43003, 1115012, 1, 0
44000, 1316384, 1, 0
45042, 1325047, 1, 0
46003, 1396454, 1, 0
47000, 1172705, 1, 0
48038, 1464617, 1, 0
49000, 1484376, 1, 0
50020, 1478374, 1, 0
51040, 1498344, 1, 0
52000, 1534341, 1, 0
53003, 1723704, 1, 0
54030, 1793482, 1, 0
55032, 1725335, 1, 0
56054, 1838842, 1, 0
57000, 1803082, 1, 0
58000, 1987295, 1, 0
59006, 2105162, 1, 0
60001, 2401758, 1, 0
1000, 546511, 1, 0
2001, 1167660, 1, 0
3000, 1324955, 1, 0
4001, 1128124, 1, 0
5002, 1121656, 1, 0
6000, 1081948, 1, 0
7000, 1103423, 1, 0
8000, 1129285, 1, 0
9000, 354199, 1, 0
10000, 321813, 1, 0
11000, 342371, 1, 0
12000, 355245, 1, 0
13000, 389431, 1, 0
14000, 345286, 1, 0
15000, 353433, 1, 0
16000, 356647, 1, 0
17000, 370859, 1, 0
18000, 378783, 1, 0
19000, 378686, 1, 0
20001, 390177, 1, 0
21000, 393183, 1, 0
22000, 406465, 1, 0
23000, 423518, 1, 0
24000, 459913, 1, 0
25000, 507015, 1, 0
26031, 996676, 1, 0
27023, 949332, 1, 0
28000, 1019723, 1, 0
29020, 1097194, 1, 0
30000, 1069289, 1, 0
31000, 1016375, 1, 0
32001, 1135781, 1, 0
33000, 858183, 1, 0
34015, 846668, 1, 0
35000, 819985, 1, 0
36000, 930199, 1, 0
37007, 919258, 1, 0
38036, 923260, 1, 0
39000, 837760, 1, 0
40000, 903289, 1, 0
41028, 1056431, 1, 0
42005, 1053622, 1, 0
43000, 1055528, 1, 0
44000, 1033555, 1, 0
45028, 1248166, 1, 0
46000, 1412997, 1, 0
47000, 1275194, 1, 0
48025, 1501040, 1, 0
49000, 1464554, 1, 0
50006, 1561655, 1, 0
51028, 1455699, 1, 0
52046, 1729508, 1, 0
53000, 1679556, 1, 0
54015, 1995633, 1, 0
55020, 1770499, 1, 0
56041, 2127712, 1, 0
57000, 1887617, 1, 0
58000, 2216115, 1, 0
59001, 2253150, 1, 0
60000, 2238783, 1, 0
1000, 578197, 1, 0
2000, 1181021, 1, 0
3000, 1229673, 1, 0
4000, 1314828, 1, 0
5000, 1257530, 1, 0
6002, 1255377, 1, 0
7000, 1196258, 1, 0
8001, 1130994, 1, 0
9000, 572717, 1, 0
10000, 412275, 1, 0
11000, 395377, 1, 0
12000, 371393, 1, 0
13000, 359309, 1, 0
14000, 395804, 1, 0
15000, 406006, 1, 0
16000, 359118, 1, 0
17000, 374549, 1, 0
18000, 370259, 1, 0
19000, 380078, 1, 0
20000, 382116, 1, 0
21000, 392240, 1, 0
22000, 415146, 1, 0
23000, 430835, 1, 0
24000, 458368, 1, 0
25000, 511674, 1, 0
26025, 955768, 1, 0
27018, 1091299, 1, 0
28000, 1000549, 1, 0
29014, 1011661, 1, 0
30000, 1042904, 1, 0
31000, 1087331, 1, 0
32001, 1068356, 1, 0
33000, 905057, 1, 0
34009, 823612, 1, 0
35034, 891863, 1, 0
36000, 919811, 1, 0
37001, 889585, 1, 0
38029, 850664, 1, 0
39000, 836848, 1, 0
40036, 984174, 1, 0
41022, 927113, 1, 0
42000, 1033092, 1, 0
43000, 1186428, 1, 0
44000, 1100155, 1, 0
45024, 1349339, 1, 0
46000, 1158763, 1, 0
47046, 1426418, 1, 0
48019, 1426557, 1, 0
49000, 1421114, 1, 0
50000, 1558467, 1, 0
51020, 1541182, 1, 0
52040, 1602273, 1, 0
53000, 1669845, 1, 0
54011, 1535083, 1, 0
55015, 1931106, 1, 0
56034, 1962323, 1, 0
57051, 2174484, 1, 0
58000, 2140250, 1, 0
59000, 2405330, 1, 0
60000, 1845975, 1, 0
1000, 485227, 1, 0
2000, 1224412, 1, 0
3000, 1278853, 1, 0
4002, 1209382, 1, 0
5000, 1217935, 1, 0
6000, 1192879, 1, 0
7000, 1203034, 1, 0
8000, 1144998, 1, 0
9000, 479679, 1, 0
10000, 388096, 1, 0
11000, 325969, 1, 0
12000, 374007, 1, 0
13000, 381972, 1, 0
14000, 334262, 1, 0
15000, 383997, 1, 0
16000, 366573, 1, 0
17000, 385403, 1, 0
18000, 362203, 1, 0
19000, 334375, 1, 0
20000, 377359, 1, 0
21000, 391259, 1, 0
22000, 405941, 1, 0
23000, 421961, 1, 0
24000, 445629, 1, 0
25000, 508982, 1, 0
26026, 1005496, 1, 0
27016, 994492, 1, 0
28000, 1021991, 1, 0
29014, 1052875, 1, 0
30000, 1056754, 1, 0
31000, 1065096, 1, 0
32000, 1079833, 1, 0
33000, 886759, 1, 0
34012, 765103, 1, 0
35034, 784309, 1, 0
36000, 826735, 1, 0
37001, 841759, 1, 0
38029, 855346, 1, 0
39000, 818063, 1, 0
40036, 998164, 1, 0
41022, 987242, 1, 0
42001, 1004594, 1, 0
43002, 1079398, 1, 0
44000, 1012639, 1, 0
45022, 1443684, 1, 0
46000, 1347390, 1, 0
47047, 1355103, 1, 0
48019, 1376790, 1, 0
49000, 1492050, 1, 0
50001, 1472830, 1, 0
51020, 1641442, 1, 0
52040, 1612225, 1, 0
53000, 1662115, 1, 0
54010, 1872925, 1, 0
55023, 1868162, 1, 0
56035, 2004017, 1, 0
57051, 1901575, 1, 0
58000, 2154123, 1, 0
59000, 2082684, 1, 0
60000, 2484034, 1, 0
1000, 466734, 1, 0
2000, 1342597, 1, 0
3000, 1111716, 1, 0
4002, 1097829, 1, 0
5001, 1146755, 1, 0
6001, 1180873, 1, 0
7000, 1131144, 1, 0
8000, 1162375, 1, 0
9000, 545988, 1, 0
10000, 405253, 1, 0
11000, 359111, 1, 0
12000, 395270, 1, 0
13000, 377315, 1, 0
14000, 359193, 1, 0
15000, 358333, 1, 0
16000, 372284, 1, 0
17000, 367184, 1, 0
18000, 363546, 1, 0
19000, 377490, 1, 0
20000, 378437, 1, 0
21000, 397417, 1, 0
22000, 417246, 1, 0
23000, 433437, 1, 0
24000, 457865, 1, 0
25000, 506428, 1, 0
26025, 986531, 1, 0
27017, 1101918, 1, 0
28000, 1039431, 1, 0
29012, 1012377, 1, 0
30000, 1067099, 1, 0
31000, 1086916, 1, 0
32000, 1081604, 1, 0
33000, 820227, 1, 0
34009, 777459, 1, 0
35033, 796114, 1, 0
36000, 785787, 1, 0
37000, 705134, 1, 0
38029, 934651, 1, 0
39000, 847443, 1, 0
40035, 1023111, 1, 0
41021, 1006647, 1, 0
42000, 1021740, 1, 0
43000, 1009971, 1, 0
44000, 1160824, 1, 0
45021, 1351540, 1, 0
46000, 1386682, 1, 0
47047, 1411950, 1, 0
48019, 1382832, 1, 0
49000, 1416175, 1, 0
50001, 1501061, 1, 0
51021, 1611036, 1, 0
52040, 1710810, 1, 0
53000, 1741329, 1, 0
54009, 1768401, 1, 0
55017, 1888477, 1, 0
56034, 2141769, 1, 0
57050, 1896639, 1, 0
58000, 2010739, 1, 0
59000, 2219212, 1, 0
60000, 1886733, 1, 0
1001, 536100, 1, 0
2001, 1239740, 1, 0
3000, 1334977, 1, 0
4002, 1263428, 1, 0
5000, 1168447, 1, 0
6000, 1194496, 1, 0
7001, 997942, 1, 0
8001, 1158947, 1, 0
9000, 349257, 1, 0
10000, 308403, 1, 0
11000, 401763, 1, 0
12000, 345444, 1, 0
13000, 367219, 1, 0
14000, 364684, 1, 0
15000, 368054, 1, 0
16000, 355098, 1, 0
17000, 371881, 1, 0
18000, 356893, 1, 0
19000, 370048, 1, 0
20000, 370836, 1, 0
21000, 403633, 1, 0
22000, 410208, 1, 0
23000, 427509, 1, 0
24000, 457047, 1, 0
25000, 510433, 1, 0
26025, 913376, 1, 0
27014, 1009354, 1, 0
28000, 1029519, 1, 0
29014, 1013639, 1, 0
30000, 1071876, 1, 0
31000, 997867, 1, 0
32003, 1158302, 1, 0
33000, 807617, 1, 0
34010, 774395, 1, 0
35034, 730705, 1, 0
36000, 827374, 1, 0
37001, 918304, 1, 0
38029, 885557, 1, 0
39000, 900377, 1, 0
40036, 983379, 1, 0
41021, 943728, 1, 0
42000, 1107318, 1, 0
43002, 1101862, 1, 0
44000, 949849, 1, 0
45023, 1478514, 1, 0
46000, 1176373, 1, 0
47047, 1424249, 1, 0
48019, 1256656, 1, 0
49000, 1257200, 1, 0
50001, 1481713, 1, 0
51021, 1592487, 1, 0
52040, 1567537, 1, 0
53001, 1607557, 1, 0
54011, 1820821, 1, 0
55014, 1847040, 1, 0
56035, 1623781, 1, 0
57052, 1845926, 1, 0
58000, 1947300, 1, 0
59000, 2012387, 1, 0
60000, 2168635, 1, 0
1001, 482568, 1, 0
2000, 1166441, 1, 0
3001, 1238149, 1, 0
4000, 1081734, 1, 0
5000, 1293636, 1, 0
6001, 1110700, 1, 0
7000, 1203168, 1, 0
8001, 1154432, 1, 0
9000, 561232, 1, 0
10000, 412374, 1, 0
11000, 386482, 1, 0
12000, 380339, 1, 0
13000, 362725, 1, 0
14000, 334934, 1, 0
15000, 370694, 1, 0
16000, 366927, 1, 0
17000, 364241, 1, 0
18000, 362120, 1, 0
19000, 352522, 1, 0
20000, 386272, 1, 0
21000, 396829, 1, 0
22000, 403146, 1, 0
23000, 426142, 1, 0
24000, 450537, 1, 0
25000, 517918, 1, 0
26018, 985346, 1, 0
27008, 1028749, 1, 0
28000, 1027361, 1, 0
29007, 1026758, 1, 0
30000, 1013922, 1, 0
31030, 1069827, 1, 0
32000, 1043066, 1, 0
33000, 801095, 1, 0
34004, 855208, 1, 0
35028, 773150, 1, 0
36000, 916562, 1, 0
37000, 793006, 1, 0
38023, 914284, 1, 0
39037, 885873, 1, 0
40030, 976431, 1, 0
41015, 920637, 1, 0
42000, 1080795, 1, 0
43000, 1121821, 1, 0
44045, 1071253, 1, 0
45017, 1284376, 1, 0
46000, 1349779, 1, 0
47041, 1359581, 1, 0
48013, 1644152, 1, 0
49000, 1360985, 1, 0
50000, 1524178, 1, 0
51015, 1591157, 1, 0
52033, 1598889, 1, 0
53000, 1656295, 1, 0
54005, 1799971, 1, 0
55008, 1865056, 1, 0
56028, 1868924, 1, 0
57045, 2015627, 1, 0
58000, 1923316, 1, 0
59000, 2539491, 1, 0
60013, 2249355, 1, 0
1001, 573234, 1, 0
2000, 1206852, 1, 0
3001, 1312619, 1, 0
4001, 1239033, 1, 0
5000, 1092973, 1, 0
6000, 1140665, 1, 0
7000, 1115352, 1, 0
8000, 1117882, 1, 0
9000, 575304, 1, 0
10000, 409199, 1, 0
11000, 405462, 1, 0
12000, 401597, 1, 0
13000, 364755, 1, 0
14000, 361582, 1, 0
15000, 370184, 1, 0
16000, 371657, 1, 0
17000, 371798, 1, 0
18000, 352979, 1, 0
19000, 376230, 1, 0
20000, 374654, 1, 0
21000, 388891, 1, 0
22000, 403552, 1, 0
23000, 430175, 1, 0
24000, 457388, 1, 0
25000, 527833, 1, 0
26021, 993182, 1, 0
27011, 1027772, 1, 0
28000, 945269, 1, 0
29009, 1074442, 1, 0
30000, 1055180, 1, 0
31033, 1067895, 1, 0
32000, 1046357, 1, 0
33000, 879098, 1, 0
34005, 837848, 1, 0
35029, 814174, 1, 0
36000, 831057, 1, 0
37001, 858172, 1, 0
38025, 899284, 1, 0
39040, 903785, 1, 0
40031, 928260, 1, 0
41019, 967230, 1, 0
42000, 1009261, 1, 0
43000, 1144632, 1, 0
44000, 1143519, 1, 0
45018, 1198014, 1, 0
46001, 1208863, 1, 0
47043, 1420722, 1, 0
48014, 1570760, 1, 0
49000, 1428482, 1, 0
50000, 1384591, 1, 0
51017, 1533402, 1, 0
52035, 1631304, 1, 0
53000, 1719693, 1, 0
54006, 1541362, 1, 0
55011, 1862776, 1, 0
56030, 2115650, 1, 0
57047, 2008681, 1, 0
58000, 1966920, 1, 0
59000, 2247818, 1, 0
60015, 2315946, 1, 0
1000, 567688, 1, 0
2000, 1314602, 1, 0
3001, 1167470, 1, 0
4000, 1201809, 1, 0
5001, 1032340, 1, 0
6000, 1186837, 1, 0
7000, 1179971, 1, 0
8003, 1153878, 1, 0
9000, 482932, 1, 0
10000, 400630, 1, 0
11000, 399988, 1, 0
12000, 426325, 1, 0
13000, 397638, 1, 0
14000, 390421, 1, 0
15000, 368142, 1, 0
16000, 381182, 1, 0
17000, 374024, 1, 0
18000, 359704, 1, 0
19000, 378435, 1, 0
20000, 386211, 1, 0
21000, 392053, 1, 0
22000, 422633, 1, 0
23000, 426842, 1, 0
24000, 456894, 1, 0
25000, 499890, 1, 0
26016, 967142, 1, 0
27006, 1014174, 1, 0
28000, 985671, 1, 0
29004, 1063455, 1, 0
30000, 1024012, 1, 0
31029, 1058951, 1, 0
32000, 1093290, 1, 0
33000, 830352, 1, 0
34004, 785120, 1, 0
35024, 720181, 1, 0
36000, 790749, 1, 0
37000, 875881, 1, 0
38020, 872238, 1, 0
39034, 926973, 1, 0
40027, 955959, 1, 0
41013, 952816, 1, 0
42000, 1079930, 1, 0
43000, 1070087, 1, 0
44043, 1266973, 1, 0
45014, 1232046, 1, 0
46000, 1196051, 1, 0
47039, 1341228, 1, 0
48010, 1348914, 1, 0
49000, 1354331, 1, 0
50000, 1559259, 1, 0
51013, 1495523, 1, 0
52031, 1593742, 1, 0
53000, 1709497, 1, 0
54001, 1872605, 1, 0
55004, 1732372, 1, 0
56025, 1934631, 1, 0
57043, 1909937, 1, 0
58053, 2074884, 1, 0
59000, 2132740, 1, 0
60011, 2094308, 1, 0
1000, 600091, 1, 0
2000, 1252113, 1, 0
3000, 1106913, 1, 0
4000, 1132821, 1, 0
5000, 1146890, 1, 0
6000, 1061449, 1, 0
7000, 1093626, 1, 0
8000, 1140951, 1, 0
9000, 509596, 1, 0
10000, 398199, 1, 0
11000, 413909, 1, 0
12000, 399444, 1, 0
13000, 413889, 1, 0
14000, 375257, 1, 0
15000, 373719, 1, 0
16000, 378414, 1, 0
17000, 373835, 1, 0
18000, 377556, 1, 0
19000, 365684, 1, 0
20000, 387620, 1, 0
21000, 401951, 1, 0
22000, 416387, 1, 0
23000, 432991, 1, 0
24000, 456410, 1, 0
25000, 507683, 1, 0
26021, 948436, 1, 0
27012, 993066, 1, 0
28000, 1028532, 1, 0
29011, 1058192, 1, 0
30000, 968227, 1, 0
31034, 1096496, 1, 0
32000, 1131462, 1, 0
33000, 855265, 1, 0
34007, 816762, 1, 0
35030, 774319, 1, 0
36000, 811060, 1, 0
37003, 952837, 1, 0
38026, 765171, 1, 0
39000, 895270, 1, 0
40033, 1012730, 1, 0
41019, 1017097, 1, 0
42000, 1162008, 1, 0
43000, 1099799, 1, 0
44000, 1039485, 1, 0
45020, 1242000, 1, 0
46002, 1298564, 1, 0
47045, 1369514, 1, 0
48017, 1406462, 1, 0
49000, 1479885, 1, 0
50001, 1550007, 1, 0
51019, 1629303, 1, 0
52037, 1660391, 1, 0
53000, 1640110, 1, 0
54006, 1848686, 1, 0
55011, 1664844, 1, 0
56032, 1725041, 1, 0
57048, 2045987, 1, 0
58000, 1828190, 1, 0
59000, 2117865, 1, 0
60018, 2073643, 1, 0
1000, 497144, 1, 0
2000, 1219233, 1, 0
3002, 1173342, 1, 0
4000, 1238294, 1, 0
5000, 1212335, 1, 0
6001, 1218854, 1, 0
7000, 1186178, 1, 0
8000, 1057893, 1, 0
9000, 347230, 1, 0
10000, 356801, 1, 0
11000, 406454, 1, 0
12000, 374807, 1, 0
13000, 386588, 1, 0
14000, 381047, 1, 0
15000, 387741, 1, 0
16000, 376530, 1, 0
17000, 380122, 1, 0
18000, 368991, 1, 0
19000, 383271, 1, 0
20000, 385904, 1, 0
21000, 404302, 1, 0
22000, 417332, 1, 0
23000, 426254, 1, 0
24000, 456373, 1, 0
25000, 509328, 1, 0
26015, 1006288, 1, 0
27005, 1111622, 1, 0
28000, 1063702, 1, 0
29004, 1074102, 1, 0
30000, 1038316, 1, 0
31027, 1075305, 1, 0
32000, 1106115, 1, 0
33000, 805735, 1, 0
34000, 807458, 1, 0
35024, 787161, 1, 0
36000, 917290, 1, 0
37000, 708499, 1, 0
38019, 932791, 1, 0
39034, 872294, 1, 0
40027, 979689, 1, 0
41011, 925412, 1, 0
42000, 951048, 1, 0
43000, 1182936, 1, 0
44042, 1042791, 1, 0
45012, 1260061, 1, 0
46000, 1273109, 1, 0
47038, 1446260, 1, 0
48009, 1391280, 1, 0
49049, 1592103, 1, 0
50000, 1351020, 1, 0
51011, 1506533, 1, 0
52031, 1581028, 1, 0
53000, 1694122, 1, 0
54000, 1875549, 1, 0
55004, 1632015, 1, 0
56024, 1857720, 1, 0
57042, 2074717, 1, 0
58052, 2174019, 1, 0
59000, 2291744, 1, 0
60012, 2333004, 1, 0
1000, 534172, 1, 0
2000, 1207378, 1, 0
3000, 1224671, 1, 0
4001, 1032881, 1, 0
5000, 1212609, 1, 0
6000, 1079928, 1, 0
7000, 1164644, 1, 0
8000, 1140153, 1, 0
9000, 466359, 1, 0
10000, 389160, 1, 0
11000, 393478, 1, 0
12000, 336560, 1, 0
13000, 388293, 1, 0
14000, 390567, 1, 0
15000, 368999, 1, 0
16000, 395178, 1, 0
17000, 363675, 1, 0
18000, 371487, 1, 0
19000, 376167, 1, 0
20000, 384683, 1, 0
21000, 391311, 1, 0
22000, 418748, 1, 0
23000, 437427, 1, 0
24000, 457175, 1, 0
25000, 508076, 1, 0
26020, 999550, 1, 0
27010, 1009103, 1, 0
28000, 970220, 1, 0
29009, 1074496, 1, 0
30000, 1035051, 1, 0
31032, 1153023, 1, 0
32000, 1137060, 1, 0
33000, 860487, 1, 0
34005, 782123, 1, 0
35029, 819558, 1, 0
36000, 883401, 1, 0
37000, 900939, 1, 0
38025, 933429, 1, 0
39040, 901997, 1, 0
40032, 933010, 1, 0
41018, 984884, 1, 0
42001, 1069395, 1, 0
43000, 1072088, 1, 0
44000, 1128631, 1, 0
45018, 1251272, 1, 0
46000, 1131265, 1, 0
47043, 1329680, 1, 0
48014, 1391733, 1, 0
49000, 1453866, 1, 0
50000, 1543883, 1, 0
51017, 1494167, 1, 0
52036, 1711140, 1, 0
53000, 1661780, 1, 0
54007, 1654375, 1, 0
55010, 1915438, 1, 0
56031, 1832064, 1, 0
57046, 2079642, 1, 0
58000, 2147002, 1, 0
59000, 2410603, 1, 0
60015, 2061633, 1, 0
1000, 636348, 1, 0
2000, 1206299, 1, 0
3000, 1210028, 1, 0
4000, 1207281, 1, 0
5003, 1170560, 1, 0
6000, 1158649, 1, 0
7000, 1126197, 1, 0
8000, 1111618, 1, 0
9000, 492599, 1, 0
10000, 396182, 1, 0
11000, 389908, 1, 0
12000, 423534, 1, 0
13000, 370379, 1, 0
14000, 392052, 1, 0
15000, 363718, 1, 0
16000, 377594, 1, 0
17000, 366960, 1, 0
18000, 386766, 1, 0
19000, 371388, 1, 0
20000, 383716, 1, 0
21000, 380885, 1, 0
22000, 416686, 1, 0
23000, 428371, 1, 0
24000, 456075, 1, 0
25000, 509026, 1, 0
26009, 1033362, 1, 0
27000, 1154979, 1, 0
28000, 977867, 1, 0
29001, 1076813, 1, 0
30001, 1013933, 1, 0
31021, 1091925, 1, 0
32000, 1045369, 1, 0
33000, 796235, 1, 0
34000, 782942, 1, 0
35018, 745867, 1, 0
36000, 831476, 1, 0
37000, 927848, 1, 0
38013, 943853, 1, 0
39028, 942236, 1, 0
40021, 922362, 1, 0
41006, 1034493, 1, 0
42000, 890872, 1, 0
43000, 1098553, 1, 0
44036, 1272510, 1, 0
45007, 1277561, 1, 0
46000, 1449462, 1, 0
47032, 1289630, 1, 0
48003, 1557896, 1, 0
49044, 1468238, 1, 0
50000, 1551780, 1, 0
51005, 1442296, 1, 0
52024, 1662659, 1, 0
53000, 1587920, 1, 0
54000, 1707303, 1, 0
55000, 1553398, 1, 0
56018, 2109955, 1, 0
57035, 1865306, 1, 0
58048, 2196493, 1, 0
59054, 2641082, 1, 0
60004, 2339432, 1, 0
1000, 528301, 1, 0
2000, 1103303, 1, 0
3004, 1225308, 1, 0
4000, 1225402, 1, 0
5001, 1329323, 1, 0
6000, 1050600, 1, 0
7000, 1216692, 1, 0
8002, 1102100, 1, 0
9000, 476086, 1, 0
10000, 364768, 1, 0
11000, 319450, 1, 0
12000, 393957, 1, 0
13000, 380620, 1, 0
14000, 355517, 1, 0
15000, 367279, 1, 0
16000, 366038, 1, 0
17000, 372650, 1, 0
18000, 377972, 1, 0
19000, 384070, 1, 0
20000, 381505, 1, 0
21000, 397391, 1, 0
22000, 411261, 1, 0
23000, 429090, 1, 0
24000, 454908, 1, 0
25000, 507292, 1, 0
26017, 984241, 1, 0
27008, 1084865, 1, 0
28000, 1013205, 1, 0
29006, 1021103, 1, 0
30000, 1034912, 1, 0
31029, 1110901, 1, 0
32000, 1100248, 1, 0
33000, 862333, 1, 0
34002, 746062, 1, 0
35026, 739786, 1, 0
36000, 858256, 1, 0
37000, 930949, 1, 0
38021, 900108, 1, 0
39036, 835824, 1, 0
40027, 1008223, 1, 0
41013, 903405, 1, 0
42000, 1043760, 1, 0
43000, 943777, 1, 0
44044, 1235219, 1, 0
45015, 1263457, 1, 0
46000, 1263061, 1, 0
47039, 1330191, 1, 0
48011, 1457217, 1, 0
49000, 1404043, 1, 0
50001, 1722401, 1, 0
51012, 1566224, 1, 0
52032, 1519302, 1, 0
53000, 1749023, 1, 0
54003, 1732124, 1, 0
55006, 1892738, 1, 0
56026, 1764246, 1, 0
57043, 1994043, 1, 0
58054, 2269593, 1, 0
59000, 2148336, 1, 0
60012, 2292786, 1, 0
1000, 527262, 1, 0
2000, 1286653, 1, 0
3004, 1165116, 1, 0
4000, 1272705, 1, 0
5000, 1179959, 1, 0
6001, 1103885, 1, 0
7000, 1082228, 1, 0
8001, 1121848, 1, 0
9000, 569317, 1, 0
10000, 341942, 1, 0
11000, 344106, 1, 0
12000, 403509, 1, 0
13000, 387492, 1, 0
14000, 385670, 1, 0
15000, 365648, 1, 0
16000, 375505, 1, 0
17000, 365431, 1, 0
18000, 380143, 1, 0
19000, 352276, 1, 0
20000, 387643, 1, 0
21000, 398582, 1, 0
22000, 406742, 1, 0
23000, 425337, 1, 0
24000, 454432, 1, 0
25000, 506493, 1, 0
26019, 1035038, 1, 0
27009, 1123234, 1, 0
28000, 981522, 1, 0
29007, 1044648, 1, 0
30000, 1011951, 1, 0
31031, 1094920, 1, 0
32001, 1126812, 1, 0
33000, 915166, 1, 0
34004, 801716, 1, 0
35027, 827930, 1, 0
36000, 853721, 1, 0
37000, 803529, 1, 0
38023, 907381, 1, 0
39037, 983046, 1, 0
40030, 855506, 1, 0
41015, 953243, 1, 0
42001, 1068964, 1, 0
43000, 1109759, 1, 0
44045, 1187694, 1, 0
45017, 1208849, 1, 0
46000, 1330941, 1, 0
47041, 1366990, 1, 0
48013, 1286959, 1, 0
49000, 1392152, 1, 0
50000, 1625371, 1, 0
51015, 1571140, 1, 0
52035, 1643118, 1, 0
53000, 1633223, 1, 0
54003, 1619562, 1, 0
55008, 1746713, 1, 0
56029, 1950630, 1, 0
57045, 2169713, 1, 0
58000, 1970837, 1, 0
59000, 2374455, 1, 0
60014, 2134319, 1, 0
1000, 615476, 1, 0
2000, 1288485, 1, 0
3001, 1129024, 1, 0
4000, 1141931, 1, 0
5000, 1207956, 1, 0
6001, 1166182, 1, 0
7000, 1196466, 1, 0
8000, 1206023, 1, 0
9000, 481121, 1, 0
10000, 399557, 1, 0
11000, 417851, 1, 0
12000, 352330, 1, 0
13000, 396760, 1, 0
14000, 381507, 1, 0
15000, 380893, 1, 0
16000, 375006, 1, 0
17000, 373014, 1, 0
18000, 377374, 1, 0
19000, 368105, 1, 0
20000, 375869, 1, 0
21000, 404254, 1, 0
22000, 399054, 1, 0
23000, 432616, 1, 0
24000, 443320, 1, 0
25000, 499075, 1, 0
26023, 985001, 1, 0
27012, 1115953, 1, 0
28000, 965195, 1, 0
29012, 1053879, 1, 0
30000, 1031683, 1, 0
31034, 1042036, 1, 0
32000, 1095226, 1, 0
33000, 834020, 1, 0
34008, 918979, 1, 0
35031, 848600, 1, 0
36000, 862046, 1, 0
37003, 911548, 1, 0
38027, 878031, 1, 0
39000, 860040, 1, 0
40033, 927728, 1, 0
41019, 976975, 1, 0
42000, 1001688, 1, 0
43019, 1099227, 1, 0
44000, 1138555, 1, 0
45019, 1409023, 1, 0
46002, 1285659, 1, 0
47044, 1319898, 1, 0
48016, 1397043, 1, 0
49000, 1510588, 1, 0
50000, 1600679, 1, 0
51018, 1505754, 1, 0
52037, 1694917, 1, 0
53000, 1461628, 1, 0
54008, 1585321, 1, 0
55011, 1878022, 1, 0
56032, 2087770, 1, 0
57048, 2057359, 1, 0
58000, 1837554, 1, 0
59001, 1904638, 1, 0
60018, 2110767, 1, 0
1001, 577267, 1, 0
2000, 1172792, 1, 0
3002, 1161952, 1, 0
4000, 1181339, 1, 0
5000, 1298994, 1, 0
6001, 1128678, 1, 0
7000, 1302336, 1, 0
8000, 1082380, 1, 0
9000, 564712, 1, 0
10000, 412850, 1, 0
11000, 366570, 1, 0
12000, 359193, 1, 0
13000, 369130, 1, 0
14000, 370572, 1, 0
15000, 407244, 1, 0
16000, 369220, 1, 0
17000, 372196, 1, 0
18000, 361520, 1, 0
19000, 347038, 1, 0
20000, 377778, 1, 0
21000, 400361, 1, 0
22000, 393917, 1, 0
23000, 436074, 1, 0
24000, 448382, 1, 0
25000, 512574, 1, 0
26013, 968297, 1, 0
27005, 1053785, 1, 0
28000, 991850, 1, 0
29003, 1011369, 1, 0
30000, 1022053, 1, 0
31025, 1133747, 1, 0
32000, 1115928, 1, 0
33000, 984911, 1, 0
34000, 829084, 1, 0
35022, 787341, 1, 0
36000, 807880, 1, 0
37000, 831897, 1, 0
38018, 868962, 1, 0
39032, 898477, 1, 0
40025, 1002080, 1, 0
41010, 1056131, 1, 0
42000, 1064647, 1, 0
43000, 1091618, 1, 0
44040, 1062976, 1, 0
45012, 1257246, 1, 0
46000, 1490766, 1, 0
47035, 1437434, 1, 0
48008, 1389483, 1, 0
49047, 1536327, 1, 0
50000, 1417252, 1, 0
51009, 1423973, 1, 0
52029, 1665560, 1, 0
53000, 1718448, 1, 0
54000, 1873861, 1, 0
55006, 1894726, 1, 0
56022, 2062094, 1, 0
57039, 2131269, 1, 0
58051, 1868533, 1, 0
59000, 2054287, 1, 0
60008, 2302070, 1, 0
1001, 561848, 1, 0
2000, 1206841, 1, 0
3001, 1179937, 1, 0
4000, 1184465, 1, 0
5000, 1296019, 1, 0
6000, 1168613, 1, 0
7000, 1063969, 1, 0
8000, 1117026, 1, 0
9000, 350106, 1, 0
10000, 337994, 1, 0
11000, 304560, 1, 0
12000, 346076, 1, 0
13000, 363309, 1, 0
14000, 383209, 1, 0
15000, 385295, 1, 0
16000, 378517, 1, 0
17000, 370967, 1, 0
18000, 363552, 1, 0
19000, 371819, 1, 0
20000, 379724, 1, 0
21000, 391701, 1, 0
22000, 408306, 1, 0
23000, 441012, 1, 0
24000, 458626, 1, 0
25000, 512370, 1, 0
26018, 965786, 1, 0
27008, 1039433, 1, 0
28001, 981903, 1, 0
29007, 1076166, 1, 0
30000, 1048283, 1, 0
31031, 1021461, 1, 0
32001, 1101034, 1, 0
33000, 857463, 1, 0
34003, 823478, 1, 0
35026, 810193, 1, 0
36000, 795813, 1, 0
37000, 856353, 1, 0
38022, 968516, 1, 0
39036, 890060, 1, 0
40029, 992530, 1, 0
41015, 945516, 1, 0
42000, 977974, 1, 0
43000, 1031723, 1, 0
44045, 1138294, 1, 0
45016, 1295446, 1, 0
46000, 1499914, 1, 0
47041, 1261209, 1, 0
48013, 1387647, 1, 0
49000, 1515413, 1, 0
50000, 1647335, 1, 0
51013, 1547138, 1, 0
52033, 1586520, 1, 0
53000, 1781133, 1, 0
54005, 1782272, 1, 0
55007, 1578815, 1, 0
56027, 1745997, 1, 0
57045, 1959608, 1, 0
58000, 1702246, 1, 0
59000, 2206602, 1, 0
60013, 2306177, 1, 0
1000, 512503, 1, 0
2000, 1339048, 1, 0
3001, 1123605, 1, 0
4000, 1150706, 1, 0
5000, 1172032, 1, 0
6001, 1229217, 1, 0
7000, 1123060, 1, 0
8000, 1114643, 1, 0
9000, 475000, 1, 0
10000, 393416, 1, 0
11000, 335384, 1, 0
12000, 337057, 1, 0
13000, 382459, 1, 0
14000, 392000, 1, 0
15000, 373476, 1, 0
16000, 365136, 1, 0
17000, 386937, 1, 0
18000, 357235, 1, 0
19000, 379611, 1, 0
20000, 385875, 1, 0
21000, 395621, 1, 0
22000, 413284, 1, 0
23000, 422371, 1, 0
24000, 447825, 1, 0
25000, 514933, 1, 0
26024, 996437, 1, 0
27013, 1027392, 1, 0
28000, 1023876, 1, 0
29009, 1029258, 1, 0
30000, 1044872, 1, 0
31033, 1101314, 1, 0
32000, 1125035, 1, 0
33000, 938404, 1, 0
34005, 873456, 1, 0
35029, 786943, 1, 0
36000, 862830, 1, 0
37000, 873784, 1, 0
38025, 920946, 1, 0
39039, 874681, 1, 0
40032, 951378, 1, 0
41017, 995103, 1, 0
42000, 1003378, 1, 0
43000, 1014977, 1, 0
44000, 991357, 1, 0
45018, 1430586, 1, 0
46000, 1375742, 1, 0
47043, 1208161, 1, 0
48015, 1324773, 1, 0
49000, 1375754, 1, 0
50000, 1548752, 1, 0
51016, 1647795, 1, 0
52035, 1507435, 1, 0
53000, 1747216, 1, 0
54005, 1679325, 1, 0
55010, 1822739, 1, 0
56030, 1661171, 1, 0
57047, 1940601, 1, 0
58000, 2067019, 1, 0
59000, 2268290, 1, 0
60015, 2195729, 1, 0
1000, 543848, 1, 0
2000, 1205071, 1, 0
3000, 1187765, 1, 0
4001, 1270431, 1, 0
5001, 1193392, 1, 0
6000, 1196673, 1, 0
7001, 1187627, 1, 0
8001, 1141170, 1, 0
9000, 482750, 1, 0
10000, 395693, 1, 0
11000, 403873, 1, 0
12000, 389377, 1, 0
13000, 364232, 1, 0
14000, 366573, 1, 0
15000, 374291, 1, 0
16000, 373504, 1, 0
17000, 362833, 1, 0
18000, 361669, 1, 0
19000, 372437, 1, 0
20000, 376475, 1, 0
21000, 384870, 1, 0
22000, 407427, 1, 0
23000, 424523, 1, 0
24000, 460153, 1, 0
25000, 503222, 1, 0
26021, 953104, 1, 0
27010, 999911, 1, 0
28000, 1033368, 1, 0
29010, 1055403, 1, 0
30000, 1055638, 1, 0
31032, 1072102, 1, 0
32000, 1055803, 1, 0
33000, 923495, 1, 0
34005, 867508, 1, 0
35029, 816053, 1, 0
36000, 837267, 1, 0
37001, 832583, 1, 0
38024, 877666, 1, 0
39038, 881229, 1, 0
40031, 965565, 1, 0
41016, 887463, 1, 0
42000, 1066180, 1, 0
43000, 1086192, 1, 0
44046, 1178712, 1, 0
45018, 1318639, 1, 0
46000, 1431688, 1, 0
47042, 1608121, 1, 0
48015, 1476103, 1, 0
49000, 1237675, 1, 0
50000, 1648953, 1, 0
51017, 1609757, 1, 0
52035, 1619487, 1, 0
53000, 1614022, 1, 0
54006, 1840277, 1, 0
55013, 1817570, 1, 0
56030, 1758831, 1, 0
57046, 2165257, 1, 0
58001, 1948956, 1, 0
59000, 2413506, 1, 0
60016, 2088884, 1, 0
1001, 493696, 1, 0
2001, 1342720, 1, 0
3000, 1187564, 1, 0
4000, 1261191, 1, 0
5000, 1164101, 1, 0
6000, 1151077, 1, 0
7000, 1144749, 1, 0
8000, 1277861, 1, 0
9000, 550618, 1, 0
10000, 386093, 1, 0
11000, 345299, 1, 0
12000, 360160, 1, 0
13000, 320989, 1, 0
14000, 372698, 1, 0
15000, 402169, 1, 0
16000, 361526, 1, 0
17000, 373154, 1, 0
18000, 368661, 1, 0
19000, 383099, 1, 0
20000, 377783, 1, 0
21000, 400461, 1, 0
22000, 412692, 1, 0
23000, 434260, 1, 0
24000, 469353, 1, 0
25000, 512883, 1, 0
26019, 935613, 1, 0
27009, 984672, 1, 0
28000, 996135, 1, 0
29008, 1066366, 1, 0
30000, 1078087, 1, 0
31031, 1116677, 1, 0
32000, 1084782, 1, 0
33000, 858330, 1, 0
34004, 758549, 1, 0
35027, 766519, 1, 0
36000, 795199, 1, 0
37000, 938756, 1, 0
38023, 883334, 1, 0
39037, 937334, 1, 0
40030, 997786, 1, 0
41019, 955708, 1, 0
42000, 972480, 1, 0
43000, 1014152, 1, 0
44045, 1195808, 1, 0
45017, 1182867, 1, 0
46000, 1388004, 1, 0
47041, 1350017, 1, 0
48012, 1357947, 1, 0
49000, 1356725, 1, 0
50001, 1553655, 1, 0
51014, 1570116, 1, 0
52034, 1596562, 1, 0
53000, 1702026, 1, 0
54005, 1939295, 1, 0
55012, 2035084, 1, 0
56027, 2141832, 1, 0
57046, 2055861, 1, 0
58000, 1891943, 1, 0
59000, 2291648, 1, 0
60014, 2421246, 1, 0
1000, 505980, 1, 0
2000, 1340684, 1, 0
3000, 1119748, 1, 0
4000, 1129872, 1, 0
5002, 1125385, 1, 0
6000, 1148249, 1, 0
7000, 1099458, 1, 0
8000, 1158370, 1, 0
9000, 342860, 1, 0
10000, 338532, 1, 0
11000, 381911, 1, 0
12000, 366500, 1, 0
13000, 386558, 1, 0
14000, 376499, 1, 0
15000, 379351, 1, 0
16000, 353876, 1, 0
17000, 369560, 1, 0
18000, 382334, 1, 0
19000, 382428, 1, 0
20000, 383998, 1, 0
21000, 393375, 1, 0
22000, 422040, 1, 0
23000, 442927, 1, 0
24000, 463798, 1, 0
25000, 517378, 1, 0
26021, 1001738, 1, 0
27010, 1113915, 1, 0
28000, 1030895, 1, 0
29004, 1070042, 1, 0
30000, 1033541, 1, 0
31028, 1047137, 1, 0
32000, 1131383, 1, 0
33000, 789886, 1, 0
34002, 804234, 1, 0
35025, 804464, 1, 0
36000, 794028, 1, 0
37000, 918547, 1, 0
38021, 900897, 1, 0
39036, 896643, 1, 0
40028, 1102085, 1, 0
41012, 1033876, 1, 0
42001, 1047827, 1, 0
43000, 1150955, 1, 0
44044, 1239180, 1, 0
45015, 1275390, 1, 0
46000, 1350092, 1, 0
47040, 1335969, 1, 0
48011, 1467534, 1, 0
49000, 1435776, 1, 0
50000, 1634995, 1, 0
51012, 1547679, 1, 0
52031, 1638856, 1, 0
53000, 1837688, 1, 0
54002, 1686365, 1, 0
55009, 1768225, 1, 0
56026, 1984376, 1, 0
57042, 2166029, 1, 0
58053, 1874685, 1, 0
59000, 1808300, 1, 0
60012, 2114180, 1, 0
1000, 583496, 1, 0
2001, 1214168, 1, 0
3001, 1159389, 1, 0
4000, 1152344, 1, 0
5006, 1092041, 1, 0
6001, 1196007, 1, 0
7000, 1128775, 1, 0
8000, 1146857, 1, 0
9000, 479198, 1, 0
10000, 358729, 1, 0
11000, 377575, 1, 0
12000, 353333, 1, 0
13000, 400107, 1, 0
14000, 401354, 1, 0
15000, 372094, 1, 0
16000, 378151, 1, 0
17000, 376791, 1, 0
18000, 382976, 1, 0
19000, 369901, 1, 0
20000, 382435, 1, 0
21000, 398060, 1, 0
22000, 408701, 1, 0
23000, 421378, 1, 0
24000, 460586, 1, 0
25000, 508044, 1, 0
26018, 958389, 1, 0
27007, 1132628, 1, 0
28000, 965415, 1, 0
29005, 1089542, 1, 0
30000, 1025424, 1, 0
31030, 1094376, 1, 0
32000, 1099636, 1, 0
33000, 908707, 1, 0
34005, 852718, 1, 0
35025, 754865, 1, 0
36000, 814931, 1, 0
37000, 863204, 1, 0
38021, 967614, 1, 0
39036, 891950, 1, 0
40028, 854975, 1, 0
41014, 1033024, 1, 0
42001, 1046104, 1, 0
43000, 1113621, 1, 0
44044, 1170816, 1, 0
45016, 1218655, 1, 0
46000, 1365325, 1, 0
47039, 1213541, 1, 0
48011, 1356782, 1, 0
49000, 1475540, 1, 0
50000, 1460266, 1, 0
51013, 1594327, 1, 0
52034, 1597884, 1, 0
53001, 1715375, 1, 0
54002, 1848901, 1, 0
55010, 1940349, 1, 0
56026, 2415992, 1, 0
57044, 2082898, 1, 0
58000, 2077284, 1, 0
59000, 2637846, 1, 0
60012, 2137134, 1, 0
1000, 487195, 1, 0
2000, 1269655, 1, 0
3000, 1300659, 1, 0
4000, 1152427, 1, 0
5004, 1126867, 1, 0
6001, 1218229, 1, 0
7000, 1148385, 1, 0
8000, 1112978, 1, 0
9000, 469868, 1, 0
10000, 358847, 1, 0
11000, 382862, 1, 0
12000, 399279, 1, 0
13000, 373759, 1, 0
14000, 348567, 1, 0
15000, 371096, 1, 0
16000, 360113, 1, 0
17000, 368164, 1, 0
18000, 375047, 1, 0
19000, 372667, 1, 0
20000, 383951, 1, 0
21000, 391385, 1, 0
22000, 418362, 1, 0
23000, 440005, 1, 0
24000, 442610, 1, 0
25000, 510118, 1, 0
26018, 1069826, 1, 0
27006, 1188109, 1, 0
28000, 949281, 1, 0
29005, 1030575, 1, 0
30000, 1021652, 1, 0
31028, 1137815, 1, 0
32000, 1084278, 1, 0
33000, 894192, 1, 0
34002, 851561, 1, 0
35025, 833115, 1, 0
36000, 845841, 1, 0
37000, 896427, 1, 0
38020, 881265, 1, 0
39035, 886650, 1, 0
40028, 943012, 1, 0
41012, 1031976, 1, 0
42000, 949180, 1, 0
43000, 1062400, 1, 0
44043, 1019857, 1, 0
45014, 1290938, 1, 0
46000, 1376062, 1, 0
47038, 1297281, 1, 0
48011, 1436287, 1, 0
49000, 1466171, 1, 0
50000, 1625499, 1, 0
51011, 1501814, 1, 0
52031, 1582373, 1, 0
53000, 1705453, 1, 0
54003, 1916371, 1, 0
55008, 1780327, 1, 0
56026, 2182489, 1, 0
57043, 1978347, 1, 0
58055, 2096586, 1, 0
59000, 2412120, 1, 0
60012, 2158975, 1, 0
1001, 590898, 1, 0
2000, 1182316, 1, 0
3000, 1184762, 1, 0
4001, 1421487, 1, 0
5001, 1159465, 1, 0
6000, 1144420, 1, 0
7000, 1216996, 1, 0
8001, 1071629, 1, 0
9000, 571464, 1, 0
10000, 414333, 1, 0
11000, 386300, 1, 0
12000, 358998, 1, 0
13000, 367422, 1, 0
14000, 364076, 1, 0
15000, 376100, 1, 0
16000, 376933, 1, 0
17000, 367230, 1, 0
18000, 360496, 1, 0
19000, 368604, 1, 0
20000, 386308, 1, 0
21000, 393775, 1, 0
22000, 396477, 1, 0
23000, 432693, 1, 0
24000, 449287, 1, 0
25000, 516035, 1, 0
26008, 1041989, 1, 0
27005, 1143512, 1, 0
28000, 957774, 1, 0
29002, 1023874, 1, 0
30000, 1033652, 1, 0
31019, 1138395, 1, 0
32000, 1104558, 1, 0
33000, 852536, 1, 0
34000, 812464, 1, 0
35017, 741686, 1, 0
36000, 832381, 1, 0
37000, 858269, 1, 0
38012, 822922, 1, 0
39026, 975131, 1, 0
40019, 947422, 1, 0
41005, 978194, 1, 0
42000, 1030877, 1, 0
43000, 1080028, 1, 0
44034, 1168571, 1, 0
45005, 1195759, 1, 0
46000, 1309067, 1, 0
47030, 1401562, 1, 0
48001, 1401588, 1, 0
49042, 1561182, 1, 0
50000, 1492215, 1, 0
51003, 1535759, 1, 0
52023, 1613360, 1, 0
53000, 1687872, 1, 0
54001, 1843997, 1, 0
55000, 2067276, 1, 0
56017, 1839473, 1, 0
57034, 2112548, 1, 0
58045, 1914691, 1, 0
59054, 2349681, 1, 0
60003, 1900639, 1, 0
1000, 582885, 1, 0
2001, 1306625, 1, 0
3000, 1017239, 1, 0
4001, 1129098, 1, 0
5001, 1148596, 1, 0
6001, 1045642, 1, 0
7001, 1107074, 1, 0
8001, 1220983, 1, 0
9000, 471520, 1, 0
10000, 369009, 1, 0
11000, 317341, 1, 0
12000, 370976, 1, 0
13000, 377075, 1, 0
14000, 356923, 1, 0
15000, 386005, 1, 0
16000, 348338, 1, 0
17000, 381791, 1, 0
18000, 379101, 1, 0
19000, 368309, 1, 0
20000, 367076, 1, 0
21000, 388835, 1, 0
22000, 396424, 1, 0
23000, 428509, 1, 0
24000, 444688, 1, 0
25000, 511158, 1, 0
26015, 1015659, 1, 0
27005, 1020233, 1, 0
28000, 961929, 1, 0
29003, 1041196, 1, 0
30000, 1044799, 1, 0
31027, 1093748, 1, 0
32000, 1055919, 1, 0
33000, 857634, 1, 0
34001, 808814, 1, 0
35024, 774396, 1, 0
36000, 839731, 1, 0
37000, 859446, 1, 0
38019, 965265, 1, 0
39034, 877374, 1, 0
40026, 938372, 1, 0
41011, 985155, 1, 0
42000, 1028065, 1, 0
43000, 976596, 1, 0
44042, 1242533, 1, 0
45014, 1284908, 1, 0
46000, 1441329, 1, 0
47038, 1442319, 1, 0
48009, 1408120, 1, 0
49049, 1391272, 1, 0
50000, 1378364, 1, 0
51011, 1347142, 1, 0
52030, 1717529, 1, 0
53000, 1672010, 1, 0
54001, 1766241, 1, 0
55008, 1866823, 1, 0
56025, 2147819, 1, 0
57042, 1935792, 1, 0
58052, 2165746, 1, 0
59000, 1916992, 1, 0
60010, 1919822, 1, 0
1000, 496946, 1, 0
2000, 1289792, 1, 0
3000, 1229805, 1, 0
4000, 1170242, 1, 0
5000, 1079475, 1, 0
6001, 1106922, 1, 0
7001, 1205629, 1, 0
8000, 1117693, 1, 0
9000, 561820, 1, 0
10000, 374608, 1, 0
11000, 341998, 1, 0
12000, 348684, 1, 0
13000, 378353, 1, 0
14000, 348224, 1, 0
15000, 410635, 1, 0
16000, 375250, 1, 0
17000, 359007, 1, 0
18000, 359122, 1, 0
19000, 368983, 1, 0
20000, 366412, 1, 0
21000, 399508, 1, 0
22000, 410997, 1, 0
23000, 431042, 1, 0
24000, 455584, 1, 0
25000, 497895, 1, 0
26025, 1046640, 1, 0
27013, 1098766, 1, 0
28000, 1001270, 1, 0
29012, 1035261, 1, 0
30000, 1026089, 1, 0
31033, 1010135, 1, 0
32001, 1120734, 1, 0
33000, 840656, 1, 0
34007, 756368, 1, 0
35030, 812977, 1, 0
36000, 810932, 1, 0
37004, 1016769, 1, 0
38027, 865896, 1, 0
39000, 853893, 1, 0
40033, 968791, 1, 0
41019, 922020, 1, 0
42000, 1014908, 1, 0
43000, 1183750, 1, 0
44000, 1200601, 1, 0
45020, 1344900, 1, 0
46001, 1168532, 1, 0
47044, 1350217, 1, 0
48016, 1516011, 1, 0
49000, 1426363, 1, 0
50000, 1584931, 1, 0
51018, 1632633, 1, 0
52037, 1470146, 1, 0
53000, 1705259, 1, 0
54008, 1764937, 1, 0
55011, 1939031, 1, 0
56032, 1970997, 1, 0
57049, 1903475, 1, 0
58000, 2140404, 1, 0
59000, 2248692, 1, 0
60017, 2157353, 1, 0
1001, 625174, 1, 0
2000, 1308625, 1, 0
3000, 1134710, 1, 0
4000, 1163373, 1, 0
5000, 1146271, 1, 0
6000, 1022127, 1, 0
7000, 1132533, 1, 0
8000, 1072067, 1, 0
9000, 483489, 1, 0
10000, 375290, 1, 0
11000, 400770, 1, 0
12000, 368314, 1, 0
13000, 386464, 1, 0
14000, 357484, 1, 0
15000, 360431, 1, 0
16000, 359698, 1, 0
17000, 354589, 1, 0
18000, 349929, 1, 0
19000, 367547, 1, 0
20000, 379812, 1, 0
21000, 385654, 1, 0
22000, 409862, 1, 0
23000, 427462, 1, 0
24000, 454716, 1, 0
25000, 511030, 1, 0
26000, 959351, 1, 0
27001, 1026208, 1, 0
28000, 980626, 1, 0
29000, 1049363, 1, 0
30000, 1012830, 1, 0
31010, 1077095, 1, 0
32000, 1073236, 1, 0
33034, 910240, 1, 0
34000, 878419, 1, 0
35007, 778508, 1, 0
36000, 890398, 1, 0
37000, 873728, 1, 0
38003, 801475, 1, 0
39018, 944819, 1, 0
40009, 956390, 1, 0
41000, 913278, 1, 0
42000, 928012, 1, 0
43000, 1100618, 1, 0
44026, 1223425, 1, 0
45000, 1395677, 1, 0
46000, 1216936, 1, 0
47021, 1243414, 1, 0
48001, 1449618, 1, 0
49033, 1501183, 1, 0
50001, 1372662, 1, 0
51001, 1815456, 1, 0
52013, 1621167, 1, 0
53047, 1598587, 1, 0
54000, 1788522, 1, 0
55000, 1784824, 1, 0
56009, 1833966, 1, 0
57025, 2113576, 1, 0
58036, 2175692, 1, 0
59043, 2169514, 1, 0
60022, 1904220, 1, 0
1000, 562673, 1, 0
2000, 1317427, 1, 0
3000, 1234112, 1, 0
4000, 1135526, 1, 0
5000, 1283738, 1, 0
6000, 1204000, 1, 0
7000, 1163770, 1, 0
8001, 1112583, 1, 0
9000, 496519, 1, 0
10000, 298523, 1, 0
11000, 388159, 1, 0
12000, 364869, 1, 0
13000, 403942, 1, 0
14000, 404615, 1, 0
15000, 366093, 1, 0
16000, 376318, 1, 0
17000, 370126, 1, 0
18000, 370692, 1, 0
19000, 359068, 1, 0
20000, 370848, 1, 0
21000, 400176, 1, 0
22000, 424967, 1, 0
23000, 441756, 1, 0
24000, 454043, 1, 0
25000, 496493, 1, 0
26001, 1012911, 1, 0
27000, 1161495, 1, 0
28000, 943590, 1, 0
29000, 1105338, 1, 0
30000, 1036280, 1, 0
31011, 1105376, 1, 0
32000, 1079952, 1, 0
33033, 801336, 1, 0
34000, 783550, 1, 0
35007, 812343, 1, 0
36000, 846960, 1, 0
37000, 798867, 1, 0
38002, 937670, 1, 0
39017, 999538, 1, 0
40010, 900001, 1, 0
41000, 1018144, 1, 0
42000, 1057731, 1, 0
43000, 1100084, 1, 0
44024, 1257659, 1, 0
45000, 1202048, 1, 0
46000, 1304181, 1, 0
47021, 1473570, 1, 0
48000, 1415051, 1, 0
49032, 1462318, 1, 0
50000, 1524308, 1, 0
51000, 1745179, 1, 0
52013, 1644848, 1, 0
53046, 1713615, 1, 0
54000, 1875377, 1, 0
55001, 1785733, 1, 0
56007, 1821932, 1, 0
57024, 1866215, 1, 0
58038, 1798744, 1, 0
59043, 2307238, 1, 0
60023, 1948173, 1, 0
1000, 582678, 1, 0
2000, 1391608, 1, 0
3000, 1163261, 1, 0
4000, 1036317, 1, 0
5000, 1242445, 1, 0
6000, 1172402, 1, 0
7000, 1036466, 1, 0
8000, 1077490, 1, 0
9000, 551867, 1, 0
10000, 415626, 1, 0
11000, 339946, 1, 0
12000, 367699, 1, 0
13000, 347073, 1, 0
14000, 345566, 1, 0
15000, 372732, 1, 0
16000, 377571, 1, 0
17000, 359756, 1, 0
18000, 356345, 1, 0
19000, 379879, 1, 0
20000, 379381, 1, 0
21000, 396034, 1, 0
22000, 414139, 1, 0
23000, 436776, 1, 0
24000, 454934, 1, 0
25000, 498832, 1, 0
26014, 960683, 1, 0
27007, 1106068, 1, 0
28000, 1022909, 1, 0
29005, 1043211, 1, 0
30000, 1053011, 1, 0
31029, 1042762, 1, 0
32000, 1140697, 1, 0
33000, 878503, 1, 0
34000, 750108, 1, 0
35024, 810128, 1, 0
36000, 845978, 1, 0
37000, 858791, 1, 0
38020, 959503, 1, 0
39034, 884259, 1, 0
40027, 844326, 1, 0
41012, 887049, 1, 0
42000, 975804, 1, 0
43000, 1012793, 1, 0
44041, 1305342, 1, 0
45013, 1269340, 1, 0
46000, 1457580, 1, 0
47037, 1448987, 1, 0
48010, 1432256, 1, 0
49050, 1387203, 1, 0
50000, 1332645, 1, 0
51011, 1579474, 1, 0
52030, 1500211, 1, 0
53000, 1544046, 1, 0
54000, 1872965, 1, 0
55004, 1858669, 1, 0
56024, 2039935, 1, 0
57042, 1745844, 1, 0
58052, 1995585, 1, 0
59000, 1887462, 1, 0
60010, 2296057, 1, 0
1000, 526756, 1, 0
2001, 1227343, 1, 0
3005, 1330791, 1, 0
4000, 1213435, 1, 0
5000, 1186587, 1, 0
6000, 1199467, 1, 0
7000, 1225356, 1, 0
8000, 1077333, 1, 0
9000, 344616, 1, 0
10000, 313286, 1, 0
11000, 410945, 1, 0
12000, 391688, 1, 0
13000, 379035, 1, 0
14000, 332954, 1, 0
15000, 363440, 1, 0
16000, 371243, 1, 0
17000, 372635, 1, 0
18000, 375416, 1, 0
19000, 352191, 1, 0
20000, 377054, 1, 0
21000, 387560, 1, 0
22000, 410731, 1, 0
23000, 436259, 1, 0
24000, 451265, 1, 0
25000, 513480, 1, 0
26015, 1001231, 1, 0
27005, 1007130, 1, 0
28000, 981993, 1, 0
29004, 1050045, 1, 0
30000, 1059857, 1, 0
31028, 1153702, 1, 0
32000, 1107451, 1, 0
33000, 855722, 1, 0
34000, 827510, 1, 0
35025, 777332, 1, 0
36000, 846249, 1, 0
37000, 946425, 1, 0
38020, 820776, 1, 0
39035, 886440, 1, 0
40027, 1022118, 1, 0
41012, 1041875, 1, 0
42000, 1011430, 1, 0
43000, 1162555, 1, 0
44042, 1177624, 1, 0
45014, 1379227, 1, 0
46000, 1369438, 1, 0
47038, 1360433, 1, 0
48010, 1399302, 1, 0
49000, 1375579, 1, 0
50000, 1467868, 1, 0
51011, 1262583, 1, 0
52031, 1579625, 1, 0
53000, 1863983, 1, 0
54002, 2126894, 1, 0
55005, 1902199, 1, 0
56026, 2097103, 1, 0
57042, 1986494, 1, 0
58053, 2048131, 1, 0
59000, 1994314, 1, 0
60011, 2386162, 1, 0
1000, 512221, 1, 0
2000, 1278181, 1, 0
3000, 1188287, 1, 0
4001, 1121328, 1, 0
5000, 1159850, 1, 0
6001, 1243350, 1, 0
7001, 1119649, 1, 0
8001, 1140833, 1, 0
9000, 320591, 1, 0
10000, 320011, 1, 0
11000, 358651, 1, 0
12000, 363489, 1, 0
13000, 363384, 1, 0
14000, 396184, 1, 0
15000, 378936, 1, 0
16000, 363831, 1, 0
17000, 368600, 1, 0
18000, 362532, 1, 0
19000, 368689, 1, 0
20000, 384087, 1, 0
21000, 401399, 1, 0
22000, 410645, 1, 0
23000, 425219, 1, 0
24000, 459351, 1, 0
25000, 522425, 1, 0
26000, 1021700, 1, 0
27001, 996557, 1, 0
28000, 1040737, 1, 0
29000, 999888, 1, 0
30006, 1050998, 1, 0
31000, 1153413, 1, 0
32036, 1065000, 1, 0
33000, 830834, 1, 0
34031, 688562, 1, 0
35000, 800586, 1, 0
36000, 822739, 1, 0
37016, 857646, 1, 0
38000, 789554, 1, 0
39000, 910213, 1, 0
40000, 829913, 1, 0
41037, 1045304, 1, 0
42015, 1012889, 1, 0
43000, 1151568, 1, 0
44000, 1257374, 1, 0
45033, 1303273, 1, 0
46001, 1643523, 1, 0
47000, 1395218, 1, 0
48034, 1425152, 1, 0
49000, 1441882, 1, 0
50009, 1602638, 1, 0
51025, 1678787, 1, 0
52049, 1589379, 1, 0
53000, 1795704, 1, 0
54018, 1772905, 1, 0
55018, 1749754, 1, 0
56044, 1909373, 1, 0
57000, 2105450, 1, 0
58000, 2118301, 1, 0
59000, 2228586, 1, 0
60000, 1813803, 1, 0
1000, 613445, 1, 0
2000, 1240575, 1, 0
3001, 1120057, 1, 0
4000, 1132333, 1, 0
5000, 1269608, 1, 0
6000, 1048283, 1, 0
7000, 1087661, 1, 0
8000, 1035943, 1, 0
9000, 445058, 1, 0
10000, 392905, 1, 0
11000, 358549, 1, 0
12000, 390395, 1, 0
13000, 375738, 1, 0
14000, 399578, 1, 0
15000, 366603, 1, 0
16000, 375499, 1, 0
17000, 376410, 1, 0
18000, 351060, 1, 0
19000, 353181, 1, 0
20000, 381836, 1, 0
21000, 407882, 1, 0
22000, 405571, 1, 0
23000, 437099, 1, 0
24000, 467710, 1, 0
25000, 544742, 1, 0
26000, 968115, 1, 0
27000, 1053347, 1, 0
28000, 1001304, 1, 0
29025, 1025681, 1, 0
30000, 1079808, 1, 0
31000, 1085879, 1, 0
32001, 1132527, 1, 0
33030, 786787, 1, 0
34000, 737396, 1, 0
35011, 866396, 1, 0
36000, 734896, 1, 0
37000, 765127, 1, 0
38003, 879312, 1, 0
39017, 876153, 1, 0
40009, 1004038, 1, 0
41000, 996237, 1, 0
42000, 1015144, 1, 0
43000, 1037111, 1, 0
44023, 1159925, 1, 0
45000, 1369138, 1, 0
46046, 1403454, 1, 0
47015, 1252280, 1, 0
48000, 1446460, 1, 0
49028, 1259474, 1, 0
50000, 1354999, 1, 0
51001, 1444725, 1, 0
52010, 1569890, 1, 0
53037, 1637985, 1, 0
54000, 1773656, 1, 0
55001, 1612366, 1, 0
56004, 2096587, 1, 0
57016, 2064287, 1, 0
58022, 2102825, 1, 0
59034, 2608222, 1, 0
60000, 1601818, 1, 0
