1000, 42552, 1, 0
2004, 22674, 1, 0
3000, 18941, 1, 0
4000, 20188, 1, 0
5000, 19181, 1, 0
6000, 21073, 1, 0
7000, 21015, 1, 0
8000, 22830, 1, 0
9000, 16840, 1, 0
10000, 16842, 1, 0
11000, 16360, 1, 0
12000, 16159, 1, 0
13000, 16315, 1, 0
14000, 16552, 1, 0
15000, 15728, 1, 0
16000, 14446, 1, 0
17000, 13510, 1, 0
18000, 13402, 1, 0
19000, 12679, 1, 0
20000, 11794, 1, 0
21000, 10722, 1, 0
22000, 9989, 1, 0
23000, 9235, 1, 0
24000, 8939, 1, 0
25000, 8743, 1, 0
26000, 16375, 1, 0
27000, 17033, 1, 0
28001, 16335, 1, 0
29000, 18204, 1, 0
30000, 19935, 1, 0
31000, 17469, 1, 0
32014, 18623, 1, 0
33000, 21272, 1, 0
34037, 19125, 1, 0
35000, 18981, 1, 0
36009, 20120, 1, 0
37028, 19257, 1, 0
38000, 21879, 1, 0
39000, 21589, 1, 0
40000, 20644, 1, 0
41000, 21392, 1, 0
42027, 21554, 1, 0
43012, 24147, 1, 0
44000, 22806, 1, 0
45000, 24951, 1, 0
46011, 23812, 1, 0
47001, 25261, 1, 0
48047, 25709, 1, 0
49003, 29422, 1, 0
50028, 23436, 1, 0
51048, 24921, 1, 0
52000, 22263, 1, 0
53012, 23388, 1, 0
54037, 30028, 1, 0
55042, 25740, 1, 0
56000, 29242, 1, 0
57000, 29065, 1, 0
58004, 36352, 1, 0
59014, 29241, 1, 0
60002, 32724, 1, 0
1000, 18834, 1, 0
2002, 21669, 1, 0
3001, 18390, 1, 0
4000, 20535, 1, 0
5000, 24200, 1, 0
6000, 17537, 1, 0
7000, 19408, 1, 0
8000, 21113, 1, 0
9000, 16649, 1, 0
10000, 16110, 1, 0
11000, 15573, 1, 0
12000, 16154, 1, 0
13000, 16116, 1, 0
14000, 16016, 1, 0
15000, 16027, 1, 0
16000, 14477, 1, 0
17000, 13347, 1, 0
18001, 12284, 1, 0
19000, 11930, 1, 0
20000, 11826, 1, 0
21000, 10957, 1, 0
22000, 10032, 1, 0
23000, 9575, 1, 0
24000, 8985, 1, 0
25000, 9131, 1, 0
26000, 17595, 1, 0
27000, 17589, 1, 0
28000, 17385, 1, 0
29000, 16939, 1, 0
30001, 18920, 1, 0
31003, 17887, 1, 0
32015, 22064, 1, 0
33000, 21209, 1, 0
34036, 19195, 1, 0
35000, 19297, 1, 0
36008, 24217, 1, 0
37032, 22341, 1, 0
38000, 20741, 1, 0
39000, 19849, 1, 0
40000, 21106, 1, 0
41000, 21530, 1, 0
42025, 22644, 1, 0
43010, 23530, 1, 0
44000, 24845, 1, 0
45000, 21877, 1, 0
46011, 22023, 1, 0
47000, 23167, 1, 0
48044, 27245, 1, 0
49002, 23706, 1, 0
50027, 25169, 1, 0
51047, 26911, 1, 0
52000, 27136, 1, 0
53011, 26330, 1, 0
54036, 24687, 1, 0
55040, 27194, 1, 0
56000, 34953, 1, 0
57000, 26222, 1, 0
58003, 30378, 1, 0
59016, 31291, 1, 0
60002, 24136, 1, 0
1000, 18966, 1, 0
2000, 22852, 1, 0
3000, 19139, 1, 0
4000, 20436, 1, 0
5001, 19490, 1, 0
6000, 19269, 1, 0
7000, 21641, 1, 0
8000, 19855, 1, 0
9000, 16991, 1, 0
10000, 16260, 1, 0
11000, 15948, 1, 0
12000, 16048, 1, 0
13000, 16453, 1, 0
14000, 16415, 1, 0
15000, 15747, 1, 0
16000, 14591, 1, 0
17000, 13463, 1, 0
18000, 12456, 1, 0
19000, 12339, 1, 0
20000, 11554, 1, 0
21000, 10433, 1, 0
22000, 9458, 1, 0
23000, 9464, 1, 0
24000, 8831, 1, 0
25000, 9166, 1, 0
26000, 16639, 1, 0
27000, 16950, 1, 0
28000, 15633, 1, 0
29000, 17484, 1, 0
30001, 19679, 1, 0
31001, 17359, 1, 0
32011, 19379, 1, 0
33000, 18711, 1, 0
34034, 18864, 1, 0
35000, 20910, 1, 0
36006, 19250, 1, 0
37024, 18899, 1, 0
38000, 20748, 1, 0
39000, 24647, 1, 0
40000, 23075, 1, 0
41000, 23031, 1, 0
42022, 25001, 1, 0
43008, 27465, 1, 0
44000, 23251, 1, 0
45047, 22085, 1, 0
46008, 21718, 1, 0
47000, 25772, 1, 0
48043, 22137, 1, 0
49000, 37113, 1, 0
50024, 22090, 1, 0
51044, 23755, 1, 0
52000, 32236, 1, 0
53008, 24913, 1, 0
54033, 23510, 1, 0
55038, 26967, 1, 0
56000, 31462, 1, 0
57000, 33766, 1, 0
58000, 26861, 1, 0
59010, 30419, 1, 0
60000, 38163, 1, 0
1000, 17884, 1, 0
2000, 21683, 1, 0
3000, 18716, 1, 0
4000, 20475, 1, 0
5000, 19982, 1, 0
6000, 19296, 1, 0
7000, 20768, 1, 0
8000, 22729, 1, 0
9000, 16389, 1, 0
10000, 16267, 1, 0
11000, 16192, 1, 0
12000, 16100, 1, 0
13000, 16154, 1, 0
14000, 15904, 1, 0
15000, 15832, 1, 0
16000, 14500, 1, 0
17000, 13511, 1, 0
18000, 13869, 1, 0
19000, 12504, 1, 0
20000, 11820, 1, 0
21000, 10670, 1, 0
22000, 9716, 1, 0
23000, 9676, 1, 0
24000, 8722, 1, 0
25000, 9028, 1, 0
26000, 17180, 1, 0
27000, 15126, 1, 0
28000, 23393, 1, 0
29033, 18137, 1, 0
30000, 20164, 1, 0
31000, 19188, 1, 0
32007, 19767, 1, 0
33000, 19981, 1, 0
34029, 22077, 1, 0
35000, 25651, 1, 0
36001, 19731, 1, 0
37025, 28492, 1, 0
38000, 24210, 1, 0
39000, 25067, 1, 0
40000, 21422, 1, 0
41042, 21057, 1, 0
42017, 22317, 1, 0
43004, 20352, 1, 0
44000, 22379, 1, 0
45043, 23674, 1, 0
46003, 23052, 1, 0
47000, 24697, 1, 0
48039, 22596, 1, 0
49000, 25469, 1, 0
50021, 24537, 1, 0
51040, 31673, 1, 0
52000, 22425, 1, 0
53003, 27868, 1, 0
54029, 27214, 1, 0
55033, 27489, 1, 0
56000, 26318, 1, 0
57000, 23995, 1, 0
58000, 29217, 1, 0
59006, 35056, 1, 0
60000, 28950, 1, 0
1000, 18779, 1, 0
2001, 21968, 1, 0
3000, 24227, 1, 0
4000, 21423, 1, 0
5000, 22396, 1, 0
6000, 19982, 1, 0
7000, 21335, 1, 0
8000, 20820, 1, 0
9000, 17015, 1, 0
10000, 15831, 1, 0
11000, 16733, 1, 0
12000, 16031, 1, 0
13000, 16011, 1, 0
14000, 15778, 1, 0
15000, 15438, 1, 0
16000, 14705, 1, 0
17000, 13577, 1, 0
18000, 13158, 1, 0
19000, 12188, 1, 0
20000, 12345, 1, 0
21000, 10906, 1, 0
22000, 9815, 1, 0
23000, 9315, 1, 0
24000, 8884, 1, 0
25000, 8725, 1, 0
26000, 17575, 1, 0
27000, 15253, 1, 0
28000, 16976, 1, 0
29034, 19983, 1, 0
30000, 21757, 1, 0
31000, 17524, 1, 0
32006, 19022, 1, 0
33000, 21897, 1, 0
34029, 21914, 1, 0
35000, 21088, 1, 0
36001, 20950, 1, 0
37020, 22765, 1, 0
38000, 22542, 1, 0
39000, 20357, 1, 0
40000, 20067, 1, 0
41040, 22627, 1, 0
42018, 25339, 1, 0
43003, 24940, 1, 0
44000, 21822, 1, 0
45041, 23355, 1, 0
46003, 26340, 1, 0
47000, 24836, 1, 0
48038, 24153, 1, 0
49000, 24073, 1, 0
50019, 27192, 1, 0
51040, 22534, 1, 0
52000, 27147, 1, 0
53006, 25059, 1, 0
54030, 26271, 1, 0
55033, 30639, 1, 0
56000, 33334, 1, 0
57000, 26081, 1, 0
58000, 32648, 1, 0
59006, 34306, 1, 0
60000, 24129, 1, 0
1000, 19146, 1, 0
2000, 20790, 1, 0
3001, 19874, 1, 0
4000, 21443, 1, 0
5000, 19492, 1, 0
6000, 20003, 1, 0
7000, 20879, 1, 0
8000, 22393, 1, 0
9000, 16921, 1, 0
10000, 15988, 1, 0
11000, 16413, 1, 0
12000, 16279, 1, 0
13000, 16123, 1, 0
14000, 16213, 1, 0
15000, 15475, 1, 0
16000, 14539, 1, 0
17000, 13403, 1, 0
18000, 13293, 1, 0
19000, 11914, 1, 0
20000, 11510, 1, 0
21000, 10814, 1, 0
22000, 9698, 1, 0
23000, 9150, 1, 0
24000, 9088, 1, 0
25000, 8726, 1, 0
26000, 16707, 1, 0
27000, 16410, 1, 0
28000, 15599, 1, 0
29000, 16904, 1, 0
30000, 19410, 1, 0
31000, 20649, 1, 0
32017, 18327, 1, 0
33001, 19013, 1, 0
34038, 23867, 1, 0
35000, 19615, 1, 0
36010, 21576, 1, 0
37029, 20453, 1, 0
38000, 25489, 1, 0
39000, 21582, 1, 0
40000, 22393, 1, 0
41000, 22062, 1, 0
42028, 21733, 1, 0
43012, 24538, 1, 0
44000, 27185, 1, 0
45000, 25569, 1, 0
46012, 27974, 1, 0
47009, 23724, 1, 0
48047, 27336, 1, 0
49005, 23239, 1, 0
50041, 24201, 1, 0
51050, 24993, 1, 0
52000, 23966, 1, 0
53015, 28277, 1, 0
54040, 24971, 1, 0
55043, 29651, 1, 0
56000, 30600, 1, 0
57000, 27188, 1, 0
58005, 35462, 1, 0
59015, 28559, 1, 0
60004, 30479, 1, 0
1000, 21046, 1, 0
2001, 20657, 1, 0
3001, 18924, 1, 0
4000, 21078, 1, 0
5000, 19885, 1, 0
6000, 19344, 1, 0
7000, 22329, 1, 0
8000, 18829, 1, 0
9000, 16828, 1, 0
10000, 15896, 1, 0
11000, 15972, 1, 0
12000, 15664, 1, 0
13000, 16272, 1, 0
14000, 16164, 1, 0
15000, 15743, 1, 0
16000, 14687, 1, 0
17000, 13852, 1, 0
18000, 12533, 1, 0
19000, 12322, 1, 0
20000, 11679, 1, 0
21000, 10754, 1, 0
22000, 9838, 1, 0
23000, 9216, 1, 0
24000, 8868, 1, 0
25000, 9023, 1, 0
26000, 16996, 1, 0
27000, 18181, 1, 0
28000, 17236, 1, 0
29034, 18423, 1, 0
30000, 19302, 1, 0
31000, 17513, 1, 0
32007, 19594, 1, 0
33000, 19155, 1, 0
34029, 20899, 1, 0
35000, 23922, 1, 0
36001, 21014, 1, 0
37020, 20692, 1, 0
38000, 20210, 1, 0
39000, 25641, 1, 0
40000, 20982, 1, 0
41040, 21324, 1, 0
42018, 20603, 1, 0
43003, 23417, 1, 0
44000, 22839, 1, 0
45042, 25909, 1, 0
46003, 26678, 1, 0
47000, 25055, 1, 0
48038, 22329, 1, 0
49000, 22820, 1, 0
50020, 22725, 1, 0
51040, 21505, 1, 0
52000, 26103, 1, 0
53003, 23836, 1, 0
54030, 24943, 1, 0
55033, 25961, 1, 0
56054, 34742, 1, 0
57000, 27088, 1, 0
58000, 25827, 1, 0
59006, 30716, 1, 0
60001, 28113, 1, 0
1000, 18027, 1, 0
2000, 21623, 1, 0
3001, 19173, 1, 0
4000, 18590, 1, 0
5001, 19618, 1, 0
6000, 21924, 1, 0
7001, 19428, 1, 0
8000, 21347, 1, 0
9000, 16785, 1, 0
10000, 15992, 1, 0
11000, 16445, 1, 0
12000, 15894, 1, 0
13000, 16273, 1, 0
14000, 16262, 1, 0
15000, 16319, 1, 0
16000, 15069, 1, 0
17000, 13528, 1, 0
18000, 12309, 1, 0
19000, 12382, 1, 0
20000, 11616, 1, 0
21000, 10977, 1, 0
22000, 9961, 1, 0
23000, 9269, 1, 0
24000, 9066, 1, 0
25000, 8952, 1, 0
26000, 17871, 1, 0
27031, 19296, 1, 0
28000, 16085, 1, 0
29031, 19690, 1, 0
30000, 18299, 1, 0
31000, 20146, 1, 0
32005, 18964, 1, 0
33000, 18596, 1, 0
34028, 18869, 1, 0
35000, 23523, 1, 0
36000, 19594, 1, 0
37024, 22807, 1, 0
38000, 24427, 1, 0
39000, 21682, 1, 0
40000, 21101, 1, 0
41039, 20989, 1, 0
42016, 23429, 1, 0
43001, 23453, 1, 0
44000, 25824, 1, 0
45040, 24351, 1, 0
46002, 24284, 1, 0
47000, 24549, 1, 0
48036, 27058, 1, 0
49001, 22050, 1, 0
50020, 24308, 1, 0
51039, 23648, 1, 0
52000, 25778, 1, 0
53004, 23471, 1, 0
54029, 25943, 1, 0
55031, 41315, 1, 0
56052, 30990, 1, 0
57000, 38619, 1, 0
58000, 33580, 1, 0
59003, 33706, 1, 0
60000, 31245, 1, 0
1000, 18752, 1, 0
2000, 23195, 1, 0
3000, 18239, 1, 0
4000, 17154, 1, 0
5000, 22985, 1, 0
6007, 21723, 1, 0
7001, 20770, 1, 0
8000, 20121, 1, 0
9000, 16745, 1, 0
10000, 15866, 1, 0
11000, 15876, 1, 0
12000, 16102, 1, 0
13000, 16665, 1, 0
14000, 15947, 1, 0
15000, 15968, 1, 0
16000, 14379, 1, 0
17000, 13474, 1, 0
18000, 12195, 1, 0
19000, 12217, 1, 0
20000, 11532, 1, 0
21000, 11288, 1, 0
22000, 9894, 1, 0
23000, 9265, 1, 0
24000, 8959, 1, 0
25000, 9214, 1, 0
26000, 15387, 1, 0
27033, 19287, 1, 0
28000, 18083, 1, 0
29031, 17001, 1, 0
30000, 19081, 1, 0
31000, 19146, 1, 0
32005, 17604, 1, 0
33000, 19529, 1, 0
34028, 18885, 1, 0
35000, 19987, 1, 0
36000, 22037, 1, 0
37018, 19124, 1, 0
38000, 19469, 1, 0
39000, 24883, 1, 0
40000, 19927, 1, 0
41039, 23908, 1, 0
42016, 21388, 1, 0
43001, 21300, 1, 0
44000, 23222, 1, 0
45040, 22953, 1, 0
46001, 26213, 1, 0
47000, 24789, 1, 0
48036, 23182, 1, 0
49000, 27031, 1, 0
50019, 21313, 1, 0
51038, 23077, 1, 0
52000, 24232, 1, 0
53003, 23799, 1, 0
54027, 27555, 1, 0
55031, 24574, 1, 0
56052, 29446, 1, 0
57000, 27926, 1, 0
58000, 27050, 1, 0
59004, 29108, 1, 0
60001, 23183, 1, 0
1000, 19026, 1, 0
2000, 22684, 1, 0
3000, 17751, 1, 0
4001, 22474, 1, 0
5000, 22357, 1, 0
6000, 18162, 1, 0
7000, 19436, 1, 0
8000, 19703, 1, 0
9000, 16777, 1, 0
10000, 16032, 1, 0
11000, 16072, 1, 0
12000, 16048, 1, 0
13000, 15871, 1, 0
14000, 16058, 1, 0
15000, 15606, 1, 0
16000, 15110, 1, 0
17000, 13422, 1, 0
18000, 12666, 1, 0
19000, 12280, 1, 0
20000, 11635, 1, 0
21000, 11105, 1, 0
22000, 9562, 1, 0
23000, 9412, 1, 0
24000, 8826, 1, 0
25000, 9286, 1, 0
26000, 17722, 1, 0
27032, 17988, 1, 0
28000, 16550, 1, 0
29028, 17060, 1, 0
30000, 19535, 1, 0
31000, 20516, 1, 0
32003, 18722, 1, 0
33000, 18294, 1, 0
34025, 20390, 1, 0
35000, 19063, 1, 0
36000, 67135, 1, 0
37017, 20864, 1, 0
38000, 21630, 1, 0
39003, 23769, 1, 0
40000, 20852, 1, 0
41036, 20031, 1, 0
42013, 21539, 1, 0
43000, 25240, 1, 0
44000, 25278, 1, 0
45038, 20050, 1, 0
46000, 23435, 1, 0
47000, 24476, 1, 0
48035, 22357, 1, 0
49000, 21656, 1, 0
50016, 25395, 1, 0
51035, 22214, 1, 0
52000, 19528, 1, 0
53000, 24543, 1, 0
54025, 29455, 1, 0
55029, 27282, 1, 0
56051, 28984, 1, 0
57000, 32589, 1, 0
58000, 29013, 1, 0
59002, 30153, 1, 0
60000, 24681, 1, 0
1001, 19856, 1, 0
2004, 20165, 1, 0
3000, 20875, 1, 0
4000, 20186, 1, 0
5000, 20914, 1, 0
6001, 22166, 1, 0
7000, 21217, 1, 0
8000, 19938, 1, 0
9000, 17422, 1, 0
10000, 16235, 1, 0
11000, 16405, 1, 0
12000, 15736, 1, 0
13000, 15955, 1, 0
14000, 16306, 1, 0
15000, 15829, 1, 0
16000, 14388, 1, 0
17000, 13330, 1, 0
18000, 12858, 1, 0
19000, 12402, 1, 0
20000, 12425, 1, 0
21000, 10643, 1, 0
22000, 10129, 1, 0
23000, 9653, 1, 0
24000, 8868, 1, 0
25001, 8877, 1, 0
26000, 16106, 1, 0
27000, 18378, 1, 0
28000, 16483, 1, 0
29000, 16776, 1, 0
30000, 20231, 1, 0
31002, 21777, 1, 0
32013, 19032, 1, 0
33000, 22459, 1, 0
34035, 27117, 1, 0
35000, 26898, 1, 0
36007, 20561, 1, 0
37031, 21892, 1, 0
38000, 20881, 1, 0
39000, 21716, 1, 0
40000, 20838, 1, 0
41000, 20564, 1, 0
42024, 21482, 1, 0
43008, 21101, 1, 0
44000, 24766, 1, 0
45000, 22920, 1, 0
46009, 22441, 1, 0
47000, 26332, 1, 0
48045, 25989, 1, 0
49001, 21632, 1, 0
50028, 27977, 1, 0
51046, 24716, 1, 0
52000, 24162, 1, 0
53009, 26398, 1, 0
54034, 31651, 1, 0
55039, 30514, 1, 0
56000, 32735, 1, 0
57000, 25370, 1, 0
58002, 35562, 1, 0
59012, 29199, 1, 0
60001, 32863, 1, 0
1000, 19955, 1, 0
2000, 22565, 1, 0
3000, 20387, 1, 0
4000, 25101, 1, 0
5000, 21136, 1, 0
6002, 20635, 1, 0
7000, 19246, 1, 0
8000, 25372, 1, 0
9000, 16782, 1, 0
10000, 15758, 1, 0
11000, 16297, 1, 0
12000, 16089, 1, 0
13000, 15742, 1, 0
14000, 15657, 1, 0
15000, 15608, 1, 0
16000, 14420, 1, 0
17000, 13696, 1, 0
18000, 12222, 1, 0
19000, 12583, 1, 0
20000, 11368, 1, 0
21000, 10565, 1, 0
22000, 9995, 1, 0
23000, 9381, 1, 0
24000, 8832, 1, 0
25000, 8991, 1, 0
26000, 17105, 1, 0
27027, 18445, 1, 0
28000, 20083, 1, 0
29026, 16665, 1, 0
30000, 18945, 1, 0
31000, 18003, 1, 0
32000, 19062, 1, 0
33000, 21293, 1, 0
34024, 21257, 1, 0
35000, 18829, 1, 0
36000, 20310, 1, 0
37014, 19165, 1, 0
38000, 19584, 1, 0
39001, 21999, 1, 0
40000, 21161, 1, 0
41034, 20938, 1, 0
42012, 28184, 1, 0
43000, 25228, 1, 0
44000, 23922, 1, 0
45035, 19338, 1, 0
46001, 22440, 1, 0
47000, 29079, 1, 0
48032, 25127, 1, 0
49000, 24219, 1, 0
50014, 22065, 1, 0
51034, 24790, 1, 0
52000, 29062, 1, 0
53000, 29078, 1, 0
54023, 27206, 1, 0
55027, 23874, 1, 0
56047, 24611, 1, 0
57000, 32362, 1, 0
58001, 28417, 1, 0
59000, 26994, 1, 0
60000, 25999, 1, 0
1000, 18623, 1, 0
2002, 22245, 1, 0
3000, 18498, 1, 0
4002, 19589, 1, 0
5000, 20417, 1, 0
6001, 19473, 1, 0
7001, 19975, 1, 0
8000, 19979, 1, 0
9000, 16948, 1, 0
10000, 15916, 1, 0
11000, 15946, 1, 0
12000, 16208, 1, 0
13000, 16452, 1, 0
14000, 16121, 1, 0
15000, 15791, 1, 0
16000, 14422, 1, 0
17000, 13453, 1, 0
18000, 12895, 1, 0
19000, 12008, 1, 0
20000, 11522, 1, 0
21000, 10730, 1, 0
22000, 10064, 1, 0
23000, 9339, 1, 0
24000, 8667, 1, 0
25000, 8989, 1, 0
26000, 15754, 1, 0
27028, 20280, 1, 0
28000, 17771, 1, 0
29026, 18295, 1, 0
30000, 19604, 1, 0
31000, 19403, 1, 0
32001, 20415, 1, 0
33000, 18724, 1, 0
34022, 19452, 1, 0
35000, 20552, 1, 0
36000, 18584, 1, 0
37014, 20264, 1, 0
38000, 29263, 1, 0
39000, 19542, 1, 0
40000, 20588, 1, 0
41033, 20586, 1, 0
42010, 20961, 1, 0
43000, 25574, 1, 0
44000, 21888, 1, 0
45035, 22019, 1, 0
46000, 30072, 1, 0
47000, 25523, 1, 0
48032, 28156, 1, 0
49000, 28090, 1, 0
50013, 20945, 1, 0
51033, 25477, 1, 0
52000, 22169, 1, 0
53002, 22049, 1, 0
54024, 26159, 1, 0
55030, 29382, 1, 0
56047, 33388, 1, 0
57000, 31361, 1, 0
58000, 27001, 1, 0
59000, 28696, 1, 0
60000, 28344, 1, 0
1000, 19215, 1, 0
2000, 24260, 1, 0
3000, 19815, 1, 0
4001, 21611, 1, 0
5000, 19828, 1, 0
6000, 20623, 1, 0
7000, 19544, 1, 0
8000, 22890, 1, 0
9000, 16689, 1, 0
10000, 15962, 1, 0
11000, 16071, 1, 0
12000, 20185, 1, 0
13000, 15984, 1, 0
14000, 17085, 1, 0
15000, 15657, 1, 0
16000, 14838, 1, 0
17000, 13279, 1, 0
18000, 12680, 1, 0
19000, 12003, 1, 0
20000, 11672, 1, 0
21000, 10490, 1, 0
22000, 9974, 1, 0
23000, 9327, 1, 0
24000, 8950, 1, 0
25000, 9323, 1, 0
26000, 14853, 1, 0
27000, 17237, 1, 0
28000, 19726, 1, 0
29000, 17883, 1, 0
30000, 18899, 1, 0
31001, 18591, 1, 0
32009, 18968, 1, 0
33000, 19508, 1, 0
34026, 20395, 1, 0
35000, 20082, 1, 0
36004, 18711, 1, 0
37023, 18935, 1, 0
38000, 21091, 1, 0
39000, 19532, 1, 0
40000, 20720, 1, 0
41000, 23178, 1, 0
42020, 19218, 1, 0
43006, 20973, 1, 0
44000, 23731, 1, 0
45044, 22345, 1, 0
46006, 23909, 1, 0
47000, 30733, 1, 0
48041, 27735, 1, 0
49004, 23691, 1, 0
50024, 23576, 1, 0
51043, 22527, 1, 0
52000, 26952, 1, 0
53008, 28037, 1, 0
54031, 29018, 1, 0
55035, 25836, 1, 0
56000, 97983, 1, 0
57000, 26992, 1, 0
58002, 34377, 1, 0
59010, 32534, 1, 0
60006, 26853, 1, 0
1000, 19697, 1, 0
2000, 23003, 1, 0
3000, 20607, 1, 0
4000, 19966, 1, 0
5000, 21124, 1, 0
6000, 23146, 1, 0
7000, 18578, 1, 0
8000, 20264, 1, 0
9000, 16453, 1, 0
10000, 15853, 1, 0
11000, 16004, 1, 0
12000, 16053, 1, 0
13000, 15937, 1, 0
14000, 16284, 1, 0
15000, 15204, 1, 0
16000, 14361, 1, 0
17000, 13289, 1, 0
18000, 12833, 1, 0
19000, 12639, 1, 0
20000, 11714, 1, 0
21000, 10669, 1, 0
22000, 9928, 1, 0
23000, 9537, 1, 0
24000, 8644, 1, 0
25000, 8800, 1, 0
26000, 18341, 1, 0
27027, 19328, 1, 0
28000, 15806, 1, 0
29024, 18912, 1, 0
30000, 20639, 1, 0
31000, 19219, 1, 0
32000, 19944, 1, 0
33000, 19399, 1, 0
34021, 19966, 1, 0
35000, 24449, 1, 0
36000, 20031, 1, 0
37012, 20984, 1, 0
38000, 19080, 1, 0
39000, 19759, 1, 0
40000, 22843, 1, 0
41032, 20696, 1, 0
42010, 23876, 1, 0
43000, 23839, 1, 0
44000, 22575, 1, 0
45034, 27448, 1, 0
46000, 27630, 1, 0
47000, 25864, 1, 0
48029, 23959, 1, 0
49000, 22666, 1, 0
50011, 21484, 1, 0
51031, 20608, 1, 0
52052, 24409, 1, 0
53000, 26017, 1, 0
54021, 31240, 1, 0
55024, 28246, 1, 0
56045, 30490, 1, 0
57000, 31411, 1, 0
58000, 34518, 1, 0
59000, 35655, 1, 0
60000, 24692, 1, 0
1000, 17883, 1, 0
2000, 22549, 1, 0
3000, 21137, 1, 0
4000, 21045, 1, 0
5000, 21228, 1, 0
6000, 19503, 1, 0
7000, 19431, 1, 0
8000, 26293, 1, 0
9000, 17593, 1, 0
10000, 16079, 1, 0
11000, 16135, 1, 0
12000, 15796, 1, 0
13000, 16579, 1, 0
14000, 15741, 1, 0
15000, 15895, 1, 0
16000, 14651, 1, 0
17000, 13867, 1, 0
18000, 12380, 1, 0
19000, 12458, 1, 0
20000, 12124, 1, 0
21000, 10871, 1, 0
22000, 9975, 1, 0
23000, 9704, 1, 0
24000, 8769, 1, 0
25000, 9049, 1, 0
26000, 15808, 1, 0
27024, 19114, 1, 0
28000, 17140, 1, 0
29022, 16497, 1, 0
30000, 18788, 1, 0
31000, 19280, 1, 0
32003, 19676, 1, 0
33000, 21712, 1, 0
34018, 24156, 1, 0
35000, 20252, 1, 0
36000, 18744, 1, 0
37009, 21563, 1, 0
38038, 19397, 1, 0
39000, 20789, 1, 0
40000, 25982, 1, 0
41032, 22530, 1, 0
42008, 25915, 1, 0
43000, 25815, 1, 0
44000, 22491, 1, 0
45032, 20261, 1, 0
46000, 21855, 1, 0
47000, 23965, 1, 0
48027, 25496, 1, 0
49000, 28547, 1, 0
50009, 22125, 1, 0
51029, 25906, 1, 0
52049, 24544, 1, 0
53000, 25052, 1, 0
54019, 26503, 1, 0
55023, 23467, 1, 0
56043, 33294, 1, 0
57000, 30476, 1, 0
58000, 29212, 1, 0
59001, 30968, 1, 0
60000, 27209, 1, 0
1000, 18808, 1, 0
2001, 20055, 1, 0
3000, 20154, 1, 0
4000, 19953, 1, 0
5000, 20541, 1, 0
6000, 19133, 1, 0
7000, 21100, 1, 0
8000, 23444, 1, 0
9000, 17279, 1, 0
10000, 16243, 1, 0
11000, 15788, 1, 0
12000, 16044, 1, 0
13000, 16115, 1, 0
14000, 16016, 1, 0
15000, 15463, 1, 0
16000, 14750, 1, 0
17000, 13661, 1, 0
18000, 12786, 1, 0
19000, 12774, 1, 0
20000, 11609, 1, 0
21000, 11304, 1, 0
22000, 10514, 1, 0
23000, 9414, 1, 0
24000, 9005, 1, 0
25000, 9159, 1, 0
26000, 17064, 1, 0
27023, 19598, 1, 0
28000, 16555, 1, 0
29022, 17987, 1, 0
30000, 19587, 1, 0
31000, 17689, 1, 0
32000, 19190, 1, 0
33000, 21763, 1, 0
34012, 20643, 1, 0
35000, 23958, 1, 0
36000, 21896, 1, 0
37009, 20559, 1, 0
38037, 20620, 1, 0
39000, 22198, 1, 0
40000, 18544, 1, 0
41029, 20198, 1, 0
42006, 19823, 1, 0
43001, 22184, 1, 0
44000, 23247, 1, 0
45031, 26300, 1, 0
46000, 26888, 1, 0
47000, 28150, 1, 0
48028, 23879, 1, 0
49000, 23158, 1, 0
50010, 21552, 1, 0
51029, 22659, 1, 0
52048, 26709, 1, 0
53000, 31413, 1, 0
54017, 26080, 1, 0
55026, 24584, 1, 0
56043, 29264, 1, 0
57000, 27799, 1, 0
58000, 26123, 1, 0
59000, 26760, 1, 0
60000, 25660, 1, 0
1000, 17888, 1, 0
2001, 20526, 1, 0
3000, 19260, 1, 0
4000, 20916, 1, 0
5000, 19403, 1, 0
6000, 21426, 1, 0
7000, 20563, 1, 0
8000, 20493, 1, 0
9000, 16393, 1, 0
10000, 15979, 1, 0
11000, 15675, 1, 0
12000, 15869, 1, 0
13000, 16296, 1, 0
14000, 15946, 1, 0
15000, 15974, 1, 0
16000, 14522, 1, 0
17000, 13689, 1, 0
18000, 12717, 1, 0
19000, 12250, 1, 0
20000, 11801, 1, 0
21000, 10858, 1, 0
22000, 10057, 1, 0
23000, 9234, 1, 0
24000, 9056, 1, 0
25000, 8874, 1, 0
26001, 18204, 1, 0
27022, 18097, 1, 0
28000, 15106, 1, 0
29023, 17154, 1, 0
30000, 19288, 1, 0
31000, 17945, 1, 0
32000, 21006, 1, 0
33000, 19385, 1, 0
34018, 25024, 1, 0
35000, 21634, 1, 0
36000, 21863, 1, 0
37009, 49254, 1, 0
38037, 20352, 1, 0
39000, 20070, 1, 0
40000, 23839, 1, 0
41029, 26547, 1, 0
42006, 19825, 1, 0
43000, 24932, 1, 0
44000, 22459, 1, 0
45031, 27644, 1, 0
46000, 24217, 1, 0
47000, 24606, 1, 0
48028, 25357, 1, 0
49000, 21499, 1, 0
50008, 21384, 1, 0
51029, 22931, 1, 0
52047, 25221, 1, 0
53000, 28469, 1, 0
54019, 30884, 1, 0
55023, 25473, 1, 0
56043, 33191, 1, 0
57000, 28323, 1, 0
58000, 28341, 1, 0
59001, 29952, 1, 0
60000, 31491, 1, 0
1000, 18881, 1, 0
2000, 20854, 1, 0
3000, 21059, 1, 0
4001, 19651, 1, 0
5000, 18817, 1, 0
6000, 19836, 1, 0
7000, 22525, 1, 0
8000, 23787, 1, 0
9000, 16806, 1, 0
10000, 19455, 1, 0
11000, 16065, 1, 0
12000, 15946, 1, 0
13000, 15848, 1, 0
14000, 15828, 1, 0
15000, 16122, 1, 0
16000, 14302, 1, 0
17000, 13634, 1, 0
18000, 12669, 1, 0
19000, 12319, 1, 0
20000, 11452, 1, 0
21000, 11213, 1, 0
22000, 9697, 1, 0
23000, 9158, 1, 0
24000, 9031, 1, 0
25000, 9200, 1, 0
26035, 14937, 1, 0
27022, 16921, 1, 0
28000, 17648, 1, 0
29021, 16765, 1, 0
30000, 18071, 1, 0
31000, 18512, 1, 0
32000, 18426, 1, 0
33000, 21723, 1, 0
34017, 18555, 1, 0
35000, 19903, 1, 0
36000, 20339, 1, 0
37008, 21576, 1, 0
38037, 19979, 1, 0
39000, 20411, 1, 0
40000, 21742, 1, 0
41029, 20600, 1, 0
42005, 20496, 1, 0
43000, 24619, 1, 0
44000, 25170, 1, 0
45031, 26653, 1, 0
46000, 22763, 1, 0
47000, 26290, 1, 0
48027, 26997, 1, 0
49001, 25434, 1, 0
50008, 24333, 1, 0
51028, 20044, 1, 0
52048, 22307, 1, 0
53000, 28823, 1, 0
54018, 26699, 1, 0
55021, 24402, 1, 0
56042, 26388, 1, 0
57000, 32878, 1, 0
58000, 30894, 1, 0
59000, 31132, 1, 0
60000, 29371, 1, 0
1000, 18251, 1, 0
2001, 21539, 1, 0
3001, 19240, 1, 0
4001, 19460, 1, 0
5000, 19842, 1, 0
6000, 20397, 1, 0
7000, 21408, 1, 0
8000, 20830, 1, 0
9000, 16564, 1, 0
10000, 16023, 1, 0
11000, 15998, 1, 0
12000, 16363, 1, 0
13000, 16340, 1, 0
14000, 15974, 1, 0
15000, 15424, 1, 0
16000, 14813, 1, 0
17000, 13233, 1, 0
18000, 12662, 1, 0
19000, 12011, 1, 0
20001, 11847, 1, 0
21000, 10848, 1, 0
22000, 9966, 1, 0
23000, 9392, 1, 0
24000, 9000, 1, 0
25000, 9109, 1, 0
26031, 16430, 1, 0
27022, 19356, 1, 0
28000, 15775, 1, 0
29018, 17264, 1, 0
30000, 20384, 1, 0
31000, 19090, 1, 0
32001, 19750, 1, 0
33000, 19260, 1, 0
34016, 19101, 1, 0
35000, 21912, 1, 0
36000, 18815, 1, 0
37007, 18500, 1, 0
38035, 25727, 1, 0
39000, 19750, 1, 0
40000, 21935, 1, 0
41027, 19673, 1, 0
42004, 18521, 1, 0
43000, 21895, 1, 0
44000, 27022, 1, 0
45029, 27131, 1, 0
46001, 24434, 1, 0
47000, 25216, 1, 0
48024, 26718, 1, 0
49000, 25672, 1, 0
50009, 22513, 1, 0
51027, 24792, 1, 0
52045, 26158, 1, 0
53000, 26274, 1, 0
54016, 25591, 1, 0
55020, 25555, 1, 0
56040, 32698, 1, 0
57000, 37571, 1, 0
58000, 31830, 1, 0
59000, 24993, 1, 0
60000, 32404, 1, 0
1000, 19435, 1, 0
2001, 21912, 1, 0
3000, 21120, 1, 0
4000, 20714, 1, 0
5001, 22422, 1, 0
6000, 18782, 1, 0
7000, 23581, 1, 0
8000, 21857, 1, 0
9000, 17181, 1, 0
10000, 16150, 1, 0
11000, 16868, 1, 0
12000, 16112, 1, 0
13000, 16136, 1, 0
14000, 16298, 1, 0
15000, 15820, 1, 0
16000, 15099, 1, 0
17000, 13519, 1, 0
18000, 12884, 1, 0
19000, 12241, 1, 0
20000, 12018, 1, 0
21000, 10899, 1, 0
22000, 9802, 1, 0
23000, 9615, 1, 0
24000, 9067, 1, 0
25000, 9225, 1, 0
26000, 14240, 1, 0
27031, 20256, 1, 0
28000, 18700, 1, 0
29030, 16262, 1, 0
30000, 19433, 1, 0
31000, 19225, 1, 0
32003, 19406, 1, 0
33000, 19797, 1, 0
34027, 21662, 1, 0
35000, 21263, 1, 0
36000, 18337, 1, 0
37017, 18839, 1, 0
38000, 27161, 1, 0
39000, 28515, 1, 0
40000, 20466, 1, 0
41038, 20161, 1, 0
42014, 22344, 1, 0
43000, 25298, 1, 0
44000, 24130, 1, 0
45039, 25472, 1, 0
46001, 22629, 1, 0
47000, 43300, 1, 0
48034, 23451, 1, 0
49000, 22895, 1, 0
50016, 23896, 1, 0
51036, 24572, 1, 0
52000, 23252, 1, 0
53003, 25494, 1, 0
54026, 28507, 1, 0
55030, 26882, 1, 0
56051, 35498, 1, 0
57000, 28198, 1, 0
58002, 30436, 1, 0
59003, 25922, 1, 0
60000, 30815, 1, 0
1000, 18068, 1, 0
2000, 22732, 1, 0
3001, 20069, 1, 0
4000, 18450, 1, 0
5000, 20858, 1, 0
6000, 19401, 1, 0
7000, 21427, 1, 0
8000, 21817, 1, 0
9000, 16774, 1, 0
10000, 15862, 1, 0
11000, 15702, 1, 0
12000, 15852, 1, 0
13000, 15839, 1, 0
14000, 20014, 1, 0
15000, 15745, 1, 0
16000, 14550, 1, 0
17000, 13077, 1, 0
18000, 12657, 1, 0
19000, 12082, 1, 0
20000, 12035, 1, 0
21000, 10715, 1, 0
22000, 9721, 1, 0
23000, 9232, 1, 0
24000, 9184, 1, 0
25000, 8953, 1, 0
26000, 18030, 1, 0
27024, 19192, 1, 0
28000, 16066, 1, 0
29024, 17595, 1, 0
30000, 18877, 1, 0
31000, 18159, 1, 0
32000, 19054, 1, 0
33000, 23472, 1, 0
34020, 18897, 1, 0
35000, 19916, 1, 0
36000, 18794, 1, 0
37011, 20989, 1, 0
38000, 19187, 1, 0
39000, 21455, 1, 0
40000, 20834, 1, 0
41032, 22164, 1, 0
42009, 22690, 1, 0
43000, 28690, 1, 0
44000, 23574, 1, 0
45033, 23170, 1, 0
46000, 22710, 1, 0
47000, 24681, 1, 0
48029, 21968, 1, 0
49000, 26673, 1, 0
50013, 25300, 1, 0
51032, 21965, 1, 0
52050, 23675, 1, 0
53000, 24779, 1, 0
54020, 24627, 1, 0
55024, 27133, 1, 0
56045, 27490, 1, 0
57000, 31323, 1, 0
58000, 31915, 1, 0
59000, 36408, 1, 0
60000, 32665, 1, 0
1000, 18044, 1, 0
2000, 21503, 1, 0
3001, 19882, 1, 0
4000, 20525, 1, 0
5000, 21757, 1, 0
6000, 22752, 1, 0
7000, 18921, 1, 0
8000, 21251, 1, 0
9000, 16845, 1, 0
10000, 15895, 1, 0
11000, 16391, 1, 0
12000, 16233, 1, 0
13000, 15788, 1, 0
14000, 15950, 1, 0
15000, 15686, 1, 0
16000, 14408, 1, 0
17000, 14153, 1, 0
18000, 12099, 1, 0
19000, 12728, 1, 0
20000, 11713, 1, 0
21000, 10485, 1, 0
22000, 9949, 1, 0
23000, 9059, 1, 0
24000, 8929, 1, 0
25000, 8950, 1, 0
26000, 15461, 1, 0
27027, 23846, 1, 0
28000, 15251, 1, 0
29025, 16883, 1, 0
30000, 18999, 1, 0
31000, 17234, 1, 0
32000, 19871, 1, 0
33000, 18067, 1, 0
34015, 19755, 1, 0
35000, 22666, 1, 0
36000, 24631, 1, 0
37011, 20356, 1, 0
38000, 20606, 1, 0
39000, 25877, 1, 0
40000, 21916, 1, 0
41033, 21894, 1, 0
42009, 22466, 1, 0
43000, 20913, 1, 0
44000, 27606, 1, 0
45033, 24549, 1, 0
46001, 27073, 1, 0
47000, 23963, 1, 0
48029, 26920, 1, 0
49000, 28626, 1, 0
50011, 23248, 1, 0
51031, 23131, 1, 0
52051, 28221, 1, 0
53001, 33315, 1, 0
54020, 25646, 1, 0
55024, 25383, 1, 0
56044, 26351, 1, 0
57000, 30340, 1, 0
58000, 36669, 1, 0
59000, 30827, 1, 0
60000, 28018, 1, 0
1000, 18666, 1, 0
2000, 23212, 1, 0
3000, 20890, 1, 0
4003, 19907, 1, 0
5001, 21285, 1, 0
6001, 22596, 1, 0
7000, 19347, 1, 0
8000, 23135, 1, 0
9000, 16845, 1, 0
10000, 16342, 1, 0
11000, 15877, 1, 0
12000, 16016, 1, 0
13000, 16066, 1, 0
14000, 16040, 1, 0
15000, 15371, 1, 0
16000, 14547, 1, 0
17000, 13440, 1, 0
18000, 12683, 1, 0
19000, 12295, 1, 0
20001, 11913, 1, 0
21000, 10641, 1, 0
22000, 10324, 1, 0
23000, 9322, 1, 0
24000, 8776, 1, 0
25000, 8993, 1, 0
26030, 16365, 1, 0
27022, 20955, 1, 0
28000, 18201, 1, 0
29018, 15746, 1, 0
30000, 19211, 1, 0
31000, 18556, 1, 0
32001, 19665, 1, 0
33000, 21160, 1, 0
34015, 19045, 1, 0
35000, 19157, 1, 0
36000, 21446, 1, 0
37006, 20112, 1, 0
38035, 19780, 1, 0
39000, 23435, 1, 0
40041, 21252, 1, 0
41027, 24070, 1, 0
42005, 22871, 1, 0
43000, 23827, 1, 0
44000, 22996, 1, 0
45027, 27786, 1, 0
46000, 24940, 1, 0
47000, 24335, 1, 0
48025, 24765, 1, 0
49000, 25040, 1, 0
50006, 18700, 1, 0
51026, 21618, 1, 0
52045, 26437, 1, 0
53000, 30484, 1, 0
54015, 29890, 1, 0
55019, 31674, 1, 0
56040, 29054, 1, 0
57000, 37909, 1, 0
58000, 35329, 1, 0
59001, 31070, 1, 0
60000, 31863, 1, 0
1001, 18051, 1, 0
2000, 22519, 1, 0
3001, 18494, 1, 0
4001, 19893, 1, 0
5000, 21294, 1, 0
6000, 17852, 1, 0
7000, 19149, 1, 0
8001, 20694, 1, 0
9000, 16847, 1, 0
10000, 16028, 1, 0
11000, 15354, 1, 0
12000, 23048, 1, 0
13000, 15942, 1, 0
14000, 15752, 1, 0
15000, 16061, 1, 0
16000, 14472, 1, 0
17000, 13776, 1, 0
18000, 12264, 1, 0
19000, 14352, 1, 0
20000, 11651, 1, 0
21000, 11101, 1, 0
22000, 9577, 1, 0
23000, 9184, 1, 0
24000, 8773, 1, 0
25000, 8802, 1, 0
26028, 16360, 1, 0
27018, 19109, 1, 0
28000, 16594, 1, 0
29018, 18240, 1, 0
30000, 17512, 1, 0
31000, 17612, 1, 0
32001, 19056, 1, 0
33000, 20329, 1, 0
34008, 20129, 1, 0
35000, 19857, 1, 0
36000, 18991, 1, 0
37037, 54103, 1, 0
38033, 22689, 1, 0
39000, 20952, 1, 0
40039, 19686, 1, 0
41025, 21314, 1, 0
42002, 19509, 1, 0
43000, 24093, 1, 0
44000, 26151, 1, 0
45027, 30166, 1, 0
46001, 24307, 1, 0
47000, 22378, 1, 0
48023, 25503, 1, 0
49000, 27026, 1, 0
50007, 24497, 1, 0
51024, 23351, 1, 0
52043, 26358, 1, 0
53000, 31005, 1, 0
54015, 25185, 1, 0
55017, 29389, 1, 0
56038, 24919, 1, 0
57000, 29322, 1, 0
58000, 24425, 1, 0
59000, 31094, 1, 0
60000, 31655, 1, 0
1000, 19064, 1, 0
2001, 23007, 1, 0
3000, 19716, 1, 0
4000, 20853, 1, 0
5001, 20440, 1, 0
6000, 20238, 1, 0
7000, 21601, 1, 0
8001, 21906, 1, 0
9000, 16407, 1, 0
10000, 15515, 1, 0
11000, 15976, 1, 0
12000, 16260, 1, 0
13000, 15908, 1, 0
14000, 16167, 1, 0
15000, 15486, 1, 0
16000, 14378, 1, 0
17000, 13530, 1, 0
18000, 12666, 1, 0
19000, 12515, 1, 0
20000, 11857, 1, 0
21000, 10696, 1, 0
22000, 9943, 1, 0
23000, 9487, 1, 0
24000, 8873, 1, 0
25000, 9458, 1, 0
26029, 17694, 1, 0
27017, 40630, 1, 0
28000, 17153, 1, 0
29016, 18457, 1, 0
30000, 19923, 1, 0
31000, 19035, 1, 0
32000, 18206, 1, 0
33000, 21649, 1, 0
34012, 53168, 1, 0
35035, 20079, 1, 0
36000, 19783, 1, 0
37003, 18149, 1, 0
38031, 21913, 1, 0
39000, 19025, 1, 0
40038, 23394, 1, 0
41025, 25242, 1, 0
42001, 18232, 1, 0
43001, 19845, 1, 0
44000, 22514, 1, 0
45026, 25763, 1, 0
46000, 26106, 1, 0
47000, 23737, 1, 0
48021, 27122, 1, 0
49000, 26267, 1, 0
50003, 20827, 1, 0
51022, 23783, 1, 0
52042, 24594, 1, 0
53000, 32060, 1, 0
54012, 27325, 1, 0
55016, 28556, 1, 0
56037, 29923, 1, 0
57053, 26865, 1, 0
58000, 29744, 1, 0
59000, 29530, 1, 0
60000, 29329, 1, 0
1000, 17730, 1, 0
2000, 25668, 1, 0
3001, 17439, 1, 0
4000, 22340, 1, 0
5000, 19313, 1, 0
6000, 20849, 1, 0
7000, 21517, 1, 0
8000, 20582, 1, 0
9000, 16397, 1, 0
10000, 16217, 1, 0
11000, 17163, 1, 0
12000, 20735, 1, 0
13000, 15940, 1, 0
14000, 16153, 1, 0
15000, 15566, 1, 0
16000, 14378, 1, 0
17000, 13567, 1, 0
18000, 12440, 1, 0
19000, 12193, 1, 0
20000, 11723, 1, 0
21000, 11039, 1, 0
22000, 9813, 1, 0
23000, 9354, 1, 0
24000, 8792, 1, 0
25000, 9377, 1, 0
26026, 16148, 1, 0
27017, 16991, 1, 0
28000, 18475, 1, 0
29015, 17567, 1, 0
30000, 19775, 1, 0
31000, 18478, 1, 0
32000, 18748, 1, 0
33000, 19959, 1, 0
34012, 23278, 1, 0
35035, 19493, 1, 0
36000, 28780, 1, 0
37002, 19358, 1, 0
38030, 23355, 1, 0
39000, 20501, 1, 0
40037, 20698, 1, 0
41025, 22958, 1, 0
42000, 23427, 1, 0
43000, 22448, 1, 0
44000, 28010, 1, 0
45024, 24762, 1, 0
46001, 24180, 1, 0
47000, 24893, 1, 0
48021, 83013, 1, 0
49000, 28411, 1, 0
50002, 23385, 1, 0
51022, 25320, 1, 0
52041, 19993, 1, 0
53000, 24420, 1, 0
54011, 23917, 1, 0
55019, 27959, 1, 0
56036, 30169, 1, 0
57053, 31442, 1, 0
58000, 28109, 1, 0
59000, 31902, 1, 0
60000, 26832, 1, 0
1000, 17768, 1, 0
2000, 22257, 1, 0
3000, 17884, 1, 0
4001, 20933, 1, 0
5000, 21801, 1, 0
6000, 22569, 1, 0
7000, 19861, 1, 0
8000, 22935, 1, 0
9000, 17548, 1, 0
10000, 15942, 1, 0
11000, 16764, 1, 0
12000, 15859, 1, 0
13000, 17098, 1, 0
14000, 16403, 1, 0
15000, 15625, 1, 0
16000, 14375, 1, 0
17000, 12868, 1, 0
18000, 12744, 1, 0
19000, 12464, 1, 0
20000, 11737, 1, 0
21000, 10907, 1, 0
22000, 9739, 1, 0
23000, 9199, 1, 0
24000, 8727, 1, 0
25000, 9094, 1, 0
26027, 18938, 1, 0
27016, 19079, 1, 0
28000, 15603, 1, 0
29016, 17734, 1, 0
30000, 19347, 1, 0
31000, 23985, 1, 0
32000, 21045, 1, 0
33000, 19310, 1, 0
34011, 20060, 1, 0
35035, 24914, 1, 0
36000, 20180, 1, 0
37002, 20021, 1, 0
38031, 22084, 1, 0
39000, 21078, 1, 0
40037, 20294, 1, 0
41023, 20111, 1, 0
42003, 20893, 1, 0
43000, 21889, 1, 0
44000, 24217, 1, 0
45025, 23848, 1, 0
46000, 23659, 1, 0
47000, 24180, 1, 0
48021, 20369, 1, 0
49000, 30222, 1, 0
50002, 26984, 1, 0
51022, 22922, 1, 0
52041, 20421, 1, 0
53000, 23190, 1, 0
54011, 33503, 1, 0
55016, 25441, 1, 0
56036, 27693, 1, 0
57053, 26901, 1, 0
58000, 33931, 1, 0
59000, 33305, 1, 0
60000, 30513, 1, 0
1001, 21146, 1, 0
2008, 19011, 1, 0
3000, 19941, 1, 0
4000, 18114, 1, 0
5000, 20837, 1, 0
6000, 19339, 1, 0
7001, 20208, 1, 0
8000, 21113, 1, 0
9000, 16936, 1, 0
10000, 16796, 1, 0
11000, 15985, 1, 0
12000, 16152, 1, 0
13000, 16332, 1, 0
14000, 16337, 1, 0
15000, 16123, 1, 0
16000, 15125, 1, 0
17000, 13478, 1, 0
18000, 12722, 1, 0
19000, 12305, 1, 0
20000, 11608, 1, 0
21000, 11180, 1, 0
22000, 9737, 1, 0
23000, 8998, 1, 0
24000, 8899, 1, 0
25001, 9077, 1, 0
26000, 17383, 1, 0
27000, 17229, 1, 0
28000, 17712, 1, 0
29000, 16653, 1, 0
30000, 19699, 1, 0
31000, 18227, 1, 0
32015, 19546, 1, 0
33000, 20358, 1, 0
34039, 19900, 1, 0
35000, 21408, 1, 0
36010, 20409, 1, 0
37029, 18804, 1, 0
38000, 19712, 1, 0
39000, 20626, 1, 0
40000, 19397, 1, 0
41000, 20933, 1, 0
42027, 20304, 1, 0
43012, 22201, 1, 0
44000, 24727, 1, 0
45000, 26497, 1, 0
46012, 26120, 1, 0
47000, 24781, 1, 0
48048, 26329, 1, 0
49005, 21181, 1, 0
50028, 21210, 1, 0
51049, 23211, 1, 0
52000, 23808, 1, 0
53013, 24618, 1, 0
54038, 31136, 1, 0
55043, 29252, 1, 0
56000, 35611, 1, 0
57000, 30924, 1, 0
58005, 31602, 1, 0
59015, 32883, 1, 0
60002, 39083, 1, 0
1001, 20376, 1, 0
2000, 21338, 1, 0
3001, 20520, 1, 0
4000, 19489, 1, 0
5000, 22483, 1, 0
6000, 19714, 1, 0
7000, 19953, 1, 0
8000, 28244, 1, 0
9000, 18077, 1, 0
10000, 16177, 1, 0
11000, 15993, 1, 0
12000, 16370, 1, 0
13000, 15984, 1, 0
14000, 16302, 1, 0
15000, 15834, 1, 0
16000, 14632, 1, 0
17000, 13182, 1, 0
18000, 13056, 1, 0
19000, 12527, 1, 0
20000, 11747, 1, 0
21000, 10643, 1, 0
22000, 9878, 1, 0
23000, 9243, 1, 0
24000, 8841, 1, 0
25000, 9572, 1, 0
26000, 16219, 1, 0
27026, 19644, 1, 0
28000, 15611, 1, 0
29024, 16240, 1, 0
30000, 20107, 1, 0
31000, 17612, 1, 0
32000, 21268, 1, 0
33000, 21445, 1, 0
34021, 22176, 1, 0
35000, 20764, 1, 0
36000, 23435, 1, 0
37011, 23974, 1, 0
38000, 19132, 1, 0
39000, 22871, 1, 0
40000, 19522, 1, 0
41032, 19868, 1, 0
42008, 22284, 1, 0
43000, 28938, 1, 0
44000, 25206, 1, 0
45034, 23271, 1, 0
46000, 25214, 1, 0
47000, 25938, 1, 0
48030, 22849, 1, 0
49000, 25555, 1, 0
50010, 20305, 1, 0
51031, 27772, 1, 0
52050, 27409, 1, 0
53000, 23959, 1, 0
54022, 30060, 1, 0
55024, 25032, 1, 0
56044, 29107, 1, 0
57000, 30266, 1, 0
58000, 26669, 1, 0
59000, 27976, 1, 0
60000, 26950, 1, 0
1001, 18136, 1, 0
2000, 22273, 1, 0
3000, 17823, 1, 0
4000, 23026, 1, 0
5000, 20463, 1, 0
6000, 17420, 1, 0
7000, 21782, 1, 0
8000, 19742, 1, 0
9000, 16287, 1, 0
10000, 15887, 1, 0
11000, 15800, 1, 0
12000, 15769, 1, 0
13000, 15909, 1, 0
14000, 16429, 1, 0
15000, 15848, 1, 0
16000, 14498, 1, 0
17000, 13300, 1, 0
18000, 12769, 1, 0
19000, 12445, 1, 0
20000, 11695, 1, 0
21000, 10540, 1, 0
22000, 9478, 1, 0
23000, 9516, 1, 0
24000, 8803, 1, 0
25000, 9259, 1, 0
26030, 15949, 1, 0
27019, 19041, 1, 0
28000, 15950, 1, 0
29018, 18637, 1, 0
30000, 17735, 1, 0
31000, 18119, 1, 0
32001, 19934, 1, 0
33000, 41464, 1, 0
34013, 18917, 1, 0
35000, 20581, 1, 0
36000, 45706, 1, 0
37004, 19661, 1, 0
38032, 20231, 1, 0
39000, 22425, 1, 0
40040, 22343, 1, 0
41024, 19005, 1, 0
42002, 23553, 1, 0
43001, 22727, 1, 0
44000, 23110, 1, 0
45027, 26310, 1, 0
46000, 22857, 1, 0
47000, 24741, 1, 0
48023, 26222, 1, 0
49000, 21874, 1, 0
50007, 20798, 1, 0
51025, 30226, 1, 0
52043, 22571, 1, 0
53001, 25840, 1, 0
54013, 29606, 1, 0
55018, 24861, 1, 0
56039, 28420, 1, 0
57000, 28971, 1, 0
58000, 30776, 1, 0
59000, 32415, 1, 0
60000, 27595, 1, 0
1000, 28715, 1, 0
2000, 20195, 1, 0
3000, 20071, 1, 0
4000, 21033, 1, 0
5000, 19100, 1, 0
6000, 20859, 1, 0
7000, 19360, 1, 0
8001, 20504, 1, 0
9000, 16351, 1, 0
10000, 15833, 1, 0
11000, 15894, 1, 0
12000, 16497, 1, 0
13000, 15779, 1, 0
14000, 15392, 1, 0
15000, 15646, 1, 0
16000, 14666, 1, 0
17000, 13403, 1, 0
18000, 12209, 1, 0
19000, 12050, 1, 0
20000, 11512, 1, 0
21000, 10557, 1, 0
22000, 9682, 1, 0
23000, 9196, 1, 0
24000, 8993, 1, 0
25000, 8937, 1, 0
26026, 16054, 1, 0
27018, 18435, 1, 0
28000, 16865, 1, 0
29016, 18237, 1, 0
30000, 20072, 1, 0
31000, 17323, 1, 0
32000, 20285, 1, 0
33000, 18877, 1, 0
34012, 23462, 1, 0
35035, 21887, 1, 0
36000, 24728, 1, 0
37003, 21541, 1, 0
38032, 20477, 1, 0
39000, 19183, 1, 0
40037, 19195, 1, 0
41024, 22313, 1, 0
42000, 20772, 1, 0
43000, 20095, 1, 0
44000, 21233, 1, 0
45026, 26724, 1, 0
46000, 25125, 1, 0
47000, 24317, 1, 0
48021, 27020, 1, 0
49000, 25504, 1, 0
50002, 25456, 1, 0
51023, 51543, 1, 0
52043, 26126, 1, 0
53000, 22870, 1, 0
54011, 26169, 1, 0
55016, 23619, 1, 0
56038, 34285, 1, 0
57053, 28223, 1, 0
58000, 24932, 1, 0
59000, 25477, 1, 0
60000, 27297, 1, 0
1000, 17770, 1, 0
2001, 22252, 1, 0
3000, 20735, 1, 0
4001, 20248, 1, 0
5002, 20261, 1, 0
6000, 21853, 1, 0
7000, 19824, 1, 0
8000, 23979, 1, 0
9000, 17400, 1, 0
10000, 16081, 1, 0
11000, 15937, 1, 0
12000, 16076, 1, 0
13000, 15584, 1, 0
14000, 16104, 1, 0
15000, 15801, 1, 0
16000, 14772, 1, 0
17000, 13182, 1, 0
18000, 14520, 1, 0
19000, 12137, 1, 0
20001, 11479, 1, 0
21000, 10534, 1, 0
22000, 9943, 1, 0
23000, 9463, 1, 0
24000, 8873, 1, 0
25000, 9450, 1, 0
26031, 16068, 1, 0
27023, 21967, 1, 0
28000, 15864, 1, 0
29020, 16376, 1, 0
30000, 21031, 1, 0
31000, 18602, 1, 0
32001, 20557, 1, 0
33000, 18125, 1, 0
34015, 20498, 1, 0
35000, 22586, 1, 0
36000, 25406, 1, 0
37007, 25193, 1, 0
38036, 19252, 1, 0
39000, 29196, 1, 0
40000, 20235, 1, 0
41028, 21303, 1, 0
42005, 22845, 1, 0
43000, 20679, 1, 0
44000, 26341, 1, 0
45028, 23072, 1, 0
46000, 23484, 1, 0
47000, 24548, 1, 0
48025, 25780, 1, 0
49000, 25552, 1, 0
50006, 20574, 1, 0
51028, 25613, 1, 0
52046, 26322, 1, 0
53000, 27497, 1, 0
54015, 23487, 1, 0
55020, 25789, 1, 0
56041, 31576, 1, 0
57000, 28306, 1, 0
58000, 27115, 1, 0
59001, 33582, 1, 0
60000, 37449, 1, 0
1000, 17865, 1, 0
2000, 21949, 1, 0
3000, 20378, 1, 0
4001, 21081, 1, 0
5000, 20431, 1, 0
6000, 22125, 1, 0
7000, 21985, 1, 0
8001, 24664, 1, 0
9000, 16802, 1, 0
10000, 16007, 1, 0
11000, 15453, 1, 0
12000, 15616, 1, 0
13000, 15733, 1, 0
14000, 16073, 1, 0
15000, 15429, 1, 0
16000, 14607, 1, 0
17000, 13824, 1, 0
18000, 13181, 1, 0
19000, 12201, 1, 0
20000, 11690, 1, 0
21000, 10636, 1, 0
22000, 9605, 1, 0
23000, 9286, 1, 0
24000, 9148, 1, 0
25000, 9354, 1, 0
26025, 16039, 1, 0
27018, 17189, 1, 0
28000, 17144, 1, 0
29014, 19254, 1, 0
30000, 19136, 1, 0
31000, 18125, 1, 0
32001, 20543, 1, 0
33000, 18249, 1, 0
34009, 23581, 1, 0
35034, 54390, 1, 0
36000, 25078, 1, 0
37001, 25175, 1, 0
38029, 23268, 1, 0
39000, 21860, 1, 0
40036, 21977, 1, 0
41022, 23802, 1, 0
42000, 21843, 1, 0
43000, 23043, 1, 0
44000, 23062, 1, 0
45024, 23593, 1, 0
46000, 21369, 1, 0
47046, 26301, 1, 0
48019, 24979, 1, 0
49000, 20327, 1, 0
50001, 26655, 1, 0
51020, 26742, 1, 0
52040, 21337, 1, 0
53000, 29137, 1, 0
54011, 26540, 1, 0
55015, 25659, 1, 0
56034, 23296, 1, 0
57051, 32378, 1, 0
58000, 31092, 1, 0
59000, 30309, 1, 0
60000, 33338, 1, 0
1000, 19309, 1, 0
2000, 22443, 1, 0
3000, 20802, 1, 0
4002, 21600, 1, 0
5000, 21393, 1, 0
6000, 18335, 1, 0
7000, 20683, 1, 0
8001, 22288, 1, 0
9000, 16628, 1, 0
10000, 15946, 1, 0
11000, 15781, 1, 0
12000, 16128, 1, 0
13000, 23302, 1, 0
14000, 15891, 1, 0
15000, 16120, 1, 0
16000, 14236, 1, 0
17000, 13247, 1, 0
18000, 12508, 1, 0
19000, 12817, 1, 0
20000, 11380, 1, 0
21000, 10600, 1, 0
22000, 10019, 1, 0
23000, 9213, 1, 0
24000, 9357, 1, 0
25000, 9212, 1, 0
26026, 17085, 1, 0
27016, 19208, 1, 0
28000, 17046, 1, 0
29014, 17283, 1, 0
30000, 17410, 1, 0
31000, 18141, 1, 0
32000, 20969, 1, 0
33000, 17465, 1, 0
34012, 21935, 1, 0
35034, 19803, 1, 0
36000, 19228, 1, 0
37001, 19074, 1, 0
38030, 19422, 1, 0
39000, 25162, 1, 0
40036, 21250, 1, 0
41022, 23079, 1, 0
42001, 24269, 1, 0
43002, 30700, 1, 0
44000, 25673, 1, 0
45022, 28769, 1, 0
46000, 21357, 1, 0
47047, 30819, 1, 0
48019, 23171, 1, 0
49000, 59946, 1, 0
50001, 23561, 1, 0
51020, 26435, 1, 0
52040, 29880, 1, 0
53000, 24898, 1, 0
54010, 29309, 1, 0
55023, 28229, 1, 0
56035, 29123, 1, 0
57051, 23638, 1, 0
58000, 29501, 1, 0
59000, 27514, 1, 0
60000, 32300, 1, 0
1000, 19195, 1, 0
2000, 23047, 1, 0
3000, 17857, 1, 0
4000, 19232, 1, 0
5001, 18969, 1, 0
6001, 21031, 1, 0
7000, 19540, 1, 0
8000, 24088, 1, 0
9000, 16531, 1, 0
10000, 15851, 1, 0
11000, 16202, 1, 0
12000, 16180, 1, 0
13000, 16089, 1, 0
14000, 15983, 1, 0
15000, 15341, 1, 0
16000, 14424, 1, 0
17000, 13553, 1, 0
18000, 13022, 1, 0
19000, 12443, 1, 0
20000, 11334, 1, 0
21000, 11380, 1, 0
22000, 9899, 1, 0
23000, 9537, 1, 0
24000, 9415, 1, 0
25000, 9434, 1, 0
26025, 16192, 1, 0
27017, 16000, 1, 0
28000, 15911, 1, 0
29012, 18993, 1, 0
30000, 18518, 1, 0
31000, 17415, 1, 0
32000, 19859, 1, 0
33000, 18893, 1, 0
34009, 18293, 1, 0
35033, 19234, 1, 0
36000, 20173, 1, 0
37000, 19756, 1, 0
38029, 21249, 1, 0
39000, 26292, 1, 0
40035, 22083, 1, 0
41021, 21338, 1, 0
42000, 22449, 1, 0
43000, 23732, 1, 0
44000, 20277, 1, 0
45021, 23044, 1, 0
46000, 24417, 1, 0
47047, 23702, 1, 0
48019, 22832, 1, 0
49000, 23708, 1, 0
50001, 21935, 1, 0
51021, 26008, 1, 0
52040, 28150, 1, 0
53000, 29893, 1, 0
54009, 27040, 1, 0
55017, 22381, 1, 0
56034, 36637, 1, 0
57050, 31228, 1, 0
58000, 32720, 1, 0
59000, 32662, 1, 0
60000, 32953, 1, 0
1001, 19528, 1, 0
2001, 23480, 1, 0
3000, 21046, 1, 0
4002, 20369, 1, 0
5000, 21471, 1, 0
6000, 19288, 1, 0
7001, 23135, 1, 0
8001, 21854, 1, 0
9000, 17203, 1, 0
10000, 16014, 1, 0
11000, 15400, 1, 0
12000, 16013, 1, 0
13000, 16256, 1, 0
14000, 16211, 1, 0
15000, 16046, 1, 0
16000, 14826, 1, 0
17000, 13305, 1, 0
18000, 12511, 1, 0
19000, 12263, 1, 0
20000, 11562, 1, 0
21000, 10444, 1, 0
22000, 10046, 1, 0
23000, 9221, 1, 0
24000, 9074, 1, 0
25000, 9383, 1, 0
26025, 16492, 1, 0
27014, 17137, 1, 0
28000, 15967, 1, 0
29014, 19230, 1, 0
30000, 17861, 1, 0
31000, 20369, 1, 0
32003, 19546, 1, 0
33000, 20503, 1, 0
34010, 19531, 1, 0
35034, 19068, 1, 0
36000, 19810, 1, 0
37001, 25901, 1, 0
38029, 19391, 1, 0
39000, 20717, 1, 0
40036, 21571, 1, 0
41021, 23503, 1, 0
42000, 23490, 1, 0
43002, 26811, 1, 0
44000, 23616, 1, 0
45023, 23265, 1, 0
46000, 25557, 1, 0
47047, 23756, 1, 0
48019, 22947, 1, 0
49000, 23629, 1, 0
50001, 25351, 1, 0
51021, 25809, 1, 0
52040, 23945, 1, 0
53001, 25844, 1, 0
54011, 24040, 1, 0
55014, 23456, 1, 0
56035, 28026, 1, 0
57052, 27942, 1, 0
58000, 31758, 1, 0
59000, 32379, 1, 0
60000, 26244, 1, 0
1001, 18524, 1, 0
2000, 19753, 1, 0
3001, 18467, 1, 0
4000, 20403, 1, 0
5000, 23423, 1, 0
6001, 18373, 1, 0
7000, 18975, 1, 0
8001, 20221, 1, 0
9000, 16747, 1, 0
10000, 15939, 1, 0
11000, 15769, 1, 0
12000, 15956, 1, 0
13000, 16290, 1, 0
14000, 15967, 1, 0
15000, 15896, 1, 0
16000, 14292, 1, 0
17000, 13353, 1, 0
18000, 12384, 1, 0
19000, 12250, 1, 0
20000, 11641, 1, 0
21000, 10749, 1, 0
22000, 9925, 1, 0
23000, 8955, 1, 0
24000, 8700, 1, 0
25000, 8936, 1, 0
26018, 16504, 1, 0
27008, 19030, 1, 0
28000, 15388, 1, 0
29008, 19132, 1, 0
30000, 19243, 1, 0
31030, 39373, 1, 0
32000, 20439, 1, 0
33000, 20520, 1, 0
34004, 24435, 1, 0
35028, 20592, 1, 0
36000, 33356, 1, 0
37000, 20090, 1, 0
38023, 20599, 1, 0
39037, 22774, 1, 0
40030, 21816, 1, 0
41015, 22999, 1, 0
42000, 22160, 1, 0
43000, 21947, 1, 0
44045, 23111, 1, 0
45017, 25492, 1, 0
46000, 29701, 1, 0
47041, 26923, 1, 0
48014, 26996, 1, 0
49000, 19999, 1, 0
50000, 26215, 1, 0
51015, 24189, 1, 0
52033, 22542, 1, 0
53000, 24795, 1, 0
54005, 23607, 1, 0
55008, 25245, 1, 0
56028, 26852, 1, 0
57045, 31757, 1, 0
58000, 29632, 1, 0
59000, 33294, 1, 0
60013, 76747, 1, 0
1001, 18720, 1, 0
2000, 20222, 1, 0
3001, 20002, 1, 0
4001, 19103, 1, 0
5000, 21989, 1, 0
6000, 21834, 1, 0
7000, 17306, 1, 0
8000, 21057, 1, 0
9000, 17615, 1, 0
10000, 16395, 1, 0
11000, 15733, 1, 0
12000, 15944, 1, 0
13000, 15777, 1, 0
14000, 16068, 1, 0
15000, 15713, 1, 0
16000, 14347, 1, 0
17000, 13394, 1, 0
18000, 12730, 1, 0
19000, 11748, 1, 0
20000, 11478, 1, 0
21000, 10559, 1, 0
22000, 9940, 1, 0
23000, 9108, 1, 0
24000, 8888, 1, 0
25000, 9151, 1, 0
26021, 14701, 1, 0
27011, 19385, 1, 0
28000, 16534, 1, 0
29009, 17380, 1, 0
30000, 17602, 1, 0
31033, 17578, 1, 0
32000, 20371, 1, 0
33000, 18398, 1, 0
34005, 18763, 1, 0
35029, 20958, 1, 0
36000, 19060, 1, 0
37001, 19630, 1, 0
38025, 22334, 1, 0
39040, 19524, 1, 0
40031, 21816, 1, 0
41019, 21841, 1, 0
42000, 20772, 1, 0
43000, 22130, 1, 0
44000, 27559, 1, 0
45018, 20836, 1, 0
46001, 24015, 1, 0
47043, 25773, 1, 0
48014, 26978, 1, 0
49000, 23556, 1, 0
50000, 26441, 1, 0
51019, 28944, 1, 0
52035, 32505, 1, 0
53000, 25062, 1, 0
54006, 25884, 1, 0
55011, 25769, 1, 0
56030, 31219, 1, 0
57047, 29284, 1, 0
58000, 35493, 1, 0
59000, 27000, 1, 0
60015, 70969, 1, 0
1000, 19362, 1, 0
2000, 19354, 1, 0
3001, 19019, 1, 0
4000, 21794, 1, 0
5000, 21366, 1, 0
6001, 19830, 1, 0
7000, 20782, 1, 0
8000, 22327, 1, 0
9000, 17775, 1, 0
10000, 16088, 1, 0
11000, 16318, 1, 0
12000, 15958, 1, 0
13000, 15900, 1, 0
14000, 15965, 1, 0
15000, 15620, 1, 0
16000, 14730, 1, 0
17000, 13422, 1, 0
18000, 12407, 1, 0
19000, 12095, 1, 0
20000, 11782, 1, 0
21000, 10922, 1, 0
22000, 9792, 1, 0
23000, 9166, 1, 0
24000, 8819, 1, 0
25000, 8860, 1, 0
26024, 17265, 1, 0
27013, 15774, 1, 0
28000, 16191, 1, 0
29009, 17792, 1, 0
30000, 18654, 1, 0
31033, 17576, 1, 0
32000, 18493, 1, 0
33000, 22052, 1, 0
34005, 18915, 1, 0
35029, 23362, 1, 0
36000, 19904, 1, 0
37000, 20518, 1, 0
38025, 22334, 1, 0
39039, 20440, 1, 0
40032, 18549, 1, 0
41017, 21270, 1, 0
42000, 20928, 1, 0
43000, 23506, 1, 0
44000, 26135, 1, 0
45018, 26688, 1, 0
46000, 38900, 1, 0
47043, 24619, 1, 0
48015, 26602, 1, 0
49000, 21844, 1, 0
50000, 23907, 1, 0
51016, 22220, 1, 0
52035, 30425, 1, 0
53000, 26957, 1, 0
54005, 27153, 1, 0
55010, 27454, 1, 0
56030, 29718, 1, 0
57047, 30322, 1, 0
58000, 36862, 1, 0
59000, 33850, 1, 0
60015, 67070, 1, 0
1000, 20310, 1, 0
2000, 23835, 1, 0
3004, 17838, 1, 0
4000, 19533, 1, 0
5000, 21259, 1, 0
6001, 18811, 1, 0
7000, 20457, 1, 0
8001, 20549, 1, 0
9000, 17064, 1, 0
10000, 16100, 1, 0
11000, 15878, 1, 0
12000, 16456, 1, 0
13000, 15683, 1, 0
14000, 15858, 1, 0
15000, 15483, 1, 0
16000, 14299, 1, 0
17000, 13371, 1, 0
18000, 12900, 1, 0
19000, 12258, 1, 0
20000, 11791, 1, 0
21000, 10557, 1, 0
22000, 9858, 1, 0
23000, 9344, 1, 0
24000, 8851, 1, 0
25000, 8938, 1, 0
26019, 15597, 1, 0
27009, 16389, 1, 0
28000, 16455, 1, 0
29007, 17829, 1, 0
30000, 19624, 1, 0
31031, 18546, 1, 0
32001, 18374, 1, 0
33000, 19097, 1, 0
34004, 28024, 1, 0
35027, 25324, 1, 0
36000, 19451, 1, 0
37000, 21726, 1, 0
38024, 20224, 1, 0
39037, 21167, 1, 0
40030, 20581, 1, 0
41015, 21239, 1, 0
42001, 21126, 1, 0
43000, 21292, 1, 0
44045, 21809, 1, 0
45017, 22195, 1, 0
46000, 24076, 1, 0
47041, 25703, 1, 0
48013, 22031, 1, 0
49000, 24598, 1, 0
50000, 22179, 1, 0
51015, 22404, 1, 0
52035, 27889, 1, 0
53000, 25117, 1, 0
54003, 26837, 1, 0
55009, 29610, 1, 0
56029, 27598, 1, 0
57045, 30701, 1, 0
58000, 27646, 1, 0
59000, 31518, 1, 0
60013, 80191, 1, 0
1001, 17788, 1, 0
2001, 21951, 1, 0
3000, 19378, 1, 0
4000, 21474, 1, 0
5001, 23242, 1, 0
6000, 22290, 1, 0
7000, 19067, 1, 0
8000, 28547, 1, 0
9000, 16645, 1, 0
10000, 16459, 1, 0
11000, 15778, 1, 0
12000, 15588, 1, 0
13000, 16249, 1, 0
14000, 16111, 1, 0
15000, 15751, 1, 0
16000, 14441, 1, 0
17000, 13199, 1, 0
18000, 12281, 1, 0
19000, 12031, 1, 0
20000, 11347, 1, 0
21000, 10675, 1, 0
22000, 10011, 1, 0
23000, 9914, 1, 0
24000, 8753, 1, 0
25000, 9124, 1, 0
26019, 18006, 1, 0
27009, 17186, 1, 0
28000, 16258, 1, 0
29008, 16906, 1, 0
30000, 17437, 1, 0
31031, 21098, 1, 0
32000, 19447, 1, 0
33000, 20148, 1, 0
34004, 18980, 1, 0
35027, 18750, 1, 0
36000, 20018, 1, 0
37001, 26244, 1, 0
38023, 21442, 1, 0
39037, 19250, 1, 0
40030, 23175, 1, 0
41019, 22639, 1, 0
42000, 21335, 1, 0
43000, 26133, 1, 0
44045, 27768, 1, 0
45017, 20117, 1, 0
46000, 39160, 1, 0
47041, 24283, 1, 0
48012, 26095, 1, 0
49000, 30488, 1, 0
50000, 25146, 1, 0
51014, 24694, 1, 0
52034, 22120, 1, 0
53000, 25672, 1, 0
54005, 25032, 1, 0
55012, 28058, 1, 0
56027, 33836, 1, 0
57046, 31789, 1, 0
58000, 32315, 1, 0
59000, 29748, 1, 0
60013, 77814, 1, 0
1000, 18774, 1, 0
2000, 23349, 1, 0
3001, 19788, 1, 0
4000, 18783, 1, 0
5001, 22013, 1, 0
6000, 24169, 1, 0
7000, 23216, 1, 0
8003, 20975, 1, 0
9000, 16731, 1, 0
10000, 15931, 1, 0
11000, 20290, 1, 0
12000, 16589, 1, 0
13000, 17265, 1, 0
14000, 16061, 1, 0
15000, 16103, 1, 0
16000, 14501, 1, 0
17000, 13429, 1, 0
18000, 12505, 1, 0
19000, 12617, 1, 0
20000, 11544, 1, 0
21000, 10896, 1, 0
22000, 10349, 1, 0
23000, 9436, 1, 0
24000, 9053, 1, 0
25000, 9618, 1, 0
26016, 16475, 1, 0
27006, 18088, 1, 0
28000, 17093, 1, 0
29004, 20230, 1, 0
30000, 18051, 1, 0
31029, 20772, 1, 0
32000, 19901, 1, 0
33000, 21207, 1, 0
34004, 21800, 1, 0
35024, 18573, 1, 0
36000, 19096, 1, 0
37000, 18831, 1, 0
38020, 21345, 1, 0
39034, 21838, 1, 0
40027, 20204, 1, 0
41013, 21836, 1, 0
42000, 25367, 1, 0
43000, 23136, 1, 0
44044, 27082, 1, 0
45014, 24217, 1, 0
46000, 26921, 1, 0
47039, 24529, 1, 0
48010, 27285, 1, 0
49000, 25459, 1, 0
50000, 26271, 1, 0
51013, 20056, 1, 0
52031, 22088, 1, 0
53000, 30132, 1, 0
54001, 27086, 1, 0
55005, 27733, 1, 0
56025, 32629, 1, 0
57043, 28686, 1, 0
58053, 23429, 1, 0
59000, 29144, 1, 0
60011, 64662, 1, 0
1000, 18438, 1, 0
2000, 20092, 1, 0
3000, 18247, 1, 0
4000, 18349, 1, 0
5000, 21803, 1, 0
6000, 19474, 1, 0
7000, 18518, 1, 0
8000, 21118, 1, 0
9000, 16416, 1, 0
10000, 15486, 1, 0
11000, 16291, 1, 0
12000, 16315, 1, 0
13000, 15982, 1, 0
14000, 16176, 1, 0
15000, 15862, 1, 0
16000, 14425, 1, 0
17000, 13355, 1, 0
18000, 12737, 1, 0
19000, 12449, 1, 0
20000, 11856, 1, 0
21000, 10816, 1, 0
22000, 10027, 1, 0
23000, 9398, 1, 0
24000, 9381, 1, 0
25000, 9107, 1, 0
26021, 21204, 1, 0
27012, 18698, 1, 0
28000, 18493, 1, 0
29011, 16321, 1, 0
30000, 21401, 1, 0
31034, 18862, 1, 0
32000, 20616, 1, 0
33000, 18457, 1, 0
34007, 18790, 1, 0
35030, 21422, 1, 0
36000, 21900, 1, 0
37004, 24502, 1, 0
38026, 24981, 1, 0
39000, 20850, 1, 0
40033, 23849, 1, 0
41019, 22928, 1, 0
42000, 25744, 1, 0
43000, 20536, 1, 0
44000, 24216, 1, 0
45020, 21819, 1, 0
46002, 25650, 1, 0
47045, 26643, 1, 0
48017, 22833, 1, 0
49000, 20696, 1, 0
50001, 22819, 1, 0
51019, 25849, 1, 0
52037, 27450, 1, 0
53000, 20379, 1, 0
54007, 26502, 1, 0
55011, 26220, 1, 0
56032, 28920, 1, 0
57048, 28575, 1, 0
58000, 30979, 1, 0
59000, 30591, 1, 0
60018, 70175, 1, 0
1000, 18125, 1, 0
2000, 21567, 1, 0
3000, 21300, 1, 0
4000, 19746, 1, 0
5000, 22576, 1, 0
6001, 20419, 1, 0
7000, 22310, 1, 0
8000, 21199, 1, 0
9000, 17019, 1, 0
10000, 16242, 1, 0
11000, 16210, 1, 0
12000, 16116, 1, 0
13000, 16095, 1, 0
14000, 15517, 1, 0
15000, 15713, 1, 0
16000, 14357, 1, 0
17000, 13253, 1, 0
18000, 12459, 1, 0
19000, 12335, 1, 0
20000, 11403, 1, 0
21000, 10938, 1, 0
22000, 9868, 1, 0
23000, 9209, 1, 0
24000, 9020, 1, 0
25000, 9306, 1, 0
26015, 17479, 1, 0
27005, 18100, 1, 0
28000, 15306, 1, 0
29004, 16655, 1, 0
30000, 18539, 1, 0
31027, 19840, 1, 0
32000, 20823, 1, 0
33000, 20005, 1, 0
34000, 19135, 1, 0
35024, 18722, 1, 0
36000, 18962, 1, 0
37000, 20630, 1, 0
38019, 19670, 1, 0
39034, 21639, 1, 0
40027, 22357, 1, 0
41011, 20897, 1, 0
42000, 22804, 1, 0
43000, 24753, 1, 0
44042, 26458, 1, 0
45012, 24541, 1, 0
46000, 23784, 1, 0
47038, 24796, 1, 0
48009, 25114, 1, 0
49000, 23277, 1, 0
50000, 23393, 1, 0
51011, 21105, 1, 0
52031, 22462, 1, 0
53000, 26207, 1, 0
54000, 26988, 1, 0
55004, 24060, 1, 0
56024, 28846, 1, 0
57042, 32235, 1, 0
58052, 28782, 1, 0
59000, 33156, 1, 0
60010, 74523, 1, 0
1000, 18449, 1, 0
2000, 21288, 1, 0
3000, 18467, 1, 0
4001, 18095, 1, 0
5000, 22584, 1, 0
6000, 21259, 1, 0
7000, 20706, 1, 0
8000, 21644, 1, 0
9000, 16088, 1, 0
10000, 15984, 1, 0
11000, 15976, 1, 0
12000, 15874, 1, 0
13000, 15994, 1, 0
14000, 16168, 1, 0
15000, 15862, 1, 0
16000, 14407, 1, 0
17000, 13710, 1, 0
18000, 12226, 1, 0
19000, 12623, 1, 0
20000, 12017, 1, 0
21000, 10569, 1, 0
22000, 9594, 1, 0
23000, 9341, 1, 0
24000, 8763, 1, 0
25000, 9159, 1, 0
26020, 15140, 1, 0
27010, 18025, 1, 0
28000, 15874, 1, 0
29009, 16127, 1, 0
30000, 18879, 1, 0
31032, 16678, 1, 0
32000, 18259, 1, 0
33000, 17853, 1, 0
34005, 22354, 1, 0
35029, 22268, 1, 0
36000, 28680, 1, 0
37000, 68830, 1, 0
38025, 21776, 1, 0
39040, 21179, 1, 0
40032, 21653, 1, 0
41018, 23229, 1, 0
42001, 20938, 1, 0
43000, 23734, 1, 0
44000, 24362, 1, 0
45018, 22415, 1, 0
46000, 24200, 1, 0
47043, 25227, 1, 0
48014, 24809, 1, 0
49000, 27155, 1, 0
50000, 25979, 1, 0
51017, 22884, 1, 0
52036, 23653, 1, 0
53000, 24542, 1, 0
54007, 26264, 1, 0
55010, 31032, 1, 0
56031, 27917, 1, 0
57047, 28733, 1, 0
58000, 35666, 1, 0
59000, 36115, 1, 0
60015, 72166, 1, 0
1001, 19166, 1, 0
2000, 20936, 1, 0
3002, 19148, 1, 0
4000, 18640, 1, 0
5000, 21573, 1, 0
6001, 18047, 1, 0
7000, 17827, 1, 0
8000, 21265, 1, 0
9000, 16540, 1, 0
10000, 15817, 1, 0
11000, 16242, 1, 0
12000, 15771, 1, 0
13000, 15743, 1, 0
14000, 15609, 1, 0
15000, 15590, 1, 0
16000, 14923, 1, 0
17000, 13773, 1, 0
18000, 12171, 1, 0
19000, 12318, 1, 0
20000, 11599, 1, 0
21000, 10748, 1, 0
22000, 10000, 1, 0
23000, 9061, 1, 0
24000, 8886, 1, 0
25000, 9122, 1, 0
26013, 17753, 1, 0
27005, 19615, 1, 0
28000, 14677, 1, 0
29003, 19519, 1, 0
30000, 19681, 1, 0
31025, 18525, 1, 0
32000, 20408, 1, 0
33000, 17889, 1, 0
34000, 19055, 1, 0
35022, 20225, 1, 0
36000, 20229, 1, 0
37000, 21073, 1, 0
38018, 19886, 1, 0
39033, 22373, 1, 0
40025, 25968, 1, 0
41010, 20576, 1, 0
42000, 23210, 1, 0
43000, 25053, 1, 0
44040, 22017, 1, 0
45012, 21656, 1, 0
46000, 24425, 1, 0
47035, 32965, 1, 0
48008, 25283, 1, 0
49047, 25924, 1, 0
50000, 23441, 1, 0
51009, 27105, 1, 0
52029, 30262, 1, 0
53000, 32574, 1, 0
54000, 28550, 1, 0
55006, 28737, 1, 0
56023, 26512, 1, 0
57040, 29048, 1, 0
58051, 29290, 1, 0
59000, 36146, 1, 0
60008, 78008, 1, 0
1000, 18456, 1, 0
2000, 20974, 1, 0
3000, 20794, 1, 0
4000, 21374, 1, 0
5003, 19287, 1, 0
6000, 21669, 1, 0
7000, 22320, 1, 0
8000, 22616, 1, 0
9000, 17239, 1, 0
10000, 15933, 1, 0
11000, 15827, 1, 0
12000, 16159, 1, 0
13000, 16162, 1, 0
14000, 16166, 1, 0
15000, 16014, 1, 0
16000, 14535, 1, 0
17000, 13411, 1, 0
18000, 14371, 1, 0
19000, 12154, 1, 0
20000, 11595, 1, 0
21000, 11302, 1, 0
22000, 10366, 1, 0
23000, 9354, 1, 0
24000, 8781, 1, 0
25000, 9267, 1, 0
26009, 16857, 1, 0
27000, 16460, 1, 0
28000, 16923, 1, 0
29001, 17834, 1, 0
30001, 18700, 1, 0
31022, 19501, 1, 0
32000, 21806, 1, 0
33000, 20045, 1, 0
34000, 21603, 1, 0
35018, 18379, 1, 0
36000, 18898, 1, 0
37000, 21941, 1, 0
38013, 20871, 1, 0
39028, 24548, 1, 0
40021, 19743, 1, 0
41006, 24656, 1, 0
42000, 24582, 1, 0
43000, 21238, 1, 0
44036, 25117, 1, 0
45007, 30044, 1, 0
46000, 31138, 1, 0
47032, 24255, 1, 0
48003, 27835, 1, 0
49044, 24620, 1, 0
50000, 24715, 1, 0
51005, 22357, 1, 0
52024, 25086, 1, 0
53000, 24025, 1, 0
54000, 28253, 1, 0
55000, 28085, 1, 0
56018, 32019, 1, 0
57035, 25524, 1, 0
58048, 29358, 1, 0
59054, 32756, 1, 0
60004, 73768, 1, 0
1001, 18438, 1, 0
2000, 22199, 1, 0
3000, 21109, 1, 0
4001, 18808, 1, 0
5001, 20993, 1, 0
6000, 20731, 1, 0
7000, 22592, 1, 0
8001, 20214, 1, 0
9000, 16512, 1, 0
10000, 15997, 1, 0
11000, 15551, 1, 0
12000, 16020, 1, 0
13000, 16159, 1, 0
14000, 16362, 1, 0
15000, 15584, 1, 0
16000, 14716, 1, 0
17000, 13721, 1, 0
18000, 13311, 1, 0
19000, 12365, 1, 0
20000, 11871, 1, 0
21000, 11335, 1, 0
22000, 10144, 1, 0
23000, 9185, 1, 0
24000, 8836, 1, 0
25000, 9352, 1, 0
26008, 19328, 1, 0
27005, 17804, 1, 0
28000, 16632, 1, 0
29002, 19157, 1, 0
30000, 18033, 1, 0
31019, 18120, 1, 0
32000, 19502, 1, 0
33000, 18366, 1, 0
34000, 18486, 1, 0
35017, 18947, 1, 0
36000, 19769, 1, 0
37000, 20231, 1, 0
38012, 22255, 1, 0
39026, 20705, 1, 0
40019, 19816, 1, 0
41005, 23908, 1, 0
42000, 21529, 1, 0
43000, 25346, 1, 0
44034, 21979, 1, 0
45006, 24972, 1, 0
46000, 25892, 1, 0
47030, 27099, 1, 0
48001, 23336, 1, 0
49042, 27831, 1, 0
50000, 27805, 1, 0
51003, 27142, 1, 0
52023, 28133, 1, 0
53000, 31137, 1, 0
54001, 40994, 1, 0
55000, 33145, 1, 0
56017, 24058, 1, 0
57034, 37592, 1, 0
58045, 26910, 1, 0
59054, 31805, 1, 0
60002, 72313, 1, 0
1000, 18426, 1, 0
2000, 21357, 1, 0
3004, 18929, 1, 0
4000, 19903, 1, 0
5001, 21028, 1, 0
6000, 18287, 1, 0
7000, 19926, 1, 0
8002, 23366, 1, 0
9000, 16751, 1, 0
10000, 15747, 1, 0
11000, 16282, 1, 0
12000, 16096, 1, 0
13000, 15859, 1, 0
14000, 16181, 1, 0
15000, 15290, 1, 0
16000, 15047, 1, 0
17000, 13670, 1, 0
18000, 11983, 1, 0
19000, 11847, 1, 0
20000, 11618, 1, 0
21000, 11021, 1, 0
22000, 9610, 1, 0
23000, 9106, 1, 0
24000, 8872, 1, 0
25000, 9454, 1, 0
26017, 18671, 1, 0
27008, 20611, 1, 0
28000, 17770, 1, 0
29006, 18988, 1, 0
30000, 18151, 1, 0
31029, 16308, 1, 0
32000, 21493, 1, 0
33000, 21199, 1, 0
34002, 20002, 1, 0
35026, 18895, 1, 0
36000, 30175, 1, 0
37000, 28302, 1, 0
38021, 24716, 1, 0
39036, 21081, 1, 0
40027, 22310, 1, 0
41013, 20819, 1, 0
42000, 24288, 1, 0
43000, 25075, 1, 0
44044, 24546, 1, 0
45015, 28956, 1, 0
46000, 26750, 1, 0
47039, 26142, 1, 0
48011, 24452, 1, 0
49000, 37756, 1, 0
50001, 31361, 1, 0
51012, 28129, 1, 0
52032, 24339, 1, 0
53000, 33822, 1, 0
54003, 27690, 1, 0
55006, 31575, 1, 0
56026, 25634, 1, 0
57043, 28801, 1, 0
58054, 28789, 1, 0
59000, 33112, 1, 0
60011, 78706, 1, 0
1000, 18666, 1, 0
2000, 22872, 1, 0
3001, 18168, 1, 0
4001, 18445, 1, 0
5000, 20053, 1, 0
6001, 20008, 1, 0
7000, 18201, 1, 0
8000, 19605, 1, 0
9000, 16159, 1, 0
10000, 15740, 1, 0
11000, 16381, 1, 0
12000, 16052, 1, 0
13000, 16047, 1, 0
14000, 16222, 1, 0
15000, 15674, 1, 0
16000, 14230, 1, 0
17000, 13452, 1, 0
18000, 12357, 1, 0
19000, 12458, 1, 0
20000, 11977, 1, 0
21000, 10550, 1, 0
22000, 9953, 1, 0
23000, 9818, 1, 0
24000, 9302, 1, 0
25000, 9434, 1, 0
26023, 15328, 1, 0
27012, 20506, 1, 0
28000, 19548, 1, 0
29012, 15456, 1, 0
30000, 19789, 1, 0
31034, 19396, 1, 0
32000, 19835, 1, 0
33000, 19041, 1, 0
34008, 20713, 1, 0
35031, 25819, 1, 0
36000, 25809, 1, 0
37003, 20241, 1, 0
38027, 26527, 1, 0
39000, 20274, 1, 0
40033, 19572, 1, 0
41019, 24601, 1, 0
42000, 19191, 1, 0
43019, 49844, 1, 0
44000, 23250, 1, 0
45019, 26321, 1, 0
46002, 23469, 1, 0
47044, 22797, 1, 0
48016, 24843, 1, 0
49000, 23694, 1, 0
50000, 28143, 1, 0
51018, 28557, 1, 0
52037, 22788, 1, 0
53000, 22163, 1, 0
54008, 29132, 1, 0
55011, 25238, 1, 0
56032, 31158, 1, 0
57048, 29901, 1, 0
58000, 25925, 1, 0
59001, 28464, 1, 0
60017, 68056, 1, 0
1001, 19010, 1, 0
2000, 19550, 1, 0
3001, 18733, 1, 0
4000, 19436, 1, 0
5000, 19180, 1, 0
6000, 21287, 1, 0
7001, 21071, 1, 0
8001, 20541, 1, 0
9000, 17874, 1, 0
10000, 15715, 1, 0
11000, 16797, 1, 0
12000, 16189, 1, 0
13000, 15737, 1, 0
14000, 16190, 1, 0
15000, 15670, 1, 0
16000, 14721, 1, 0
17000, 13156, 1, 0
18000, 12361, 1, 0
19000, 12554, 1, 0
20000, 11713, 1, 0
21000, 10823, 1, 0
22000, 9792, 1, 0
23000, 9312, 1, 0
24000, 8812, 1, 0
25000, 9135, 1, 0
26019, 17173, 1, 0
27009, 20839, 1, 0
28001, 17179, 1, 0
29007, 16234, 1, 0
30000, 19228, 1, 0
31031, 20241, 1, 0
32001, 19236, 1, 0
33000, 19004, 1, 0
34003, 20122, 1, 0
35026, 23621, 1, 0
36000, 20250, 1, 0
37000, 23268, 1, 0
38022, 19680, 1, 0
39036, 19772, 1, 0
40029, 19276, 1, 0
41015, 21546, 1, 0
42000, 24289, 1, 0
43000, 24990, 1, 0
44045, 24769, 1, 0
45016, 24849, 1, 0
46000, 27668, 1, 0
47041, 25891, 1, 0
48013, 24334, 1, 0
49000, 25824, 1, 0
50000, 28287, 1, 0
51013, 20502, 1, 0
52033, 21287, 1, 0
53000, 30094, 1, 0
54005, 25314, 1, 0
55007, 23917, 1, 0
56027, 32099, 1, 0
57045, 28411, 1, 0
58000, 29586, 1, 0
59000, 27825, 1, 0
60013, 68781, 1, 0
1000, 19798, 1, 0
2000, 24587, 1, 0
3000, 18980, 1, 0
4000, 21196, 1, 0
5002, 18645, 1, 0
6000, 22234, 1, 0
7001, 20247, 1, 0
8000, 21986, 1, 0
9000, 16924, 1, 0
10000, 16093, 1, 0
11000, 16263, 1, 0
12000, 16186, 1, 0
13000, 16091, 1, 0
14000, 16283, 1, 0
15000, 15551, 1, 0
16000, 14916, 1, 0
17000, 13260, 1, 0
18000, 12241, 1, 0
19000, 11857, 1, 0
20000, 11544, 1, 0
21000, 10551, 1, 0
22000, 9689, 1, 0
23000, 8862, 1, 0
24000, 9008, 1, 0
25000, 9181, 1, 0
26021, 16652, 1, 0
27010, 16899, 1, 0
28000, 15816, 1, 0
29004, 17087, 1, 0
30000, 19794, 1, 0
31028, 19897, 1, 0
32000, 20117, 1, 0
33000, 19980, 1, 0
34002, 19606, 1, 0
35025, 23111, 1, 0
36000, 20874, 1, 0
37000, 19341, 1, 0
38021, 22311, 1, 0
39036, 18895, 1, 0
40028, 25608, 1, 0
41012, 21892, 1, 0
42000, 19636, 1, 0
43000, 23000, 1, 0
44044, 23233, 1, 0
45015, 26654, 1, 0
46000, 27673, 1, 0
47040, 25423, 1, 0
48011, 25269, 1, 0
49000, 26159, 1, 0
50000, 24171, 1, 0
51012, 23586, 1, 0
52031, 28100, 1, 0
53000, 28498, 1, 0
54002, 23217, 1, 0
55009, 22184, 1, 0
56026, 25643, 1, 0
57042, 29868, 1, 0
58053, 29394, 1, 0
59000, 32736, 1, 0
60011, 68627, 1, 0
1000, 18413, 1, 0
2000, 21057, 1, 0
3000, 19374, 1, 0
4001, 19986, 1, 0
5001, 19922, 1, 0
6000, 22780, 1, 0
7001, 20881, 1, 0
8001, 21329, 1, 0
9000, 16059, 1, 0
10000, 15602, 1, 0
11000, 15691, 1, 0
12000, 15666, 1, 0
13000, 15818, 1, 0
14000, 15806, 1, 0
15000, 15437, 1, 0
16000, 14733, 1, 0
17000, 13313, 1, 0
18000, 12218, 1, 0
19000, 12312, 1, 0
20000, 11630, 1, 0
21000, 10716, 1, 0
22000, 9583, 1, 0
23000, 9501, 1, 0
24000, 8676, 1, 0
25000, 9115, 1, 0
26021, 16882, 1, 0
27010, 18418, 1, 0
28000, 16277, 1, 0
29010, 16335, 1, 0
30000, 18770, 1, 0
31032, 18311, 1, 0
32000, 19481, 1, 0
33000, 19382, 1, 0
34005, 18481, 1, 0
35029, 22169, 1, 0
36000, 18680, 1, 0
37001, 19806, 1, 0
38024, 25790, 1, 0
39038, 18834, 1, 0
40031, 19986, 1, 0
41016, 21621, 1, 0
42000, 23014, 1, 0
43000, 24703, 1, 0
44046, 21047, 1, 0
45018, 42526, 1, 0
46000, 25229, 1, 0
47042, 22657, 1, 0
48015, 26858, 1, 0
49000, 28039, 1, 0
50000, 32062, 1, 0
51017, 25265, 1, 0
52035, 24052, 1, 0
53000, 22248, 1, 0
54007, 24139, 1, 0
55014, 27090, 1, 0
56030, 30195, 1, 0
57046, 35127, 1, 0
58001, 79642, 1, 0
59000, 37029, 1, 0
60014, 64296, 1, 0
1000, 17535, 1, 0
2001, 23033, 1, 0
3001, 19381, 1, 0
4000, 21976, 1, 0
5006, 21924, 1, 0
6001, 19729, 1, 0
7000, 21568, 1, 0
8000, 19112, 1, 0
9000, 16338, 1, 0
10000, 15771, 1, 0
11000, 15427, 1, 0
12000, 16021, 1, 0
13000, 19100, 1, 0
14000, 16120, 1, 0
15000, 15984, 1, 0
16000, 14904, 1, 0
17000, 13322, 1, 0
18000, 12423, 1, 0
19000, 12218, 1, 0
20000, 11790, 1, 0
21000, 10942, 1, 0
22000, 10068, 1, 0
23000, 9207, 1, 0
24000, 8804, 1, 0
25000, 9435, 1, 0
26018, 18339, 1, 0
27007, 17872, 1, 0
28000, 16843, 1, 0
29005, 16941, 1, 0
30000, 19188, 1, 0
31030, 18744, 1, 0
32000, 30040, 1, 0
33000, 18218, 1, 0
34005, 19375, 1, 0
35025, 19081, 1, 0
36000, 26572, 1, 0
37000, 18714, 1, 0
38021, 19303, 1, 0
39036, 20952, 1, 0
40028, 21335, 1, 0
41014, 23203, 1, 0
42001, 23201, 1, 0
43000, 25357, 1, 0
44044, 22159, 1, 0
45016, 24407, 1, 0
46000, 23956, 1, 0
47039, 22572, 1, 0
48011, 25357, 1, 0
49000, 28032, 1, 0
50000, 24047, 1, 0
51013, 29741, 1, 0
52034, 27552, 1, 0
53001, 26200, 1, 0
54002, 26414, 1, 0
55010, 25267, 1, 0
56026, 30705, 1, 0
57044, 33262, 1, 0
58000, 24861, 1, 0
59000, 31982, 1, 0
60011, 69802, 1, 0
1000, 20064, 1, 0
2001, 23895, 1, 0
3000, 19552, 1, 0
4001, 19412, 1, 0
5001, 20023, 1, 0
6001, 18866, 1, 0
7001, 19000, 1, 0
8001, 20415, 1, 0
9000, 16640, 1, 0
10000, 15859, 1, 0
11000, 24116, 1, 0
12000, 16055, 1, 0
13000, 15721, 1, 0
14000, 16225, 1, 0
15000, 15321, 1, 0
16000, 14850, 1, 0
17000, 13210, 1, 0
18000, 12615, 1, 0
19000, 12427, 1, 0
20000, 11699, 1, 0
21000, 10550, 1, 0
22000, 9898, 1, 0
23000, 9102, 1, 0
24000, 9000, 1, 0
25000, 8893, 1, 0
26015, 16379, 1, 0
27005, 16823, 1, 0
28000, 16775, 1, 0
29003, 19403, 1, 0
30000, 19272, 1, 0
31027, 17756, 1, 0
32000, 20555, 1, 0
33000, 18563, 1, 0
34001, 25370, 1, 0
35024, 20266, 1, 0
36000, 19576, 1, 0
37000, 19890, 1, 0
38019, 20780, 1, 0
39034, 21201, 1, 0
40027, 22288, 1, 0
41011, 24935, 1, 0
42000, 19571, 1, 0
43000, 20560, 1, 0
44042, 21756, 1, 0
45014, 25142, 1, 0
46000, 27117, 1, 0
47038, 27126, 1, 0
48009, 26688, 1, 0
49049, 25802, 1, 0
50000, 23922, 1, 0
51011, 22816, 1, 0
52030, 22754, 1, 0
53000, 25372, 1, 0
54001, 27786, 1, 0
55008, 25944, 1, 0
56025, 31033, 1, 0
57042, 28130, 1, 0
58052, 32384, 1, 0
59000, 25073, 1, 0
60010, 59262, 1, 0
1000, 17983, 1, 0
2000, 23266, 1, 0
3000, 19997, 1, 0
4000, 21203, 1, 0
5004, 19584, 1, 0
6001, 20701, 1, 0
7000, 18477, 1, 0
8000, 20025, 1, 0
9000, 17204, 1, 0
10000, 16097, 1, 0
11000, 16636, 1, 0
12000, 16080, 1, 0
13000, 16467, 1, 0
14000, 16355, 1, 0
15000, 15766, 1, 0
16000, 15137, 1, 0
17000, 13371, 1, 0
18000, 12398, 1, 0
19000, 12164, 1, 0
20000, 11512, 1, 0
21000, 10536, 1, 0
22000, 9862, 1, 0
23000, 9131, 1, 0
24000, 9126, 1, 0
25000, 9250, 1, 0
26018, 15547, 1, 0
27006, 24591, 1, 0
28000, 15497, 1, 0
29005, 18596, 1, 0
30000, 18907, 1, 0
31028, 18021, 1, 0
32000, 50633, 1, 0
33000, 19401, 1, 0
34002, 18847, 1, 0
35025, 19909, 1, 0
36000, 23638, 1, 0
37001, 24056, 1, 0
38020, 21452, 1, 0
39035, 22289, 1, 0
40028, 20619, 1, 0
41012, 22677, 1, 0
42000, 25450, 1, 0
43000, 23859, 1, 0
44043, 28153, 1, 0
45014, 25404, 1, 0
46000, 23925, 1, 0
47038, 23077, 1, 0
48011, 25630, 1, 0
49000, 24260, 1, 0
50000, 27080, 1, 0
51012, 23051, 1, 0
52031, 26883, 1, 0
53000, 31216, 1, 0
54003, 28720, 1, 0
55008, 26967, 1, 0
56026, 34657, 1, 0
57043, 24592, 1, 0
58055, 27314, 1, 0
59000, 31201, 1, 0
60011, 67058, 1, 0
1000, 27585, 1, 0
2000, 21499, 1, 0
3000, 19535, 1, 0
4000, 21014, 1, 0
5000, 21307, 1, 0
6001, 19682, 1, 0
7000, 19815, 1, 0
8000, 20207, 1, 0
9000, 17081, 1, 0
10000, 16053, 1, 0
11000, 15974, 1, 0
12000, 16069, 1, 0
13000, 16652, 1, 0
14000, 16137, 1, 0
15000, 15700, 1, 0
16000, 14553, 1, 0
17000, 13266, 1, 0
18000, 12395, 1, 0
19000, 12379, 1, 0
20000, 11617, 1, 0
21000, 10592, 1, 0
22000, 9734, 1, 0
23000, 9625, 1, 0
24000, 8643, 1, 0
25000, 9143, 1, 0
26025, 15623, 1, 0
27013, 41610, 1, 0
28000, 15574, 1, 0
29012, 18025, 1, 0
30000, 19079, 1, 0
31034, 21148, 1, 0
32001, 19858, 1, 0
33000, 20302, 1, 0
34007, 22550, 1, 0
35030, 19864, 1, 0
36000, 19551, 1, 0
37004, 23491, 1, 0
38027, 20948, 1, 0
39000, 21488, 1, 0
40033, 20763, 1, 0
41019, 23293, 1, 0
42000, 21714, 1, 0
43000, 23340, 1, 0
44000, 25291, 1, 0
45020, 23442, 1, 0
46001, 21897, 1, 0
47044, 24008, 1, 0
48016, 26512, 1, 0
49000, 25651, 1, 0
50000, 27831, 1, 0
51018, 32778, 1, 0
52037, 23738, 1, 0
53000, 32046, 1, 0
54008, 22586, 1, 0
55011, 28178, 1, 0
56032, 30757, 1, 0
57049, 33238, 1, 0
58000, 27994, 1, 0
59000, 35600, 1, 0
60016, 74110, 1, 0
1001, 19427, 1, 0
2000, 22801, 1, 0
3000, 18027, 1, 0
4000, 21113, 1, 0
5000, 20680, 1, 0
6000, 18246, 1, 0
7000, 21499, 1, 0
8000, 20501, 1, 0
9000, 17400, 1, 0
10000, 16108, 1, 0
11000, 15975, 1, 0
12000, 15945, 1, 0
13000, 16099, 1, 0
14000, 16014, 1, 0
15000, 15841, 1, 0
16000, 14638, 1, 0
17000, 13356, 1, 0
18000, 12660, 1, 0
19000, 12583, 1, 0
20000, 12385, 1, 0
21000, 10867, 1, 0
22000, 9702, 1, 0
23000, 9349, 1, 0
24000, 9049, 1, 0
25000, 9531, 1, 0
26000, 15354, 1, 0
27001, 19206, 1, 0
28000, 19863, 1, 0
29001, 17939, 1, 0
30000, 20082, 1, 0
31010, 18738, 1, 0
32000, 19609, 1, 0
33034, 19084, 1, 0
34000, 20721, 1, 0
35007, 18674, 1, 0
36000, 21353, 1, 0
37000, 19663, 1, 0
38003, 23810, 1, 0
39018, 22905, 1, 0
40009, 19108, 1, 0
41000, 23412, 1, 0
42000, 22568, 1, 0
43000, 25499, 1, 0
44026, 24926, 1, 0
45000, 26794, 1, 0
46000, 27080, 1, 0
47021, 23663, 1, 0
48001, 23121, 1, 0
49033, 21045, 1, 0
50001, 25354, 1, 0
51001, 54382, 1, 0
52013, 24117, 1, 0
53047, 24134, 1, 0
54000, 24009, 1, 0
55000, 26587, 1, 0
56009, 34800, 1, 0
57025, 30054, 1, 0
58037, 29928, 1, 0
59043, 29961, 1, 0
60021, 111438, 1, 0
1000, 17886, 1, 0
2000, 20585, 1, 0
3000, 18401, 1, 0
4000, 19487, 1, 0
5000, 22732, 1, 0
6000, 20650, 1, 0
7000, 19972, 1, 0
8001, 22115, 1, 0
9000, 16386, 1, 0
10000, 16116, 1, 0
11000, 15762, 1, 0
12000, 15626, 1, 0
13000, 16130, 1, 0
14000, 16258, 1, 0
15000, 15453, 1, 0
16000, 14415, 1, 0
17000, 13286, 1, 0
18000, 13070, 1, 0
19000, 12375, 1, 0
20000, 12107, 1, 0
21000, 10750, 1, 0
22000, 9750, 1, 0
23000, 9265, 1, 0
24000, 8879, 1, 0
25000, 9163, 1, 0
26001, 15184, 1, 0
27000, 17015, 1, 0
28000, 15540, 1, 0
29000, 17164, 1, 0
30000, 18395, 1, 0
31011, 19191, 1, 0
32000, 19223, 1, 0
33033, 21416, 1, 0
34000, 24603, 1, 0
35007, 26188, 1, 0
36000, 25828, 1, 0
37000, 20759, 1, 0
38002, 20083, 1, 0
39017, 21202, 1, 0
40010, 23014, 1, 0
41000, 25042, 1, 0
42000, 19937, 1, 0
43000, 22501, 1, 0
44025, 26639, 1, 0
45000, 21415, 1, 0
46000, 25438, 1, 0
47021, 23933, 1, 0
48000, 23962, 1, 0
49032, 21907, 1, 0
50000, 24937, 1, 0
51000, 22437, 1, 0
52013, 23508, 1, 0
53046, 27731, 1, 0
54000, 25064, 1, 0
55000, 31281, 1, 0
56007, 25254, 1, 0
57024, 34329, 1, 0
58038, 29673, 1, 0
59043, 32911, 1, 0
60017, 111625, 1, 0
1000, 18655, 1, 0
2000, 21988, 1, 0
3000, 20383, 1, 0
4000, 19903, 1, 0
5001, 19898, 1, 0
6000, 19253, 1, 0
7000, 18101, 1, 0
8000, 19788, 1, 0
9000, 16852, 1, 0
10000, 15962, 1, 0
11000, 16004, 1, 0
12000, 16028, 1, 0
13000, 16024, 1, 0
14000, 16082, 1, 0
15000, 15933, 1, 0
16000, 14315, 1, 0
17000, 13435, 1, 0
18000, 12653, 1, 0
19000, 11975, 1, 0
20000, 11828, 1, 0
21000, 11157, 1, 0
22000, 9828, 1, 0
23000, 9091, 1, 0
24000, 8609, 1, 0
25000, 9596, 1, 0
26014, 16792, 1, 0
27008, 18934, 1, 0
28000, 16973, 1, 0
29005, 18459, 1, 0
30000, 18583, 1, 0
31029, 18813, 1, 0
32000, 17961, 1, 0
33000, 17609, 1, 0
34000, 20504, 1, 0
35024, 21855, 1, 0
36000, 23196, 1, 0
37000, 24453, 1, 0
38020, 24093, 1, 0
39034, 20174, 1, 0
40027, 22297, 1, 0
41012, 22714, 1, 0
42000, 21888, 1, 0
43000, 21620, 1, 0
44041, 24013, 1, 0
45014, 23088, 1, 0
46000, 27344, 1, 0
47037, 27059, 1, 0
48010, 23659, 1, 0
49050, 30893, 1, 0
50000, 24635, 1, 0
51011, 24640, 1, 0
52030, 22682, 1, 0
53000, 22969, 1, 0
54000, 27781, 1, 0
55005, 23064, 1, 0
56024, 32808, 1, 0
57042, 30850, 1, 0
58052, 29471, 1, 0
59000, 34107, 1, 0
60010, 72943, 1, 0
1001, 19206, 1, 0
2001, 30786, 1, 0
3005, 21037, 1, 0
4000, 22843, 1, 0
5000, 19865, 1, 0
6000, 20768, 1, 0
7000, 19530, 1, 0
8000, 20851, 1, 0
9000, 17197, 1, 0
10000, 16215, 1, 0
11000, 15952, 1, 0
12000, 15903, 1, 0
13000, 15823, 1, 0
14000, 16031, 1, 0
15000, 15360, 1, 0
16000, 14195, 1, 0
17000, 13327, 1, 0
18000, 12511, 1, 0
19000, 12057, 1, 0
20000, 11270, 1, 0
21000, 10801, 1, 0
22000, 9735, 1, 0
23000, 9288, 1, 0
24000, 8873, 1, 0
25000, 9187, 1, 0
26015, 16427, 1, 0
27005, 18482, 1, 0
28000, 16586, 1, 0
29004, 17121, 1, 0
30000, 19091, 1, 0
31028, 18698, 1, 0
32000, 19479, 1, 0
33000, 18196, 1, 0
34001, 19739, 1, 0
35025, 19510, 1, 0
36000, 23910, 1, 0
37000, 22281, 1, 0
38021, 23232, 1, 0
39035, 19849, 1, 0
40027, 26964, 1, 0
41012, 22877, 1, 0
42000, 22435, 1, 0
43000, 22607, 1, 0
44042, 24870, 1, 0
45014, 28080, 1, 0
46000, 24691, 1, 0
47038, 27882, 1, 0
48010, 26039, 1, 0
49000, 28128, 1, 0
50000, 23140, 1, 0
51011, 23050, 1, 0
52031, 23632, 1, 0
53000, 31818, 1, 0
54002, 25269, 1, 0
55005, 34298, 1, 0
56026, 26893, 1, 0
57042, 27302, 1, 0
58053, 39024, 1, 0
59000, 31264, 1, 0
60010, 87099, 1, 0
1000, 18136, 1, 0
2000, 19601, 1, 0
3000, 19982, 1, 0
4001, 20573, 1, 0
5000, 20251, 1, 0
6001, 18884, 1, 0
7001, 20281, 1, 0
8001, 24787, 1, 0
9000, 17384, 1, 0
10000, 16020, 1, 0
11000, 15904, 1, 0
12000, 16009, 1, 0
13000, 15957, 1, 0
14000, 15728, 1, 0
15000, 16160, 1, 0
16000, 14511, 1, 0
17000, 13199, 1, 0
18000, 12529, 1, 0
19000, 12570, 1, 0
20000, 11354, 1, 0
21000, 11178, 1, 0
22000, 10272, 1, 0
23000, 9084, 1, 0
24000, 8843, 1, 0
25000, 9224, 1, 0
26000, 17761, 1, 0
27001, 20942, 1, 0
28000, 16401, 1, 0
29000, 17088, 1, 0
30006, 17382, 1, 0
31000, 17511, 1, 0
32036, 18415, 1, 0
33000, 21811, 1, 0
34031, 19101, 1, 0
35000, 20766, 1, 0
36000, 19558, 1, 0
37016, 19695, 1, 0
38000, 23930, 1, 0
39000, 20319, 1, 0
40000, 23334, 1, 0
41037, 20824, 1, 0
42015, 22445, 1, 0
43000, 22528, 1, 0
44000, 23810, 1, 0
45033, 25140, 1, 0
46001, 25567, 1, 0
47000, 25206, 1, 0
48034, 27743, 1, 0
49000, 21600, 1, 0
50009, 26821, 1, 0
51025, 29284, 1, 0
52049, 24547, 1, 0
53000, 26637, 1, 0
54018, 28874, 1, 0
55018, 32739, 1, 0
56044, 33118, 1, 0
57000, 33216, 1, 0
58000, 24241, 1, 0
59000, 30224, 1, 0
60000, 117165, 1, 0
1001, 18657, 1, 0
2000, 23605, 1, 0
3001, 20063, 1, 0
4000, 23492, 1, 0
5000, 22318, 1, 0
6000, 19027, 1, 0
7000, 21454, 1, 0
8000, 21410, 1, 0
9000, 15699, 1, 0
10000, 15670, 1, 0
11000, 16004, 1, 0
12000, 16032, 1, 0
13000, 15517, 1, 0
14000, 16419, 1, 0
15000, 15746, 1, 0
16000, 14458, 1, 0
17000, 12993, 1, 0
18000, 12330, 1, 0
19000, 12574, 1, 0
20000, 11855, 1, 0
21000, 10501, 1, 0
22000, 9912, 1, 0
23000, 9400, 1, 0
24000, 8705, 1, 0
25000, 9650, 1, 0
26000, 16262, 1, 0
27000, 19870, 1, 0
28000, 18026, 1, 0
29025, 16734, 1, 0
30000, 19197, 1, 0
31000, 18571, 1, 0
32001, 17556, 1, 0
33030, 21547, 1, 0
34000, 22930, 1, 0
35011, 27621, 1, 0
36000, 21344, 1, 0
37000, 21408, 1, 0
38003, 18934, 1, 0
39017, 19683, 1, 0
40009, 22803, 1, 0
41000, 21743, 1, 0
42000, 21978, 1, 0
43000, 24153, 1, 0
44023, 25782, 1, 0
45000, 24646, 1, 0
46046, 26974, 1, 0
47015, 23726, 1, 0
48000, 25674, 1, 0
49028, 21825, 1, 0
50000, 26563, 1, 0
51001, 24804, 1, 0
52010, 24604, 1, 0
53037, 27250, 1, 0
54000, 25717, 1, 0
55001, 25139, 1, 0
56004, 39137, 1, 0
57016, 31105, 1, 0
58022, 29693, 1, 0
59034, 35759, 1, 0
60000, 104493, 1, 0
