1001, 634902, 1, 0
2008, 1140361, 1, 0
3000, 1219745, 1, 0
4000, 1181608, 1, 0
5000, 1207778, 1, 0
6000, 1066535, 1, 0
7001, 1111503, 1, 0
8000, 1144726, 1, 0
9000, 376415, 1, 0
10000, 344093, 1, 0
11000, 398346, 1, 0
12000, 430405, 1, 0
13000, 407258, 1, 0
14000, 403860, 1, 0
15000, 418240, 1, 0
16000, 379627, 1, 0
17000, 375839, 1, 0
18000, 386502, 1, 0
19000, 388183, 1, 0
20000, 388654, 1, 0
21000, 413423, 1, 0
22000, 426589, 1, 0
23000, 446420, 1, 0
24000, 458434, 1, 0
25001, 513507, 1, 0
26000, 901596, 1, 0
27000, 1196530, 1, 0
28000, 1077565, 1, 0
29000, 1035408, 1, 0
30000, 1099091, 1, 0
31000, 1071673, 1, 0
32015, 1135871, 1, 0
33000, 796206, 1, 0
34039, 883763, 1, 0
35000, 815463, 1, 0
36010, 888846, 1, 0
37029, 967325, 1, 0
38000, 922674, 1, 0
39000, 889651, 1, 0
40000, 993177, 1, 0
41000, 937727, 1, 0
42027, 1102225, 1, 0
43012, 1250188, 1, 0
44000, 1273505, 1, 0
45000, 1229109, 1, 0
46012, 1661612, 1, 0
47001, 1458916, 1, 0
48048, 1497843, 1, 0
49004, 1482952, 1, 0
50028, 1513896, 1, 0
51048, 1766410, 1, 0
52000, 1655918, 1, 0
53013, 1690334, 1, 0
54037, 1964041, 1, 0
55043, 1942259, 1, 0
56000, 2180690, 1, 0
57001, 2283016, 1, 0
58005, 2058862, 1, 0
59015, 2429591, 1, 0
60001, 2280370, 1, 0
1001, 556036, 1, 0
2001, 1263924, 1, 0
3000, 1356744, 1, 0
4002, 1284499, 1, 0
5000, 1190672, 1, 0
6000, 1214430, 1, 0
7001, 1021600, 1, 0
8001, 1181411, 1, 0
9000, 366755, 1, 0
10000, 324674, 1, 0
11000, 417503, 1, 0
12000, 361741, 1, 0
13000, 383752, 1, 0
14000, 381189, 1, 0
15000, 384365, 1, 0
16000, 370195, 1, 0
17000, 385466, 1, 0
18000, 369685, 1, 0
19000, 382587, 1, 0
20000, 382674, 1, 0
21000, 414365, 1, 0
22000, 420528, 1, 0
23000, 437014, 1, 0
24000, 466402, 1, 0
25000, 520089, 1, 0
26025, 930303, 1, 0
27014, 1026984, 1, 0
28000, 1046012, 1, 0
29014, 1033288, 1, 0
30000, 1090313, 1, 0
31000, 1018763, 1, 0
32003, 1178344, 1, 0
33000, 828582, 1, 0
34010, 794247, 1, 0
35034, 750125, 1, 0
36000, 847524, 1, 0
37001, 944809, 1, 0
38029, 905283, 1, 0
39000, 921509, 1, 0
40036, 1005435, 1, 0
41021, 967667, 1, 0
42000, 1131214, 1, 0
43002, 1129126, 1, 0
44000, 973951, 1, 0
45023, 1502163, 1, 0
46000, 1202504, 1, 0
47047, 1448427, 1, 0
48019, 1280081, 1, 0
49000, 1281329, 1, 0
50001, 1507582, 1, 0
51021, 1619076, 1, 0
52040, 1591904, 1, 0
53001, 1633998, 1, 0
54011, 1845331, 1, 0
55014, 1871016, 1, 0
56035, 1652391, 1, 0
57052, 1874439, 1, 0
58000, 1979739, 1, 0
59000, 2045606, 1, 0
60000, 2195466, 1, 0
1000, 610588, 1, 0
2002, 1160566, 1, 0
3001, 1222848, 1, 0
4000, 1382559, 1, 0
5000, 1173759, 1, 0
6000, 1096133, 1, 0
7000, 1081632, 1, 0
8000, 1211033, 1, 0
9000, 531277, 1, 0
10000, 390688, 1, 0
11000, 369811, 1, 0
12000, 395033, 1, 0
13000, 360881, 1, 0
14000, 412715, 1, 0
15000, 409059, 1, 0
16000, 399677, 1, 0
17000, 390744, 1, 0
18001, 390797, 1, 0
19000, 404578, 1, 0
20000, 394398, 1, 0
21000, 409596, 1, 0
22000, 429927, 1, 0
23000, 445443, 1, 0
24000, 459793, 1, 0
25000, 517091, 1, 0
26000, 997471, 1, 0
27000, 1162559, 1, 0
28000, 1010938, 1, 0
29000, 1022011, 1, 0
30000, 1129893, 1, 0
31003, 1125598, 1, 0
32014, 1157226, 1, 0
33000, 914290, 1, 0
34036, 893639, 1, 0
35000, 796869, 1, 0
36007, 894581, 1, 0
37032, 963737, 1, 0
38000, 907096, 1, 0
39000, 1068552, 1, 0
40000, 956009, 1, 0
41000, 976259, 1, 0
42025, 1104149, 1, 0
43010, 1095737, 1, 0
44000, 1244552, 1, 0
45000, 1126354, 1, 0
46010, 1324637, 1, 0
47000, 1494859, 1, 0
48044, 1515527, 1, 0
49002, 1250922, 1, 0
50026, 1440693, 1, 0
51047, 1498980, 1, 0
52000, 1604642, 1, 0
53011, 1566621, 1, 0
54036, 1828129, 1, 0
55040, 2093733, 1, 0
56000, 1612093, 1, 0
57000, 1950565, 1, 0
58003, 2095756, 1, 0
59016, 1944804, 1, 0
60002, 2233263, 1, 0
1000, 539166, 1, 0
2001, 1243102, 1, 0
3000, 1350417, 1, 0
4000, 1225741, 1, 0
5000, 1326558, 1, 0
6000, 1250272, 1, 0
7000, 1205231, 1, 0
8000, 1076926, 1, 0
9000, 532024, 1, 0
10000, 427921, 1, 0
11000, 364473, 1, 0
12000, 365331, 1, 0
13000, 337589, 1, 0
14000, 403922, 1, 0
15000, 396770, 1, 0
16000, 387630, 1, 0
17000, 369866, 1, 0
18000, 386040, 1, 0
19000, 388326, 1, 0
20000, 400486, 1, 0
21000, 404855, 1, 0
22000, 419896, 1, 0
23000, 443345, 1, 0
24000, 456599, 1, 0
25000, 517211, 1, 0
26000, 937441, 1, 0
27000, 1190926, 1, 0
28000, 1018479, 1, 0
29034, 1035333, 1, 0
30000, 1039022, 1, 0
31000, 1103827, 1, 0
32006, 1136238, 1, 0
33000, 901317, 1, 0
34029, 792826, 1, 0
35000, 803915, 1, 0
36001, 786055, 1, 0
37020, 899877, 1, 0
38000, 916637, 1, 0
39000, 934024, 1, 0
40000, 929010, 1, 0
41040, 1021785, 1, 0
42017, 1138354, 1, 0
43003, 1226197, 1, 0
44000, 1131146, 1, 0
45041, 1268096, 1, 0
46003, 1429858, 1, 0
47000, 1511278, 1, 0
48038, 1558744, 1, 0
49000, 1484285, 1, 0
50019, 1521314, 1, 0
51040, 1449363, 1, 0
52000, 1576586, 1, 0
53006, 1726831, 1, 0
54029, 1531290, 1, 0
55033, 1971992, 1, 0
56000, 1999307, 1, 0
57000, 2022852, 1, 0
58000, 2138099, 1, 0
59006, 2198772, 1, 0
60000, 2313425, 1, 0
1000, 595182, 1, 0
2000, 1336921, 1, 0
3000, 1207862, 1, 0
4000, 1193194, 1, 0
5000, 1090317, 1, 0
6000, 1192476, 1, 0
7000, 1232942, 1, 0
8000, 1157155, 1, 0
9000, 529195, 1, 0
10000, 417814, 1, 0
11000, 402608, 1, 0
12000, 399478, 1, 0
13000, 387474, 1, 0
14000, 392997, 1, 0
15000, 397387, 1, 0
16000, 396958, 1, 0
17000, 390697, 1, 0
18000, 394687, 1, 0
19000, 400877, 1, 0
20000, 400070, 1, 0
21000, 405583, 1, 0
22000, 423873, 1, 0
23000, 442981, 1, 0
24000, 461129, 1, 0
25000, 507998, 1, 0
26000, 967442, 1, 0
27000, 1064314, 1, 0
28000, 999852, 1, 0
29000, 1057788, 1, 0
30000, 1059984, 1, 0
31000, 998528, 1, 0
32017, 1153296, 1, 0
33001, 891493, 1, 0
34038, 813406, 1, 0
35000, 742550, 1, 0
36010, 823355, 1, 0
37029, 768575, 1, 0
38000, 833365, 1, 0
39000, 922452, 1, 0
40000, 862551, 1, 0
41000, 940763, 1, 0
42028, 1149102, 1, 0
43011, 1115957, 1, 0
44000, 1245166, 1, 0
45000, 1294253, 1, 0
46012, 1416115, 1, 0
47009, 1459736, 1, 0
48047, 1469235, 1, 0
49005, 1489891, 1, 0
50041, 1537213, 1, 0
51050, 1586237, 1, 0
52000, 1672414, 1, 0
53015, 1881283, 1, 0
54040, 1580824, 1, 0
55043, 1970768, 1, 0
56000, 1946093, 1, 0
57000, 2121872, 1, 0
58005, 2055146, 1, 0
59015, 1903533, 1, 0
60004, 2297369, 1, 0
1000, 499627, 1, 0
2000, 1258283, 1, 0
3001, 1188564, 1, 0
4000, 1162595, 1, 0
5001, 1155554, 1, 0
6000, 1207682, 1, 0
7001, 1062279, 1, 0
8000, 1121783, 1, 0
9000, 597754, 1, 0
10000, 428490, 1, 0
11000, 379083, 1, 0
12000, 371019, 1, 0
13000, 369068, 1, 0
14000, 352965, 1, 0
15000, 400158, 1, 0
16000, 382595, 1, 0
17000, 379317, 1, 0
18000, 360234, 1, 0
19000, 370096, 1, 0
20000, 389518, 1, 0
21000, 394996, 1, 0
22000, 415548, 1, 0
23000, 444752, 1, 0
24000, 465371, 1, 0
25000, 506277, 1, 0
26000, 978240, 1, 0
27031, 1050215, 1, 0
28000, 1017179, 1, 0
29031, 1001112, 1, 0
30000, 1079739, 1, 0
31000, 1112819, 1, 0
32005, 1134124, 1, 0
33000, 927666, 1, 0
34028, 787993, 1, 0
35000, 782272, 1, 0
36000, 965147, 1, 0
37023, 834390, 1, 0
38000, 857852, 1, 0
39000, 947218, 1, 0
40000, 886695, 1, 0
41039, 1014943, 1, 0
42016, 977180, 1, 0
43001, 1160420, 1, 0
44000, 1265585, 1, 0
45040, 1327361, 1, 0
46002, 1271608, 1, 0
47000, 1295712, 1, 0
48036, 1564825, 1, 0
49000, 1204763, 1, 0
50020, 1453876, 1, 0
51039, 1761299, 1, 0
52000, 1625355, 1, 0
53004, 1812639, 1, 0
54029, 1706081, 1, 0
55031, 1893046, 1, 0
56052, 2064013, 1, 0
57000, 1938163, 1, 0
58000, 2075196, 1, 0
59003, 2208010, 1, 0
60000, 2422604, 1, 0
1000, 504862, 1, 0
2000, 1247500, 1, 0
3000, 1300351, 1, 0
4002, 1231590, 1, 0
5000, 1240035, 1, 0
6000, 1211763, 1, 0
7000, 1224367, 1, 0
8000, 1167949, 1, 0
9000, 496657, 1, 0
10000, 404335, 1, 0
11000, 342020, 1, 0
12000, 390399, 1, 0
13000, 405533, 1, 0
14000, 350423, 1, 0
15000, 400389, 1, 0
16000, 381065, 1, 0
17000, 398918, 1, 0
18000, 374983, 1, 0
19000, 347460, 1, 0
20000, 389012, 1, 0
21000, 402137, 1, 0
22000, 416253, 1, 0
23000, 431449, 1, 0
24000, 455241, 1, 0
25000, 518478, 1, 0
26026, 1022976, 1, 0
27016, 1014236, 1, 0
28000, 1039497, 1, 0
29014, 1070514, 1, 0
30000, 1074695, 1, 0
31000, 1083669, 1, 0
32000, 1101265, 1, 0
33000, 904588, 1, 0
34012, 787415, 1, 0
35034, 804462, 1, 0
36000, 846283, 1, 0
37001, 861181, 1, 0
38029, 875062, 1, 0
39000, 843748, 1, 0
40036, 1019798, 1, 0
41022, 1010771, 1, 0
42001, 1029329, 1, 0
43002, 1110653, 1, 0
44000, 1038829, 1, 0
45022, 1472943, 1, 0
46000, 1369151, 1, 0
47047, 1386477, 1, 0
48019, 1400415, 1, 0
49000, 1552655, 1, 0
50001, 1496795, 1, 0
51020, 1668320, 1, 0
52040, 1642746, 1, 0
53000, 1687522, 1, 0
54010, 1902883, 1, 0
55023, 1897062, 1, 0
56035, 2033576, 1, 0
57051, 1925820, 1, 0
58000, 2184206, 1, 0
59000, 2110802, 1, 0
60000, 2516983, 1, 0
1000, 486292, 1, 0
2000, 1366376, 1, 0
3000, 1130190, 1, 0
4002, 1117791, 1, 0
5001, 1166271, 1, 0
6001, 1202587, 1, 0
7000, 1151288, 1, 0
8000, 1187032, 1, 0
9000, 562880, 1, 0
10000, 421386, 1, 0
11000, 375593, 1, 0
12000, 411721, 1, 0
13000, 393672, 1, 0
14000, 375488, 1, 0
15000, 373946, 1, 0
16000, 386997, 1, 0
17000, 381014, 1, 0
18000, 376826, 1, 0
19000, 390219, 1, 0
20000, 390024, 1, 0
21000, 409082, 1, 0
22000, 427430, 1, 0
23000, 443257, 1, 0
24000, 467543, 1, 0
25000, 516156, 1, 0
26025, 1003198, 1, 0
27017, 1118313, 1, 0
28000, 1055857, 1, 0
29012, 1031746, 1, 0
30000, 1086297, 1, 0
31000, 1104793, 1, 0
32000, 1102041, 1, 0
33000, 839512, 1, 0
34009, 796050, 1, 0
35033, 815680, 1, 0
36000, 806336, 1, 0
37000, 725233, 1, 0
38029, 956308, 1, 0
39000, 874246, 1, 0
40035, 1045564, 1, 0
41021, 1028351, 1, 0
42000, 1044639, 1, 0
43000, 1034170, 1, 0
44000, 1181453, 1, 0
45021, 1376362, 1, 0
46000, 1411620, 1, 0
47047, 1436064, 1, 0
48019, 1406133, 1, 0
49000, 1440379, 1, 0
50001, 1523416, 1, 0
51021, 1637495, 1, 0
52040, 1739526, 1, 0
53000, 1771979, 1, 0
54009, 1795996, 1, 0
55017, 1911357, 1, 0
56034, 2179066, 1, 0
57050, 1928503, 1, 0
58000, 2044160, 1, 0
59000, 2252592, 1, 0
60000, 1920449, 1, 0
1000, 583731, 1, 0
2000, 1118631, 1, 0
3000, 1225653, 1, 0
4000, 1033754, 1, 0
5000, 1131929, 1, 0
6000, 1269252, 1, 0
7000, 1184812, 1, 0
8000, 1188412, 1, 0
9000, 568225, 1, 0
10000, 436595, 1, 0
11000, 435879, 1, 0
12000, 412881, 1, 0
13000, 375842, 1, 0
14000, 356843, 1, 0
15000, 389206, 1, 0
16000, 376226, 1, 0
17000, 387278, 1, 0
18000, 379126, 1, 0
19000, 352214, 1, 0
20000, 393647, 1, 0
21000, 419861, 1, 0
22000, 420339, 1, 0
23000, 441307, 1, 0
24000, 468013, 1, 0
25000, 516180, 1, 0
26000, 981419, 1, 0
27000, 1038897, 1, 0
28000, 1074744, 1, 0
29033, 1039893, 1, 0
30000, 1119421, 1, 0
31000, 1030309, 1, 0
32007, 1146255, 1, 0
33000, 873448, 1, 0
34029, 888951, 1, 0
35000, 831308, 1, 0
36001, 811239, 1, 0
37025, 957139, 1, 0
38000, 851623, 1, 0
39000, 898735, 1, 0
40000, 936135, 1, 0
41042, 1001577, 1, 0
42017, 937968, 1, 0
43004, 1132143, 1, 0
44000, 1126453, 1, 0
45043, 1295421, 1, 0
46003, 1371858, 1, 0
47000, 1370491, 1, 0
48038, 1544404, 1, 0
49000, 1434436, 1, 0
50021, 1446233, 1, 0
51040, 1589542, 1, 0
52000, 1571631, 1, 0
53003, 1794377, 1, 0
54029, 1829400, 1, 0
55033, 1657108, 1, 0
56000, 1787671, 1, 0
57000, 2002456, 1, 0
58000, 2249530, 1, 0
59006, 2308065, 1, 0
60000, 2319569, 1, 0
1001, 597232, 1, 0
2000, 1331302, 1, 0
3001, 1168255, 1, 0
4000, 1456169, 1, 0
5000, 1256539, 1, 0
6000, 1215311, 1, 0
7000, 1189854, 1, 0
8000, 1145030, 1, 0
9000, 362996, 1, 0
10000, 338063, 1, 0
11000, 408600, 1, 0
12000, 437930, 1, 0
13000, 416112, 1, 0
14000, 411732, 1, 0
15000, 383994, 1, 0
16000, 392291, 1, 0
17000, 379417, 1, 0
18000, 375642, 1, 0
19000, 400423, 1, 0
20000, 396092, 1, 0
21000, 411303, 1, 0
22000, 413829, 1, 0
23000, 440540, 1, 0
24000, 466977, 1, 0
25000, 525329, 1, 0
26000, 994930, 1, 0
27026, 1203263, 1, 0
28000, 1067533, 1, 0
29024, 1063689, 1, 0
30000, 1040407, 1, 0
31000, 1060214, 1, 0
32000, 1126756, 1, 0
33000, 889984, 1, 0
34021, 896059, 1, 0
35000, 895656, 1, 0
36000, 888708, 1, 0
37011, 921846, 1, 0
38000, 938850, 1, 0
39000, 997136, 1, 0
40000, 957196, 1, 0
41032, 1034058, 1, 0
42008, 1001509, 1, 0
43000, 1140449, 1, 0
44000, 1319975, 1, 0
45034, 1361957, 1, 0
46000, 1251322, 1, 0
47000, 1471620, 1, 0
48029, 1470865, 1, 0
49000, 1410107, 1, 0
50010, 1506032, 1, 0
51031, 1476307, 1, 0
52050, 1665737, 1, 0
53000, 1660565, 1, 0
54022, 2016371, 1, 0
55024, 1648129, 1, 0
56044, 1793595, 1, 0
57000, 1967509, 1, 0
58000, 2166435, 1, 0
59001, 1949209, 1, 0
60000, 2463027, 1, 0
1001, 587790, 1, 0
2003, 1235117, 1, 0
3000, 1116776, 1, 0
4000, 1276821, 1, 0
5000, 1225188, 1, 0
6001, 1228499, 1, 0
7000, 1185877, 1, 0
8000, 1155275, 1, 0
9000, 517937, 1, 0
10000, 416704, 1, 0
11000, 355432, 1, 0
12000, 358956, 1, 0
13000, 339152, 1, 0
14000, 368505, 1, 0
15000, 390099, 1, 0
16000, 376688, 1, 0
17000, 372926, 1, 0
18000, 384314, 1, 0
19000, 397296, 1, 0
20000, 397584, 1, 0
21000, 403272, 1, 0
22000, 420534, 1, 0
23000, 433072, 1, 0
24000, 456300, 1, 0
25001, 526562, 1, 0
26000, 1003478, 1, 0
27000, 1036118, 1, 0
28000, 1083470, 1, 0
29000, 1047475, 1, 0
30000, 1131553, 1, 0
31002, 999211, 1, 0
32013, 1176705, 1, 0
33000, 898639, 1, 0
34035, 819338, 1, 0
35000, 888240, 1, 0
36007, 878835, 1, 0
37031, 991558, 1, 0
38000, 828912, 1, 0
39000, 943478, 1, 0
40000, 980210, 1, 0
41000, 969905, 1, 0
42024, 1102776, 1, 0
43008, 1103224, 1, 0
44000, 1136618, 1, 0
45000, 1262854, 1, 0
46009, 1309949, 1, 0
47000, 1491196, 1, 0
48045, 1532882, 1, 0
49001, 1644324, 1, 0
50028, 1500815, 1, 0
51046, 1612422, 1, 0
52000, 1665819, 1, 0
53009, 1616668, 1, 0
54034, 1971349, 1, 0
55039, 1879700, 1, 0
56000, 1759052, 1, 0
57000, 1974914, 1, 0
58002, 2197752, 1, 0
59012, 2216364, 1, 0
60001, 2469668, 1, 0
1000, 598503, 1, 0
2000, 1354909, 1, 0
3000, 1139866, 1, 0
4000, 1213679, 1, 0
5000, 1143075, 1, 0
6002, 1308360, 1, 0
7000, 1159936, 1, 0
8000, 1226249, 1, 0
9000, 518979, 1, 0
10000, 401500, 1, 0
11000, 401550, 1, 0
12000, 379063, 1, 0
13000, 404574, 1, 0
14000, 391106, 1, 0
15000, 412429, 1, 0
16000, 383119, 1, 0
17000, 384675, 1, 0
18000, 381119, 1, 0
19000, 372840, 1, 0
20000, 391980, 1, 0
21000, 412117, 1, 0
22000, 416301, 1, 0
23000, 433866, 1, 0
24000, 456309, 1, 0
25000, 528896, 1, 0
26000, 979870, 1, 0
27027, 1225410, 1, 0
28000, 1010786, 1, 0
29026, 1061266, 1, 0
30000, 1102130, 1, 0
31000, 1099483, 1, 0
32000, 1134038, 1, 0
33000, 995699, 1, 0
34024, 775940, 1, 0
35000, 746105, 1, 0
36000, 832306, 1, 0
37014, 864851, 1, 0
38000, 909562, 1, 0
39001, 1028817, 1, 0
40000, 927052, 1, 0
41034, 981252, 1, 0
42012, 1029438, 1, 0
43000, 1044546, 1, 0
44000, 1331515, 1, 0
45035, 1210922, 1, 0
46001, 1361281, 1, 0
47000, 1448274, 1, 0
48032, 1412530, 1, 0
49000, 1451966, 1, 0
50014, 1496970, 1, 0
51034, 1561958, 1, 0
52000, 1595851, 1, 0
53000, 1819015, 1, 0
54023, 1874005, 1, 0
55027, 1784321, 1, 0
56047, 1749176, 1, 0
57000, 2223275, 1, 0
58001, 2231645, 1, 0
59000, 2033364, 1, 0
60000, 1889868, 1, 0
1000, 604641, 1, 0
2004, 1349724, 1, 0
3000, 1217115, 1, 0
4000, 1199126, 1, 0
5000, 1113427, 1, 0
6000, 1202648, 1, 0
7000, 1252880, 1, 0
8000, 1155687, 1, 0
9000, 606632, 1, 0
10000, 444570, 1, 0
11000, 440392, 1, 0
12000, 440606, 1, 0
13000, 394643, 1, 0
14000, 413542, 1, 0
15000, 386189, 1, 0
16000, 385701, 1, 0
17000, 382155, 1, 0
18000, 390524, 1, 0
19000, 395536, 1, 0
20000, 393865, 1, 0
21000, 412342, 1, 0
22000, 430371, 1, 0
23000, 444934, 1, 0
24000, 474082, 1, 0
25000, 526227, 1, 0
26000, 1054447, 1, 0
27000, 1238560, 1, 0
28000, 1081205, 1, 0
29000, 1024767, 1, 0
30000, 1054690, 1, 0
31000, 1084564, 1, 0
32014, 1156536, 1, 0
33000, 928309, 1, 0
34037, 771660, 1, 0
35000, 745589, 1, 0
36009, 878213, 1, 0
37028, 861014, 1, 0
38000, 853001, 1, 0
39000, 1002867, 1, 0
40000, 972025, 1, 0
41000, 1060584, 1, 0
42026, 1085723, 1, 0
43012, 1168295, 1, 0
44000, 1259861, 1, 0
45000, 1242475, 1, 0
46011, 1263269, 1, 0
47001, 1483108, 1, 0
48047, 1625615, 1, 0
49003, 1543765, 1, 0
50028, 1606892, 1, 0
51048, 1407413, 1, 0
52000, 1518839, 1, 0
53012, 1681759, 1, 0
54037, 1867968, 1, 0
55041, 2102814, 1, 0
56000, 1518563, 1, 0
57000, 2156598, 1, 0
58004, 2311002, 1, 0
59014, 2407586, 1, 0
60002, 2099077, 1, 0
1000, 613382, 1, 0
2000, 1381846, 1, 0
3000, 1282250, 1, 0
4001, 1290506, 1, 0
5000, 1123207, 1, 0
6000, 1214912, 1, 0
7000, 1123941, 1, 0
8000, 1207021, 1, 0
9000, 518725, 1, 0
10000, 434396, 1, 0
11000, 437885, 1, 0
12000, 432888, 1, 0
13000, 419440, 1, 0
14000, 434160, 1, 0
15000, 401345, 1, 0
16000, 394364, 1, 0
17000, 398233, 1, 0
18000, 385343, 1, 0
19000, 392411, 1, 0
20000, 389569, 1, 0
21000, 412150, 1, 0
22000, 419279, 1, 0
23000, 444510, 1, 0
24000, 470262, 1, 0
25000, 513543, 1, 0
26000, 913984, 1, 0
27000, 949468, 1, 0
28000, 1063259, 1, 0
29000, 1020119, 1, 0
30000, 1072134, 1, 0
31001, 1052306, 1, 0
32009, 1156908, 1, 0
33000, 936619, 1, 0
34026, 708499, 1, 0
35000, 841705, 1, 0
36004, 838838, 1, 0
37023, 810085, 1, 0
38000, 901832, 1, 0
39000, 930061, 1, 0
40000, 972919, 1, 0
41000, 935167, 1, 0
42020, 1029741, 1, 0
43005, 987371, 1, 0
44000, 1056924, 1, 0
45044, 1267907, 1, 0
46006, 1303034, 1, 0
47000, 1291612, 1, 0
48041, 1541419, 1, 0
49004, 1516894, 1, 0
50024, 1643011, 1, 0
51043, 1541373, 1, 0
52000, 1594547, 1, 0
53008, 1827791, 1, 0
54031, 1934958, 1, 0
55035, 1690512, 1, 0
56000, 2040830, 1, 0
57000, 1951258, 1, 0
58002, 2223747, 1, 0
59010, 2220357, 1, 0
60006, 2451768, 1, 0
1000, 575404, 1, 0
2002, 1175285, 1, 0
3000, 1240535, 1, 0
4000, 1225429, 1, 0
5000, 1166111, 1, 0
6000, 1236349, 1, 0
7000, 1114070, 1, 0
8000, 1072739, 1, 0
9000, 482448, 1, 0
10000, 410145, 1, 0
11000, 432066, 1, 0
12000, 413354, 1, 0
13000, 344493, 1, 0
14000, 398913, 1, 0
15000, 407927, 1, 0
16000, 373194, 1, 0
17000, 395127, 1, 0
18000, 392214, 1, 0
19000, 395397, 1, 0
20000, 387069, 1, 0
21000, 404691, 1, 0
22000, 423183, 1, 0
23000, 445858, 1, 0
24000, 461770, 1, 0
25000, 520229, 1, 0
26000, 972038, 1, 0
27027, 1055080, 1, 0
28000, 1041186, 1, 0
29024, 1101327, 1, 0
30000, 1054937, 1, 0
31000, 1051290, 1, 0
32000, 1159274, 1, 0
33000, 833170, 1, 0
34021, 809891, 1, 0
35000, 827112, 1, 0
36000, 783536, 1, 0
37012, 778777, 1, 0
38000, 890360, 1, 0
39000, 1023960, 1, 0
40000, 1017560, 1, 0
41032, 983713, 1, 0
42010, 1048550, 1, 0
43000, 1128136, 1, 0
44000, 1236402, 1, 0
45033, 1427280, 1, 0
46000, 1305330, 1, 0
47000, 1350390, 1, 0
48029, 1407711, 1, 0
49000, 1214578, 1, 0
50011, 1378611, 1, 0
51031, 1596903, 1, 0
52051, 1585972, 1, 0
53000, 1709850, 1, 0
54021, 1920527, 1, 0
55024, 1925912, 1, 0
56045, 1887448, 1, 0
57000, 1854270, 1, 0
58000, 2111043, 1, 0
59000, 2172095, 1, 0
60000, 2290963, 1, 0
1000, 498800, 1, 0
2000, 1342753, 1, 0
3000, 1239720, 1, 0
4000, 1075592, 1, 0
5000, 1288744, 1, 0
6000, 1079851, 1, 0
7000, 1099614, 1, 0
8000, 1177304, 1, 0
9000, 499162, 1, 0
10000, 407588, 1, 0
11000, 398524, 1, 0
12000, 374381, 1, 0
13000, 417195, 1, 0
14000, 379149, 1, 0
15000, 392265, 1, 0
16000, 397705, 1, 0
17000, 388885, 1, 0
18000, 388272, 1, 0
19000, 383209, 1, 0
20000, 384046, 1, 0
21000, 412575, 1, 0
22000, 423710, 1, 0
23000, 438656, 1, 0
24000, 472171, 1, 0
25000, 521206, 1, 0
26000, 954947, 1, 0
27024, 1142231, 1, 0
28000, 1003769, 1, 0
29022, 1090517, 1, 0
30000, 1032139, 1, 0
31000, 1024629, 1, 0
32003, 1127102, 1, 0
33000, 925550, 1, 0
34018, 799341, 1, 0
35000, 740103, 1, 0
36000, 917556, 1, 0
37009, 968639, 1, 0
38038, 920442, 1, 0
39000, 932521, 1, 0
40000, 907942, 1, 0
41030, 1051298, 1, 0
42008, 1072191, 1, 0
43000, 1047915, 1, 0
44000, 1167356, 1, 0
45032, 1274326, 1, 0
46000, 1085237, 1, 0
47000, 1390546, 1, 0
48027, 1392791, 1, 0
49000, 1505111, 1, 0
50009, 1318474, 1, 0
51029, 1525587, 1, 0
52049, 1628524, 1, 0
53000, 1584982, 1, 0
54019, 1520905, 1, 0
55022, 2000502, 1, 0
56043, 2159735, 1, 0
57000, 2151130, 1, 0
58000, 2296241, 1, 0
59001, 2584010, 1, 0
60000, 2257340, 1, 0
1000, 544747, 1, 0
2001, 1338021, 1, 0
3000, 1164399, 1, 0
4000, 1258736, 1, 0
5000, 1064415, 1, 0
6000, 1211840, 1, 0
7000, 1155506, 1, 0
8000, 1166670, 1, 0
9000, 593861, 1, 0
10000, 365422, 1, 0
11000, 397245, 1, 0
12000, 384496, 1, 0
13000, 376871, 1, 0
14000, 420995, 1, 0
15000, 374179, 1, 0
16000, 383834, 1, 0
17000, 375315, 1, 0
18000, 387961, 1, 0
19000, 371146, 1, 0
20000, 391384, 1, 0
21000, 403028, 1, 0
22000, 427507, 1, 0
23000, 441680, 1, 0
24000, 468431, 1, 0
25000, 522251, 1, 0
26000, 987552, 1, 0
27023, 1173073, 1, 0
28000, 1012118, 1, 0
29022, 1036537, 1, 0
30000, 1031155, 1, 0
31000, 1074006, 1, 0
32000, 1138874, 1, 0
33000, 896695, 1, 0
34012, 902123, 1, 0
35000, 874270, 1, 0
36000, 815566, 1, 0
37009, 885312, 1, 0
38037, 830874, 1, 0
39000, 953945, 1, 0
40000, 988398, 1, 0
41029, 1016997, 1, 0
42006, 998533, 1, 0
43001, 1178635, 1, 0
44000, 1197492, 1, 0
45031, 1294675, 1, 0
46000, 1567892, 1, 0
47000, 1476051, 1, 0
48028, 1449734, 1, 0
49000, 1408666, 1, 0
50010, 1496433, 1, 0
51029, 1641023, 1, 0
52048, 1750791, 1, 0
53000, 1902342, 1, 0
54017, 1803727, 1, 0
55026, 1731150, 1, 0
56043, 1964076, 1, 0
57000, 2099229, 1, 0
58000, 2138642, 1, 0
59001, 2048318, 1, 0
60000, 1868675, 1, 0
1000, 595229, 1, 0
2001, 1242184, 1, 0
3000, 1173456, 1, 0
4000, 1201166, 1, 0
5000, 1098417, 1, 0
6000, 1152516, 1, 0
7000, 1097941, 1, 0
8000, 1090965, 1, 0
9000, 511525, 1, 0
10000, 416065, 1, 0
11000, 403385, 1, 0
12000, 382257, 1, 0
13000, 407927, 1, 0
14000, 409693, 1, 0
15000, 393506, 1, 0
16000, 381450, 1, 0
17000, 372219, 1, 0
18000, 368437, 1, 0
19000, 362479, 1, 0
20000, 397157, 1, 0
21000, 406480, 1, 0
22000, 434082, 1, 0
23000, 436222, 1, 0
24000, 462837, 1, 0
25000, 511793, 1, 0
26000, 911405, 1, 0
27022, 1132710, 1, 0
28000, 1042175, 1, 0
29023, 1019126, 1, 0
30000, 1084761, 1, 0
31000, 1044446, 1, 0
32001, 1186933, 1, 0
33000, 930828, 1, 0
34018, 852845, 1, 0
35000, 794099, 1, 0
36000, 942984, 1, 0
37009, 933519, 1, 0
38037, 972921, 1, 0
39000, 969470, 1, 0
40000, 967923, 1, 0
41029, 1100388, 1, 0
42006, 1024629, 1, 0
43000, 1113541, 1, 0
44000, 1249499, 1, 0
45031, 1385396, 1, 0
46000, 1314398, 1, 0
47000, 1496714, 1, 0
48028, 1450973, 1, 0
49000, 1645014, 1, 0
50008, 1542484, 1, 0
51029, 1577616, 1, 0
52047, 1717470, 1, 0
53000, 1797411, 1, 0
54019, 1657446, 1, 0
55023, 1838934, 1, 0
56043, 2315433, 1, 0
57000, 2020058, 1, 0
58000, 2275504, 1, 0
59001, 2267345, 1, 0
60000, 2109552, 1, 0
1000, 563140, 1, 0
2000, 1225635, 1, 0
3000, 1239667, 1, 0
4001, 1303967, 1, 0
5000, 1122149, 1, 0
6000, 1127142, 1, 0
7000, 1122501, 1, 0
8000, 1190261, 1, 0
9000, 592004, 1, 0
10000, 384313, 1, 0
11000, 367459, 1, 0
12000, 388900, 1, 0
13000, 365251, 1, 0
14000, 410591, 1, 0
15000, 401217, 1, 0
16000, 380636, 1, 0
17000, 380041, 1, 0
18000, 387390, 1, 0
19000, 370175, 1, 0
20000, 387422, 1, 0
21000, 394121, 1, 0
22000, 426320, 1, 0
23000, 442624, 1, 0
24000, 463264, 1, 0
25000, 524020, 1, 0
26035, 1043324, 1, 0
27022, 1152611, 1, 0
28000, 957378, 1, 0
29021, 1047263, 1, 0
30000, 1077432, 1, 0
31000, 1034404, 1, 0
32000, 1169864, 1, 0
33000, 863803, 1, 0
34017, 885585, 1, 0
35000, 790017, 1, 0
36000, 944500, 1, 0
37008, 869988, 1, 0
38037, 901568, 1, 0
39000, 892294, 1, 0
40000, 954079, 1, 0
41029, 1076434, 1, 0
42005, 953716, 1, 0
43000, 1142306, 1, 0
44000, 1165390, 1, 0
45031, 1370647, 1, 0
46000, 1417380, 1, 0
47000, 1588891, 1, 0
48027, 1606469, 1, 0
49001, 1476944, 1, 0
50008, 1654028, 1, 0
51028, 1473772, 1, 0
52047, 1515473, 1, 0
53000, 1781879, 1, 0
54018, 1709734, 1, 0
55021, 1865140, 1, 0
56042, 2055560, 1, 0
57000, 2029996, 1, 0
58000, 2447923, 1, 0
59000, 1997111, 1, 0
60000, 2129148, 1, 0
1000, 633816, 1, 0
2001, 1239793, 1, 0
3001, 1287047, 1, 0
4001, 1228041, 1, 0
5000, 1292907, 1, 0
6000, 1145224, 1, 0
7000, 1238607, 1, 0
8001, 1237296, 1, 0
9000, 501856, 1, 0
10000, 360257, 1, 0
11000, 356003, 1, 0
12000, 435221, 1, 0
13000, 419820, 1, 0
14000, 409877, 1, 0
15000, 423857, 1, 0
16000, 380406, 1, 0
17000, 381789, 1, 0
18000, 378325, 1, 0
19000, 386393, 1, 0
20001, 391238, 1, 0
21000, 411000, 1, 0
22000, 414219, 1, 0
23000, 449923, 1, 0
24000, 463393, 1, 0
25000, 522288, 1, 0
26031, 1008118, 1, 0
27022, 1038316, 1, 0
28000, 1074395, 1, 0
29018, 1016813, 1, 0
30000, 1043290, 1, 0
31000, 1062561, 1, 0
32001, 1130275, 1, 0
33000, 874650, 1, 0
34016, 809635, 1, 0
35000, 901996, 1, 0
36000, 887827, 1, 0
37007, 901947, 1, 0
38035, 876794, 1, 0
39000, 921296, 1, 0
40000, 892360, 1, 0
41027, 1034287, 1, 0
42004, 1061816, 1, 0
43000, 1162567, 1, 0
44000, 1132223, 1, 0
45029, 1384615, 1, 0
46001, 1324778, 1, 0
47000, 1316099, 1, 0
48024, 1539937, 1, 0
49000, 1512197, 1, 0
50008, 1410275, 1, 0
51027, 1623771, 1, 0
52045, 1589281, 1, 0
53000, 1680693, 1, 0
54016, 1899217, 1, 0
55020, 1732460, 1, 0
56040, 1834263, 1, 0
57000, 2001380, 1, 0
58000, 2067524, 1, 0
59000, 2084181, 1, 0
60000, 2280650, 1, 0
1000, 593310, 1, 0
2001, 1438794, 1, 0
3000, 1355485, 1, 0
4000, 1263998, 1, 0
5001, 1156520, 1, 0
6000, 1054958, 1, 0
7000, 1164838, 1, 0
8000, 1203131, 1, 0
9000, 368239, 1, 0
10000, 347035, 1, 0
11000, 351144, 1, 0
12000, 394980, 1, 0
13000, 400178, 1, 0
14000, 426066, 1, 0
15000, 420421, 1, 0
16000, 383936, 1, 0
17000, 386000, 1, 0
18000, 372993, 1, 0
19000, 386390, 1, 0
20000, 387252, 1, 0
21000, 412481, 1, 0
22000, 422286, 1, 0
23000, 437251, 1, 0
24000, 475106, 1, 0
25000, 509650, 1, 0
26000, 960046, 1, 0
27031, 1156073, 1, 0
28000, 999231, 1, 0
29030, 1052454, 1, 0
30000, 1051579, 1, 0
31000, 1065432, 1, 0
32003, 1101297, 1, 0
33000, 961762, 1, 0
34027, 863916, 1, 0
35000, 824215, 1, 0
36000, 883483, 1, 0
37017, 902261, 1, 0
38000, 861275, 1, 0
39000, 908002, 1, 0
40000, 968854, 1, 0
41038, 1003926, 1, 0
42014, 1028766, 1, 0
43000, 1186101, 1, 0
44000, 1285886, 1, 0
45039, 1427497, 1, 0
46000, 1372882, 1, 0
47000, 1420904, 1, 0
48034, 1534602, 1, 0
49001, 1438583, 1, 0
50016, 1576142, 1, 0
51036, 1594638, 1, 0
52000, 1524331, 1, 0
53003, 1854773, 1, 0
54026, 1821230, 1, 0
55030, 1801154, 1, 0
56051, 1796133, 1, 0
57000, 1961874, 1, 0
58002, 2064514, 1, 0
59003, 2104048, 1, 0
60000, 2092329, 1, 0
1000, 582562, 1, 0
2000, 1294920, 1, 0
3001, 1269934, 1, 0
4000, 1392053, 1, 0
5000, 1255801, 1, 0
6000, 1163770, 1, 0
7000, 1118635, 1, 0
8000, 1193865, 1, 0
9000, 523609, 1, 0
10000, 405308, 1, 0
11000, 413971, 1, 0
12000, 388370, 1, 0
13000, 399170, 1, 0
14000, 410897, 1, 0
15000, 377781, 1, 0
16000, 386179, 1, 0
17000, 388870, 1, 0
18000, 387994, 1, 0
19000, 392565, 1, 0
20000, 390910, 1, 0
21000, 415115, 1, 0
22000, 418868, 1, 0
23000, 443081, 1, 0
24000, 459452, 1, 0
25000, 516449, 1, 0
26000, 990467, 1, 0
27024, 1138557, 1, 0
28000, 1016639, 1, 0
29024, 1103430, 1, 0
30000, 1067589, 1, 0
31000, 1059189, 1, 0
32000, 1140135, 1, 0
33000, 879150, 1, 0
34020, 799616, 1, 0
35000, 770533, 1, 0
36000, 872298, 1, 0
37011, 955155, 1, 0
38000, 876703, 1, 0
39000, 957902, 1, 0
40000, 881125, 1, 0
41032, 1075687, 1, 0
42009, 1005188, 1, 0
43000, 1058377, 1, 0
44000, 1108625, 1, 0
45033, 1258906, 1, 0
46001, 1242024, 1, 0
47000, 1504699, 1, 0
48029, 1358616, 1, 0
49000, 1305571, 1, 0
50013, 1438424, 1, 0
51032, 1633060, 1, 0
52050, 1631743, 1, 0
53000, 1798657, 1, 0
54020, 1624998, 1, 0
55024, 1865757, 1, 0
56045, 1834397, 1, 0
57000, 2029383, 1, 0
58001, 2094457, 1, 0
59000, 2445604, 1, 0
60000, 2066182, 1, 0
1000, 512067, 1, 0
2000, 1220803, 1, 0
3001, 1281065, 1, 0
4000, 1162911, 1, 0
5000, 1202822, 1, 0
6000, 1290051, 1, 0
7000, 1210439, 1, 0
8000, 1168631, 1, 0
9000, 507183, 1, 0
10000, 407157, 1, 0
11000, 377785, 1, 0
12000, 397471, 1, 0
13000, 394782, 1, 0
14000, 380640, 1, 0
15000, 377804, 1, 0
16000, 403568, 1, 0
17000, 376846, 1, 0
18000, 388961, 1, 0
19000, 383460, 1, 0
20000, 378089, 1, 0
21000, 401832, 1, 0
22000, 414213, 1, 0
23000, 438915, 1, 0
24000, 463458, 1, 0
25000, 524854, 1, 0
26000, 917870, 1, 0
27027, 1072927, 1, 0
28000, 977479, 1, 0
29025, 1102467, 1, 0
30000, 1105853, 1, 0
31000, 1122356, 1, 0
32000, 1161387, 1, 0
33000, 942130, 1, 0
34015, 858330, 1, 0
35000, 822254, 1, 0
36000, 955713, 1, 0
37011, 889982, 1, 0
38000, 941517, 1, 0
39000, 1006361, 1, 0
40000, 970634, 1, 0
41033, 1033475, 1, 0
42009, 1048082, 1, 0
43000, 1134459, 1, 0
44000, 1199212, 1, 0
45033, 1286103, 1, 0
46001, 1088519, 1, 0
47000, 1371690, 1, 0
48029, 1431218, 1, 0
49000, 1555196, 1, 0
50011, 1491739, 1, 0
51031, 1390368, 1, 0
52051, 1681304, 1, 0
53001, 1841535, 1, 0
54020, 1761474, 1, 0
55024, 1653536, 1, 0
56044, 2101766, 1, 0
57000, 2074188, 1, 0
58000, 2366423, 1, 0
59001, 2348058, 1, 0
60000, 2313937, 1, 0
1000, 642176, 1, 0
2000, 1173083, 1, 0
3000, 1116470, 1, 0
4003, 1200960, 1, 0
5001, 1297650, 1, 0
6001, 1224208, 1, 0
7000, 1163817, 1, 0
8000, 1084995, 1, 0
9000, 585845, 1, 0
10000, 433981, 1, 0
11000, 434654, 1, 0
12000, 415656, 1, 0
13000, 392531, 1, 0
14000, 402435, 1, 0
15000, 397935, 1, 0
16000, 389788, 1, 0
17000, 402773, 1, 0
18000, 396082, 1, 0
19000, 394164, 1, 0
20001, 382183, 1, 0
21000, 397669, 1, 0
22000, 423286, 1, 0
23000, 450559, 1, 0
24000, 464998, 1, 0
25000, 524206, 1, 0
26030, 976423, 1, 0
27022, 1081681, 1, 0
28000, 1053296, 1, 0
29018, 1078497, 1, 0
30000, 1072921, 1, 0
31000, 1038149, 1, 0
32001, 1158575, 1, 0
33000, 819312, 1, 0
34015, 751886, 1, 0
35000, 756711, 1, 0
36000, 906778, 1, 0
37006, 814411, 1, 0
38035, 964941, 1, 0
39000, 907184, 1, 0
40041, 981594, 1, 0
41027, 1044167, 1, 0
42005, 1079287, 1, 0
43000, 1141714, 1, 0
44000, 1174211, 1, 0
45027, 1452911, 1, 0
46000, 1349800, 1, 0
47000, 1308478, 1, 0
48025, 1527392, 1, 0
49000, 1641461, 1, 0
50006, 1363704, 1, 0
51026, 1301308, 1, 0
52045, 1619944, 1, 0
53000, 1765999, 1, 0
54015, 1956553, 1, 0
55019, 1972653, 1, 0
56040, 2106633, 1, 0
57000, 1901844, 1, 0
58000, 2059395, 1, 0
59001, 2230605, 1, 0
60000, 2137228, 1, 0
1001, 608439, 1, 0
2000, 1298857, 1, 0
3001, 1308574, 1, 0
4001, 988140, 1, 0
5000, 1316308, 1, 0
6000, 1302851, 1, 0
7000, 1203779, 1, 0
8001, 1176849, 1, 0
9000, 455065, 1, 0
10000, 402313, 1, 0
11000, 416637, 1, 0
12000, 398306, 1, 0
13000, 367733, 1, 0
14000, 382578, 1, 0
15000, 403985, 1, 0
16000, 379578, 1, 0
17000, 379179, 1, 0
18000, 383573, 1, 0
19000, 396188, 1, 0
20000, 386726, 1, 0
21000, 397171, 1, 0
22000, 411759, 1, 0
23000, 443355, 1, 0
24000, 468800, 1, 0
25000, 518325, 1, 0
26028, 1040666, 1, 0
27018, 1199917, 1, 0
28000, 999023, 1, 0
29018, 1027142, 1, 0
30000, 1040965, 1, 0
31000, 1090439, 1, 0
32001, 1162019, 1, 0
33000, 857893, 1, 0
34008, 781072, 1, 0
35000, 828086, 1, 0
36000, 824702, 1, 0
37004, 932628, 1, 0
38033, 955678, 1, 0
39000, 934178, 1, 0
40039, 1050488, 1, 0
41025, 1011888, 1, 0
42002, 1080196, 1, 0
43000, 1167419, 1, 0
44000, 1093961, 1, 0
45027, 1504809, 1, 0
46001, 1394970, 1, 0
47000, 1240462, 1, 0
48023, 1411076, 1, 0
49000, 1402977, 1, 0
50007, 1612222, 1, 0
51024, 1552864, 1, 0
52043, 1609842, 1, 0
53000, 1749432, 1, 0
54015, 1941075, 1, 0
55017, 1713762, 1, 0
56038, 1502971, 1, 0
57000, 2078844, 1, 0
58000, 2231012, 1, 0
59000, 2129270, 1, 0
60000, 2243029, 1, 0
1000, 590547, 1, 0
2001, 1223445, 1, 0
3000, 1225336, 1, 0
4000, 1240880, 1, 0
5001, 1157717, 1, 0
6000, 1289627, 1, 0
7000, 1206894, 1, 0
8001, 1128415, 1, 0
9000, 516777, 1, 0
10000, 411384, 1, 0
11000, 408408, 1, 0
12000, 383403, 1, 0
13000, 387639, 1, 0
14000, 409655, 1, 0
15000, 396076, 1, 0
16000, 395395, 1, 0
17000, 384177, 1, 0
18000, 374525, 1, 0
19000, 385387, 1, 0
20000, 389306, 1, 0
21000, 413340, 1, 0
22000, 425719, 1, 0
23000, 448647, 1, 0
24000, 466686, 1, 0
25000, 521735, 1, 0
26029, 1054735, 1, 0
27016, 1237154, 1, 0
28000, 1000160, 1, 0
29016, 1053045, 1, 0
30000, 1105017, 1, 0
31000, 1040429, 1, 0
32000, 1176195, 1, 0
33000, 882049, 1, 0
34012, 853630, 1, 0
35035, 793528, 1, 0
36000, 896031, 1, 0
37003, 819709, 1, 0
38031, 887349, 1, 0
39000, 892642, 1, 0
40038, 911263, 1, 0
41025, 985233, 1, 0
42001, 999357, 1, 0
43001, 1044237, 1, 0
44000, 1216334, 1, 0
45026, 1424487, 1, 0
46000, 1301755, 1, 0
47000, 1283505, 1, 0
48021, 1587773, 1, 0
49000, 1242213, 1, 0
50003, 1529861, 1, 0
51022, 1549273, 1, 0
52041, 1601798, 1, 0
53000, 1759334, 1, 0
54012, 1757007, 1, 0
55016, 1786484, 1, 0
56037, 2052808, 1, 0
57053, 1968504, 1, 0
58000, 2169101, 1, 0
59000, 1849996, 1, 0
60000, 2105501, 1, 0
1000, 604331, 1, 0
2000, 1306539, 1, 0
3001, 1129166, 1, 0
4000, 1139556, 1, 0
5000, 1138165, 1, 0
6000, 1119261, 1, 0
7000, 1193707, 1, 0
8000, 1182401, 1, 0
9000, 490890, 1, 0
10000, 411242, 1, 0
11000, 403024, 1, 0
12000, 419868, 1, 0
13000, 387304, 1, 0
14000, 390193, 1, 0
15000, 392982, 1, 0
16000, 393831, 1, 0
17000, 384705, 1, 0
18000, 384142, 1, 0
19000, 396467, 1, 0
20000, 401805, 1, 0
21000, 395773, 1, 0
22000, 431978, 1, 0
23000, 441925, 1, 0
24000, 462809, 1, 0
25000, 523252, 1, 0
26026, 1011152, 1, 0
27017, 1074089, 1, 0
28000, 993876, 1, 0
29015, 1062856, 1, 0
30000, 1051934, 1, 0
31000, 1128313, 1, 0
32000, 1153917, 1, 0
33000, 882314, 1, 0
34011, 792488, 1, 0
35035, 858268, 1, 0
36000, 931624, 1, 0
37002, 866689, 1, 0
38030, 974197, 1, 0
39000, 966647, 1, 0
40037, 1012317, 1, 0
41024, 967731, 1, 0
42000, 1128815, 1, 0
43000, 1142681, 1, 0
44000, 1082267, 1, 0
45024, 1330338, 1, 0
46001, 1414502, 1, 0
47000, 1319208, 1, 0
48021, 1647068, 1, 0
49000, 1620007, 1, 0
50002, 1416857, 1, 0
51022, 1640219, 1, 0
52041, 1626806, 1, 0
53000, 1665002, 1, 0
54011, 1582751, 1, 0
55019, 2105482, 1, 0
56036, 2173637, 1, 0
57053, 2031279, 1, 0
58000, 2034471, 1, 0
59000, 2295321, 1, 0
60000, 2021171, 1, 0
1000, 562616, 1, 0
2000, 1376112, 1, 0
3000, 1109704, 1, 0
4001, 1220685, 1, 0
5000, 1237854, 1, 0
6000, 1094812, 1, 0
7000, 1117003, 1, 0
8000, 1157157, 1, 0
9000, 471034, 1, 0
10000, 404540, 1, 0
11000, 365210, 1, 0
12000, 354626, 1, 0
13000, 401456, 1, 0
14000, 412144, 1, 0
15000, 395662, 1, 0
16000, 391868, 1, 0
17000, 384068, 1, 0
18000, 369740, 1, 0
19000, 377121, 1, 0
20000, 386921, 1, 0
21000, 406332, 1, 0
22000, 417974, 1, 0
23000, 436819, 1, 0
24000, 456485, 1, 0
25000, 520111, 1, 0
26027, 980117, 1, 0
27015, 878757, 1, 0
28000, 986327, 1, 0
29016, 1058238, 1, 0
30000, 1017092, 1, 0
31000, 1070507, 1, 0
32000, 1091950, 1, 0
33000, 990372, 1, 0
34011, 896580, 1, 0
35035, 846982, 1, 0
36000, 887382, 1, 0
37002, 847942, 1, 0
38031, 855168, 1, 0
39000, 920435, 1, 0
40037, 983084, 1, 0
41023, 970705, 1, 0
42003, 1095021, 1, 0
43000, 1104512, 1, 0
44000, 1252067, 1, 0
45025, 1293809, 1, 0
46000, 1173879, 1, 0
47000, 1269454, 1, 0
48021, 1315541, 1, 0
49000, 1402429, 1, 0
50002, 1578293, 1, 0
51022, 1600736, 1, 0
52041, 1533651, 1, 0
53000, 1664313, 1, 0
54011, 1749804, 1, 0
55016, 1711403, 1, 0
56036, 1830002, 1, 0
57052, 2009637, 1, 0
58000, 1965818, 1, 0
59000, 2249501, 1, 0
60000, 2120819, 1, 0
1000, 579836, 1, 0
2000, 1277523, 1, 0
3000, 1200462, 1, 0
4000, 1204151, 1, 0
5001, 1308715, 1, 0
6000, 1142389, 1, 0
7001, 1279015, 1, 0
8000, 1161153, 1, 0
9000, 373099, 1, 0
10000, 357456, 1, 0
11000, 437222, 1, 0
12000, 371448, 1, 0
13000, 415207, 1, 0
14000, 407118, 1, 0
15000, 370224, 1, 0
16000, 399429, 1, 0
17000, 394316, 1, 0
18000, 381630, 1, 0
19000, 401574, 1, 0
20000, 395056, 1, 0
21000, 411389, 1, 0
22000, 422058, 1, 0
23000, 443607, 1, 0
24000, 477189, 1, 0
25000, 511753, 1, 0
26000, 1033878, 1, 0
27000, 1097834, 1, 0
28000, 1046631, 1, 0
29000, 1020464, 1, 0
30001, 1085384, 1, 0
31001, 1123844, 1, 0
32011, 1127537, 1, 0
33000, 885860, 1, 0
34034, 834814, 1, 0
35000, 823753, 1, 0
36006, 820533, 1, 0
37024, 829210, 1, 0
38000, 933659, 1, 0
39000, 946252, 1, 0
40000, 923963, 1, 0
41000, 990061, 1, 0
42022, 1090688, 1, 0
43008, 1070888, 1, 0
44000, 1202702, 1, 0
45047, 1216851, 1, 0
46008, 1109843, 1, 0
47000, 1457632, 1, 0
48043, 1429063, 1, 0
49000, 1512270, 1, 0
50024, 1519790, 1, 0
51044, 1477919, 1, 0
52000, 1715145, 1, 0
53008, 1776636, 1, 0
54033, 1776791, 1, 0
55038, 1673970, 1, 0
56000, 1997239, 1, 0
57000, 2139434, 1, 0
58000, 2152437, 1, 0
59010, 1906214, 1, 0
60000, 2089824, 1, 0
1000, 566439, 1, 0
2000, 1232177, 1, 0
3000, 1166726, 1, 0
4000, 1332264, 1, 0
5000, 1317461, 1, 0
6007, 1253390, 1, 0
7001, 1139158, 1, 0
8000, 1133420, 1, 0
9000, 501814, 1, 0
10000, 374792, 1, 0
11000, 410883, 1, 0
12000, 414109, 1, 0
13000, 397296, 1, 0
14000, 390280, 1, 0
15000, 384107, 1, 0
16000, 381799, 1, 0
17000, 379376, 1, 0
18000, 394852, 1, 0
19000, 374492, 1, 0
20000, 391085, 1, 0
21000, 403473, 1, 0
22000, 424784, 1, 0
23000, 438783, 1, 0
24000, 465877, 1, 0
25000, 507062, 1, 0
26000, 968314, 1, 0
27033, 992401, 1, 0
28000, 1001202, 1, 0
29031, 1041287, 1, 0
30000, 1041432, 1, 0
31000, 1130669, 1, 0
32005, 1173249, 1, 0
33000, 1023598, 1, 0
34027, 875284, 1, 0
35000, 747750, 1, 0
36000, 906417, 1, 0
37018, 708624, 1, 0
38000, 895464, 1, 0
39000, 899380, 1, 0
40000, 905829, 1, 0
41039, 1048118, 1, 0
42016, 1040341, 1, 0
43001, 1129005, 1, 0
44000, 1249083, 1, 0
45040, 1246374, 1, 0
46001, 1357452, 1, 0
47000, 1598220, 1, 0
48036, 1511867, 1, 0
49000, 1356044, 1, 0
50019, 1626239, 1, 0
51038, 1667454, 1, 0
52000, 1541215, 1, 0
53003, 1752682, 1, 0
54027, 1536880, 1, 0
55031, 1799038, 1, 0
56052, 1871542, 1, 0
57000, 2001085, 1, 0
58000, 2081069, 1, 0
59004, 1902888, 1, 0
60001, 2388630, 1, 0
1000, 595271, 1, 0
2002, 1212962, 1, 0
3000, 1182539, 1, 0
4001, 1166832, 1, 0
5000, 1127635, 1, 0
6001, 1263614, 1, 0
7001, 1212586, 1, 0
8000, 1165860, 1, 0
9000, 598131, 1, 0
10000, 431918, 1, 0
11000, 394357, 1, 0
12000, 321630, 1, 0
13000, 338570, 1, 0
14000, 402630, 1, 0
15000, 381315, 1, 0
16000, 392557, 1, 0
17000, 384035, 1, 0
18000, 392512, 1, 0
19000, 389305, 1, 0
20000, 386262, 1, 0
21000, 423552, 1, 0
22000, 407536, 1, 0
23000, 439812, 1, 0
24000, 463261, 1, 0
25000, 522136, 1, 0
26000, 983665, 1, 0
27028, 1149066, 1, 0
28000, 990106, 1, 0
29026, 1082632, 1, 0
30000, 1037983, 1, 0
31000, 1097239, 1, 0
32001, 1163036, 1, 0
33000, 962084, 1, 0
34021, 867768, 1, 0
35000, 792067, 1, 0
36000, 889878, 1, 0
37014, 849992, 1, 0
38000, 869655, 1, 0
39000, 923221, 1, 0
40000, 899275, 1, 0
41033, 1060240, 1, 0
42010, 1105750, 1, 0
43000, 1043189, 1, 0
44000, 1031733, 1, 0
45035, 1179208, 1, 0
46000, 1318343, 1, 0
47000, 1130841, 1, 0
48032, 1495658, 1, 0
49000, 1537621, 1, 0
50013, 1537575, 1, 0
51033, 1599090, 1, 0
52000, 1494316, 1, 0
53002, 1693641, 1, 0
54024, 1790467, 1, 0
55030, 2008391, 1, 0
56047, 1944973, 1, 0
57000, 1833472, 1, 0
58000, 2095451, 1, 0
59000, 2036601, 1, 0
60000, 2042449, 1, 0
1000, 620018, 1, 0
2000, 1194113, 1, 0
3000, 1220329, 1, 0
4001, 1239903, 1, 0
5000, 1274590, 1, 0
6000, 1163058, 1, 0
7000, 1160310, 1, 0
8000, 1147503, 1, 0
9000, 499950, 1, 0
10000, 416066, 1, 0
11000, 436244, 1, 0
12000, 413299, 1, 0
13000, 383982, 1, 0
14000, 386782, 1, 0
15000, 399889, 1, 0
16000, 375566, 1, 0
17000, 384524, 1, 0
18000, 383709, 1, 0
19000, 366203, 1, 0
20000, 388465, 1, 0
21000, 403848, 1, 0
22000, 429257, 1, 0
23000, 436714, 1, 0
24000, 466604, 1, 0
25000, 510218, 1, 0
26000, 1012960, 1, 0
27032, 1133615, 1, 0
28000, 1024278, 1, 0
29028, 1071046, 1, 0
30000, 1057237, 1, 0
31000, 1065734, 1, 0
32003, 1135575, 1, 0
33000, 896438, 1, 0
34025, 809676, 1, 0
35000, 734875, 1, 0
36000, 977942, 1, 0
37017, 876519, 1, 0
38000, 882261, 1, 0
39003, 860417, 1, 0
40000, 996121, 1, 0
41036, 1004073, 1, 0
42013, 1009473, 1, 0
43001, 1102296, 1, 0
44000, 1181685, 1, 0
45038, 1186149, 1, 0
46000, 1321915, 1, 0
47000, 1315165, 1, 0
48035, 1367314, 1, 0
49000, 1559493, 1, 0
50016, 1562364, 1, 0
51035, 1595248, 1, 0
52000, 1512210, 1, 0
53000, 1669225, 1, 0
54025, 1954062, 1, 0
55029, 1667894, 1, 0
56051, 1808361, 1, 0
57000, 1933379, 1, 0
58000, 1970003, 1, 0
59002, 2254024, 1, 0
60000, 2102337, 1, 0
1001, 534204, 1, 0
2000, 1300761, 1, 0
3000, 1206071, 1, 0
4000, 1371908, 1, 0
5000, 1345243, 1, 0
6000, 1064448, 1, 0
7000, 1160939, 1, 0
8000, 1106325, 1, 0
9000, 490261, 1, 0
10000, 396094, 1, 0
11000, 401812, 1, 0
12000, 353383, 1, 0
13000, 376730, 1, 0
14000, 403471, 1, 0
15000, 408737, 1, 0
16000, 376156, 1, 0
17000, 384250, 1, 0
18000, 388175, 1, 0
19000, 383436, 1, 0
20000, 390840, 1, 0
21000, 416784, 1, 0
22000, 417247, 1, 0
23000, 440956, 1, 0
24000, 457242, 1, 0
25000, 504811, 1, 0
26030, 994787, 1, 0
27019, 1017361, 1, 0
28000, 1075881, 1, 0
29018, 1022983, 1, 0
30000, 1068829, 1, 0
31000, 1060797, 1, 0
32001, 1159692, 1, 0
33000, 1068845, 1, 0
34013, 880660, 1, 0
35000, 845558, 1, 0
36000, 958460, 1, 0
37004, 833229, 1, 0
38032, 902097, 1, 0
39000, 903232, 1, 0
40040, 899860, 1, 0
41024, 910730, 1, 0
42002, 986339, 1, 0
43000, 1069420, 1, 0
44000, 1141047, 1, 0
45027, 1266239, 1, 0
46000, 1279858, 1, 0
47000, 1302696, 1, 0
48023, 1576509, 1, 0
49000, 1232455, 1, 0
50007, 1544974, 1, 0
51025, 1808691, 1, 0
52043, 1526563, 1, 0
53001, 1695083, 1, 0
54012, 1726697, 1, 0
55018, 1874262, 1, 0
56039, 1653503, 1, 0
57000, 1885253, 1, 0
58000, 2094984, 1, 0
59000, 2119465, 1, 0
60000, 2378030, 1, 0
1001, 615531, 1, 0
2000, 1385240, 1, 0
3000, 1186747, 1, 0
4000, 1195580, 1, 0
5000, 1184562, 1, 0
6000, 1294170, 1, 0
7000, 1208872, 1, 0
8001, 1108918, 1, 0
9000, 509716, 1, 0
10000, 413870, 1, 0
11000, 367622, 1, 0
12000, 363128, 1, 0
13000, 405578, 1, 0
14000, 387220, 1, 0
15000, 419428, 1, 0
16000, 398004, 1, 0
17000, 368521, 1, 0
18000, 388267, 1, 0
19000, 391740, 1, 0
20000, 385165, 1, 0
21000, 407136, 1, 0
22000, 419202, 1, 0
23000, 433388, 1, 0
24000, 466106, 1, 0
25000, 514664, 1, 0
26026, 941295, 1, 0
27018, 1031437, 1, 0
28000, 1037962, 1, 0
29016, 1080122, 1, 0
30000, 1053940, 1, 0
31000, 1080183, 1, 0
32000, 1152579, 1, 0
33000, 875059, 1, 0
34012, 797444, 1, 0
35035, 833697, 1, 0
36000, 949822, 1, 0
37003, 837758, 1, 0
38032, 863184, 1, 0
39000, 886567, 1, 0
40037, 1024323, 1, 0
41024, 1003468, 1, 0
42000, 1018678, 1, 0
43000, 1125823, 1, 0
44000, 1171951, 1, 0
45026, 1314815, 1, 0
46000, 1325611, 1, 0
47000, 1289242, 1, 0
48021, 1426410, 1, 0
49000, 1355184, 1, 0
50002, 1580818, 1, 0
51023, 1536677, 1, 0
52042, 1586173, 1, 0
53000, 1484576, 1, 0
54011, 1652093, 1, 0
55016, 1688726, 1, 0
56037, 1871746, 1, 0
57053, 2129980, 1, 0
58000, 2035272, 1, 0
59000, 2234544, 1, 0
60000, 2062389, 1, 0
1000, 637223, 1, 0
2001, 1358218, 1, 0
3001, 1243950, 1, 0
4000, 1314600, 1, 0
5000, 1254204, 1, 0
6000, 1103756, 1, 0
7000, 1208096, 1, 0
8000, 1170868, 1, 0
9000, 591114, 1, 0
10000, 405860, 1, 0
11000, 394122, 1, 0
12000, 375505, 1, 0
13000, 425165, 1, 0
14000, 379041, 1, 0
15000, 395551, 1, 0
16000, 402380, 1, 0
17000, 396578, 1, 0
18000, 383942, 1, 0
19000, 374926, 1, 0
20000, 403189, 1, 0
21000, 400583, 1, 0
22000, 416833, 1, 0
23000, 440129, 1, 0
24000, 467639, 1, 0
25000, 520323, 1, 0
26000, 1003844, 1, 0
27000, 1020773, 1, 0
28000, 1082582, 1, 0
29034, 1021924, 1, 0
30000, 1096898, 1, 0
31000, 1118309, 1, 0
32007, 1139115, 1, 0
33000, 939231, 1, 0
34029, 722653, 1, 0
35000, 823694, 1, 0
36001, 848028, 1, 0
37020, 804418, 1, 0
38000, 853641, 1, 0
39000, 1004890, 1, 0
40000, 932146, 1, 0
41040, 1025114, 1, 0
42018, 1098807, 1, 0
43003, 1138878, 1, 0
44000, 1339598, 1, 0
45042, 1351411, 1, 0
46003, 1423697, 1, 0
47000, 1198249, 1, 0
48038, 1487324, 1, 0
49000, 1507732, 1, 0
50020, 1501594, 1, 0
51040, 1520438, 1, 0
52000, 1561065, 1, 0
53003, 1747779, 1, 0
54030, 1819184, 1, 0
55032, 1751744, 1, 0
56054, 1874420, 1, 0
57000, 1830779, 1, 0
58000, 2013673, 1, 0
59006, 2136658, 1, 0
60001, 2430496, 1, 0
1000, 564590, 1, 0
2001, 1190584, 1, 0
3000, 1346454, 1, 0
4001, 1148920, 1, 0
5002, 1142627, 1, 0
6000, 1104413, 1, 0
7000, 1123836, 1, 0
8000, 1153998, 1, 0
9000, 371872, 1, 0
10000, 338133, 1, 0
11000, 358581, 1, 0
12000, 371580, 1, 0
13000, 405264, 1, 0
14000, 361659, 1, 0
15000, 369487, 1, 0
16000, 371683, 1, 0
17000, 384320, 1, 0
18000, 393573, 1, 0
19000, 391090, 1, 0
20001, 401926, 1, 0
21000, 403990, 1, 0
22000, 416690, 1, 0
23000, 433246, 1, 0
24000, 469069, 1, 0
25000, 516754, 1, 0
26031, 1013118, 1, 0
27023, 971848, 1, 0
28000, 1036060, 1, 0
29020, 1113930, 1, 0
30000, 1090886, 1, 0
31000, 1035407, 1, 0
32001, 1156857, 1, 0
33000, 876738, 1, 0
34015, 867481, 1, 0
35000, 843045, 1, 0
36000, 956068, 1, 0
37007, 945095, 1, 0
38036, 942831, 1, 0
39000, 867709, 1, 0
40000, 923838, 1, 0
41028, 1078067, 1, 0
42005, 1076934, 1, 0
43000, 1076580, 1, 0
44000, 1060368, 1, 0
45028, 1271658, 1, 0
46000, 1436883, 1, 0
47000, 1300252, 1, 0
48025, 1527212, 1, 0
49000, 1490762, 1, 0
50006, 1582510, 1, 0
51028, 1481884, 1, 0
52046, 1756411, 1, 0
53000, 1707617, 1, 0
54015, 2019524, 1, 0
55020, 1796993, 1, 0
56041, 2159835, 1, 0
57000, 1916411, 1, 0
58000, 2243786, 1, 0
59001, 2287267, 1, 0
60000, 2276939, 1, 0
1000, 596379, 1, 0
2000, 1203717, 1, 0
3000, 1250781, 1, 0
4000, 1335266, 1, 0
5000, 1279786, 1, 0
6002, 1278149, 1, 0
7000, 1218939, 1, 0
8001, 1156304, 1, 0
9000, 589843, 1, 0
10000, 428534, 1, 0
11000, 411083, 1, 0
12000, 387250, 1, 0
13000, 375315, 1, 0
14000, 412168, 1, 0
15000, 421712, 1, 0
16000, 373976, 1, 0
17000, 388631, 1, 0
18000, 383718, 1, 0
19000, 392560, 1, 0
20000, 394076, 1, 0
21000, 403125, 1, 0
22000, 425014, 1, 0
23000, 440381, 1, 0
24000, 467829, 1, 0
25000, 521301, 1, 0
26025, 972229, 1, 0
27018, 1108999, 1, 0
28000, 1018277, 1, 0
29014, 1031393, 1, 0
30000, 1062579, 1, 0
31000, 1105898, 1, 0
32001, 1089388, 1, 0
33000, 923697, 1, 0
34009, 847633, 1, 0
35034, 946641, 1, 0
36000, 945393, 1, 0
37001, 915343, 1, 0
38029, 874691, 1, 0
39000, 859118, 1, 0
40036, 1006566, 1, 0
41022, 951381, 1, 0
42000, 1055407, 1, 0
43000, 1209916, 1, 0
44000, 1123696, 1, 0
45024, 1373373, 1, 0
46000, 1180572, 1, 0
47046, 1453053, 1, 0
48019, 1452127, 1, 0
49000, 1441916, 1, 0
50000, 1585132, 1, 0
51020, 1569044, 1, 0
52040, 1623957, 1, 0
53000, 1699779, 1, 0
54011, 1562082, 1, 0
55015, 1957418, 1, 0
56034, 1985970, 1, 0
57051, 2207484, 1, 0
58000, 2172075, 1, 0
59000, 2436158, 1, 0
60000, 1880109, 1, 0
1000, 596830, 1, 0
2000, 1194470, 1, 0
3002, 1181683, 1, 0
4000, 1200735, 1, 0
5000, 1321106, 1, 0
6001, 1147438, 1, 0
7000, 1320713, 1, 0
8000, 1104314, 1, 0
9000, 581715, 1, 0
10000, 428933, 1, 0
11000, 383080, 1, 0
12000, 375223, 1, 0
13000, 385120, 1, 0
14000, 386443, 1, 0
15000, 423081, 1, 0
16000, 384437, 1, 0
17000, 386227, 1, 0
18000, 373941, 1, 0
19000, 359642, 1, 0
20000, 389684, 1, 0
21000, 411389, 1, 0
22000, 404169, 1, 0
23000, 445436, 1, 0
24000, 457546, 1, 0
25000, 522010, 1, 0
26013, 986504, 1, 0
27005, 1073929, 1, 0
28000, 1006952, 1, 0
29003, 1031360, 1, 0
30000, 1042321, 1, 0
31025, 1152609, 1, 0
32000, 1137074, 1, 0
33000, 1003117, 1, 0
34000, 848454, 1, 0
35022, 807897, 1, 0
36000, 828443, 1, 0
37000, 853274, 1, 0
38018, 889131, 1, 0
39032, 921319, 1, 0
40025, 1029118, 1, 0
41010, 1077067, 1, 0
42000, 1088272, 1, 0
43000, 1117168, 1, 0
44040, 1085389, 1, 0
45012, 1279284, 1, 0
46000, 1515619, 1, 0
47035, 1470850, 1, 0
48008, 1415387, 1, 0
49047, 1562743, 1, 0
50000, 1441306, 1, 0
51009, 1451657, 1, 0
52029, 1696415, 1, 0
53000, 1751709, 1, 0
54000, 1902858, 1, 0
55006, 1924211, 1, 0
56022, 2089108, 1, 0
57039, 2161020, 1, 0
58051, 1898397, 1, 0
59000, 2091212, 1, 0
60008, 2380653, 1, 0
1001, 592307, 1, 0
2000, 1227700, 1, 0
3001, 1333379, 1, 0
4001, 1258862, 1, 0
5000, 1115569, 1, 0
6000, 1163363, 1, 0
7000, 1133161, 1, 0
8000, 1139554, 1, 0
9000, 593257, 1, 0
10000, 425863, 1, 0
11000, 421445, 1, 0
12000, 417799, 1, 0
13000, 380791, 1, 0
14000, 377936, 1, 0
15000, 386191, 1, 0
16000, 386283, 1, 0
17000, 385447, 1, 0
18000, 365968, 1, 0
19000, 388238, 1, 0
20000, 386383, 1, 0
21000, 399682, 1, 0
22000, 413748, 1, 0
23000, 439554, 1, 0
24000, 466548, 1, 0
25000, 537258, 1, 0
26021, 1008145, 1, 0
27011, 1047818, 1, 0
28000, 962233, 1, 0
29009, 1092329, 1, 0
30000, 1073312, 1, 0
31033, 1085881, 1, 0
32000, 1067310, 1, 0
33000, 897884, 1, 0
34005, 856925, 1, 0
35029, 835479, 1, 0
36000, 850492, 1, 0
37001, 878140, 1, 0
38025, 922034, 1, 0
39040, 923658, 1, 0
40031, 950518, 1, 0
41019, 989415, 1, 0
42000, 1030544, 1, 0
43000, 1167141, 1, 0
44000, 1171581, 1, 0
45018, 1219164, 1, 0
46001, 1233322, 1, 0
47043, 1446938, 1, 0
48014, 1598200, 1, 0
49000, 1452697, 1, 0
50000, 1411542, 1, 0
51017, 1560617, 1, 0
52035, 1666941, 1, 0
53000, 1745326, 1, 0
54006, 1567770, 1, 0
55011, 1889194, 1, 0
56030, 2147549, 1, 0
57047, 2038409, 1, 0
58000, 2003200, 1, 0
59000, 2275382, 1, 0
60015, 2387391, 1, 0
1001, 581223, 1, 0
2000, 1227014, 1, 0
3001, 1199245, 1, 0
4000, 1204653, 1, 0
5000, 1315801, 1, 0
6000, 1190718, 1, 0
7000, 1085676, 1, 0
8000, 1138147, 1, 0
9000, 368284, 1, 0
10000, 353965, 1, 0
11000, 321615, 1, 0
12000, 362540, 1, 0
13000, 379306, 1, 0
14000, 399663, 1, 0
15000, 401241, 1, 0
16000, 393512, 1, 0
17000, 384382, 1, 0
18000, 376165, 1, 0
19000, 384651, 1, 0
20000, 391719, 1, 0
21000, 402794, 1, 0
22000, 418367, 1, 0
23000, 450602, 1, 0
24000, 467692, 1, 0
25000, 521775, 1, 0
26018, 983829, 1, 0
27008, 1060873, 1, 0
28001, 999640, 1, 0
29007, 1092757, 1, 0
30000, 1068032, 1, 0
31031, 1042076, 1, 0
32001, 1120810, 1, 0
33000, 876778, 1, 0
34003, 843967, 1, 0
35026, 834231, 1, 0
36000, 816456, 1, 0
37000, 880075, 1, 0
38022, 988512, 1, 0
39036, 910173, 1, 0
40029, 1012154, 1, 0
41015, 967501, 1, 0
42000, 1002774, 1, 0
43000, 1057292, 1, 0
44045, 1163522, 1, 0
45016, 1320681, 1, 0
46000, 1528198, 1, 0
47041, 1287576, 1, 0
48013, 1412421, 1, 0
49000, 1541820, 1, 0
50000, 1676212, 1, 0
51013, 1568030, 1, 0
52033, 1608284, 1, 0
53000, 1811989, 1, 0
54005, 1808129, 1, 0
55007, 1603249, 1, 0
56027, 1778559, 1, 0
57045, 1988727, 1, 0
58000, 1732631, 1, 0
59000, 2235077, 1, 0
60013, 2375413, 1, 0
1000, 546348, 1, 0
2001, 1258895, 1, 0
3005, 1352268, 1, 0
4000, 1237231, 1, 0
5000, 1207056, 1, 0
6000, 1221019, 1, 0
7000, 1245523, 1, 0
8000, 1098844, 1, 0
9000, 362109, 1, 0
10000, 329734, 1, 0
11000, 427185, 1, 0
12000, 407847, 1, 0
13000, 395140, 1, 0
14000, 349260, 1, 0
15000, 379048, 1, 0
16000, 385711, 1, 0
17000, 386202, 1, 0
18000, 388178, 1, 0
19000, 364503, 1, 0
20000, 388522, 1, 0
21000, 398683, 1, 0
22000, 420726, 1, 0
23000, 445801, 1, 0
24000, 460423, 1, 0
25000, 522933, 1, 0
26015, 1018013, 1, 0
27005, 1026004, 1, 0
28000, 999122, 1, 0
29004, 1067572, 1, 0
30000, 1079617, 1, 0
31028, 1172795, 1, 0
32000, 1127520, 1, 0
33000, 874341, 1, 0
34000, 847587, 1, 0
35025, 797224, 1, 0
36000, 870626, 1, 0
37000, 969119, 1, 0
38020, 844424, 1, 0
39035, 906612, 1, 0
40027, 1049572, 1, 0
41012, 1065141, 1, 0
42000, 1034358, 1, 0
43000, 1185586, 1, 0
44042, 1202923, 1, 0
45014, 1407666, 1, 0
46000, 1394550, 1, 0
47038, 1388886, 1, 0
48010, 1426581, 1, 0
49000, 1404430, 1, 0
50000, 1491438, 1, 0
51011, 1286113, 1, 0
52031, 1603584, 1, 0
53000, 1896683, 1, 0
54002, 2152721, 1, 0
55005, 1937018, 1, 0
56026, 2124586, 1, 0
57042, 2014281, 1, 0
58053, 2088126, 1, 0
59000, 2026210, 1, 0
60011, 2474064, 1, 0
1000, 524874, 1, 0
2000, 1312080, 1, 0
3000, 1250015, 1, 0
4000, 1192000, 1, 0
5000, 1101555, 1, 0
6001, 1127199, 1, 0
7001, 1226146, 1, 0
8000, 1138483, 1, 0
9000, 579263, 1, 0
10000, 390935, 1, 0
11000, 358262, 1, 0
12000, 365035, 1, 0
13000, 395331, 1, 0
14000, 364641, 1, 0
15000, 426634, 1, 0
16000, 390088, 1, 0
17000, 372549, 1, 0
18000, 371817, 1, 0
19000, 381673, 1, 0
20000, 378302, 1, 0
21000, 410353, 1, 0
22000, 421036, 1, 0
23000, 440966, 1, 0
24000, 464529, 1, 0
25000, 507346, 1, 0
26025, 1062611, 1, 0
27013, 1140895, 1, 0
28000, 1017374, 1, 0
29012, 1053681, 1, 0
30000, 1045688, 1, 0
31033, 1031652, 1, 0
32001, 1141364, 1, 0
33000, 861412, 1, 0
34007, 779429, 1, 0
35030, 833195, 1, 0
36000, 830822, 1, 0
37004, 1040763, 1, 0
38027, 887307, 1, 0
39000, 875803, 1, 0
40033, 989915, 1, 0
41019, 945849, 1, 0
42000, 1037061, 1, 0
43000, 1207545, 1, 0
44000, 1226510, 1, 0
45020, 1368799, 1, 0
46001, 1190934, 1, 0
47044, 1374758, 1, 0
48016, 1543032, 1, 0
49000, 1452601, 1, 0
50000, 1613356, 1, 0
51018, 1665867, 1, 0
52037, 1494419, 1, 0
53000, 1737993, 1, 0
54008, 1787892, 1, 0
55011, 1968126, 1, 0
56032, 2002360, 1, 0
57049, 1937655, 1, 0
58000, 2168997, 1, 0
59000, 2285060, 1, 0
60017, 2232255, 1, 0
1000, 505585, 1, 0
2000, 1293585, 1, 0
3000, 1321201, 1, 0
4000, 1174265, 1, 0
5004, 1146913, 1, 0
6001, 1239707, 1, 0
7000, 1167442, 1, 0
8000, 1133541, 1, 0
9000, 487428, 1, 0
10000, 375223, 1, 0
11000, 399747, 1, 0
12000, 415642, 1, 0
13000, 390492, 1, 0
14000, 365184, 1, 0
15000, 387140, 1, 0
16000, 375510, 1, 0
17000, 381787, 1, 0
18000, 387697, 1, 0
19000, 385113, 1, 0
20000, 395735, 1, 0
21000, 402213, 1, 0
22000, 428503, 1, 0
23000, 449398, 1, 0
24000, 452011, 1, 0
25000, 519651, 1, 0
26018, 1085713, 1, 0
27006, 1213047, 1, 0
28000, 965379, 1, 0
29005, 1049509, 1, 0
30000, 1041211, 1, 0
31028, 1156286, 1, 0
32000, 1135460, 1, 0
33000, 913966, 1, 0
34002, 870696, 1, 0
35025, 853352, 1, 0
36000, 870003, 1, 0
37000, 920830, 1, 0
38020, 903065, 1, 0
39035, 909430, 1, 0
40028, 963969, 1, 0
41012, 1054924, 1, 0
42000, 975147, 1, 0
43000, 1086726, 1, 0
44043, 1048478, 1, 0
45014, 1316745, 1, 0
46000, 1400384, 1, 0
47038, 1320789, 1, 0
48011, 1462431, 1, 0
49000, 1490960, 1, 0
50000, 1653076, 1, 0
51011, 1525868, 1, 0
52031, 1610147, 1, 0
53000, 1737357, 1, 0
54003, 1945613, 1, 0
55008, 1807981, 1, 0
56026, 2218049, 1, 0
57043, 2003432, 1, 0
58055, 2124454, 1, 0
59000, 2444015, 1, 0
60012, 2226550, 1, 0
1000, 586805, 1, 0
2000, 1339041, 1, 0
3001, 1187765, 1, 0
4000, 1221396, 1, 0
5001, 1055007, 1, 0
6000, 1211743, 1, 0
7000, 1203952, 1, 0
8003, 1175346, 1, 0
9000, 499984, 1, 0
10000, 416811, 1, 0
11000, 420532, 1, 0
12000, 443180, 1, 0
13000, 415173, 1, 0
14000, 406745, 1, 0
15000, 384499, 1, 0
16000, 395953, 1, 0
17000, 387712, 1, 0
18000, 372475, 1, 0
19000, 391336, 1, 0
20000, 398009, 1, 0
21000, 403194, 1, 0
22000, 433238, 1, 0
23000, 436549, 1, 0
24000, 466194, 1, 0
25000, 509780, 1, 0
26016, 983995, 1, 0
27006, 1032734, 1, 0
28000, 1003217, 1, 0
29004, 1084173, 1, 0
30000, 1042638, 1, 0
31029, 1080221, 1, 0
32000, 1113690, 1, 0
33000, 852013, 1, 0
34004, 807293, 1, 0
35024, 739076, 1, 0
36000, 810188, 1, 0
37000, 895018, 1, 0
38020, 893984, 1, 0
39034, 949281, 1, 0
40027, 976563, 1, 0
41013, 975047, 1, 0
42000, 1105795, 1, 0
43000, 1093769, 1, 0
44043, 1294474, 1, 0
45014, 1256717, 1, 0
46000, 1223668, 1, 0
47039, 1366172, 1, 0
48010, 1376762, 1, 0
49000, 1380428, 1, 0
50000, 1585956, 1, 0
51013, 1515957, 1, 0
52031, 1616257, 1, 0
53000, 1740401, 1, 0
54001, 1900199, 1, 0
55004, 1760668, 1, 0
56025, 1967863, 1, 0
57043, 1939038, 1, 0
58053, 2098824, 1, 0
59000, 2162548, 1, 0
60011, 2159381, 1, 0
1001, 501396, 1, 0
2000, 1187006, 1, 0
3001, 1257195, 1, 0
4000, 1102900, 1, 0
5000, 1317636, 1, 0
6001, 1129724, 1, 0
7000, 1222730, 1, 0
8001, 1175217, 1, 0
9000, 578315, 1, 0
10000, 428582, 1, 0
11000, 402527, 1, 0
12000, 396564, 1, 0
13000, 379280, 1, 0
14000, 351173, 1, 0
15000, 387030, 1, 0
16000, 381480, 1, 0
17000, 377848, 1, 0
18000, 374782, 1, 0
19000, 365036, 1, 0
20000, 398208, 1, 0
21000, 407841, 1, 0
22000, 413331, 1, 0
23000, 435435, 1, 0
24000, 459500, 1, 0
25000, 527150, 1, 0
26018, 1002118, 1, 0
27008, 1048374, 1, 0
28000, 1043301, 1, 0
29007, 1046390, 1, 0
30000, 1033882, 1, 0
31030, 1109582, 1, 0
32000, 1064155, 1, 0
33000, 822074, 1, 0
34004, 880111, 1, 0
35028, 794120, 1, 0
36000, 950253, 1, 0
37000, 813426, 1, 0
38023, 935205, 1, 0
39037, 909056, 1, 0
40030, 998671, 1, 0
41015, 944011, 1, 0
42000, 1103344, 1, 0
43000, 1144208, 1, 0
44045, 1094818, 1, 0
45017, 1310385, 1, 0
46000, 1380048, 1, 0
47041, 1386967, 1, 0
48013, 1671830, 1, 0
49000, 1381424, 1, 0
50000, 1550904, 1, 0
51015, 1615798, 1, 0
52033, 1621904, 1, 0
53000, 1681571, 1, 0
54005, 1824082, 1, 0
55008, 1890871, 1, 0
56028, 1896169, 1, 0
57045, 2048098, 1, 0
58000, 1953781, 1, 0
59000, 2573494, 1, 0
60013, 2326812, 1, 0
1000, 618860, 1, 0
2000, 1272814, 1, 0
3000, 1125755, 1, 0
4000, 1151847, 1, 0
5000, 1169365, 1, 0
6000, 1081385, 1, 0
7000, 1112993, 1, 0
8000, 1162685, 1, 0
9000, 526279, 1, 0
10000, 413936, 1, 0
11000, 430467, 1, 0
12000, 416043, 1, 0
13000, 430129, 1, 0
14000, 391732, 1, 0
15000, 389869, 1, 0
16000, 393137, 1, 0
17000, 387444, 1, 0
18000, 390556, 1, 0
19000, 378473, 1, 0
20000, 399760, 1, 0
21000, 413040, 1, 0
22000, 426700, 1, 0
23000, 442642, 1, 0
24000, 466038, 1, 0
25000, 517066, 1, 0
26021, 969925, 1, 0
27012, 1012351, 1, 0
28000, 1047552, 1, 0
29011, 1074887, 1, 0
30000, 990225, 1, 0
31034, 1115742, 1, 0
32000, 1152630, 1, 0
33000, 874070, 1, 0
34007, 835875, 1, 0
35030, 796145, 1, 0
36000, 833747, 1, 0
37003, 977816, 1, 0
38026, 790705, 1, 0
39000, 916505, 1, 0
40033, 1036955, 1, 0
41019, 1040535, 1, 0
42000, 1188587, 1, 0
43000, 1120698, 1, 0
44000, 1064147, 1, 0
45020, 1264108, 1, 0
46002, 1324799, 1, 0
47045, 1396778, 1, 0
48017, 1429721, 1, 0
49000, 1501040, 1, 0
50001, 1573307, 1, 0
51019, 1655692, 1, 0
52037, 1688308, 1, 0
53000, 1661111, 1, 0
54006, 1875791, 1, 0
55011, 1691636, 1, 0
56032, 1754494, 1, 0
57048, 2075186, 1, 0
58000, 1859789, 1, 0
59000, 2149160, 1, 0
60018, 2144505, 1, 0
1000, 515583, 1, 0
2000, 1241422, 1, 0
3002, 1195301, 1, 0
4000, 1258745, 1, 0
5000, 1235392, 1, 0
6001, 1239996, 1, 0
7000, 1209059, 1, 0
8000, 1079605, 1, 0
9000, 364545, 1, 0
10000, 373285, 1, 0
11000, 422934, 1, 0
12000, 391178, 1, 0
13000, 402936, 1, 0
14000, 396814, 1, 0
15000, 403728, 1, 0
16000, 391157, 1, 0
17000, 393649, 1, 0
18000, 381695, 1, 0
19000, 395858, 1, 0
20000, 397575, 1, 0
21000, 415520, 1, 0
22000, 427462, 1, 0
23000, 435721, 1, 0
24000, 465666, 1, 0
25000, 518934, 1, 0
26015, 1024184, 1, 0
27005, 1130251, 1, 0
28000, 1079581, 1, 0
29004, 1091203, 1, 0
30000, 1057379, 1, 0
31026, 1095530, 1, 0
32000, 1127628, 1, 0
33000, 826141, 1, 0
34000, 826889, 1, 0
35024, 806212, 1, 0
36000, 936542, 1, 0
37000, 729443, 1, 0
38019, 952805, 1, 0
39034, 894331, 1, 0
40027, 1002425, 1, 0
41011, 946684, 1, 0
42000, 974248, 1, 0
43000, 1208147, 1, 0
44042, 1069694, 1, 0
45012, 1285047, 1, 0
46000, 1297496, 1, 0
47038, 1471533, 1, 0
48009, 1416805, 1, 0
49049, 1615996, 1, 0
50000, 1374878, 1, 0
51011, 1528069, 1, 0
52031, 1603901, 1, 0
53000, 1720915, 1, 0
54000, 1903085, 1, 0
55004, 1656616, 1, 0
56024, 1886939, 1, 0
57042, 2107640, 1, 0
58052, 2203448, 1, 0
59000, 2325498, 1, 0
60012, 2412193, 1, 0
1000, 552975, 1, 0
2000, 1229373, 1, 0
3000, 1243659, 1, 0
4001, 1051542, 1, 0
5000, 1235890, 1, 0
6000, 1101913, 1, 0
7000, 1185936, 1, 0
8000, 1162361, 1, 0
9000, 482765, 1, 0
10000, 405424, 1, 0
11000, 409722, 1, 0
12000, 352883, 1, 0
13000, 404592, 1, 0
14000, 406988, 1, 0
15000, 385138, 1, 0
16000, 409865, 1, 0
17000, 377654, 1, 0
18000, 383985, 1, 0
19000, 389066, 1, 0
20000, 396967, 1, 0
21000, 402150, 1, 0
22000, 428602, 1, 0
23000, 447026, 1, 0
24000, 466385, 1, 0
25000, 517478, 1, 0
26020, 1015227, 1, 0
27010, 1027580, 1, 0
28000, 986539, 1, 0
29009, 1090900, 1, 0
30000, 1054550, 1, 0
31032, 1170141, 1, 0
32000, 1156000, 1, 0
33000, 878761, 1, 0
34005, 804956, 1, 0
35029, 842368, 1, 0
36000, 912792, 1, 0
37000, 970168, 1, 0
38025, 955630, 1, 0
39040, 923591, 1, 0
40032, 955126, 1, 0
41018, 1008554, 1, 0
42001, 1090746, 1, 0
43000, 1096220, 1, 0
44000, 1153471, 1, 0
45018, 1274063, 1, 0
46000, 1155953, 1, 0
47043, 1355469, 1, 0
48014, 1417007, 1, 0
49000, 1481593, 1, 0
50000, 1570460, 1, 0
51017, 1517522, 1, 0
52036, 1735399, 1, 0
53000, 1686729, 1, 0
54007, 1681113, 1, 0
55010, 1947239, 1, 0
56031, 1860617, 1, 0
57046, 2109074, 1, 0
58000, 2183320, 1, 0
59000, 2447296, 1, 0
60015, 2134493, 1, 0
1000, 655226, 1, 0
2000, 1227970, 1, 0
3000, 1231555, 1, 0
4000, 1229419, 1, 0
5003, 1190373, 1, 0
6000, 1181057, 1, 0
7000, 1149216, 1, 0
8000, 1134935, 1, 0
9000, 510160, 1, 0
10000, 412392, 1, 0
11000, 406012, 1, 0
12000, 439952, 1, 0
13000, 386814, 1, 0
14000, 408483, 1, 0
15000, 380007, 1, 0
16000, 392399, 1, 0
17000, 380624, 1, 0
18000, 401392, 1, 0
19000, 383810, 1, 0
20000, 395562, 1, 0
21000, 392468, 1, 0
22000, 427313, 1, 0
23000, 438010, 1, 0
24000, 465142, 1, 0
25000, 518558, 1, 0
26009, 1050586, 1, 0
27000, 1171935, 1, 0
28000, 995362, 1, 0
29001, 1095032, 1, 0
30001, 1033307, 1, 0
31021, 1111804, 1, 0
32000, 1067861, 1, 0
33000, 816700, 1, 0
34000, 804900, 1, 0
35018, 764558, 1, 0
36000, 850685, 1, 0
37000, 950230, 1, 0
38013, 965132, 1, 0
39028, 967183, 1, 0
40021, 942466, 1, 0
41006, 1059556, 1, 0
42000, 916064, 1, 0
43000, 1120200, 1, 0
44036, 1298016, 1, 0
45007, 1308152, 1, 0
46000, 1481256, 1, 0
47032, 1314368, 1, 0
48003, 1586202, 1, 0
49044, 1493370, 1, 0
50000, 1577083, 1, 0
51005, 1465094, 1, 0
52024, 1688119, 1, 0
53000, 1612540, 1, 0
54000, 1736144, 1, 0
55000, 1581994, 1, 0
56018, 2142444, 1, 0
57035, 1891511, 1, 0
58048, 2226522, 1, 0
59054, 2674505, 1, 0
60004, 2413691, 1, 0
1000, 601341, 1, 0
2001, 1237934, 1, 0
3001, 1179241, 1, 0
4000, 1175030, 1, 0
5006, 1114488, 1, 0
6001, 1216548, 1, 0
7000, 1150981, 1, 0
8000, 1166522, 1, 0
9000, 495828, 1, 0
10000, 374729, 1, 0
11000, 393255, 1, 0
12000, 369622, 1, 0
13000, 419454, 1, 0
14000, 417747, 1, 0
15000, 388338, 1, 0
16000, 393322, 1, 0
17000, 390365, 1, 0
18000, 395652, 1, 0
19000, 382386, 1, 0
20000, 394480, 1, 0
21000, 409282, 1, 0
22000, 419018, 1, 0
23000, 430855, 1, 0
24000, 469671, 1, 0
25000, 517732, 1, 0
26018, 977173, 1, 0
27007, 1151042, 1, 0
28000, 982721, 1, 0
29005, 1106826, 1, 0
30000, 1045312, 1, 0
31030, 1113515, 1, 0
32000, 1130261, 1, 0
33000, 927319, 1, 0
34005, 872403, 1, 0
35025, 774300, 1, 0
36000, 842091, 1, 0
37000, 882244, 1, 0
38021, 987224, 1, 0
39036, 913257, 1, 0
40028, 876636, 1, 0
41014, 1056802, 1, 0
42001, 1069712, 1, 0
43000, 1139505, 1, 0
44044, 1193343, 1, 0
45016, 1243547, 1, 0
46000, 1389867, 1, 0
47039, 1236441, 1, 0
48011, 1382582, 1, 0
49000, 1504258, 1, 0
50000, 1484769, 1, 0
51013, 1624463, 1, 0
52034, 1626014, 1, 0
53001, 1742248, 1, 0
54002, 1875874, 1, 0
55010, 1966139, 1, 0
56026, 2447215, 1, 0
57044, 2116941, 1, 0
58000, 2102711, 1, 0
59000, 2670518, 1, 0
60012, 2207474, 1, 0
1000, 547051, 1, 0
2000, 1125372, 1, 0
3004, 1244699, 1, 0
4000, 1246021, 1, 0
5001, 1350887, 1, 0
6000, 1069502, 1, 0
7000, 1237255, 1, 0
8002, 1126033, 1, 0
9000, 493175, 1, 0
10000, 380772, 1, 0
11000, 335959, 1, 0
12000, 410332, 1, 0
13000, 396734, 1, 0
14000, 371964, 1, 0
15000, 382840, 1, 0
16000, 381346, 1, 0
17000, 386601, 1, 0
18000, 390213, 1, 0
19000, 396177, 1, 0
20000, 393389, 1, 0
21000, 408847, 1, 0
22000, 421128, 1, 0
23000, 438450, 1, 0
24000, 464071, 1, 0
25000, 516996, 1, 0
26017, 1003263, 1, 0
27008, 1106103, 1, 0
28000, 1031469, 1, 0
29006, 1040480, 1, 0
30000, 1053577, 1, 0
31029, 1127547, 1, 0
32000, 1122419, 1, 0
33000, 883965, 1, 0
34002, 766392, 1, 0
35026, 758991, 1, 0
36000, 889167, 1, 0
37000, 959916, 1, 0
38021, 925342, 1, 0
39036, 857308, 1, 0
40027, 1030911, 1, 0
41013, 924560, 1, 0
42000, 1068524, 1, 0
43000, 969444, 1, 0
44044, 1260171, 1, 0
45015, 1292896, 1, 0
46000, 1290339, 1, 0
47039, 1356905, 1, 0
48011, 1482062, 1, 0
49000, 1442572, 1, 0
50001, 1754157, 1, 0
51012, 1595010, 1, 0
52032, 1543997, 1, 0
53000, 1783705, 1, 0
54003, 1760393, 1, 0
55006, 1924952, 1, 0
56026, 1790370, 1, 0
57043, 2023574, 1, 0
58054, 2298820, 1, 0
59000, 2182113, 1, 0
60012, 2372317, 1, 0
1000, 634506, 1, 0
2000, 1312163, 1, 0
3001, 1147748, 1, 0
4000, 1161028, 1, 0
5000, 1228639, 1, 0
6001, 1186737, 1, 0
7000, 1215181, 1, 0
8000, 1226239, 1, 0
9000, 497570, 1, 0
10000, 415554, 1, 0
11000, 434510, 1, 0
12000, 368652, 1, 0
13000, 413070, 1, 0
14000, 398001, 1, 0
15000, 396840, 1, 0
16000, 389497, 1, 0
17000, 386727, 1, 0
18000, 390021, 1, 0
19000, 380795, 1, 0
20000, 388090, 1, 0
21000, 415091, 1, 0
22000, 409278, 1, 0
23000, 442689, 1, 0
24000, 452894, 1, 0
25000, 508785, 1, 0
26023, 1000688, 1, 0
27012, 1136910, 1, 0
28000, 985471, 1, 0
29012, 1069639, 1, 0
30000, 1052128, 1, 0
31034, 1061843, 1, 0
32000, 1115584, 1, 0
33000, 853452, 1, 0
34008, 940042, 1, 0
35031, 875051, 1, 0
36000, 888516, 1, 0
37003, 932129, 1, 0
38027, 905121, 1, 0
39000, 880703, 1, 0
40033, 947662, 1, 0
41019, 1002032, 1, 0
42000, 1021232, 1, 0
43019, 1149379, 1, 0
44000, 1162203, 1, 0
45019, 1435773, 1, 0
46002, 1309652, 1, 0
47044, 1343062, 1, 0
48016, 1422406, 1, 0
49000, 1534805, 1, 0
50000, 1629350, 1, 0
51018, 1534947, 1, 0
52037, 1718150, 1, 0
53000, 1484259, 1, 0
54008, 1614981, 1, 0
55011, 1903876, 1, 0
56032, 2119506, 1, 0
57048, 2087878, 1, 0
58000, 1864097, 1, 0
59001, 1933700, 1, 0
60018, 2179371, 1, 0
1000, 547978, 1, 0
2000, 1311297, 1, 0
3004, 1183509, 1, 0
4000, 1292987, 1, 0
5000, 1201909, 1, 0
6001, 1123317, 1, 0
7000, 1103249, 1, 0
8001, 1143000, 1, 0
9000, 588452, 1, 0
10000, 358296, 1, 0
11000, 360238, 1, 0
12000, 420230, 1, 0
13000, 403451, 1, 0
14000, 401787, 1, 0
15000, 381390, 1, 0
16000, 390067, 1, 0
17000, 379074, 1, 0
18000, 393310, 1, 0
19000, 364816, 1, 0
20000, 399680, 1, 0
21000, 409412, 1, 0
22000, 416850, 1, 0
23000, 434946, 1, 0
24000, 463531, 1, 0
25000, 515748, 1, 0
26019, 1050980, 1, 0
27009, 1140125, 1, 0
28000, 998508, 1, 0
29007, 1062890, 1, 0
30000, 1032185, 1, 0
31031, 1113802, 1, 0
32001, 1145800, 1, 0
33000, 934667, 1, 0
34004, 830415, 1, 0
35027, 854151, 1, 0
36000, 873518, 1, 0
37000, 825565, 1, 0
38023, 927956, 1, 0
39037, 1004556, 1, 0
40030, 876442, 1, 0
41015, 974860, 1, 0
42001, 1090508, 1, 0
43000, 1131412, 1, 0
44045, 1209889, 1, 0
45017, 1231467, 1, 0
46000, 1355471, 1, 0
47041, 1393203, 1, 0
48013, 1309394, 1, 0
49000, 1417304, 1, 0
50000, 1647976, 1, 0
51015, 1593902, 1, 0
52035, 1671588, 1, 0
53000, 1658950, 1, 0
54003, 1646890, 1, 0
55008, 1777205, 1, 0
56029, 1978872, 1, 0
57045, 2201157, 1, 0
58000, 1999072, 1, 0
59000, 2406557, 1, 0
60014, 2215272, 1, 0
1000, 601664, 1, 0
2000, 1414444, 1, 0
3000, 1184276, 1, 0
4000, 1056902, 1, 0
5000, 1262805, 1, 0
6000, 1192498, 1, 0
7000, 1055454, 1, 0
8000, 1097987, 1, 0
9000, 569086, 1, 0
10000, 431873, 1, 0
11000, 356218, 1, 0
12000, 384018, 1, 0
13000, 363359, 1, 0
14000, 361917, 1, 0
15000, 388924, 1, 0
16000, 392147, 1, 0
17000, 373453, 1, 0
18000, 369274, 1, 0
19000, 392122, 1, 0
20000, 391477, 1, 0
21000, 407476, 1, 0
22000, 424247, 1, 0
23000, 446133, 1, 0
24000, 463845, 1, 0
25000, 508699, 1, 0
26014, 977866, 1, 0
27007, 1125553, 1, 0
28000, 1040411, 1, 0
29005, 1062049, 1, 0
30000, 1072032, 1, 0
31029, 1061991, 1, 0
32000, 1159225, 1, 0
33000, 896468, 1, 0
34000, 771011, 1, 0
35024, 832410, 1, 0
36000, 869630, 1, 0
37000, 884031, 1, 0
38020, 984051, 1, 0
39034, 904751, 1, 0
40027, 867057, 1, 0
41012, 910225, 1, 0
42000, 998118, 1, 0
43000, 1034865, 1, 0
44041, 1329842, 1, 0
45013, 1292849, 1, 0
46000, 1485380, 1, 0
47037, 1476560, 1, 0
48010, 1456493, 1, 0
49050, 1418515, 1, 0
50000, 1357845, 1, 0
51011, 1611097, 1, 0
52030, 1523348, 1, 0
53000, 1567505, 1, 0
54000, 1901154, 1, 0
55004, 1882431, 1, 0
56024, 2073555, 1, 0
57042, 1777348, 1, 0
58052, 2025804, 1, 0
59000, 1922373, 1, 0
60010, 2369521, 1, 0
1000, 532202, 1, 0
2000, 1359103, 1, 0
3001, 1143306, 1, 0
4000, 1173333, 1, 0
5000, 1194157, 1, 0
6001, 1249737, 1, 0
7000, 1144465, 1, 0
8000, 1137664, 1, 0
9000, 493141, 1, 0
10000, 409815, 1, 0
11000, 351953, 1, 0
12000, 353277, 1, 0
13000, 398623, 1, 0
14000, 408230, 1, 0
15000, 389512, 1, 0
16000, 380139, 1, 0
17000, 400644, 1, 0
18000, 369913, 1, 0
19000, 391983, 1, 0
20000, 397930, 1, 0
21000, 406823, 1, 0
22000, 423380, 1, 0
23000, 431780, 1, 0
24000, 456926, 1, 0
25000, 524072, 1, 0
26024, 1014093, 1, 0
27013, 1043619, 1, 0
28000, 1040646, 1, 0
29009, 1047401, 1, 0
30000, 1064155, 1, 0
31033, 1119242, 1, 0
32000, 1144121, 1, 0
33000, 960972, 1, 0
34005, 892647, 1, 0
35029, 810800, 1, 0
36000, 883088, 1, 0
37000, 894757, 1, 0
38025, 943707, 1, 0
39039, 895492, 1, 0
40032, 970197, 1, 0
41017, 1016810, 1, 0
42000, 1024650, 1, 0
43000, 1038916, 1, 0
44000, 1018001, 1, 0
45018, 1458563, 1, 0
46000, 1415104, 1, 0
47043, 1233244, 1, 0
48015, 1351909, 1, 0
49000, 1398025, 1, 0
50000, 1573020, 1, 0
51016, 1670531, 1, 0
52035, 1538513, 1, 0
53000, 1774773, 1, 0
54005, 1707051, 1, 0
55010, 1850788, 1, 0
56030, 1691440, 1, 0
57047, 1971772, 1, 0
58000, 2104570, 1, 0
59000, 2302824, 1, 0
60015, 2263322, 1, 0
1000, 526199, 1, 0
2000, 1366398, 1, 0
3000, 1139383, 1, 0
4000, 1151774, 1, 0
5002, 1145394, 1, 0
6000, 1171369, 1, 0
7000, 1120291, 1, 0
8000, 1181021, 1, 0
9000, 360039, 1, 0
10000, 354873, 1, 0
11000, 398456, 1, 0
12000, 382948, 1, 0
13000, 402914, 1, 0
14000, 393059, 1, 0
15000, 395161, 1, 0
16000, 369045, 1, 0
17000, 383070, 1, 0
18000, 394848, 1, 0
19000, 394542, 1, 0
20000, 395825, 1, 0
21000, 404230, 1, 0
22000, 432005, 1, 0
23000, 452079, 1, 0
24000, 473085, 1, 0
25000, 526863, 1, 0
26021, 1018819, 1, 0
27010, 1131327, 1, 0
28000, 1047197, 1, 0
29004, 1087481, 1, 0
30000, 1053882, 1, 0
31028, 1067454, 1, 0
32000, 1152020, 1, 0
33000, 810222, 1, 0
34002, 824169, 1, 0
35025, 828059, 1, 0
36000, 815298, 1, 0
37000, 938201, 1, 0
38021, 923645, 1, 0
39036, 915864, 1, 0
40028, 1128043, 1, 0
41012, 1056145, 1, 0
42001, 1067853, 1, 0
43000, 1174361, 1, 0
44044, 1262763, 1, 0
45015, 1302578, 1, 0
46000, 1378298, 1, 0
47040, 1361786, 1, 0
48011, 1493316, 1, 0
49000, 1462585, 1, 0
50000, 1659625, 1, 0
51012, 1571632, 1, 0
52031, 1667567, 1, 0
53000, 1866865, 1, 0
54002, 1710041, 1, 0
55009, 1790591, 1, 0
56026, 2010890, 1, 0
57042, 2196522, 1, 0
58053, 1904858, 1, 0
59000, 1841598, 1, 0
60012, 2183296, 1, 0
1001, 511801, 1, 0
2001, 1365273, 1, 0
3000, 1207592, 1, 0
4000, 1283260, 1, 0
5000, 1188098, 1, 0
6000, 1174034, 1, 0
7000, 1164495, 1, 0
8000, 1307089, 1, 0
9000, 567631, 1, 0
10000, 402818, 1, 0
11000, 361312, 1, 0
12000, 376001, 1, 0
13000, 337482, 1, 0
14000, 389122, 1, 0
15000, 418170, 1, 0
16000, 376225, 1, 0
17000, 386630, 1, 0
18000, 381192, 1, 0
19000, 395382, 1, 0
20000, 389378, 1, 0
21000, 411381, 1, 0
22000, 422986, 1, 0
23000, 444430, 1, 0
24000, 478361, 1, 0
25000, 522283, 1, 0
26019, 953975, 1, 0
27009, 1002323, 1, 0
28000, 1012849, 1, 0
29008, 1083628, 1, 0
30000, 1096024, 1, 0
31031, 1138171, 1, 0
32000, 1105002, 1, 0
33000, 878867, 1, 0
34004, 777784, 1, 0
35027, 785614, 1, 0
36000, 815546, 1, 0
37000, 965703, 1, 0
38023, 905155, 1, 0
39037, 956909, 1, 0
40030, 1021271, 1, 0
41019, 978777, 1, 0
42000, 994211, 1, 0
43000, 1040929, 1, 0
44045, 1224076, 1, 0
45017, 1203340, 1, 0
46000, 1427640, 1, 0
47041, 1374666, 1, 0
48012, 1384741, 1, 0
49000, 1387941, 1, 0
50001, 1579281, 1, 0
51014, 1595234, 1, 0
52034, 1619095, 1, 0
53000, 1728296, 1, 0
54005, 1964784, 1, 0
55012, 2063715, 1, 0
56027, 2176299, 1, 0
57046, 2088377, 1, 0
58000, 1924984, 1, 0
59000, 2321831, 1, 0
60014, 2499698, 1, 0
1000, 562647, 1, 0
2000, 1226785, 1, 0
3000, 1207874, 1, 0
4001, 1290965, 1, 0
5001, 1213917, 1, 0
6000, 1220132, 1, 0
7001, 1209128, 1, 0
8001, 1163074, 1, 0
9000, 499091, 1, 0
10000, 411539, 1, 0
11000, 419822, 1, 0
12000, 405293, 1, 0
13000, 380321, 1, 0
14000, 382620, 1, 0
15000, 389993, 1, 0
16000, 388507, 1, 0
17000, 376413, 1, 0
18000, 374160, 1, 0
19000, 385018, 1, 0
20000, 388360, 1, 0
21000, 395842, 1, 0
22000, 417272, 1, 0
23000, 434275, 1, 0
24000, 469114, 1, 0
25000, 512616, 1, 0
26021, 970434, 1, 0
27010, 1018750, 1, 0
28000, 1050210, 1, 0
29010, 1072028, 1, 0
30000, 1075035, 1, 0
31032, 1090964, 1, 0
32000, 1075904, 1, 0
33000, 943244, 1, 0
34005, 886306, 1, 0
35029, 838696, 1, 0
36000, 856251, 1, 0
37001, 852681, 1, 0
38024, 903997, 1, 0
39038, 900392, 1, 0
40031, 985932, 1, 0
41016, 909507, 1, 0
42000, 1089642, 1, 0
43000, 1111457, 1, 0
44046, 1200134, 1, 0
45018, 1361684, 1, 0
46000, 1457372, 1, 0
47042, 1631233, 1, 0
48015, 1503435, 1, 0
49000, 1266322, 1, 0
50000, 1681490, 1, 0
51017, 1635599, 1, 0
52035, 1644035, 1, 0
53000, 1636775, 1, 0
54006, 1864860, 1, 0
55013, 1845172, 1, 0
56030, 1789686, 1, 0
57046, 2201103, 1, 0
58001, 2029298, 1, 0
59000, 2451159, 1, 0
60016, 2153649, 1, 0
1000, 603357, 1, 0
2001, 1331252, 1, 0
3000, 1037442, 1, 0
4001, 1149769, 1, 0
5001, 1169082, 1, 0
6001, 1065237, 1, 0
7001, 1126646, 1, 0
8001, 1242066, 1, 0
9000, 488509, 1, 0
10000, 385154, 1, 0
11000, 341712, 1, 0
12000, 387294, 1, 0
13000, 393069, 1, 0
14000, 373443, 1, 0
15000, 401605, 1, 0
16000, 363462, 1, 0
17000, 395290, 1, 0
18000, 392019, 1, 0
19000, 381015, 1, 0
20000, 379030, 1, 0
21000, 399680, 1, 0
22000, 406622, 1, 0
23000, 437895, 1, 0
24000, 453966, 1, 0
25000, 520360, 1, 0
26015, 1032451, 1, 0
27005, 1037526, 1, 0
28000, 979300, 1, 0
29003, 1060860, 1, 0
30000, 1064835, 1, 0
31027, 1111912, 1, 0
32000, 1077098, 1, 0
33000, 876587, 1, 0
34001, 834764, 1, 0
35024, 795016, 1, 0
36000, 859640, 1, 0
37000, 879650, 1, 0
38019, 986417, 1, 0
39034, 898968, 1, 0
40026, 960994, 1, 0
41011, 1010630, 1, 0
42000, 1048007, 1, 0
43000, 997546, 1, 0
44042, 1264632, 1, 0
45014, 1311181, 1, 0
46000, 1469037, 1, 0
47038, 1470016, 1, 0
48009, 1435250, 1, 0
49049, 1417543, 1, 0
50000, 1402827, 1, 0
51011, 1370396, 1, 0
52030, 1740715, 1, 0
53000, 1697822, 1, 0
54001, 1794562, 1, 0
55008, 1893329, 1, 0
56025, 2179518, 1, 0
57042, 1964569, 1, 0
58052, 2198755, 1, 0
59000, 1942708, 1, 0
60010, 1979537, 1, 0
1001, 609655, 1, 0
2000, 1205217, 1, 0
3000, 1206621, 1, 0
4001, 1441006, 1, 0
5001, 1181014, 1, 0
6000, 1165918, 1, 0
7000, 1240480, 1, 0
8001, 1092420, 1, 0
9000, 588338, 1, 0
10000, 430616, 1, 0
11000, 402120, 1, 0
12000, 375302, 1, 0
13000, 383929, 1, 0
14000, 380697, 1, 0
15000, 391957, 1, 0
16000, 392198, 1, 0
17000, 381208, 1, 0
18000, 374086, 1, 0
19000, 381251, 1, 0
20000, 398451, 1, 0
21000, 405400, 1, 0
22000, 406874, 1, 0
23000, 442143, 1, 0
24000, 458414, 1, 0
25000, 525655, 1, 0
26008, 1061819, 1, 0
27005, 1161932, 1, 0
28000, 974917, 1, 0
29002, 1043440, 1, 0
30000, 1052225, 1, 0
31019, 1156933, 1, 0
32000, 1124648, 1, 0
33000, 871282, 1, 0
34000, 831232, 1, 0
35017, 760965, 1, 0
36000, 852530, 1, 0
37000, 878836, 1, 0
38012, 845599, 1, 0
39026, 996205, 1, 0
40019, 967634, 1, 0
41005, 1002605, 1, 0
42000, 1052813, 1, 0
43000, 1105892, 1, 0
44034, 1190888, 1, 0
45005, 1221257, 1, 0
46000, 1335535, 1, 0
47030, 1429232, 1, 0
48001, 1425377, 1, 0
49042, 1589620, 1, 0
50000, 1521470, 1, 0
51003, 1563467, 1, 0
52023, 1642039, 1, 0
53000, 1719699, 1, 0
54001, 1885458, 1, 0
55000, 2101067, 1, 0
56017, 1864033, 1, 0
57034, 2150748, 1, 0
58045, 1942155, 1, 0
59054, 2382211, 1, 0
60003, 1973618, 1, 0
1001, 644990, 1, 0
2000, 1332097, 1, 0
3000, 1153395, 1, 0
4000, 1185765, 1, 0
5000, 1167665, 1, 0
6000, 1040991, 1, 0
7000, 1154563, 1, 0
8000, 1093286, 1, 0
9000, 501197, 1, 0
10000, 391646, 1, 0
11000, 417001, 1, 0
12000, 384517, 1, 0
13000, 402827, 1, 0
14000, 373764, 1, 0
15000, 376525, 1, 0
16000, 374591, 1, 0
17000, 368206, 1, 0
18000, 362843, 1, 0
19000, 380403, 1, 0
20000, 392469, 1, 0
21000, 396796, 1, 0
22000, 419831, 1, 0
23000, 437067, 1, 0
24000, 464028, 1, 0
25000, 520854, 1, 0
26000, 975070, 1, 0
27001, 1045898, 1, 0
28000, 1001065, 1, 0
29000, 1067801, 1, 0
30000, 1033392, 1, 0
31010, 1096245, 1, 0
32000, 1093386, 1, 0
33034, 929681, 1, 0
34000, 899445, 1, 0
35007, 797468, 1, 0
36000, 912152, 1, 0
37000, 893701, 1, 0
38003, 825698, 1, 0
39018, 968159, 1, 0
40009, 975797, 1, 0
41000, 937058, 1, 0
42000, 950995, 1, 0
43000, 1126280, 1, 0
44026, 1249031, 1, 0
45000, 1422960, 1, 0
46000, 1244444, 1, 0
47021, 1267591, 1, 0
48001, 1473267, 1, 0
49033, 1522623, 1, 0
50001, 1398605, 1, 0
51001, 1870159, 1, 0
52013, 1645822, 1, 0
53047, 1623335, 1, 0
54000, 1812965, 1, 0
55000, 1811833, 1, 0
56009, 1869580, 1, 0
57025, 2144343, 1, 0
58036, 2206234, 1, 0
59043, 2200077, 1, 0
60022, 2016113, 1, 0
1000, 580880, 1, 0
2000, 1338672, 1, 0
3000, 1253072, 1, 0
4000, 1155687, 1, 0
5000, 1307258, 1, 0
6000, 1225367, 1, 0
7000, 1184398, 1, 0
8001, 1135323, 1, 0
9000, 513196, 1, 0
10000, 314881, 1, 0
11000, 404226, 1, 0
12000, 380761, 1, 0
13000, 420326, 1, 0
14000, 421163, 1, 0
15000, 381824, 1, 0
16000, 391007, 1, 0
17000, 383680, 1, 0
18000, 384022, 1, 0
19000, 371717, 1, 0
20000, 383253, 1, 0
21000, 411215, 1, 0
22000, 435033, 1, 0
23000, 451310, 1, 0
24000, 463193, 1, 0
25000, 505928, 1, 0
26001, 1028428, 1, 0
27000, 1179024, 1, 0
28000, 959550, 1, 0
29000, 1122865, 1, 0
30000, 1055246, 1, 0
31011, 1125024, 1, 0
32000, 1099728, 1, 0
33033, 823200, 1, 0
34000, 808899, 1, 0
35007, 839201, 1, 0
36000, 873402, 1, 0
37000, 819949, 1, 0
38002, 958071, 1, 0
39017, 1021086, 1, 0
40010, 923417, 1, 0
41000, 1043590, 1, 0
42000, 1078064, 1, 0
43000, 1123001, 1, 0
44024, 1284812, 1, 0
45000, 1223786, 1, 0
46000, 1330178, 1, 0
47021, 1497937, 1, 0
48000, 1439577, 1, 0
49032, 1484577, 1, 0
50000, 1549909, 1, 0
51000, 1768149, 1, 0
52013, 1668799, 1, 0
53046, 1741906, 1, 0
54000, 1900879, 1, 0
55001, 1817642, 1, 0
56007, 1847543, 1, 0
57024, 1901467, 1, 0
58038, 1828849, 1, 0
59043, 2340743, 1, 0
60023, 2060533, 1, 0
1000, 530718, 1, 0
2000, 1298602, 1, 0
3000, 1208927, 1, 0
4000, 1142494, 1, 0
5000, 1180844, 1, 0
6001, 1262855, 1, 0
7001, 1140479, 1, 0
8001, 1166246, 1, 0
9000, 338301, 1, 0
10000, 336278, 1, 0
11000, 374809, 1, 0
12000, 379780, 1, 0
13000, 379604, 1, 0
14000, 412163, 1, 0
15000, 395379, 1, 0
16000, 378617, 1, 0
17000, 382168, 1, 0
18000, 375331, 1, 0
19000, 381545, 1, 0
20000, 395693, 1, 0
21000, 412870, 1, 0
22000, 421200, 1, 0
23000, 434567, 1, 0
24000, 468464, 1, 0
25000, 531890, 1, 0
26000, 1039996, 1, 0
27001, 1017981, 1, 0
28000, 1057591, 1, 0
29000, 1017438, 1, 0
30006, 1068786, 1, 0
31000, 1171496, 1, 0
32036, 1083909, 1, 0
33000, 853020, 1, 0
34031, 707998, 1, 0
35000, 821755, 1, 0
36000, 842605, 1, 0
37016, 877696, 1, 0
38000, 814044, 1, 0
39000, 930924, 1, 0
40000, 853751, 1, 0
41037, 1066514, 1, 0
42015, 1035750, 1, 0
43000, 1174511, 1, 0
44000, 1281619, 1, 0
45033, 1328810, 1, 0
46001, 1669665, 1, 0
47000, 1420887, 1, 0
48034, 1453484, 1, 0
49000, 1463965, 1, 0
50009, 1630007, 1, 0
51025, 1708680, 1, 0
52049, 1614386, 1, 0
53000, 1822892, 1, 0
54018, 1802397, 1, 0
55018, 1783047, 1, 0
56044, 1943376, 1, 0
57000, 2139380, 1, 0
58000, 2142961, 1, 0
59000, 2259261, 1, 0
60000, 1931623, 1, 0
1000, 632487, 1, 0
2000, 1265062, 1, 0
3001, 1140723, 1, 0
4000, 1156467, 1, 0
5000, 1292728, 1, 0
6000, 1067952, 1, 0
7000, 1109852, 1, 0
8000, 1057965, 1, 0
9000, 461103, 1, 0
10000, 408811, 1, 0
11000, 374825, 1, 0
12000, 406727, 1, 0
13000, 391503, 1, 0
14000, 416292, 1, 0
15000, 382603, 1, 0
16000, 390197, 1, 0
17000, 389657, 1, 0
18000, 363665, 1, 0
19000, 366039, 1, 0
20000, 393953, 1, 0
21000, 418652, 1, 0
22000, 415701, 1, 0
23000, 446817, 1, 0
24000, 476686, 1, 0
25000, 554663, 1, 0
26000, 984863, 1, 0
27000, 1073713, 1, 0
28000, 1019918, 1, 0
29025, 1042715, 1, 0
30000, 1099646, 1, 0
31000, 1104973, 1, 0
32001, 1150437, 1, 0
33030, 808727, 1, 0
34000, 760788, 1, 0
35011, 894636, 1, 0
36000, 756674, 1, 0
37000, 786897, 1, 0
38003, 898521, 1, 0
39017, 896162, 1, 0
40009, 1027253, 1, 0
41000, 1018379, 1, 0
42000, 1037536, 1, 0
43000, 1061754, 1, 0
44023, 1186154, 1, 0
45000, 1394174, 1, 0
46046, 1430962, 1, 0
47015, 1276446, 1, 0
48000, 1472698, 1, 0
49028, 1281727, 1, 0
50000, 1382145, 1, 0
51001, 1469998, 1, 0
52010, 1595049, 1, 0
53037, 1665795, 1, 0
54000, 1799953, 1, 0
55001, 1637977, 1, 0
56004, 2136301, 1, 0
57016, 2096312, 1, 0
58022, 2133030, 1, 0
59034, 2644765, 1, 0
60000, 1706830, 1, 0
