1000, 6252, 1, 0
2000, 2940, 1, 0
3000, 3208, 1, 0
4000, 3036, 1, 0
5000, 3180, 1, 0
6000, 3616, 1, 0
7000, 3296, 1, 0
8000, 3412, 1, 0
9000, 6744, 1, 0
10000, 9816, 1, 0
11000, 10112, 1, 0
12000, 10608, 1, 0
13000, 9376, 1, 0
14000, 10516, 1, 0
15000, 10068, 1, 0
16000, 9904, 1, 0
17000, 10052, 1, 0
18000, 10380, 1, 0
19000, 10628, 1, 0
20000, 9888, 1, 0
21000, 9940, 1, 0
22000, 9564, 1, 0
23000, 9064, 1, 0
24000, 8516, 1, 0
25000, 7668, 1, 0
26000, 3976, 1, 0
27000, 3904, 1, 0
28000, 3688, 1, 0
29001, 4031, 1, 0
30000, 3516, 1, 0
31000, 3572, 1, 0
32000, 3524, 1, 0
33000, 4220, 1, 0
34000, 5680, 1, 0
35000, 4708, 1, 0
36000, 4708, 1, 0
37000, 5056, 1, 0
38000, 4584, 1, 0
39000, 3972, 1, 0
40000, 4284, 1, 0
41000, 4044, 1, 0
42000, 3556, 1, 0
43000, 3452, 1, 0
44000, 2976, 1, 0
45000, 3076, 1, 0
46000, 2696, 1, 0
47000, 3324, 1, 0
48000, 2784, 1, 0
49000, 2548, 1, 0
50000, 2712, 1, 0
51000, 2680, 1, 0
52000, 2456, 1, 0
53000, 2292, 1, 0
54000, 2256, 1, 0
55000, 2256, 1, 0
56000, 2176, 1, 0
57000, 2068, 1, 0
58000, 1980, 1, 0
59000, 1880, 1, 0
60000, 1636, 1, 0
1001, 6521, 1, 0
2001, 3436, 1, 0
3000, 3260, 1, 0
4000, 2884, 1, 0
5000, 3396, 1, 0
6000, 3644, 1, 0
7000, 3688, 1, 0
8000, 3292, 1, 0
9000, 7504, 1, 0
10000, 10196, 1, 0
11000, 10772, 1, 0
12000, 10088, 1, 0
13000, 11040, 1, 0
14000, 9660, 1, 0
15000, 9740, 1, 0
16000, 9972, 1, 0
17000, 10196, 1, 0
18000, 10204, 1, 0
19000, 9848, 1, 0
20000, 10108, 1, 0
21000, 9724, 1, 0
22000, 9276, 1, 0
23000, 8952, 1, 0
24000, 8672, 1, 0
25001, 7700, 1, 0
26000, 4000, 1, 0
27001, 3436, 1, 0
28001, 3940, 1, 0
29000, 3904, 1, 0
30000, 3532, 1, 0
31000, 3556, 1, 0
32000, 3488, 1, 0
33000, 4300, 1, 0
34001, 4623, 1, 0
35000, 4832, 1, 0
36000, 4492, 1, 0
37000, 4244, 1, 0
38000, 4260, 1, 0
39000, 3744, 1, 0
40000, 4172, 1, 0
41000, 4088, 1, 0
42000, 3704, 1, 0
43000, 3588, 1, 0
44000, 3176, 1, 0
45000, 3548, 1, 0
46000, 3044, 1, 0
47000, 2648, 1, 0
48000, 2748, 1, 0
49000, 3056, 1, 0
50000, 2840, 1, 0
51000, 2716, 1, 0
52000, 2376, 1, 0
53001, 2569, 1, 0
54000, 2240, 1, 0
55000, 1916, 1, 0
56000, 2380, 1, 0
57000, 2048, 1, 0
58000, 1908, 1, 0
59001, 2077, 1, 0
60000, 1764, 1, 0
1000, 6592, 1, 0
2001, 2961, 1, 0
3000, 3268, 1, 0
4000, 3328, 1, 0
5000, 3580, 1, 0
6000, 3320, 1, 0
7000, 3188, 1, 0
8000, 3444, 1, 0
9000, 6576, 1, 0
10000, 8964, 1, 0
11000, 9052, 1, 0
12000, 9052, 1, 0
13000, 10096, 1, 0
14000, 9640, 1, 0
15000, 10316, 1, 0
16000, 10332, 1, 0
17000, 10428, 1, 0
18000, 10204, 1, 0
19000, 10076, 1, 0
20000, 10120, 1, 0
21000, 9660, 1, 0
22000, 9264, 1, 0
23000, 8964, 1, 0
24001, 8403, 1, 0
25000, 7572, 1, 0
26000, 3788, 1, 0
27000, 3220, 1, 0
28001, 3692, 1, 0
29000, 3892, 1, 0
30000, 3780, 1, 0
31000, 3680, 1, 0
32000, 3500, 1, 0
33000, 4240, 1, 0
34000, 5364, 1, 0
35000, 5152, 1, 0
36000, 4588, 1, 0
37000, 4724, 1, 0
38000, 4548, 1, 0
39000, 3976, 1, 0
40000, 4112, 1, 0
41000, 3764, 1, 0
42000, 3772, 1, 0
43000, 3368, 1, 0
44000, 3132, 1, 0
45000, 3216, 1, 0
46000, 3192, 1, 0
47000, 2664, 1, 0
48000, 2572, 1, 0
49000, 2472, 1, 0
50000, 2548, 1, 0
51000, 2892, 1, 0
52001, 2509, 1, 0
53000, 2396, 1, 0
54000, 2192, 1, 0
55000, 1908, 1, 0
56001, 2525, 1, 0
57000, 1848, 1, 0
58000, 1732, 1, 0
59000, 1676, 1, 0
60000, 1880, 1, 0
1000, 6280, 1, 0
2000, 3524, 1, 0
3000, 3244, 1, 0
4000, 3380, 1, 0
5000, 3300, 1, 0
6000, 3744, 1, 0
7000, 3588, 1, 0
8000, 3484, 1, 0
9000, 10572, 1, 0
10000, 11572, 1, 0
11000, 10004, 1, 0
12000, 9264, 1, 0
13000, 9788, 1, 0
14000, 9868, 1, 0
15000, 9528, 1, 0
16000, 10500, 1, 0
17000, 10600, 1, 0
18000, 10312, 1, 0
19000, 10264, 1, 0
20000, 10256, 1, 0
21001, 9634, 1, 0
22000, 9340, 1, 0
23000, 8932, 1, 0
24000, 8696, 1, 0
25000, 7768, 1, 0
26000, 4424, 1, 0
27000, 3340, 1, 0
28000, 3700, 1, 0
29000, 3856, 1, 0
30000, 3632, 1, 0
31001, 3724, 1, 0
32000, 3560, 1, 0
33001, 4935, 1, 0
34000, 4684, 1, 0
35000, 4708, 1, 0
36000, 4532, 1, 0
37000, 4208, 1, 0
38000, 4200, 1, 0
39000, 4492, 1, 0
40000, 4016, 1, 0
41000, 4256, 1, 0
42000, 3720, 1, 0
43000, 3148, 1, 0
44000, 3096, 1, 0
45000, 3252, 1, 0
46000, 2428, 1, 0
47000, 2708, 1, 0
48000, 2792, 1, 0
49000, 2576, 1, 0
50000, 2700, 1, 0
51000, 2308, 1, 0
52000, 2296, 1, 0
53000, 2392, 1, 0
54000, 2084, 1, 0
55000, 2068, 1, 0
56000, 1756, 1, 0
57000, 1748, 1, 0
58000, 1948, 1, 0
59000, 1660, 1, 0
60000, 1728, 1, 0
1000, 6872, 1, 0
2001, 3124, 1, 0
3001, 3316, 1, 0
4000, 3312, 1, 0
5001, 3048, 1, 0
6000, 3488, 1, 0
7000, 3120, 1, 0
8001, 3432, 1, 0
9000, 10672, 1, 0
10000, 11136, 1, 0
11000, 9116, 1, 0
12000, 10728, 1, 0
13001, 9590, 1, 0
14001, 9778, 1, 0
15000, 10760, 1, 0
16000, 9980, 1, 0
17000, 10100, 1, 0
18000, 10440, 1, 0
19000, 9924, 1, 0
20000, 10088, 1, 0
21000, 9688, 1, 0
22000, 9440, 1, 0
23000, 8988, 1, 0
24000, 8356, 1, 0
25000, 7792, 1, 0
26000, 3860, 1, 0
27000, 3636, 1, 0
28000, 3812, 1, 0
29000, 3912, 1, 0
30000, 3676, 1, 0
31000, 3552, 1, 0
32000, 3576, 1, 0
33000, 4460, 1, 0
34000, 4936, 1, 0
35000, 4684, 1, 0
36000, 4892, 1, 0
37000, 4900, 1, 0
38000, 4176, 1, 0
39000, 4220, 1, 0
40000, 4316, 1, 0
41000, 4036, 1, 0
42000, 3732, 1, 0
43001, 3672, 1, 0
44000, 3296, 1, 0
45000, 3432, 1, 0
46000, 3456, 1, 0
47000, 2720, 1, 0
48000, 2912, 1, 0
49000, 2532, 1, 0
50000, 2688, 1, 0
51000, 2756, 1, 0
52000, 2232, 1, 0
53000, 2260, 1, 0
54000, 2304, 1, 0
55001, 2393, 1, 0
56000, 1932, 1, 0
57000, 1860, 1, 0
58000, 1856, 1, 0
59000, 2116, 1, 0
60000, 1892, 1, 0
1000, 6696, 1, 0
2000, 2984, 1, 0
3000, 3300, 1, 0
4000, 3344, 1, 0
5000, 3656, 1, 0
6000, 3348, 1, 0
7000, 3236, 1, 0
8000, 3444, 1, 0
9000, 7536, 1, 0
10000, 9536, 1, 0
11000, 9896, 1, 0
12000, 9976, 1, 0
13000, 10288, 1, 0
14000, 10140, 1, 0
15000, 10028, 1, 0
16000, 10040, 1, 0
17000, 10200, 1, 0
18000, 10096, 1, 0
19000, 9944, 1, 0
20000, 9964, 1, 0
21001, 9822, 1, 0
22000, 9396, 1, 0
23000, 9004, 1, 0
24000, 8648, 1, 0
25001, 7840, 1, 0
26000, 4124, 1, 0
27001, 3748, 1, 0
28000, 3988, 1, 0
29000, 3772, 1, 0
30000, 3764, 1, 0
31000, 3992, 1, 0
32000, 3520, 1, 0
33001, 4403, 1, 0
34001, 5078, 1, 0
35000, 5172, 1, 0
36000, 4896, 1, 0
37000, 5288, 1, 0
38000, 4648, 1, 0
39000, 4332, 1, 0
40000, 4620, 1, 0
41000, 4244, 1, 0
42000, 3568, 1, 0
43000, 3520, 1, 0
44000, 3164, 1, 0
45000, 3092, 1, 0
46000, 2848, 1, 0
47000, 2728, 1, 0
48000, 2820, 1, 0
49000, 2568, 1, 0
50000, 2692, 1, 0
51000, 2540, 1, 0
52000, 2272, 1, 0
53000, 2152, 1, 0
54000, 2588, 1, 0
55000, 2032, 1, 0
56000, 1976, 1, 0
57000, 1872, 1, 0
58000, 1952, 1, 0
59000, 2120, 1, 0
60000, 1720, 1, 0
1000, 6540, 1, 0
2000, 3308, 1, 0
3000, 3308, 1, 0
4001, 2765, 1, 0
5000, 3376, 1, 0
6000, 3420, 1, 0
7000, 3216, 1, 0
8001, 3644, 1, 0
9000, 6780, 1, 0
10000, 9256, 1, 0
11000, 9908, 1, 0
12000, 10608, 1, 0
13001, 10373, 1, 0
14000, 10464, 1, 0
15000, 10168, 1, 0
16000, 10160, 1, 0
17001, 10445, 1, 0
18000, 10644, 1, 0
19000, 10448, 1, 0
20000, 10004, 1, 0
21001, 9826, 1, 0
22000, 9788, 1, 0
23000, 9020, 1, 0
24000, 8696, 1, 0
25000, 7584, 1, 0
26000, 3788, 1, 0
27000, 3424, 1, 0
28000, 4072, 1, 0
29000, 3832, 1, 0
30000, 3788, 1, 0
31000, 3512, 1, 0
32000, 3484, 1, 0
33000, 4580, 1, 0
34000, 4804, 1, 0
35000, 5328, 1, 0
36000, 4608, 1, 0
37000, 4536, 1, 0
38000, 4776, 1, 0
39000, 4064, 1, 0
40000, 4096, 1, 0
41000, 3924, 1, 0
42000, 3772, 1, 0
43000, 3612, 1, 0
44000, 3464, 1, 0
45000, 3176, 1, 0
46000, 2980, 1, 0
47000, 2872, 1, 0
48000, 2720, 1, 0
49000, 2616, 1, 0
50000, 2516, 1, 0
51000, 2560, 1, 0
52000, 2480, 1, 0
53000, 2272, 1, 0
54000, 2116, 1, 0
55000, 1904, 1, 0
56000, 2176, 1, 0
57000, 1888, 1, 0
58001, 2077, 1, 0
59000, 1692, 1, 0
1000, 6784, 1, 0
2001, 3232, 1, 0
3000, 3560, 1, 0
4000, 3124, 1, 0
5000, 3256, 1, 0
6000, 3252, 1, 0
7000, 3360, 1, 0
8001, 3452, 1, 0
9001, 7688, 1, 0
10000, 9560, 1, 0
11000, 11208, 1, 0
12000, 11100, 1, 0
13000, 11728, 1, 0
14000, 10812, 1, 0
15001, 10213, 1, 0
16001, 10565, 1, 0
17000, 10676, 1, 0
18000, 10368, 1, 0
19000, 10032, 1, 0
20000, 10024, 1, 0
21001, 9874, 1, 0
22000, 9472, 1, 0
23000, 9208, 1, 0
24000, 8740, 1, 0
25000, 7576, 1, 0
26000, 3968, 1, 0
27000, 3856, 1, 0
28000, 3680, 1, 0
29000, 3808, 1, 0
30000, 3528, 1, 0
31000, 4000, 1, 0
32000, 3428, 1, 0
33001, 4383, 1, 0
34000, 5036, 1, 0
35000, 4336, 1, 0
36000, 4572, 1, 0
37000, 4120, 1, 0
38001, 4671, 1, 0
39000, 4224, 1, 0
40000, 4072, 1, 0
41001, 4119, 1, 0
42000, 3696, 1, 0
43000, 3564, 1, 0
44001, 3484, 1, 0
45000, 3164, 1, 0
46000, 3068, 1, 0
47000, 2656, 1, 0
48000, 2720, 1, 0
49000, 2324, 1, 0
50000, 2732, 1, 0
51001, 2517, 1, 0
52000, 2296, 1, 0
53000, 2484, 1, 0
54000, 2076, 1, 0
55000, 2136, 1, 0
56000, 2188, 1, 0
57000, 2016, 1, 0
58000, 1820, 1, 0
59000, 1820, 1, 0
60000, 1600, 1, 0
1000, 6576, 1, 0
2000, 3568, 1, 0
3000, 3256, 1, 0
4000, 3856, 1, 0
5000, 3524, 1, 0
6000, 3140, 1, 0
7000, 3368, 1, 0
8000, 3360, 1, 0
9000, 7016, 1, 0
10000, 9128, 1, 0
11000, 9148, 1, 0
12000, 9652, 1, 0
13000, 10600, 1, 0
14000, 11156, 1, 0
15000, 10236, 1, 0
16000, 10592, 1, 0
17000, 10288, 1, 0
18000, 10512, 1, 0
19000, 11308, 1, 0
20001, 10109, 1, 0
21000, 9492, 1, 0
22000, 9484, 1, 0
23000, 9028, 1, 0
24000, 8520, 1, 0
25000, 7728, 1, 0
26001, 4063, 1, 0
27000, 3836, 1, 0
28000, 3712, 1, 0
29000, 3964, 1, 0
30000, 3452, 1, 0
31000, 3876, 1, 0
32001, 3500, 1, 0
33000, 4540, 1, 0
34000, 4616, 1, 0
35000, 4664, 1, 0
36000, 4920, 1, 0
37000, 4268, 1, 0
38000, 4572, 1, 0
39000, 4440, 1, 0
40000, 4268, 1, 0
41000, 4144, 1, 0
42001, 4147, 1, 0
43000, 3480, 1, 0
44000, 3532, 1, 0
45000, 3212, 1, 0
46001, 2793, 1, 0
47000, 2908, 1, 0
48000, 2680, 1, 0
49000, 2680, 1, 0
50000, 2816, 1, 0
51000, 2560, 1, 0
52000, 2440, 1, 0
53000, 2232, 1, 0
54000, 2240, 1, 0
55000, 2420, 1, 0
56000, 2164, 1, 0
57000, 1996, 1, 0
58000, 1772, 1, 0
59000, 1740, 1, 0
1000, 6496, 1, 0
2000, 2888, 1, 0
3000, 3108, 1, 0
4000, 3096, 1, 0
5000, 3548, 1, 0
6000, 3284, 1, 0
7000, 3548, 1, 0
8000, 3304, 1, 0
9000, 7684, 1, 0
10000, 9172, 1, 0
11000, 9108, 1, 0
12000, 9204, 1, 0
13000, 9508, 1, 0
14000, 9180, 1, 0
15000, 9928, 1, 0
16000, 10108, 1, 0
17000, 10008, 1, 0
18000, 10332, 1, 0
19000, 10156, 1, 0
20000, 10232, 1, 0
21000, 9664, 1, 0
22000, 9508, 1, 0
23000, 8972, 1, 0
24000, 8480, 1, 0
25001, 7756, 1, 0
26000, 4364, 1, 0
27001, 4199, 1, 0
28000, 3756, 1, 0
29000, 3912, 1, 0
30001, 3720, 1, 0
31000, 3788, 1, 0
32000, 3480, 1, 0
33000, 4220, 1, 0
34001, 5774, 1, 0
35000, 4620, 1, 0
36000, 4776, 1, 0
37000, 5020, 1, 0
38000, 4324, 1, 0
39000, 4304, 1, 0
40000, 4096, 1, 0
41000, 4264, 1, 0
42000, 3956, 1, 0
43000, 3984, 1, 0
44000, 3756, 1, 0
45000, 3288, 1, 0
46000, 2948, 1, 0
47000, 3080, 1, 0
48000, 2688, 1, 0
49000, 2536, 1, 0
50000, 2480, 1, 0
51000, 2640, 1, 0
52000, 2404, 1, 0
53001, 2193, 1, 0
54000, 2112, 1, 0
55000, 2372, 1, 0
56000, 1892, 1, 0
57000, 2044, 1, 0
58000, 1800, 1, 0
59000, 1812, 1, 0
60000, 1624, 1, 0
1000, 6660, 1, 0
2000, 2940, 1, 0
3001, 3500, 1, 0
4000, 3284, 1, 0
5000, 3492, 1, 0
6000, 3052, 1, 0
7000, 3432, 1, 0
8000, 3256, 1, 0
9000, 7680, 1, 0
10000, 9924, 1, 0
11000, 9920, 1, 0
12000, 10508, 1, 0
13000, 9852, 1, 0
14000, 10188, 1, 0
15000, 9664, 1, 0
16000, 10400, 1, 0
17000, 10360, 1, 0
18000, 10460, 1, 0
19000, 10684, 1, 0
20001, 10153, 1, 0
21000, 9668, 1, 0
22000, 9572, 1, 0
23000, 9180, 1, 0
24000, 8740, 1, 0
25000, 7544, 1, 0
26000, 4068, 1, 0
27000, 3344, 1, 0
28000, 3844, 1, 0
29000, 3856, 1, 0
30000, 3532, 1, 0
31000, 3628, 1, 0
32000, 3516, 1, 0
33000, 4012, 1, 0
34000, 5260, 1, 0
35001, 5230, 1, 0
36000, 4780, 1, 0
37001, 4675, 1, 0
38000, 4332, 1, 0
39000, 3880, 1, 0
40000, 4308, 1, 0
41000, 4200, 1, 0
42000, 3792, 1, 0
43000, 3780, 1, 0
44000, 2996, 1, 0
45000, 3412, 1, 0
46000, 2832, 1, 0
47001, 2757, 1, 0
48000, 2912, 1, 0
49000, 2664, 1, 0
50001, 2701, 1, 0
51000, 2608, 1, 0
52000, 2420, 1, 0
53000, 2196, 1, 0
54001, 2173, 1, 0
55000, 2248, 1, 0
56000, 2328, 1, 0
57001, 1718, 1, 0
58000, 1784, 1, 0
59000, 1968, 1, 0
1000, 7392, 1, 0
2000, 3208, 1, 0
3000, 2956, 1, 0
4000, 3256, 1, 0
5000, 3004, 1, 0
6001, 3196, 1, 0
7000, 3304, 1, 0
8000, 3708, 1, 0
9000, 7492, 1, 0
10000, 9312, 1, 0
11000, 10932, 1, 0
12000, 10900, 1, 0
13000, 11800, 1, 0
14000, 9864, 1, 0
15000, 10044, 1, 0
16000, 10284, 1, 0
17000, 10776, 1, 0
18000, 10320, 1, 0
19000, 10264, 1, 0
20000, 9952, 1, 0
21000, 9840, 1, 0
22000, 9496, 1, 0
23000, 8996, 1, 0
24000, 8724, 1, 0
25000, 7712, 1, 0
26000, 4260, 1, 0
27000, 3352, 1, 0
28000, 3916, 1, 0
29001, 3980, 1, 0
30000, 3712, 1, 0
31000, 3620, 1, 0
32000, 3532, 1, 0
33000, 4400, 1, 0
34000, 5176, 1, 0
35000, 4824, 1, 0
36000, 5080, 1, 0
37000, 4520, 1, 0
38000, 4268, 1, 0
39000, 4272, 1, 0
40000, 4304, 1, 0
41000, 4056, 1, 0
42000, 3428, 1, 0
43000, 3208, 1, 0
44000, 3520, 1, 0
45000, 3280, 1, 0
46000, 2684, 1, 0
47000, 2640, 1, 0
48000, 2656, 1, 0
49000, 2588, 1, 0
50000, 2676, 1, 0
51000, 2812, 1, 0
52000, 2432, 1, 0
53000, 2328, 1, 0
54000, 2668, 1, 0
55000, 2032, 1, 0
56000, 1932, 1, 0
57000, 1980, 1, 0
58000, 1864, 1, 0
59000, 1828, 1, 0
60000, 1716, 1, 0
1000, 6720, 1, 0
2001, 2769, 1, 0
3000, 2944, 1, 0
4001, 3152, 1, 0
5000, 3448, 1, 0
6000, 3776, 1, 0
7000, 3428, 1, 0
8000, 3316, 1, 0
9000, 10812, 1, 0
10000, 11476, 1, 0
11000, 11340, 1, 0
12000, 10088, 1, 0
13000, 9960, 1, 0
14000, 9356, 1, 0
15000, 9480, 1, 0
16000, 10380, 1, 0
17000, 10324, 1, 0
18000, 10684, 1, 0
19000, 10316, 1, 0
20000, 10292, 1, 0
21000, 9656, 1, 0
22000, 9444, 1, 0
23001, 9106, 1, 0
24000, 8388, 1, 0
25000, 7828, 1, 0
26001, 4155, 1, 0
27000, 3552, 1, 0
28000, 3872, 1, 0
29000, 3904, 1, 0
30000, 3684, 1, 0
31000, 3748, 1, 0
32001, 3628, 1, 0
33000, 4140, 1, 0
34000, 4740, 1, 0
35000, 4720, 1, 0
36000, 4516, 1, 0
37000, 4496, 1, 0
38000, 4560, 1, 0
39000, 4388, 1, 0
40000, 4128, 1, 0
41000, 4120, 1, 0
42001, 3784, 1, 0
43000, 3320, 1, 0
44000, 3104, 1, 0
45000, 2908, 1, 0
46000, 2800, 1, 0
47000, 2812, 1, 0
48000, 2684, 1, 0
49000, 2684, 1, 0
50000, 2572, 1, 0
51000, 2556, 1, 0
52000, 2528, 1, 0
53000, 2156, 1, 0
54000, 2244, 1, 0
55000, 2228, 1, 0
56000, 2268, 1, 0
57000, 1940, 1, 0
58000, 1932, 1, 0
59000, 1900, 1, 0
60000, 1904, 1, 0
1000, 7036, 1, 0
2001, 3236, 1, 0
3000, 3416, 1, 0
4000, 3000, 1, 0
5000, 3028, 1, 0
6000, 3200, 1, 0
7000, 3480, 1, 0
8000, 3520, 1, 0
9000, 7948, 1, 0
10000, 10628, 1, 0
11000, 9700, 1, 0
12000, 9628, 1, 0
13000, 10032, 1, 0
14000, 10212, 1, 0
15000, 10376, 1, 0
16000, 10440, 1, 0
17000, 10500, 1, 0
18000, 10096, 1, 0
19000, 10644, 1, 0
20000, 10180, 1, 0
21000, 9884, 1, 0
22000, 9388, 1, 0
23000, 9076, 1, 0
24000, 8564, 1, 0
25000, 7864, 1, 0
26000, 4120, 1, 0
27000, 4152, 1, 0
28000, 3856, 1, 0
29000, 3948, 1, 0
30000, 3716, 1, 0
31000, 3536, 1, 0
32000, 3412, 1, 0
33000, 3884, 1, 0
34000, 4684, 1, 0
35001, 5194, 1, 0
36000, 4392, 1, 0
37001, 5730, 1, 0
38000, 4380, 1, 0
39000, 4436, 1, 0
40000, 4408, 1, 0
41000, 3952, 1, 0
42000, 3752, 1, 0
43000, 3484, 1, 0
44000, 3196, 1, 0
45000, 3328, 1, 0
46000, 2828, 1, 0
47001, 2497, 1, 0
48000, 2732, 1, 0
49000, 2840, 1, 0
50000, 2500, 1, 0
51000, 2440, 1, 0
52000, 2496, 1, 0
53000, 2284, 1, 0
54001, 2657, 1, 0
55000, 2228, 1, 0
56000, 2180, 1, 0
57000, 1896, 1, 0
58000, 1916, 1, 0
59000, 2108, 1, 0
60000, 1668, 1, 0
1000, 6924, 1, 0
2000, 3396, 1, 0
3000, 3212, 1, 0
4000, 3252, 1, 0
5000, 3420, 1, 0
6000, 3228, 1, 0
7001, 3576, 1, 0
8000, 3724, 1, 0
9000, 8256, 1, 0
10000, 9716, 1, 0
11000, 9228, 1, 0
12000, 9640, 1, 0
13000, 11564, 1, 0
14000, 9992, 1, 0
15000, 9768, 1, 0
16000, 10680, 1, 0
17000, 10084, 1, 0
18000, 10156, 1, 0
19000, 10080, 1, 0
20000, 10296, 1, 0
21000, 9844, 1, 0
22000, 9420, 1, 0
23000, 8944, 1, 0
24000, 8636, 1, 0
25000, 7660, 1, 0
26000, 4108, 1, 0
27000, 3880, 1, 0
28000, 3732, 1, 0
29000, 3708, 1, 0
30000, 3696, 1, 0
31000, 3796, 1, 0
32001, 3440, 1, 0
33000, 4788, 1, 0
34000, 5028, 1, 0
35000, 4728, 1, 0
36000, 5092, 1, 0
37000, 5180, 1, 0
38000, 4432, 1, 0
39000, 3896, 1, 0
40000, 3928, 1, 0
41000, 4184, 1, 0
42000, 3724, 1, 0
43000, 3504, 1, 0
44000, 3232, 1, 0
45000, 2888, 1, 0
46000, 2960, 1, 0
47000, 2956, 1, 0
48000, 2916, 1, 0
49001, 3192, 1, 0
50000, 2924, 1, 0
51000, 2552, 1, 0
52001, 2565, 1, 0
53000, 2216, 1, 0
54000, 2124, 1, 0
55000, 2080, 1, 0
56000, 2160, 1, 0
57000, 2064, 1, 0
58000, 1884, 1, 0
59000, 1840, 1, 0
1000, 7976, 1, 0
2000, 3172, 1, 0
3000, 3356, 1, 0
4000, 3432, 1, 0
5001, 3448, 1, 0
6000, 3300, 1, 0
7000, 3756, 1, 0
8001, 3552, 1, 0
9000, 6672, 1, 0
10000, 9304, 1, 0
11000, 10508, 1, 0
12000, 10736, 1, 0
13000, 10800, 1, 0
14000, 11284, 1, 0
15000, 9956, 1, 0
16000, 10420, 1, 0
17001, 10493, 1, 0
18001, 11052, 1, 0
19000, 10748, 1, 0
20000, 10232, 1, 0
21000, 10096, 1, 0
22000, 9576, 1, 0
23000, 8968, 1, 0
24000, 8568, 1, 0
25000, 7876, 1, 0
26000, 4076, 1, 0
27000, 3916, 1, 0
28000, 3804, 1, 0
29000, 4104, 1, 0
30000, 3584, 1, 0
31001, 3588, 1, 0
32000, 3528, 1, 0
33000, 4288, 1, 0
34000, 5200, 1, 0
35000, 4956, 1, 0
36000, 4140, 1, 0
37000, 4892, 1, 0
38000, 4548, 1, 0
39000, 4212, 1, 0
40000, 4500, 1, 0
41000, 4084, 1, 0
42000, 3992, 1, 0
43001, 3384, 1, 0
44000, 3156, 1, 0
45000, 3124, 1, 0
46000, 3020, 1, 0
47000, 3076, 1, 0
48000, 2644, 1, 0
49000, 3196, 1, 0
50000, 2800, 1, 0
51000, 2312, 1, 0
52000, 2364, 1, 0
53001, 2205, 1, 0
54000, 2400, 1, 0
55001, 2113, 1, 0
56000, 1976, 1, 0
57000, 1952, 1, 0
58000, 1936, 1, 0
59001, 1802, 1, 0
60000, 1644, 1, 0
1000, 6428, 1, 0
2001, 3340, 1, 0
3000, 3268, 1, 0
4001, 3216, 1, 0
5000, 3128, 1, 0
6000, 3428, 1, 0
7000, 3436, 1, 0
8000, 3476, 1, 0
9000, 7972, 1, 0
10000, 9580, 1, 0
11000, 9140, 1, 0
12000, 9640, 1, 0
13000, 10376, 1, 0
14000, 10296, 1, 0
15000, 9968, 1, 0
16000, 10608, 1, 0
17000, 10364, 1, 0
18000, 10376, 1, 0
19000, 10876, 1, 0
20000, 10260, 1, 0
21000, 9860, 1, 0
22000, 9284, 1, 0
23000, 9116, 1, 0
24000, 8544, 1, 0
25000, 7816, 1, 0
26000, 3936, 1, 0
27000, 3632, 1, 0
28000, 3772, 1, 0
29000, 3832, 1, 0
30000, 3668, 1, 0
31000, 3748, 1, 0
32000, 3520, 1, 0
33000, 4444, 1, 0
34000, 5048, 1, 0
35000, 5300, 1, 0
36000, 4080, 1, 0
37000, 4624, 1, 0
38000, 4452, 1, 0
39000, 4644, 1, 0
40000, 4004, 1, 0
41000, 4112, 1, 0
42000, 3864, 1, 0
43000, 3576, 1, 0
44000, 3380, 1, 0
45000, 3492, 1, 0
46001, 2909, 1, 0
47000, 3040, 1, 0
48000, 3012, 1, 0
49000, 2472, 1, 0
50000, 2596, 1, 0
51000, 2552, 1, 0
52000, 2548, 1, 0
53001, 2393, 1, 0
54000, 2092, 1, 0
55000, 2404, 1, 0
56000, 2256, 1, 0
57000, 1968, 1, 0
58000, 2024, 1, 0
59000, 1772, 1, 0
1000, 6696, 1, 0
2000, 3292, 1, 0
3000, 3368, 1, 0
4000, 3424, 1, 0
5000, 3536, 1, 0
6000, 3156, 1, 0
7000, 3288, 1, 0
8001, 3420, 1, 0
9000, 6668, 1, 0
10000, 9224, 1, 0
11000, 10104, 1, 0
12000, 12380, 1, 0
13000, 11764, 1, 0
14000, 9896, 1, 0
15000, 10448, 1, 0
16000, 10156, 1, 0
17000, 10380, 1, 0
18000, 10152, 1, 0
19001, 10221, 1, 0
20000, 10304, 1, 0
21000, 9420, 1, 0
22000, 9776, 1, 0
23000, 9060, 1, 0
24000, 8608, 1, 0
25000, 7640, 1, 0
26000, 4056, 1, 0
27000, 3568, 1, 0
28000, 3920, 1, 0
29000, 3780, 1, 0
30000, 3748, 1, 0
31000, 3640, 1, 0
32000, 3428, 1, 0
33000, 4152, 1, 0
34000, 4692, 1, 0
35000, 4928, 1, 0
36000, 4488, 1, 0
37000, 4760, 1, 0
38000, 4532, 1, 0
39000, 4320, 1, 0
40001, 4439, 1, 0
41000, 3884, 1, 0
42000, 3528, 1, 0
43001, 3788, 1, 0
44000, 3868, 1, 0
45000, 3500, 1, 0
46000, 2924, 1, 0
47000, 3528, 1, 0
48001, 2753, 1, 0
49000, 2516, 1, 0
50000, 2628, 1, 0
51000, 2548, 1, 0
52000, 2588, 1, 0
53000, 2360, 1, 0
54000, 2280, 1, 0
55001, 1998, 1, 0
56000, 2088, 1, 0
57000, 2076, 1, 0
58000, 1908, 1, 0
59001, 1974, 1, 0
60000, 1940, 1, 0
1000, 6840, 1, 0
2000, 3080, 1, 0
3000, 3140, 1, 0
4001, 2865, 1, 0
5000, 3172, 1, 0
6000, 3428, 1, 0
7000, 3568, 1, 0
8000, 3336, 1, 0
9000, 7616, 1, 0
10000, 9828, 1, 0
11001, 9614, 1, 0
12000, 10256, 1, 0
13000, 9972, 1, 0
14001, 9698, 1, 0
15000, 10544, 1, 0
16000, 10320, 1, 0
17000, 10232, 1, 0
18000, 10268, 1, 0
19000, 10152, 1, 0
20000, 10192, 1, 0
21001, 9594, 1, 0
22000, 9504, 1, 0
23000, 8996, 1, 0
24000, 8680, 1, 0
25001, 7716, 1, 0
26000, 4024, 1, 0
27001, 3580, 1, 0
28000, 3836, 1, 0
29000, 3696, 1, 0
30000, 3656, 1, 0
31000, 3760, 1, 0
32000, 3504, 1, 0
33000, 4532, 1, 0
34000, 5092, 1, 0
35000, 5076, 1, 0
36000, 4576, 1, 0
37000, 4224, 1, 0
38001, 4503, 1, 0
39000, 4168, 1, 0
40000, 4524, 1, 0
41000, 3828, 1, 0
42000, 3880, 1, 0
43000, 3736, 1, 0
44000, 3608, 1, 0
45000, 3268, 1, 0
46000, 3112, 1, 0
47000, 2624, 1, 0
48000, 3024, 1, 0
49000, 2972, 1, 0
50000, 2808, 1, 0
51000, 2492, 1, 0
52000, 2492, 1, 0
53000, 2112, 1, 0
54000, 2504, 1, 0
55000, 2148, 1, 0
56000, 2224, 1, 0
57000, 1880, 1, 0
58000, 1908, 1, 0
59000, 1632, 1, 0
1001, 7776, 1, 0
2000, 3268, 1, 0
3000, 3112, 1, 0
4000, 3428, 1, 0
5000, 3316, 1, 0
6000, 3092, 1, 0
7000, 3300, 1, 0
8000, 3412, 1, 0
9000, 7852, 1, 0
10001, 9782, 1, 0
11000, 10528, 1, 0
12000, 10032, 1, 0
13000, 10084, 1, 0
14000, 10464, 1, 0
15001, 10541, 1, 0
16000, 9864, 1, 0
17000, 10576, 1, 0
18000, 10244, 1, 0
19000, 10392, 1, 0
20000, 10540, 1, 0
21000, 9912, 1, 0
22000, 9616, 1, 0
23000, 9084, 1, 0
24000, 8604, 1, 0
25000, 7588, 1, 0
26000, 4352, 1, 0
27000, 3816, 1, 0
28000, 3976, 1, 0
29000, 3704, 1, 0
30001, 3520, 1, 0
31000, 3552, 1, 0
32000, 3436, 1, 0
33000, 4236, 1, 0
34000, 4716, 1, 0
35000, 4784, 1, 0
36000, 4176, 1, 0
37000, 4532, 1, 0
38000, 4192, 1, 0
39000, 3972, 1, 0
40000, 4108, 1, 0
41000, 3988, 1, 0
42000, 3716, 1, 0
43000, 3488, 1, 0
44001, 3332, 1, 0
45000, 3200, 1, 0
46000, 3548, 1, 0
47000, 2912, 1, 0
48000, 2868, 1, 0
49000, 2496, 1, 0
50000, 2704, 1, 0
51000, 2928, 1, 0
52000, 2420, 1, 0
53000, 2060, 1, 0
54000, 2312, 1, 0
55000, 2424, 1, 0
56000, 1940, 1, 0
57000, 1844, 1, 0
58001, 1686, 1, 0
59000, 1700, 1, 0
1000, 7988, 1, 0
2000, 2972, 1, 0
3000, 3220, 1, 0
4000, 3704, 1, 0
5000, 3096, 1, 0
6000, 3696, 1, 0
7000, 3628, 1, 0
8000, 3388, 1, 0
9000, 7980, 1, 0
10000, 9780, 1, 0
11000, 10000, 1, 0
12000, 10640, 1, 0
13000, 9556, 1, 0
14000, 10508, 1, 0
15000, 10156, 1, 0
16000, 10020, 1, 0
17000, 10248, 1, 0
18000, 10260, 1, 0
19000, 10400, 1, 0
20000, 10376, 1, 0
21000, 9656, 1, 0
22000, 9408, 1, 0
23000, 9092, 1, 0
24000, 8444, 1, 0
25000, 7648, 1, 0
26000, 4180, 1, 0
27000, 3572, 1, 0
28000, 3880, 1, 0
29000, 3740, 1, 0
30000, 3784, 1, 0
31000, 3892, 1, 0
32000, 3552, 1, 0
33000, 4296, 1, 0
34000, 5084, 1, 0
35000, 5296, 1, 0
36000, 4352, 1, 0
37000, 4156, 1, 0
38000, 4460, 1, 0
39001, 4119, 1, 0
40000, 4388, 1, 0
41000, 3908, 1, 0
42000, 3640, 1, 0
43000, 3784, 1, 0
44000, 3416, 1, 0
45001, 3232, 1, 0
46000, 3564, 1, 0
47000, 2868, 1, 0
48000, 2944, 1, 0
49000, 2588, 1, 0
50000, 3048, 1, 0
51000, 2672, 1, 0
52000, 2500, 1, 0
53000, 2400, 1, 0
54000, 2672, 1, 0
55000, 2004, 1, 0
56000, 1888, 1, 0
57000, 1780, 1, 0
58000, 1736, 1, 0
59000, 1548, 1, 0
1000, 6700, 1, 0
2000, 3208, 1, 0
3000, 3400, 1, 0
4000, 3316, 1, 0
5000, 3632, 1, 0
6000, 3460, 1, 0
7000, 3636, 1, 0
8000, 3656, 1, 0
9000, 7800, 1, 0
10000, 9572, 1, 0
11001, 9870, 1, 0
12000, 10424, 1, 0
13000, 9760, 1, 0
14001, 9730, 1, 0
15000, 10128, 1, 0
16000, 10444, 1, 0
17000, 10700, 1, 0
18000, 10812, 1, 0
19000, 10992, 1, 0
20000, 10036, 1, 0
21001, 9798, 1, 0
22000, 9176, 1, 0
23000, 9140, 1, 0
24000, 8616, 1, 0
25001, 7784, 1, 0
26000, 4372, 1, 0
27001, 3596, 1, 0
28000, 3748, 1, 0
29001, 3996, 1, 0
30000, 3596, 1, 0
31000, 3820, 1, 0
32000, 3364, 1, 0
33000, 4284, 1, 0
34001, 4764, 1, 0
35000, 4932, 1, 0
36000, 4232, 1, 0
37000, 4312, 1, 0
38000, 4220, 1, 0
39000, 3972, 1, 0
40000, 4116, 1, 0
41000, 3732, 1, 0
42000, 3808, 1, 0
43000, 3560, 1, 0
44000, 3204, 1, 0
45000, 2964, 1, 0
46000, 2944, 1, 0
47000, 2668, 1, 0
48000, 2828, 1, 0
49000, 2364, 1, 0
50000, 2608, 1, 0
51000, 2584, 1, 0
52000, 2368, 1, 0
53000, 2120, 1, 0
54000, 2452, 1, 0
55000, 2180, 1, 0
56000, 1760, 1, 0
57000, 1896, 1, 0
58000, 1760, 1, 0
59000, 1756, 1, 0
1000, 7076, 1, 0
2000, 3256, 1, 0
3000, 3212, 1, 0
4000, 3064, 1, 0
5000, 3552, 1, 0
6000, 3536, 1, 0
7000, 3556, 1, 0
8000, 3348, 1, 0
9000, 6732, 1, 0
10000, 10364, 1, 0
11000, 10844, 1, 0
12001, 10245, 1, 0
13000, 10900, 1, 0
14000, 9704, 1, 0
15000, 9932, 1, 0
16000, 10468, 1, 0
17000, 10488, 1, 0
18000, 10284, 1, 0
19000, 10764, 1, 0
20000, 10284, 1, 0
21000, 10100, 1, 0
22000, 9348, 1, 0
23000, 9008, 1, 0
24000, 8604, 1, 0
25000, 7604, 1, 0
26000, 3960, 1, 0
27000, 3416, 1, 0
28001, 4079, 1, 0
29000, 3884, 1, 0
30000, 3628, 1, 0
31000, 3856, 1, 0
32000, 3416, 1, 0
33000, 4616, 1, 0
34000, 4580, 1, 0
35000, 4968, 1, 0
36000, 4228, 1, 0
37000, 4620, 1, 0
38000, 4556, 1, 0
39000, 4320, 1, 0
40000, 4176, 1, 0
41000, 3812, 1, 0
42000, 4088, 1, 0
43000, 3480, 1, 0
44000, 3424, 1, 0
45001, 2997, 1, 0
46000, 2736, 1, 0
47000, 2512, 1, 0
48000, 2548, 1, 0
49000, 2632, 1, 0
50000, 2432, 1, 0
51000, 2764, 1, 0
52000, 2688, 1, 0
53000, 2136, 1, 0
54000, 2376, 1, 0
55000, 2148, 1, 0
56001, 1982, 1, 0
57000, 1884, 1, 0
58000, 1632, 1, 0
59000, 2000, 1, 0
1000, 6292, 1, 0
2000, 3216, 1, 0
3000, 3100, 1, 0
4001, 3244, 1, 0
5000, 3088, 1, 0
6000, 3480, 1, 0
7000, 3224, 1, 0
8000, 3224, 1, 0
9000, 7940, 1, 0
10000, 11060, 1, 0
11000, 11188, 1, 0
12000, 9160, 1, 0
13000, 9496, 1, 0
14000, 9728, 1, 0
15000, 9404, 1, 0
16000, 10476, 1, 0
17000, 10440, 1, 0
18000, 10536, 1, 0
19000, 10300, 1, 0
20000, 10204, 1, 0
21000, 9688, 1, 0
22001, 9614, 1, 0
23000, 8856, 1, 0
24000, 8604, 1, 0
25000, 7640, 1, 0
26000, 4076, 1, 0
27000, 3808, 1, 0
28000, 3636, 1, 0
29000, 3992, 1, 0
30000, 3760, 1, 0
31000, 3756, 1, 0
32000, 3532, 1, 0
33001, 4559, 1, 0
34000, 5000, 1, 0
35000, 4356, 1, 0
36000, 4500, 1, 0
37000, 4456, 1, 0
38001, 4675, 1, 0
39000, 4188, 1, 0
40000, 4468, 1, 0
41001, 3960, 1, 0
42000, 3672, 1, 0
43000, 3424, 1, 0
44000, 3528, 1, 0
45000, 2960, 1, 0
46000, 2928, 1, 0
47000, 3032, 1, 0
48000, 2656, 1, 0
49000, 2580, 1, 0
50000, 2852, 1, 0
51001, 2501, 1, 0
52000, 2560, 1, 0
53000, 2268, 1, 0
54000, 2136, 1, 0
55000, 2316, 1, 0
56000, 2220, 1, 0
57000, 1916, 1, 0
58000, 1936, 1, 0
59000, 1916, 1, 0
1000, 7060, 1, 0
2000, 3352, 1, 0
3000, 2960, 1, 0
4001, 3476, 1, 0
5000, 3492, 1, 0
6000, 3604, 1, 0
7000, 3552, 1, 0
8000, 3452, 1, 0
9000, 10708, 1, 0
10000, 11776, 1, 0
11000, 11108, 1, 0
12000, 10720, 1, 0
13000, 9836, 1, 0
14000, 11016, 1, 0
15000, 10780, 1, 0
16000, 10720, 1, 0
17000, 10372, 1, 0
18000, 10120, 1, 0
19000, 10180, 1, 0
20000, 9924, 1, 0
21000, 9856, 1, 0
22000, 9568, 1, 0
23000, 9192, 1, 0
24000, 8500, 1, 0
25000, 7724, 1, 0
26000, 4048, 1, 0
27000, 4072, 1, 0
28000, 3768, 1, 0
29000, 3652, 1, 0
30000, 3592, 1, 0
31000, 3852, 1, 0
32000, 3448, 1, 0
33000, 4556, 1, 0
34000, 4664, 1, 0
35000, 4660, 1, 0
36000, 4176, 1, 0
37000, 4252, 1, 0
38000, 4356, 1, 0
39000, 4436, 1, 0
40000, 4316, 1, 0
41000, 3808, 1, 0
42000, 3620, 1, 0
43000, 3692, 1, 0
44000, 3768, 1, 0
45000, 3224, 1, 0
46000, 2704, 1, 0
47000, 3068, 1, 0
48000, 2680, 1, 0
49000, 2616, 1, 0
50000, 2536, 1, 0
51000, 2752, 1, 0
52000, 2316, 1, 0
53000, 2232, 1, 0
54000, 2008, 1, 0
55000, 2232, 1, 0
56000, 1888, 1, 0
57000, 2000, 1, 0
58000, 1784, 1, 0
59000, 1744, 1, 0
1000, 6556, 1, 0
2000, 3072, 1, 0
3000, 3048, 1, 0
4000, 4036, 1, 0
5000, 3032, 1, 0
6000, 3060, 1, 0
7000, 3316, 1, 0
8000, 3388, 1, 0
9000, 8756, 1, 0
10000, 9900, 1, 0
11000, 9564, 1, 0
12000, 10004, 1, 0
13000, 10836, 1, 0
14000, 10416, 1, 0
15000, 9860, 1, 0
16000, 10504, 1, 0
17000, 10508, 1, 0
18000, 10376, 1, 0
19000, 10068, 1, 0
20001, 10293, 1, 0
21000, 10028, 1, 0
22000, 9680, 1, 0
23000, 8988, 1, 0
24000, 8504, 1, 0
25000, 7696, 1, 0
26000, 3940, 1, 0
27000, 3292, 1, 0
28000, 3924, 1, 0
29000, 3956, 1, 0
30000, 3768, 1, 0
31000, 3660, 1, 0
32000, 3436, 1, 0
33000, 4652, 1, 0
34000, 5144, 1, 0
35000, 4788, 1, 0
36000, 4836, 1, 0
37000, 4292, 1, 0
38000, 4296, 1, 0
39000, 4136, 1, 0
40000, 3948, 1, 0
41000, 3888, 1, 0
42000, 3612, 1, 0
43001, 3416, 1, 0
44000, 3648, 1, 0
45000, 2716, 1, 0
46000, 2788, 1, 0
47000, 3224, 1, 0
48001, 2881, 1, 0
49000, 2784, 1, 0
50000, 2492, 1, 0
51000, 2616, 1, 0
52000, 2528, 1, 0
53001, 2185, 1, 0
54000, 2084, 1, 0
55001, 2333, 1, 0
56000, 2712, 1, 0
57000, 1856, 1, 0
58000, 1784, 1, 0
59000, 1876, 1, 0
1000, 6584, 1, 0
2000, 3052, 1, 0
3000, 3536, 1, 0
4001, 3496, 1, 0
5000, 3504, 1, 0
6000, 3556, 1, 0
7000, 3344, 1, 0
8000, 3372, 1, 0
9000, 8124, 1, 0
10000, 9692, 1, 0
11000, 9888, 1, 0
12000, 9488, 1, 0
13000, 10288, 1, 0
14000, 10212, 1, 0
15000, 10140, 1, 0
16000, 10120, 1, 0
17000, 10364, 1, 0
18000, 10372, 1, 0
19001, 10045, 1, 0
20000, 9908, 1, 0
21000, 10072, 1, 0
22000, 9228, 1, 0
23000, 9016, 1, 0
24000, 8616, 1, 0
25000, 7620, 1, 0
26000, 4048, 1, 0
27000, 3676, 1, 0
28000, 3948, 1, 0
29001, 3808, 1, 0
30000, 3740, 1, 0
31000, 3540, 1, 0
32000, 3456, 1, 0
33000, 4524, 1, 0
34000, 5084, 1, 0
35001, 4755, 1, 0
36000, 4132, 1, 0
37000, 4616, 1, 0
38000, 4212, 1, 0
39000, 4008, 1, 0
40001, 4083, 1, 0
41000, 4072, 1, 0
42000, 3452, 1, 0
43000, 3492, 1, 0
44000, 3692, 1, 0
45000, 3068, 1, 0
46000, 2756, 1, 0
47001, 3028, 1, 0
48000, 2468, 1, 0
49000, 2416, 1, 0
50000, 2820, 1, 0
51001, 2481, 1, 0
52000, 2504, 1, 0
53000, 2300, 1, 0
54000, 2552, 1, 0
55000, 1912, 1, 0
56000, 1868, 1, 0
57000, 2000, 1, 0
58000, 1864, 1, 0
59000, 1736, 1, 0
1000, 6628, 1, 0
2000, 2820, 1, 0
3000, 3368, 1, 0
4000, 3776, 1, 0
5000, 3156, 1, 0
6000, 3348, 1, 0
7000, 3776, 1, 0
8001, 3628, 1, 0
9000, 7004, 1, 0
10001, 9230, 1, 0
11000, 11176, 1, 0
12001, 10377, 1, 0
13000, 10956, 1, 0
14000, 11008, 1, 0
15000, 10260, 1, 0
16001, 10153, 1, 0
17000, 10660, 1, 0
18000, 10792, 1, 0
19000, 10164, 1, 0
20000, 10180, 1, 0
21000, 9776, 1, 0
22000, 9400, 1, 0
23000, 8936, 1, 0
24000, 8600, 1, 0
25000, 7836, 1, 0
26001, 4131, 1, 0
27000, 3524, 1, 0
28000, 3808, 1, 0
29001, 3772, 1, 0
30000, 3708, 1, 0
31000, 3864, 1, 0
32000, 3348, 1, 0
33000, 4452, 1, 0
34000, 5176, 1, 0
35000, 4908, 1, 0
36000, 4484, 1, 0
37000, 4508, 1, 0
38000, 4136, 1, 0
39000, 4476, 1, 0
40000, 4568, 1, 0
41000, 4320, 1, 0
42000, 3952, 1, 0
43000, 3860, 1, 0
44001, 3120, 1, 0
45000, 3004, 1, 0
46000, 2656, 1, 0
47000, 2800, 1, 0
48000, 2668, 1, 0
49000, 2928, 1, 0
50000, 2796, 1, 0
51000, 2504, 1, 0
52000, 2672, 1, 0
53000, 2476, 1, 0
54000, 2096, 1, 0
55001, 2129, 1, 0
56000, 1964, 1, 0
57000, 2288, 1, 0
58000, 1992, 1, 0
59000, 1976, 1, 0
60006, 1685, 1, 0
1000, 7896, 1, 0
2000, 3196, 1, 0
3001, 3068, 1, 0
4000, 3240, 1, 0
5000, 3212, 1, 0
6000, 3296, 1, 0
7000, 3260, 1, 0
8000, 3416, 1, 0
9000, 8016, 1, 0
10000, 9856, 1, 0
11000, 11644, 1, 0
12000, 10208, 1, 0
13000, 9828, 1, 0
14000, 11368, 1, 0
15001, 9954, 1, 0
16000, 10444, 1, 0
17000, 9996, 1, 0
18000, 10624, 1, 0
19000, 11468, 1, 0
20000, 10244, 1, 0
21000, 9904, 1, 0
22000, 9580, 1, 0
23000, 9244, 1, 0
24000, 8756, 1, 0
25000, 7692, 1, 0
26000, 4000, 1, 0
27000, 3896, 1, 0
28000, 3776, 1, 0
29000, 3780, 1, 0
30000, 3664, 1, 0
31000, 3680, 1, 0
32000, 3624, 1, 0
33000, 4416, 1, 0
34000, 5124, 1, 0
35000, 5072, 1, 0
36000, 4560, 1, 0
37000, 4636, 1, 0
38000, 4692, 1, 0
39000, 4596, 1, 0
40000, 4048, 1, 0
41000, 3892, 1, 0
42000, 3796, 1, 0
43000, 3600, 1, 0
44000, 3832, 1, 0
45000, 2772, 1, 0
46000, 2856, 1, 0
47000, 3012, 1, 0
48000, 2772, 1, 0
49000, 2528, 1, 0
50001, 2661, 1, 0
51000, 2440, 1, 0
52000, 2480, 1, 0
53000, 2272, 1, 0
54000, 2120, 1, 0
55000, 2132, 1, 0
56000, 1988, 1, 0
57000, 2108, 1, 0
58000, 1736, 1, 0
59000, 1896, 1, 0
1000, 7316, 1, 0
2000, 2980, 1, 0
3000, 3424, 1, 0
4001, 3168, 1, 0
5000, 3744, 1, 0
6000, 3292, 1, 0
7000, 3452, 1, 0
8000, 3420, 1, 0
9000, 6720, 1, 0
10000, 10900, 1, 0
11000, 10032, 1, 0
12000, 10360, 1, 0
13000, 10576, 1, 0
14000, 9468, 1, 0
15000, 10648, 1, 0
16000, 10380, 1, 0
17000, 10624, 1, 0
18000, 10272, 1, 0
19000, 10724, 1, 0
20000, 10184, 1, 0
21000, 9896, 1, 0
22001, 9324, 1, 0
23000, 9016, 1, 0
24000, 8512, 1, 0
25000, 7640, 1, 0
26000, 4036, 1, 0
27000, 3476, 1, 0
28000, 3856, 1, 0
29000, 3932, 1, 0
30000, 3788, 1, 0
31000, 3716, 1, 0
32000, 3504, 1, 0
33001, 4448, 1, 0
34000, 4476, 1, 0
35000, 4508, 1, 0
36000, 4892, 1, 0
37000, 4548, 1, 0
38000, 4940, 1, 0
39000, 4032, 1, 0
40000, 4036, 1, 0
41000, 4040, 1, 0
42000, 3908, 1, 0
43000, 3368, 1, 0
44000, 3336, 1, 0
45000, 3176, 1, 0
46000, 2468, 1, 0
47000, 2704, 1, 0
48000, 2832, 1, 0
49000, 2760, 1, 0
50000, 2692, 1, 0
51000, 2480, 1, 0
52000, 2324, 1, 0
53001, 2001, 1, 0
54000, 2248, 1, 0
55000, 2328, 1, 0
56000, 2068, 1, 0
57000, 1820, 1, 0
58000, 1872, 1, 0
59000, 1948, 1, 0
1000, 6208, 1, 0
2000, 3400, 1, 0
3000, 3572, 1, 0
4000, 3328, 1, 0
5001, 3064, 1, 0
6000, 3260, 1, 0
7000, 3424, 1, 0
8001, 3676, 1, 0
9000, 6804, 1, 0
10000, 9184, 1, 0
11000, 9176, 1, 0
12000, 9588, 1, 0
13000, 10152, 1, 0
14000, 9904, 1, 0
15000, 10012, 1, 0
16000, 10224, 1, 0
17000, 9896, 1, 0
18000, 10060, 1, 0
19000, 10112, 1, 0
20000, 10440, 1, 0
21000, 10008, 1, 0
22000, 9420, 1, 0
23000, 8848, 1, 0
24001, 8571, 1, 0
25000, 7600, 1, 0
26000, 4204, 1, 0
27000, 3660, 1, 0
28000, 3704, 1, 0
29000, 3768, 1, 0
30000, 3656, 1, 0
31000, 3844, 1, 0
32000, 3444, 1, 0
33000, 4868, 1, 0
34000, 5384, 1, 0
35000, 5200, 1, 0
36001, 4395, 1, 0
37000, 4928, 1, 0
38000, 4256, 1, 0
39000, 4248, 1, 0
40000, 4232, 1, 0
41000, 3768, 1, 0
42000, 3616, 1, 0
43000, 3484, 1, 0
44000, 3396, 1, 0
45000, 2824, 1, 0
46001, 2877, 1, 0
47000, 3056, 1, 0
48000, 2672, 1, 0
49000, 2372, 1, 0
50001, 2945, 1, 0
51000, 3128, 1, 0
52000, 2512, 1, 0
53000, 2164, 1, 0
54000, 2068, 1, 0
55000, 2032, 1, 0
56000, 1936, 1, 0
57000, 2020, 1, 0
58000, 1936, 1, 0
59000, 1792, 1, 0
1000, 6604, 1, 0
2000, 2996, 1, 0
3000, 3848, 1, 0
4001, 3460, 1, 0
5000, 3412, 1, 0
6000, 3744, 1, 0
7000, 3540, 1, 0
8001, 3212, 1, 0
9000, 8152, 1, 0
10000, 10344, 1, 0
11000, 11656, 1, 0
12000, 10288, 1, 0
13000, 10140, 1, 0
14000, 10668, 1, 0
15001, 9918, 1, 0
16000, 10956, 1, 0
17000, 10088, 1, 0
18000, 10164, 1, 0
19000, 10460, 1, 0
20000, 10516, 1, 0
21000, 9968, 1, 0
22000, 9800, 1, 0
23000, 9108, 1, 0
24000, 8784, 1, 0
25000, 7660, 1, 0
26001, 3920, 1, 0
27001, 3804, 1, 0
28000, 4052, 1, 0
29000, 3776, 1, 0
30000, 3740, 1, 0
31000, 3684, 1, 0
32000, 3608, 1, 0
33000, 4552, 1, 0
34000, 4780, 1, 0
35000, 5136, 1, 0
36000, 4536, 1, 0
37000, 4536, 1, 0
38000, 4124, 1, 0
39000, 4504, 1, 0
40000, 4124, 1, 0
41000, 3888, 1, 0
42000, 3768, 1, 0
43000, 4004, 1, 0
44000, 3288, 1, 0
45000, 2960, 1, 0
46000, 2684, 1, 0
47000, 2816, 1, 0
48000, 2700, 1, 0
49000, 2928, 1, 0
50000, 2708, 1, 0
51000, 2944, 1, 0
52001, 2337, 1, 0
53000, 2288, 1, 0
54000, 2220, 1, 0
55001, 2121, 1, 0
56000, 1864, 1, 0
57000, 2068, 1, 0
58000, 1836, 1, 0
59000, 1960, 1, 0
60007, 2013, 1, 0
1000, 6480, 1, 0
2000, 2880, 1, 0
3000, 3360, 1, 0
4000, 3336, 1, 0
5000, 3368, 1, 0
6000, 3084, 1, 0
7000, 3304, 1, 0
8000, 3596, 1, 0
9000, 7820, 1, 0
10001, 9628, 1, 0
11001, 10833, 1, 0
12000, 10964, 1, 0
13000, 9812, 1, 0
14001, 10289, 1, 0
15000, 9504, 1, 0
16001, 10005, 1, 0
17000, 10796, 1, 0
18000, 10268, 1, 0
19000, 10176, 1, 0
20000, 10344, 1, 0
21001, 9790, 1, 0
22000, 9500, 1, 0
23000, 9200, 1, 0
24000, 8556, 1, 0
25001, 7744, 1, 0
26000, 4344, 1, 0
27000, 3836, 1, 0
28001, 3776, 1, 0
29000, 3752, 1, 0
30000, 3724, 1, 0
31000, 3696, 1, 0
32001, 3468, 1, 0
33000, 4560, 1, 0
34000, 5060, 1, 0
35000, 4900, 1, 0
36000, 4056, 1, 0
37000, 4776, 1, 0
38000, 4756, 1, 0
39000, 4368, 1, 0
40000, 4036, 1, 0
41000, 3924, 1, 0
42000, 3832, 1, 0
43000, 3544, 1, 0
44000, 3416, 1, 0
45001, 3100, 1, 0
46000, 2936, 1, 0
47000, 3096, 1, 0
48000, 2856, 1, 0
49000, 2892, 1, 0
50000, 2524, 1, 0
51000, 2652, 1, 0
52000, 2568, 1, 0
53000, 2576, 1, 0
54000, 2444, 1, 0
55000, 2376, 1, 0
56001, 2177, 1, 0
57000, 1904, 1, 0
58001, 1862, 1, 0
59000, 1784, 1, 0
1000, 7172, 1, 0
2000, 3156, 1, 0
3000, 2940, 1, 0
4000, 3112, 1, 0
5000, 3344, 1, 0
6000, 3288, 1, 0
7000, 3908, 1, 0
8001, 3372, 1, 0
9000, 10844, 1, 0
10000, 12264, 1, 0
11000, 9544, 1, 0
12000, 11012, 1, 0
13000, 10388, 1, 0
14000, 10452, 1, 0
15000, 10364, 1, 0
16000, 10768, 1, 0
17000, 10340, 1, 0
18000, 10780, 1, 0
19000, 10416, 1, 0
20000, 10416, 1, 0
21000, 9612, 1, 0
22000, 9484, 1, 0
23000, 9124, 1, 0
24000, 8552, 1, 0
25000, 7664, 1, 0
26000, 4396, 1, 0
27000, 3844, 1, 0
28000, 3760, 1, 0
29000, 3916, 1, 0
30000, 3612, 1, 0
31000, 3916, 1, 0
32000, 3396, 1, 0
33000, 4804, 1, 0
34000, 5072, 1, 0
35000, 5448, 1, 0
36000, 4556, 1, 0
37000, 4220, 1, 0
38000, 4536, 1, 0
39001, 4207, 1, 0
40000, 4108, 1, 0
41000, 4060, 1, 0
42000, 3456, 1, 0
43000, 3544, 1, 0
44000, 4088, 1, 0
45000, 2708, 1, 0
46000, 3248, 1, 0
47000, 2884, 1, 0
48000, 3032, 1, 0
49000, 3060, 1, 0
50001, 2645, 1, 0
51000, 2516, 1, 0
52000, 2556, 1, 0
53000, 2348, 1, 0
54000, 2188, 1, 0
55000, 2140, 1, 0
56000, 2468, 1, 0
57000, 2168, 1, 0
58000, 1912, 1, 0
59000, 1960, 1, 0
1000, 6284, 1, 0
2000, 3040, 1, 0
3000, 3472, 1, 0
4000, 3436, 1, 0
5001, 3244, 1, 0
6000, 3360, 1, 0
7000, 3284, 1, 0
8000, 3252, 1, 0
9000, 8008, 1, 0
10000, 9588, 1, 0
11000, 9176, 1, 0
12000, 10804, 1, 0
13000, 9656, 1, 0
14000, 10012, 1, 0
15000, 10044, 1, 0
16000, 10228, 1, 0
17000, 10308, 1, 0
18000, 10220, 1, 0
19001, 10461, 1, 0
20000, 10260, 1, 0
21000, 9608, 1, 0
22000, 9740, 1, 0
23000, 9004, 1, 0
24000, 8804, 1, 0
25000, 7840, 1, 0
26000, 4076, 1, 0
27001, 3468, 1, 0
28000, 4004, 1, 0
29000, 3772, 1, 0
30000, 3752, 1, 0
31000, 3884, 1, 0
32000, 3460, 1, 0
33000, 4680, 1, 0
34001, 4267, 1, 0
35001, 4659, 1, 0
36000, 4352, 1, 0
37003, 4283, 1, 0
38000, 4516, 1, 0
39000, 4412, 1, 0
40001, 4347, 1, 0
41000, 3924, 1, 0
42000, 3840, 1, 0
43000, 3540, 1, 0
44000, 3372, 1, 0
45000, 2832, 1, 0
46000, 2996, 1, 0
47001, 3096, 1, 0
48000, 2728, 1, 0
49000, 2560, 1, 0
50000, 2452, 1, 0
51001, 2645, 1, 0
52000, 2368, 1, 0
53000, 2592, 1, 0
54000, 2492, 1, 0
55000, 2104, 1, 0
56000, 1924, 1, 0
57001, 1942, 1, 0
58000, 2048, 1, 0
59000, 2060, 1, 0
60013, 1840, 1, 0
1000, 7468, 1, 0
2000, 3068, 1, 0
3000, 3304, 1, 0
4000, 2912, 1, 0
5000, 2964, 1, 0
6000, 3748, 1, 0
7000, 3436, 1, 0
8000, 3604, 1, 0
9000, 8132, 1, 0
10000, 10060, 1, 0
11000, 9916, 1, 0
12000, 11272, 1, 0
13000, 10580, 1, 0
14000, 9876, 1, 0
15000, 9752, 1, 0
16000, 10600, 1, 0
17000, 10368, 1, 0
18000, 10268, 1, 0
19000, 10392, 1, 0
20001, 10200, 1, 0
21000, 9560, 1, 0
22000, 9560, 1, 0
23000, 9036, 1, 0
24000, 8720, 1, 0
25000, 7904, 1, 0
26000, 4128, 1, 0
27000, 3880, 1, 0
28000, 3640, 1, 0
29000, 3972, 1, 0
30000, 3668, 1, 0
31000, 3764, 1, 0
32000, 3440, 1, 0
33000, 3740, 1, 0
34000, 4588, 1, 0
35000, 4664, 1, 0
36000, 4156, 1, 0
37000, 4812, 1, 0
38000, 4548, 1, 0
39000, 4280, 1, 0
40000, 4608, 1, 0
41000, 4316, 1, 0
42000, 3956, 1, 0
43001, 3728, 1, 0
44000, 3496, 1, 0
45000, 3236, 1, 0
46000, 3036, 1, 0
47000, 3072, 1, 0
48000, 2584, 1, 0
49000, 3168, 1, 0
50000, 2600, 1, 0
51000, 2248, 1, 0
52000, 2664, 1, 0
53000, 2256, 1, 0
54000, 2340, 1, 0
55001, 2141, 1, 0
56000, 2464, 1, 0
57000, 2044, 1, 0
58000, 1900, 1, 0
59000, 1884, 1, 0
1000, 6752, 1, 0
2000, 3260, 1, 0
3000, 3256, 1, 0
4000, 3216, 1, 0
5000, 3444, 1, 0
6000, 3092, 1, 0
7000, 3308, 1, 0
8000, 3536, 1, 0
9000, 7712, 1, 0
10001, 9680, 1, 0
11001, 9750, 1, 0
12000, 10396, 1, 0
13000, 10268, 1, 0
14001, 9722, 1, 0
15000, 10064, 1, 0
16001, 10065, 1, 0
17000, 10364, 1, 0
18000, 10640, 1, 0
19000, 10344, 1, 0
20000, 10236, 1, 0
21001, 9638, 1, 0
22000, 9356, 1, 0
23000, 8888, 1, 0
24000, 8544, 1, 0
25001, 7640, 1, 0
26000, 3884, 1, 0
27000, 3188, 1, 0
28001, 3928, 1, 0
29000, 3844, 1, 0
30000, 3552, 1, 0
31000, 3840, 1, 0
32001, 3396, 1, 0
33000, 4520, 1, 0
34000, 4732, 1, 0
35000, 5144, 1, 0
36000, 4304, 1, 0
37000, 4880, 1, 0
38000, 4624, 1, 0
39000, 4340, 1, 0
40000, 4540, 1, 0
41000, 3996, 1, 0
42001, 3900, 1, 0
43000, 3824, 1, 0
44000, 3288, 1, 0
45001, 2865, 1, 0
46000, 2992, 1, 0
47000, 3108, 1, 0
48000, 2568, 1, 0
49000, 3148, 1, 0
50000, 2616, 1, 0
51000, 2628, 1, 0
52000, 2540, 1, 0
53000, 2176, 1, 0
54000, 2300, 1, 0
55000, 2244, 1, 0
56001, 1986, 1, 0
57000, 2060, 1, 0
58001, 1750, 1, 0
59000, 2156, 1, 0
1000, 7088, 1, 0
2000, 2896, 1, 0
3001, 3592, 1, 0
4000, 3268, 1, 0
5000, 3224, 1, 0
6000, 3640, 1, 0
7000, 3572, 1, 0
8000, 3448, 1, 0
9000, 8460, 1, 0
10000, 9852, 1, 0
11000, 10908, 1, 0
12000, 11232, 1, 0
13000, 9928, 1, 0
14000, 9676, 1, 0
15000, 10072, 1, 0
16000, 10168, 1, 0
17000, 10376, 1, 0
18000, 10776, 1, 0
19000, 10568, 1, 0
20000, 10300, 1, 0
21000, 9800, 1, 0
22000, 9536, 1, 0
23000, 9132, 1, 0
24000, 8728, 1, 0
25000, 7668, 1, 0
26001, 4171, 1, 0
27000, 4488, 1, 0
28000, 3984, 1, 0
29000, 3832, 1, 0
30000, 3864, 1, 0
31000, 3728, 1, 0
32000, 3652, 1, 0
33000, 4036, 1, 0
34000, 4496, 1, 0
35000, 4820, 1, 0
36000, 4340, 1, 0
37001, 4715, 1, 0
38000, 4800, 1, 0
39000, 4204, 1, 0
40000, 4208, 1, 0
41000, 4056, 1, 0
42000, 3572, 1, 0
43000, 3608, 1, 0
44000, 3192, 1, 0
45000, 3156, 1, 0
46000, 3316, 1, 0
47000, 3148, 1, 0
48000, 3096, 1, 0
49000, 2788, 1, 0
50000, 2536, 1, 0
51000, 2544, 1, 0
52000, 2656, 1, 0
53000, 2304, 1, 0
54000, 2304, 1, 0
55000, 2344, 1, 0
56000, 2228, 1, 0
57000, 2020, 1, 0
58000, 1928, 1, 0
59000, 1776, 1, 0
1000, 6444, 1, 0
2000, 3136, 1, 0
3000, 3544, 1, 0
4000, 3456, 1, 0
5001, 3412, 1, 0
6000, 3684, 1, 0
7000, 3584, 1, 0
8000, 3432, 1, 0
9000, 7572, 1, 0
10000, 9628, 1, 0
11000, 9256, 1, 0
12000, 9580, 1, 0
13000, 9272, 1, 0
14000, 10172, 1, 0
15000, 10220, 1, 0
16000, 10140, 1, 0
17000, 10288, 1, 0
18000, 10204, 1, 0
19001, 10532, 1, 0
20000, 9960, 1, 0
21000, 9656, 1, 0
22000, 9344, 1, 0
23000, 9000, 1, 0
24000, 8560, 1, 0
25000, 7716, 1, 0
26000, 4196, 1, 0
27001, 3900, 1, 0
28000, 3772, 1, 0
29000, 3748, 1, 0
30000, 3988, 1, 0
31000, 3696, 1, 0
32000, 3348, 1, 0
33000, 4568, 1, 0
34001, 4799, 1, 0
35001, 5122, 1, 0
36000, 4640, 1, 0
37003, 4083, 1, 0
38000, 5160, 1, 0
39000, 4244, 1, 0
40000, 3972, 1, 0
41000, 3784, 1, 0
42000, 3296, 1, 0
43000, 3564, 1, 0
44000, 3756, 1, 0
45000, 3216, 1, 0
46000, 2960, 1, 0
47001, 2977, 1, 0
48000, 2716, 1, 0
49000, 2616, 1, 0
50000, 2540, 1, 0
51001, 2453, 1, 0
52000, 2408, 1, 0
53000, 2316, 1, 0
54000, 2144, 1, 0
55000, 2372, 1, 0
56000, 2324, 1, 0
57000, 1956, 1, 0
58000, 2052, 1, 0
59000, 1852, 1, 0
60013, 1871, 1, 0
1000, 6732, 1, 0
2000, 3252, 1, 0
3000, 2992, 1, 0
4000, 3168, 1, 0
5000, 3576, 1, 0
6000, 3428, 1, 0
7000, 3520, 1, 0
8001, 3496, 1, 0
9000, 6716, 1, 0
10000, 9360, 1, 0
11000, 9456, 1, 0
12000, 9540, 1, 0
13000, 10460, 1, 0
14000, 10544, 1, 0
15000, 10312, 1, 0
16000, 10320, 1, 0
17000, 10340, 1, 0
18000, 10880, 1, 0
19000, 10264, 1, 0
20000, 10316, 1, 0
21000, 9964, 1, 0
22000, 9636, 1, 0
23000, 9068, 1, 0
24000, 8548, 1, 0
25000, 7420, 1, 0
26000, 4044, 1, 0
27000, 3768, 1, 0
28000, 4104, 1, 0
29000, 3688, 1, 0
30000, 3684, 1, 0
31000, 3796, 1, 0
32000, 3616, 1, 0
33000, 4448, 1, 0
34000, 4680, 1, 0
35000, 4892, 1, 0
36000, 4560, 1, 0
37001, 4543, 1, 0
38000, 4432, 1, 0
39000, 4384, 1, 0
40000, 4164, 1, 0
41000, 3984, 1, 0
42000, 3800, 1, 0
43000, 3424, 1, 0
44000, 3404, 1, 0
45000, 3336, 1, 0
46000, 3180, 1, 0
47000, 2876, 1, 0
48000, 2428, 1, 0
49000, 2720, 1, 0
50000, 2816, 1, 0
51000, 2604, 1, 0
52000, 2436, 1, 0
53000, 2212, 1, 0
54001, 2557, 1, 0
55000, 2124, 1, 0
56000, 1896, 1, 0
57000, 1992, 1, 0
58000, 1904, 1, 0
59000, 1756, 1, 0
60012, 1675, 1, 0
1000, 7488, 1, 0
2000, 2936, 1, 0
3001, 3488, 1, 0
4000, 3400, 1, 0
5000, 3340, 1, 0
6000, 3192, 1, 0
7000, 3484, 1, 0
8000, 3508, 1, 0
9001, 8079, 1, 0
10001, 9714, 1, 0
11001, 11304, 1, 0
12000, 11264, 1, 0
13000, 9988, 1, 0
14001, 9762, 1, 0
15000, 10232, 1, 0
16001, 10469, 1, 0
17000, 9940, 1, 0
18000, 10772, 1, 0
19000, 10164, 1, 0
20000, 10020, 1, 0
21000, 9792, 1, 0
22000, 9416, 1, 0
23000, 9236, 1, 0
24000, 8724, 1, 0
25000, 7604, 1, 0
26000, 4032, 1, 0
27000, 3780, 1, 0
28000, 3784, 1, 0
29000, 3844, 1, 0
30000, 3720, 1, 0
31000, 3684, 1, 0
32000, 3372, 1, 0
33000, 4156, 1, 0
34000, 4492, 1, 0
35000, 5040, 1, 0
36000, 4396, 1, 0
37001, 4459, 1, 0
38000, 4328, 1, 0
39000, 4520, 1, 0
40000, 4084, 1, 0
41000, 3868, 1, 0
42000, 3832, 1, 0
43000, 3844, 1, 0
44001, 3920, 1, 0
45000, 2780, 1, 0
46000, 2776, 1, 0
47000, 3372, 1, 0
48000, 2872, 1, 0
49000, 2820, 1, 0
50001, 2533, 1, 0
51000, 2424, 1, 0
52000, 2644, 1, 0
53000, 2176, 1, 0
54000, 2348, 1, 0
55000, 2168, 1, 0
56000, 2408, 1, 0
57000, 2060, 1, 0
58000, 1808, 1, 0
59000, 1736, 1, 0
60012, 1770, 1, 0
1000, 7272, 1, 0
2000, 3040, 1, 0
3000, 3384, 1, 0
4000, 3076, 1, 0
5000, 3320, 1, 0
6000, 3552, 1, 0
7000, 3616, 1, 0
8000, 3488, 1, 0
9000, 6776, 1, 0
10000, 11116, 1, 0
11000, 11060, 1, 0
12000, 9484, 1, 0
13000, 9880, 1, 0
14000, 9916, 1, 0
15000, 10448, 1, 0
16000, 10220, 1, 0
17000, 10512, 1, 0
18000, 10136, 1, 0
19000, 10924, 1, 0
20000, 9972, 1, 0
21000, 9732, 1, 0
22000, 9564, 1, 0
23000, 9172, 1, 0
24000, 8600, 1, 0
25000, 7728, 1, 0
26000, 3868, 1, 0
27000, 3464, 1, 0
28000, 3964, 1, 0
29001, 3776, 1, 0
30000, 3840, 1, 0
31000, 3692, 1, 0
32000, 3380, 1, 0
33000, 4268, 1, 0
34000, 4820, 1, 0
35000, 4780, 1, 0
36000, 4456, 1, 0
37000, 4828, 1, 0
38000, 4400, 1, 0
39000, 4028, 1, 0
40000, 4520, 1, 0
41000, 4036, 1, 0
42000, 3608, 1, 0
43000, 3528, 1, 0
44000, 3448, 1, 0
45000, 3152, 1, 0
46000, 2900, 1, 0
47000, 2980, 1, 0
48000, 2964, 1, 0
49000, 2788, 1, 0
50000, 2416, 1, 0
51000, 2544, 1, 0
52001, 2433, 1, 0
53000, 2328, 1, 0
54000, 2428, 1, 0
55000, 2260, 1, 0
56000, 2060, 1, 0
57000, 1844, 1, 0
58000, 1908, 1, 0
59000, 1664, 1, 0
60010, 1805, 1, 0
1000, 6684, 1, 0
2000, 3308, 1, 0
3001, 3192, 1, 0
4000, 2988, 1, 0
5000, 3116, 1, 0
6000, 3124, 1, 0
7000, 3272, 1, 0
8000, 3448, 1, 0
9000, 6752, 1, 0
10000, 9300, 1, 0
11000, 9692, 1, 0
12000, 10288, 1, 0
13000, 10612, 1, 0
14000, 9668, 1, 0
15001, 9450, 1, 0
16000, 10644, 1, 0
17000, 10256, 1, 0
18000, 10384, 1, 0
19000, 10156, 1, 0
20000, 10112, 1, 0
21000, 9880, 1, 0
22000, 9380, 1, 0
23000, 9056, 1, 0
24000, 8524, 1, 0
25000, 7644, 1, 0
26000, 4208, 1, 0
27000, 3572, 1, 0
28000, 3848, 1, 0
29000, 3924, 1, 0
30000, 3704, 1, 0
31000, 3612, 1, 0
32000, 3664, 1, 0
33000, 4320, 1, 0
34000, 4748, 1, 0
35000, 4320, 1, 0
36000, 4084, 1, 0
37000, 4360, 1, 0
38000, 4688, 1, 0
39000, 4516, 1, 0
40000, 4104, 1, 0
41000, 4136, 1, 0
42000, 3700, 1, 0
43000, 3304, 1, 0
44000, 3548, 1, 0
45000, 2980, 1, 0
46000, 3304, 1, 0
47000, 2872, 1, 0
48000, 2676, 1, 0
49000, 2720, 1, 0
50001, 2520, 1, 0
51000, 2592, 1, 0
52000, 2508, 1, 0
53000, 2256, 1, 0
54000, 2584, 1, 0
55000, 2048, 1, 0
56000, 2052, 1, 0
57000, 1840, 1, 0
58000, 1744, 1, 0
59000, 1648, 1, 0
1001, 7076, 1, 0
2000, 3248, 1, 0
3000, 3300, 1, 0
4000, 3092, 1, 0
5000, 3288, 1, 0
6000, 3268, 1, 0
7000, 3300, 1, 0
8000, 3432, 1, 0
9000, 7980, 1, 0
10000, 9684, 1, 0
11000, 9492, 1, 0
12000, 9832, 1, 0
13000, 10480, 1, 0
14000, 10412, 1, 0
15000, 10220, 1, 0
16000, 10264, 1, 0
17000, 10584, 1, 0
18000, 10652, 1, 0
19000, 10340, 1, 0
20000, 10264, 1, 0
21000, 10076, 1, 0
22000, 9552, 1, 0
23000, 9176, 1, 0
24000, 8500, 1, 0
25000, 7788, 1, 0
26000, 4192, 1, 0
27000, 3872, 1, 0
28000, 3764, 1, 0
29000, 3760, 1, 0
30000, 3680, 1, 0
31000, 3772, 1, 0
32000, 3592, 1, 0
33000, 4236, 1, 0
34000, 4520, 1, 0
35000, 4872, 1, 0
36000, 4528, 1, 0
37000, 4688, 1, 0
38000, 4516, 1, 0
39000, 4496, 1, 0
40000, 4020, 1, 0
41001, 4319, 1, 0
42000, 3608, 1, 0
43000, 3588, 1, 0
44000, 3480, 1, 0
45000, 2852, 1, 0
46000, 2688, 1, 0
47000, 2552, 1, 0
48000, 2584, 1, 0
49000, 3104, 1, 0
50000, 2380, 1, 0
51000, 2480, 1, 0
52000, 2472, 1, 0
53000, 2356, 1, 0
54000, 2156, 1, 0
55000, 2180, 1, 0
56000, 2268, 1, 0
57001, 1842, 1, 0
58000, 1880, 1, 0
59000, 1628, 1, 0
60011, 1863, 1, 0
1000, 7572, 1, 0
2000, 2916, 1, 0
3000, 3508, 1, 0
4000, 3456, 1, 0
5000, 3488, 1, 0
6000, 3396, 1, 0
7000, 3564, 1, 0
8000, 3376, 1, 0
9000, 11056, 1, 0
10000, 11220, 1, 0
11000, 10000, 1, 0
12000, 10408, 1, 0
13000, 9888, 1, 0
14000, 10136, 1, 0
15000, 10088, 1, 0
16000, 10796, 1, 0
17000, 10408, 1, 0
18000, 10084, 1, 0
19000, 10104, 1, 0
20001, 10064, 1, 0
21000, 9856, 1, 0
22000, 9224, 1, 0
23000, 8824, 1, 0
24001, 8419, 1, 0
25000, 7564, 1, 0
26000, 3992, 1, 0
27000, 3488, 1, 0
28000, 3776, 1, 0
29000, 3684, 1, 0
30000, 3776, 1, 0
31000, 3836, 1, 0
32000, 3372, 1, 0
33000, 4924, 1, 0
34000, 4848, 1, 0
35000, 4928, 1, 0
36000, 4776, 1, 0
37000, 4256, 1, 0
38000, 4408, 1, 0
39000, 4424, 1, 0
40000, 3512, 1, 0
41000, 3720, 1, 0
42000, 3696, 1, 0
43001, 3400, 1, 0
44000, 3296, 1, 0
45000, 2976, 1, 0
46000, 2852, 1, 0
47000, 3048, 1, 0
48000, 2596, 1, 0
49001, 2709, 1, 0
50000, 2396, 1, 0
51000, 2572, 1, 0
52000, 2440, 1, 0
53000, 2072, 1, 0
54000, 2340, 1, 0
55000, 2248, 1, 0
56000, 2020, 1, 0
57000, 1848, 1, 0
58000, 2120, 1, 0
59000, 2052, 1, 0
60008, 1837, 1, 0
1000, 8192, 1, 0
2000, 2920, 1, 0
3000, 3528, 1, 0
4001, 3572, 1, 0
5000, 3416, 1, 0
6000, 3316, 1, 0
7000, 3464, 1, 0
8000, 3360, 1, 0
9000, 7084, 1, 0
10000, 9456, 1, 0
11000, 10608, 1, 0
12000, 9680, 1, 0
13000, 10128, 1, 0
14000, 10608, 1, 0
15000, 10656, 1, 0
16000, 10296, 1, 0
17000, 10464, 1, 0
18000, 10572, 1, 0
19000, 10216, 1, 0
20001, 10205, 1, 0
21000, 9740, 1, 0
22000, 9328, 1, 0
23000, 8988, 1, 0
24000, 8528, 1, 0
25000, 7728, 1, 0
26000, 4072, 1, 0
27000, 3540, 1, 0
28000, 3720, 1, 0
29001, 3908, 1, 0
30000, 3636, 1, 0
31000, 3608, 1, 0
32000, 3624, 1, 0
33000, 4756, 1, 0
34000, 5052, 1, 0
35000, 5012, 1, 0
36000, 4788, 1, 0
37000, 5500, 1, 0
38000, 4296, 1, 0
39000, 4432, 1, 0
40000, 3948, 1, 0
41000, 3828, 1, 0
42000, 3744, 1, 0
43000, 3856, 1, 0
44000, 3384, 1, 0
45000, 2960, 1, 0
46000, 2768, 1, 0
47000, 2912, 1, 0
48001, 2757, 1, 0
49000, 2720, 1, 0
50000, 2624, 1, 0
51000, 2488, 1, 0
52000, 2340, 1, 0
53000, 2164, 1, 0
54000, 2244, 1, 0
55000, 2108, 1, 0
56000, 1864, 1, 0
57000, 2104, 1, 0
58000, 1856, 1, 0
59000, 1772, 1, 0
1001, 7944, 1, 0
2000, 3360, 1, 0
3000, 3168, 1, 0
4001, 3612, 1, 0
5000, 3028, 1, 0
6000, 3532, 1, 0
7000, 3264, 1, 0
8001, 3388, 1, 0
9000, 6892, 1, 0
10000, 9300, 1, 0
11000, 9900, 1, 0
12000, 10048, 1, 0
13000, 10512, 1, 0
14000, 11340, 1, 0
15000, 10296, 1, 0
16000, 10448, 1, 0
17000, 10544, 1, 0
18000, 10632, 1, 0
19000, 10912, 1, 0
20000, 10012, 1, 0
21000, 9764, 1, 0
22000, 9644, 1, 0
23000, 9156, 1, 0
24000, 8676, 1, 0
25000, 7560, 1, 0
26001, 4043, 1, 0
27001, 3764, 1, 0
28000, 3796, 1, 0
29001, 3836, 1, 0
30000, 3832, 1, 0
31000, 3704, 1, 0
32000, 3640, 1, 0
33000, 4852, 1, 0
34000, 4548, 1, 0
35000, 5144, 1, 0
36000, 4092, 1, 0
37000, 4904, 1, 0
38000, 4364, 1, 0
39001, 4447, 1, 0
40000, 3968, 1, 0
41000, 4164, 1, 0
42000, 3564, 1, 0
43000, 3496, 1, 0
44000, 3804, 1, 0
45000, 2960, 1, 0
46001, 2848, 1, 0
47000, 2992, 1, 0
48000, 2324, 1, 0
49000, 2860, 1, 0
50000, 2568, 1, 0
51000, 2508, 1, 0
52001, 2505, 1, 0
53000, 2300, 1, 0
54000, 2196, 1, 0
55001, 2117, 1, 0
56000, 2148, 1, 0
57000, 1984, 1, 0
58000, 1956, 1, 0
59000, 1552, 1, 0
60010, 1718, 1, 0
1000, 6864, 1, 0
2000, 3248, 1, 0
3000, 3328, 1, 0
4000, 3308, 1, 0
5000, 3032, 1, 0
6000, 3352, 1, 0
7000, 3668, 1, 0
8000, 3504, 1, 0
9000, 10808, 1, 0
10000, 11248, 1, 0
11000, 12372, 1, 0
12000, 10988, 1, 0
13000, 10504, 1, 0
14000, 9968, 1, 0
15000, 9932, 1, 0
16000, 10128, 1, 0
17000, 10372, 1, 0
18000, 10596, 1, 0
19000, 10348, 1, 0
20000, 10172, 1, 0
21000, 9896, 1, 0
22000, 9532, 1, 0
23000, 8840, 1, 0
24000, 8524, 1, 0
25000, 7648, 1, 0
26000, 4128, 1, 0
27000, 3724, 1, 0
28000, 3960, 1, 0
29000, 3676, 1, 0
30000, 3712, 1, 0
31001, 3940, 1, 0
32001, 3452, 1, 0
33001, 4551, 1, 0
34000, 4732, 1, 0
35000, 4892, 1, 0
36000, 4764, 1, 0
37000, 4532, 1, 0
38001, 4123, 1, 0
39000, 4448, 1, 0
40000, 3916, 1, 0
41000, 4068, 1, 0
42000, 3924, 1, 0
43000, 3772, 1, 0
44000, 3584, 1, 0
45001, 2933, 1, 0
46000, 2572, 1, 0
47000, 3228, 1, 0
48000, 2748, 1, 0
49000, 2560, 1, 0
50000, 2384, 1, 0
51000, 2576, 1, 0
52000, 2532, 1, 0
53000, 2132, 1, 0
54000, 2220, 1, 0
55000, 2496, 1, 0
56000, 2292, 1, 0
57000, 2044, 1, 0
58000, 2208, 1, 0
59000, 1784, 1, 0
60009, 1684, 1, 0
1000, 7284, 1, 0
2000, 3168, 1, 0
3001, 2961, 1, 0
4000, 3208, 1, 0
5000, 3308, 1, 0
6000, 3264, 1, 0
7000, 3204, 1, 0
8000, 3632, 1, 0
9000, 10996, 1, 0
10000, 12072, 1, 0
11000, 9332, 1, 0
12000, 9772, 1, 0
13000, 10084, 1, 0
14000, 11404, 1, 0
15000, 10508, 1, 0
16000, 10332, 1, 0
17000, 10320, 1, 0
18000, 10260, 1, 0
19000, 10936, 1, 0
20000, 10248, 1, 0
21000, 9996, 1, 0
22000, 9476, 1, 0
23000, 8936, 1, 0
24000, 8660, 1, 0
25000, 7628, 1, 0
26000, 3976, 1, 0
27000, 3852, 1, 0
28000, 3976, 1, 0
29000, 3752, 1, 0
30000, 3688, 1, 0
31001, 3488, 1, 0
32001, 3440, 1, 0
33000, 4568, 1, 0
34000, 4704, 1, 0
35000, 5128, 1, 0
36000, 4472, 1, 0
37001, 4115, 1, 0
38000, 4820, 1, 0
39000, 4468, 1, 0
40000, 3772, 1, 0
41000, 3692, 1, 0
42000, 3816, 1, 0
43000, 3364, 1, 0
44000, 3460, 1, 0
45001, 2753, 1, 0
46000, 2828, 1, 0
47000, 2980, 1, 0
48000, 2720, 1, 0
49000, 2816, 1, 0
50000, 2688, 1, 0
51000, 3128, 1, 0
52000, 2540, 1, 0
53000, 2044, 1, 0
54000, 1856, 1, 0
55000, 2068, 1, 0
56001, 1918, 1, 0
57001, 2013, 1, 0
58000, 1932, 1, 0
59000, 1868, 1, 0
60007, 1620, 1, 0
1000, 7592, 1, 0
2000, 3040, 1, 0
3000, 3192, 1, 0
4001, 3344, 1, 0
5001, 3624, 1, 0
6001, 3532, 1, 0
7000, 3252, 1, 0
8000, 3504, 1, 0
9000, 6884, 1, 0
10000, 10192, 1, 0
11000, 11120, 1, 0
12000, 10912, 1, 0
13000, 10084, 1, 0
14000, 10924, 1, 0
15000, 9344, 1, 0
16000, 10212, 1, 0
17000, 10704, 1, 0
18000, 10712, 1, 0
19000, 10428, 1, 0
20000, 10536, 1, 0
21000, 9704, 1, 0
22000, 9468, 1, 0
23000, 9044, 1, 0
24000, 8576, 1, 0
25000, 7860, 1, 0
26000, 3848, 1, 0
27000, 3456, 1, 0
28000, 3872, 1, 0
29000, 3832, 1, 0
30000, 3772, 1, 0
31000, 3996, 1, 0
32000, 3384, 1, 0
33000, 4628, 1, 0
34000, 5152, 1, 0
35000, 4904, 1, 0
36000, 4656, 1, 0
37002, 3840, 1, 0
38000, 4604, 1, 0
39000, 4432, 1, 0
40000, 4168, 1, 0
41000, 4160, 1, 0
42000, 3776, 1, 0
43000, 3312, 1, 0
44000, 3252, 1, 0
45000, 2972, 1, 0
46000, 3292, 1, 0
47000, 3028, 1, 0
48001, 2513, 1, 0
49000, 2704, 1, 0
50000, 2476, 1, 0
51000, 2440, 1, 0
52000, 2724, 1, 0
53001, 2217, 1, 0
54000, 2244, 1, 0
55000, 2036, 1, 0
56000, 2036, 1, 0
57000, 2096, 1, 0
58000, 1756, 1, 0
59001, 1746, 1, 0
60013, 1792, 1, 0
1000, 7208, 1, 0
2000, 3244, 1, 0
3000, 3208, 1, 0
4000, 3796, 1, 0
5000, 3228, 1, 0
6000, 3620, 1, 0
7000, 3364, 1, 0
8000, 3432, 1, 0
9001, 8251, 1, 0
10000, 9820, 1, 0
11000, 9724, 1, 0
12001, 11280, 1, 0
13000, 9844, 1, 0
14000, 9792, 1, 0
15001, 10356, 1, 0
16000, 9712, 1, 0
17000, 10556, 1, 0
18000, 10372, 1, 0
19000, 10244, 1, 0
20000, 10040, 1, 0
21000, 9904, 1, 0
22000, 9304, 1, 0
23000, 8920, 1, 0
24000, 8548, 1, 0
25000, 7700, 1, 0
26000, 4012, 1, 0
27000, 3844, 1, 0
28000, 4004, 1, 0
29000, 3688, 1, 0
30000, 3752, 1, 0
31000, 3520, 1, 0
32000, 3344, 1, 0
33000, 4540, 1, 0
34000, 4984, 1, 0
35000, 4848, 1, 0
36000, 4244, 1, 0
37001, 4107, 1, 0
38000, 4280, 1, 0
39000, 4384, 1, 0
40000, 4144, 1, 0
41000, 3904, 1, 0
42000, 3596, 1, 0
43000, 3644, 1, 0
44000, 3456, 1, 0
45000, 3192, 1, 0
46000, 3392, 1, 0
47000, 3072, 1, 0
48000, 2736, 1, 0
49000, 2664, 1, 0
50000, 2536, 1, 0
51000, 2676, 1, 0
52000, 2344, 1, 0
53000, 2288, 1, 0
54000, 2388, 1, 0
55000, 2056, 1, 0
56000, 2192, 1, 0
57000, 1924, 1, 0
58000, 1744, 1, 0
59000, 1636, 1, 0
60012, 1873, 1, 0
1001, 7792, 1, 0
2000, 2920, 1, 0
3000, 3304, 1, 0
4000, 3108, 1, 0
5000, 3356, 1, 0
6000, 3396, 1, 0
7000, 3428, 1, 0
8000, 3052, 1, 0
9000, 7020, 1, 0
10000, 9892, 1, 0
11000, 11020, 1, 0
12000, 10592, 1, 0
13000, 11800, 1, 0
14000, 10240, 1, 0
15000, 9532, 1, 0
16000, 10592, 1, 0
17000, 10308, 1, 0
18000, 10452, 1, 0
19000, 10080, 1, 0
20000, 10232, 1, 0
21000, 9680, 1, 0
22000, 9420, 1, 0
23000, 8972, 1, 0
24000, 8336, 1, 0
25000, 7628, 1, 0
26000, 4264, 1, 0
27000, 3940, 1, 0
28000, 3904, 1, 0
29000, 3712, 1, 0
30000, 3616, 1, 0
31000, 3612, 1, 0
32000, 3504, 1, 0
33000, 4540, 1, 0
34000, 5148, 1, 0
35000, 5200, 1, 0
36000, 4768, 1, 0
37000, 4128, 1, 0
38000, 4508, 1, 0
39000, 4232, 1, 0
40000, 3880, 1, 0
41000, 4032, 1, 0
42000, 3940, 1, 0
43000, 3836, 1, 0
44000, 3404, 1, 0
45000, 3228, 1, 0
46000, 2752, 1, 0
47000, 3020, 1, 0
48000, 2800, 1, 0
49000, 2848, 1, 0
50000, 2524, 1, 0
51000, 2536, 1, 0
52000, 2516, 1, 0
53000, 2236, 1, 0
54001, 2037, 1, 0
55000, 1948, 1, 0
56000, 1864, 1, 0
57000, 1948, 1, 0
58000, 1980, 1, 0
59000, 1724, 1, 0
60010, 1600, 1, 0
1000, 7284, 1, 0
2001, 3544, 1, 0
3000, 3216, 1, 0
4000, 3188, 1, 0
5000, 2952, 1, 0
6001, 3728, 1, 0
7000, 3220, 1, 0
8000, 3548, 1, 0
9000, 8068, 1, 0
10000, 10464, 1, 0
11000, 11848, 1, 0
12000, 9712, 1, 0
13000, 10044, 1, 0
14000, 10708, 1, 0
15000, 10408, 1, 0
16000, 10448, 1, 0
17000, 10312, 1, 0
18000, 10208, 1, 0
19000, 10052, 1, 0
20000, 10128, 1, 0
21000, 9748, 1, 0
22000, 9464, 1, 0
23000, 9092, 1, 0
24001, 8588, 1, 0
25000, 7712, 1, 0
26000, 4040, 1, 0
27000, 3572, 1, 0
28000, 3840, 1, 0
29000, 3856, 1, 0
30000, 3772, 1, 0
31000, 3636, 1, 0
32000, 3456, 1, 0
33000, 4516, 1, 0
34000, 5212, 1, 0
35000, 5380, 1, 0
36001, 4371, 1, 0
37000, 4156, 1, 0
38000, 4400, 1, 0
39000, 4724, 1, 0
40000, 3840, 1, 0
41000, 4256, 1, 0
42000, 3692, 1, 0
43000, 4120, 1, 0
44000, 3300, 1, 0
45000, 3000, 1, 0
46000, 3048, 1, 0
47000, 3056, 1, 0
48000, 2620, 1, 0
49000, 2744, 1, 0
50000, 2272, 1, 0
51000, 2528, 1, 0
52000, 2636, 1, 0
53001, 2169, 1, 0
54000, 2272, 1, 0
55000, 2080, 1, 0
56000, 2276, 1, 0
57000, 2008, 1, 0
58000, 1756, 1, 0
59001, 1738, 1, 0
60008, 1682, 1, 0
1000, 6632, 1, 0
2000, 3220, 1, 0
3001, 3380, 1, 0
4000, 3392, 1, 0
5000, 3600, 1, 0
6000, 3260, 1, 0
7000, 3464, 1, 0
8000, 3424, 1, 0
9000, 8040, 1, 0
10000, 10628, 1, 0
11000, 10128, 1, 0
12000, 10776, 1, 0
13000, 9500, 1, 0
14000, 9544, 1, 0
15000, 10260, 1, 0
16000, 10132, 1, 0
17000, 10216, 1, 0
18000, 10068, 1, 0
19001, 10413, 1, 0
20000, 10088, 1, 0
21000, 9744, 1, 0
22001, 9516, 1, 0
23000, 9244, 1, 0
24000, 8488, 1, 0
25000, 7708, 1, 0
26000, 4152, 1, 0
27000, 3428, 1, 0
28000, 4036, 1, 0
29000, 3620, 1, 0
30001, 3800, 1, 0
31001, 3684, 1, 0
32000, 3424, 1, 0
33001, 4307, 1, 0
34000, 4592, 1, 0
35000, 5260, 1, 0
36000, 4616, 1, 0
37001, 4523, 1, 0
38001, 4119, 1, 0
39000, 4436, 1, 0
40000, 4516, 1, 0
41000, 3724, 1, 0
42001, 3680, 1, 0
43000, 3500, 1, 0
44000, 3492, 1, 0
45000, 3120, 1, 0
46000, 2832, 1, 0
47000, 3352, 1, 0
48000, 2808, 1, 0
49000, 2628, 1, 0
50000, 2692, 1, 0
51000, 2484, 1, 0
52000, 2508, 1, 0
53000, 2216, 1, 0
54000, 2132, 1, 0
55000, 2048, 1, 0
56001, 1658, 1, 0
57000, 1920, 1, 0
58000, 1820, 1, 0
59000, 1496, 1, 0
60008, 1813, 1, 0
1000, 6792, 1, 0
2000, 2980, 1, 0
3000, 3360, 1, 0
4000, 3268, 1, 0
5000, 3780, 1, 0
6000, 3292, 1, 0
7000, 3312, 1, 0
8000, 3400, 1, 0
9000, 7956, 1, 0
10000, 9556, 1, 0
11000, 9480, 1, 0
12000, 8996, 1, 0
13000, 9604, 1, 0
14000, 9796, 1, 0
15000, 10364, 1, 0
16000, 10068, 1, 0
17000, 10284, 1, 0
18000, 10696, 1, 0
19000, 10176, 1, 0
20000, 10012, 1, 0
21000, 9884, 1, 0
22000, 9196, 1, 0
23000, 9132, 1, 0
24000, 8556, 1, 0
25000, 7824, 1, 0
26000, 4116, 1, 0
27000, 3824, 1, 0
28000, 3960, 1, 0
29000, 3692, 1, 0
30000, 3812, 1, 0
31000, 3800, 1, 0
32000, 3480, 1, 0
33000, 4684, 1, 0
34000, 4964, 1, 0
35000, 5508, 1, 0
36000, 4808, 1, 0
37000, 4460, 1, 0
38000, 4556, 1, 0
39000, 4264, 1, 0
40000, 4056, 1, 0
41000, 4036, 1, 0
42000, 3564, 1, 0
43000, 3652, 1, 0
44000, 3216, 1, 0
45000, 3084, 1, 0
46000, 3220, 1, 0
47000, 3032, 1, 0
48000, 2816, 1, 0
49000, 2868, 1, 0
50001, 2517, 1, 0
51000, 2664, 1, 0
52000, 2516, 1, 0
53000, 2224, 1, 0
54001, 2104, 1, 0
55000, 2276, 1, 0
56000, 2072, 1, 0
57000, 2096, 1, 0
58000, 1924, 1, 0
59000, 1752, 1, 0
60007, 1855, 1, 0
1000, 7884, 1, 0
2000, 3084, 1, 0
3000, 3020, 1, 0
4001, 3396, 1, 0
5000, 3488, 1, 0
6000, 3208, 1, 0
7000, 3420, 1, 0
8000, 3520, 1, 0
9000, 8172, 1, 0
10000, 10620, 1, 0
11000, 9968, 1, 0
12000, 9588, 1, 0
13000, 10212, 1, 0
14000, 10908, 1, 0
15000, 10292, 1, 0
16000, 10612, 1, 0
17000, 10440, 1, 0
18000, 10276, 1, 0
19000, 10352, 1, 0
20000, 10072, 1, 0
21000, 9896, 1, 0
22000, 9308, 1, 0
23000, 8872, 1, 0
24000, 8820, 1, 0
25000, 7672, 1, 0
26001, 3736, 1, 0
27000, 3252, 1, 0
28000, 4108, 1, 0
29000, 3820, 1, 0
30000, 3816, 1, 0
31000, 3548, 1, 0
32000, 3420, 1, 0
33000, 4364, 1, 0
34000, 4592, 1, 0
35000, 4788, 1, 0
36000, 4476, 1, 0
37000, 4332, 1, 0
38000, 4508, 1, 0
39000, 4452, 1, 0
40000, 4112, 1, 0
41000, 3724, 1, 0
42000, 4044, 1, 0
43000, 3676, 1, 0
44000, 3964, 1, 0
45000, 2944, 1, 0
46000, 2816, 1, 0
47000, 3136, 1, 0
48000, 2656, 1, 0
49000, 2656, 1, 0
50000, 2412, 1, 0
51000, 2644, 1, 0
52000, 2528, 1, 0
53000, 2232, 1, 0
54000, 2056, 1, 0
55000, 2220, 1, 0
56000, 1832, 1, 0
57000, 2028, 1, 0
58000, 1904, 1, 0
59000, 1548, 1, 0
60008, 1797, 1, 0
1000, 6860, 1, 0
2000, 2976, 1, 0
3000, 3188, 1, 0
4000, 3452, 1, 0
5000, 3048, 1, 0
6000, 3256, 1, 0
7000, 3368, 1, 0
8000, 3512, 1, 0
9000, 7768, 1, 0
10000, 12636, 1, 0
11000, 9860, 1, 0
12000, 10464, 1, 0
13000, 9480, 1, 0
14000, 9464, 1, 0
15000, 10436, 1, 0
16000, 10192, 1, 0
17000, 10388, 1, 0
18000, 10380, 1, 0
19000, 10712, 1, 0
20001, 10389, 1, 0
21000, 9684, 1, 0
22000, 9160, 1, 0
23001, 8831, 1, 0
24000, 8596, 1, 0
25000, 7884, 1, 0
26000, 3880, 1, 0
27000, 3384, 1, 0
28000, 4160, 1, 0
29000, 3556, 1, 0
30000, 3780, 1, 0
31000, 3584, 1, 0
32000, 3596, 1, 0
33000, 4996, 1, 0
34000, 4772, 1, 0
35000, 4784, 1, 0
36000, 4540, 1, 0
37000, 4872, 1, 0
38000, 4168, 1, 0
39000, 3968, 1, 0
40000, 4292, 1, 0
41000, 3788, 1, 0
42000, 3708, 1, 0
43000, 3548, 1, 0
44000, 3184, 1, 0
45000, 3184, 1, 0
46000, 3004, 1, 0
47000, 2720, 1, 0
48000, 2716, 1, 0
49000, 2776, 1, 0
50000, 2500, 1, 0
51000, 2252, 1, 0
52000, 2424, 1, 0
53000, 2368, 1, 0
54000, 2008, 1, 0
55000, 2196, 1, 0
56000, 2176, 1, 0
57000, 2136, 1, 0
58000, 2212, 1, 0
59000, 1716, 1, 0
1000, 7732, 1, 0
2000, 3212, 1, 0
3000, 3340, 1, 0
4001, 3168, 1, 0
5000, 3228, 1, 0
6000, 3216, 1, 0
7000, 3300, 1, 0
8001, 3692, 1, 0
9000, 10912, 1, 0
10000, 10668, 1, 0
11000, 9424, 1, 0
12001, 10185, 1, 0
13000, 9880, 1, 0
14000, 10036, 1, 0
15001, 9880, 1, 0
16000, 10180, 1, 0
17000, 10124, 1, 0
18000, 10436, 1, 0
19000, 10068, 1, 0
20000, 10024, 1, 0
21000, 9584, 1, 0
22000, 9324, 1, 0
23000, 9152, 1, 0
24000, 8560, 1, 0
25000, 7680, 1, 0
26001, 3952, 1, 0
27000, 3496, 1, 0
28000, 3676, 1, 0
29001, 3668, 1, 0
30000, 3764, 1, 0
31000, 3736, 1, 0
32000, 3448, 1, 0
33000, 4828, 1, 0
34000, 4828, 1, 0
35000, 5068, 1, 0
36000, 4164, 1, 0
37000, 5468, 1, 0
38000, 4268, 1, 0
39000, 4528, 1, 0
40000, 3956, 1, 0
41000, 4148, 1, 0
42000, 4052, 1, 0
43000, 3308, 1, 0
44000, 3884, 1, 0
45000, 3016, 1, 0
46000, 3044, 1, 0
47000, 2812, 1, 0
48000, 2736, 1, 0
49000, 2572, 1, 0
50000, 2764, 1, 0
51000, 2640, 1, 0
52000, 2540, 1, 0
53000, 2252, 1, 0
54000, 2096, 1, 0
55001, 2417, 1, 0
56000, 2160, 1, 0
57000, 1928, 1, 0
58000, 1832, 1, 0
59000, 1636, 1, 0
60006, 1658, 1, 0
1000, 6680, 1, 0
2000, 3340, 1, 0
3001, 3380, 1, 0
4000, 3320, 1, 0
5000, 3020, 1, 0
6000, 3476, 1, 0
7000, 3020, 1, 0
8000, 3612, 1, 0
9000, 6852, 1, 0
10000, 9292, 1, 0
11000, 10404, 1, 0
12000, 10620, 1, 0
13000, 10340, 1, 0
14000, 10308, 1, 0
15000, 9424, 1, 0
16000, 10368, 1, 0
17000, 10320, 1, 0
18000, 10656, 1, 0
19000, 11076, 1, 0
20001, 10217, 1, 0
21000, 9684, 1, 0
22000, 9860, 1, 0
23001, 8939, 1, 0
24000, 8708, 1, 0
25000, 7644, 1, 0
26000, 4092, 1, 0
27000, 3684, 1, 0
28000, 3948, 1, 0
29000, 3876, 1, 0
30000, 3820, 1, 0
31000, 3548, 1, 0
32000, 3428, 1, 0
33000, 3980, 1, 0
34000, 4700, 1, 0
35001, 5038, 1, 0
36000, 4712, 1, 0
37000, 4684, 1, 0
38000, 4564, 1, 0
39000, 4396, 1, 0
40001, 3844, 1, 0
41001, 3648, 1, 0
42001, 3632, 1, 0
43001, 3576, 1, 0
44000, 3816, 1, 0
45001, 3028, 1, 0
46000, 2608, 1, 0
47001, 2805, 1, 0
48000, 2744, 1, 0
49000, 2656, 1, 0
50000, 2644, 1, 0
51000, 2772, 1, 0
52000, 2400, 1, 0
53000, 2216, 1, 0
54000, 2100, 1, 0
55000, 2084, 1, 0
56000, 1944, 1, 0
57000, 1880, 1, 0
58000, 2128, 1, 0
59000, 1812, 1, 0
60005, 1683, 1, 0
1000, 6184, 1, 0
2000, 2996, 1, 0
3000, 3456, 1, 0
4000, 3368, 1, 0
5000, 3412, 1, 0
6000, 3832, 1, 0
7000, 3456, 1, 0
8000, 3644, 1, 0
9000, 7952, 1, 0
10000, 10172, 1, 0
11000, 9560, 1, 0
12000, 10364, 1, 0
13000, 9892, 1, 0
14000, 10660, 1, 0
15000, 10584, 1, 0
16000, 10636, 1, 0
17000, 10824, 1, 0
18000, 10984, 1, 0
19000, 10476, 1, 0
20000, 10144, 1, 0
21000, 10048, 1, 0
22000, 9496, 1, 0
23000, 9116, 1, 0
24000, 8588, 1, 0
25000, 7660, 1, 0
26001, 4092, 1, 0
27000, 3816, 1, 0
28000, 3984, 1, 0
29001, 3740, 1, 0
30000, 3860, 1, 0
31000, 3672, 1, 0
32001, 3616, 1, 0
33000, 4432, 1, 0
34000, 4292, 1, 0
35000, 5036, 1, 0
36000, 4348, 1, 0
37000, 4464, 1, 0
38001, 4843, 1, 0
39000, 4184, 1, 0
40000, 4056, 1, 0
41000, 4220, 1, 0
42001, 4199, 1, 0
43000, 3540, 1, 0
44000, 3276, 1, 0
45000, 2736, 1, 0
46000, 3208, 1, 0
47000, 3212, 1, 0
48000, 2656, 1, 0
49000, 2708, 1, 0
50000, 2764, 1, 0
51000, 2136, 1, 0
52000, 2456, 1, 0
53000, 2544, 1, 0
54001, 2105, 1, 0
55000, 2200, 1, 0
56001, 2149, 1, 0
57001, 1890, 1, 0
58000, 1832, 1, 0
59000, 1828, 1, 0
1000, 7512, 1, 0
2000, 3068, 1, 0
3000, 3300, 1, 0
4000, 3492, 1, 0
5000, 3376, 1, 0
6000, 3160, 1, 0
7000, 3496, 1, 0
8000, 3420, 1, 0
9000, 11756, 1, 0
10000, 11836, 1, 0
11000, 10628, 1, 0
12000, 10492, 1, 0
13000, 10500, 1, 0
14000, 9668, 1, 0
15000, 10080, 1, 0
16000, 10524, 1, 0
17000, 10428, 1, 0
18000, 10616, 1, 0
19000, 10440, 1, 0
20001, 10057, 1, 0
21000, 9656, 1, 0
22000, 9460, 1, 0
23001, 9166, 1, 0
24001, 8503, 1, 0
25000, 7492, 1, 0
26000, 3840, 1, 0
27000, 3920, 1, 0
28000, 3772, 1, 0
29000, 3924, 1, 0
30000, 3752, 1, 0
31000, 3388, 1, 0
32000, 3812, 1, 0
33000, 4520, 1, 0
34000, 5800, 1, 0
35000, 4708, 1, 0
36000, 4740, 1, 0
37001, 4615, 1, 0
38000, 4828, 1, 0
39000, 4284, 1, 0
40001, 4675, 1, 0
41000, 3872, 1, 0
42000, 3768, 1, 0
43000, 3356, 1, 0
44000, 3112, 1, 0
45000, 3100, 1, 0
46000, 2296, 1, 0
47000, 2808, 1, 0
48000, 2840, 1, 0
49000, 2636, 1, 0
50000, 2472, 1, 0
51000, 2376, 1, 0
52000, 2532, 1, 0
53000, 2084, 1, 0
54000, 2256, 1, 0
55000, 2240, 1, 0
56000, 2108, 1, 0
57000, 1792, 1, 0
58000, 1860, 1, 0
59000, 1768, 1, 0
1000, 6304, 1, 0
2000, 3156, 1, 0
3001, 3496, 1, 0
4000, 3448, 1, 0
5000, 3084, 1, 0
6000, 3736, 1, 0
7000, 3596, 1, 0
8000, 3768, 1, 0
9000, 8644, 1, 0
10000, 9744, 1, 0
11000, 10632, 1, 0
12000, 9800, 1, 0
13000, 10176, 1, 0
14000, 9576, 1, 0
15000, 10412, 1, 0
16000, 10212, 1, 0
17000, 10232, 1, 0
18001, 10949, 1, 0
19000, 10876, 1, 0
20000, 10120, 1, 0
21000, 9520, 1, 0
22000, 9584, 1, 0
23000, 8924, 1, 0
24000, 8364, 1, 0
25000, 7200, 1, 0
26000, 4044, 1, 0
27000, 3716, 1, 0
28000, 3912, 1, 0
29000, 3924, 1, 0
30000, 3540, 1, 0
31000, 3616, 1, 0
32000, 3468, 1, 0
33000, 5080, 1, 0
34000, 5088, 1, 0
35000, 4504, 1, 0
36000, 5224, 1, 0
37000, 5068, 1, 0
38000, 4452, 1, 0
39000, 4516, 1, 0
40000, 3856, 1, 0
41000, 3888, 1, 0
42000, 3848, 1, 0
43000, 3760, 1, 0
44001, 3436, 1, 0
45000, 2800, 1, 0
46000, 2916, 1, 0
47000, 3032, 1, 0
48000, 2672, 1, 0
49000, 3200, 1, 0
50000, 2808, 1, 0
51000, 2720, 1, 0
52001, 2521, 1, 0
53000, 2464, 1, 0
54000, 2136, 1, 0
55000, 2440, 1, 0
56000, 1876, 1, 0
57000, 1928, 1, 0
58001, 1882, 1, 0
59000, 1528, 1, 0
1000, 6676, 1, 0
2000, 2996, 1, 0
3000, 3416, 1, 0
4001, 2740, 1, 0
5000, 3172, 1, 0
6000, 3284, 1, 0
7000, 3356, 1, 0
8000, 3484, 1, 0
9000, 10972, 1, 0
10000, 11772, 1, 0
11000, 9752, 1, 0
12000, 9108, 1, 0
13001, 9566, 1, 0
14000, 9680, 1, 0
15000, 10384, 1, 0
16000, 10152, 1, 0
17000, 10492, 1, 0
18000, 10612, 1, 0
19000, 9956, 1, 0
20000, 10060, 1, 0
21001, 9696, 1, 0
22000, 9624, 1, 0
23000, 9052, 1, 0
24000, 8540, 1, 0
25000, 7600, 1, 0
26000, 4004, 1, 0
27000, 3396, 1, 0
28000, 3648, 1, 0
29000, 3832, 1, 0
30000, 3748, 1, 0
31000, 3760, 1, 0
32000, 3544, 1, 0
33001, 4483, 1, 0
34000, 4540, 1, 0
35000, 4364, 1, 0
36000, 4492, 1, 0
37000, 4376, 1, 0
38001, 4207, 1, 0
39000, 4004, 1, 0
40000, 4164, 1, 0
41000, 3984, 1, 0
42000, 3892, 1, 0
43000, 3472, 1, 0
44000, 3032, 1, 0
45000, 3024, 1, 0
46000, 3084, 1, 0
47000, 2712, 1, 0
48000, 2796, 1, 0
49000, 2752, 1, 0
50000, 2676, 1, 0
51000, 2760, 1, 0
52000, 2444, 1, 0
53000, 2284, 1, 0
54000, 2024, 1, 0
55000, 2428, 1, 0
56000, 2272, 1, 0
57000, 1944, 1, 0
58000, 1844, 1, 0
59000, 2048, 1, 0
1000, 6084, 1, 0
2000, 3252, 1, 0
3000, 3240, 1, 0
4000, 3240, 1, 0
5001, 3360, 1, 0
6000, 3368, 1, 0
7000, 3468, 1, 0
8000, 3516, 1, 0
9000, 7816, 1, 0
10000, 9668, 1, 0
11000, 9816, 1, 0
12000, 9064, 1, 0
13000, 10300, 1, 0
14000, 9756, 1, 0
15000, 10488, 1, 0
16000, 10156, 1, 0
17000, 10472, 1, 0
18000, 9928, 1, 0
19000, 10384, 1, 0
20000, 10076, 1, 0
21000, 10148, 1, 0
22000, 9332, 1, 0
23000, 9108, 1, 0
24000, 8572, 1, 0
25000, 7688, 1, 0
26000, 3828, 1, 0
27000, 3380, 1, 0
28000, 4008, 1, 0
29000, 3644, 1, 0
30000, 3864, 1, 0
31000, 3664, 1, 0
32000, 3660, 1, 0
33000, 4888, 1, 0
34001, 4951, 1, 0
35000, 5308, 1, 0
36001, 4611, 1, 0
37000, 4196, 1, 0
38000, 4188, 1, 0
39001, 4183, 1, 0
40000, 4204, 1, 0
41001, 3708, 1, 0
42000, 4332, 1, 0
43000, 3568, 1, 0
44000, 3180, 1, 0
45000, 2964, 1, 0
46000, 2676, 1, 0
47000, 3136, 1, 0
48000, 2444, 1, 0
49000, 2784, 1, 0
50000, 2424, 1, 0
51001, 2733, 1, 0
52000, 2412, 1, 0
53000, 2420, 1, 0
54000, 2300, 1, 0
55000, 2524, 1, 0
56000, 1896, 1, 0
57000, 2148, 1, 0
58000, 1816, 1, 0
59000, 1504, 1, 0
60001, 1570, 1, 0
